2026-01-14 17:01:16.221 [info] [main] Log level: Info
2026-01-14 17:01:16.221 [info] [main] Validating found git in: "git"
2026-01-14 17:01:16.221 [info] [main] Using git "2.52.0" from "git"
2026-01-14 17:01:16.221 [info] [Model][doInitialScan] Initial repository scan started
2026-01-14 17:01:16.221 [info] > git rev-parse --show-toplevel [24ms]
2026-01-14 17:01:16.221 [info] fatal: not a git repository (or any parent up to mount point /)
Stopping at filesystem boundary (GIT_DISCOVERY_ACROSS_FILESYSTEM not set).
2026-01-14 17:01:16.221 [info] > git rev-parse --show-toplevel [2ms]
2026-01-14 17:01:16.221 [info] fatal: not a git repository (or any parent up to mount point /)
Stopping at filesystem boundary (GIT_DISCOVERY_ACROSS_FILESYSTEM not set).
2026-01-14 17:01:16.221 [info] > git rev-parse --show-toplevel [1ms]
2026-01-14 17:01:16.221 [info] fatal: not a git repository (or any parent up to mount point /)
Stopping at filesystem boundary (GIT_DISCOVERY_ACROSS_FILESYSTEM not set).
2026-01-14 17:01:16.221 [info] > git rev-parse --show-toplevel [7ms]
2026-01-14 17:01:16.221 [info] fatal: not a git repository (or any parent up to mount point /)
Stopping at filesystem boundary (GIT_DISCOVERY_ACROSS_FILESYSTEM not set).
2026-01-14 17:01:16.221 [info] > git rev-parse --show-toplevel [2ms]
2026-01-14 17:01:16.221 [info] fatal: not a git repository (or any parent up to mount point /)
Stopping at filesystem boundary (GIT_DISCOVERY_ACROSS_FILESYSTEM not set).
2026-01-14 17:01:16.221 [info] > git rev-parse --show-toplevel [2ms]
2026-01-14 17:01:16.221 [info] fatal: not a git repository (or any parent up to mount point /)
Stopping at filesystem boundary (GIT_DISCOVERY_ACROSS_FILESYSTEM not set).
2026-01-14 17:01:16.221 [info] > git rev-parse --show-toplevel [2ms]
2026-01-14 17:01:16.221 [info] fatal: not a git repository (or any parent up to mount point /)
Stopping at filesystem boundary (GIT_DISCOVERY_ACROSS_FILESYSTEM not set).
2026-01-14 17:01:16.221 [info] > git rev-parse --show-toplevel [2ms]
2026-01-14 17:01:16.221 [info] fatal: not a git repository (or any parent up to mount point /)
Stopping at filesystem boundary (GIT_DISCOVERY_ACROSS_FILESYSTEM not set).
2026-01-14 17:01:16.221 [info] > git rev-parse --show-toplevel [1ms]
2026-01-14 17:01:16.221 [info] fatal: not a git repository (or any parent up to mount point /)
Stopping at filesystem boundary (GIT_DISCOVERY_ACROSS_FILESYSTEM not set).
2026-01-14 17:01:16.221 [info] > git rev-parse --show-toplevel [2ms]
2026-01-14 17:01:16.221 [info] fatal: not a git repository (or any parent up to mount point /)
Stopping at filesystem boundary (GIT_DISCOVERY_ACROSS_FILESYSTEM not set).
2026-01-14 17:01:16.221 [info] > git rev-parse --show-toplevel [2ms]
2026-01-14 17:01:16.221 [info] fatal: not a git repository (or any parent up to mount point /)
Stopping at filesystem boundary (GIT_DISCOVERY_ACROSS_FILESYSTEM not set).
2026-01-14 17:01:16.221 [info] > git rev-parse --show-toplevel [11ms]
2026-01-14 17:01:16.221 [info] fatal: not a git repository (or any parent up to mount point /)
Stopping at filesystem boundary (GIT_DISCOVERY_ACROSS_FILESYSTEM not set).
2026-01-14 17:01:16.223 [info] > git rev-parse --show-toplevel [3ms]
2026-01-14 17:01:16.223 [info] fatal: not a git repository (or any parent up to mount point /)
Stopping at filesystem boundary (GIT_DISCOVERY_ACROSS_FILESYSTEM not set).
2026-01-14 17:01:16.269 [info] > git rev-parse --show-toplevel [40ms]
2026-01-14 17:01:16.269 [info] fatal: not a git repository (or any parent up to mount point /)
Stopping at filesystem boundary (GIT_DISCOVERY_ACROSS_FILESYSTEM not set).
2026-01-14 17:01:16.284 [info] > git rev-parse --show-toplevel [2ms]
2026-01-14 17:01:16.284 [info] fatal: not a git repository (or any parent up to mount point /)
Stopping at filesystem boundary (GIT_DISCOVERY_ACROSS_FILESYSTEM not set).
2026-01-14 17:01:16.293 [info] > git rev-parse --show-toplevel [3ms]
2026-01-14 17:01:16.293 [info] fatal: not a git repository (or any parent up to mount point /)
Stopping at filesystem boundary (GIT_DISCOVERY_ACROSS_FILESYSTEM not set).
2026-01-14 17:01:16.300 [info] > git rev-parse --show-toplevel [1ms]
2026-01-14 17:01:16.300 [info] fatal: not a git repository (or any parent up to mount point /)
Stopping at filesystem boundary (GIT_DISCOVERY_ACROSS_FILESYSTEM not set).
2026-01-14 17:01:16.309 [info] > git rev-parse --show-toplevel [2ms]
2026-01-14 17:01:16.309 [info] fatal: not a git repository (or any parent up to mount point /)
Stopping at filesystem boundary (GIT_DISCOVERY_ACROSS_FILESYSTEM not set).
2026-01-14 17:01:16.317 [info] > git rev-parse --show-toplevel [1ms]
2026-01-14 17:01:16.317 [info] fatal: not a git repository (or any parent up to mount point /)
Stopping at filesystem boundary (GIT_DISCOVERY_ACROSS_FILESYSTEM not set).
2026-01-14 17:01:16.324 [info] > git rev-parse --show-toplevel [2ms]
2026-01-14 17:01:16.324 [info] fatal: not a git repository (or any parent up to mount point /)
Stopping at filesystem boundary (GIT_DISCOVERY_ACROSS_FILESYSTEM not set).
2026-01-14 17:01:16.331 [info] > git rev-parse --show-toplevel [2ms]
2026-01-14 17:01:16.331 [info] fatal: not a git repository (or any parent up to mount point /)
Stopping at filesystem boundary (GIT_DISCOVERY_ACROSS_FILESYSTEM not set).
2026-01-14 17:01:16.331 [info] [Model][doInitialScan] Initial repository scan completed - repositories (0), closed repositories (0), parent repositories (0), unsafe repositories (0)
2026-01-14 17:01:16.338 [info] > git rev-parse --show-toplevel [1ms]
2026-01-14 17:01:16.338 [info] fatal: not a git repository (or any parent up to mount point /)
Stopping at filesystem boundary (GIT_DISCOVERY_ACROSS_FILESYSTEM not set).
2026-01-14 17:01:16.473 [info] > git rev-parse --show-toplevel [3ms]
2026-01-14 17:01:16.474 [info] fatal: not a git repository (or any parent up to mount point /)
Stopping at filesystem boundary (GIT_DISCOVERY_ACROSS_FILESYSTEM not set).
2026-01-14 17:01:16.985 [info] > git rev-parse --show-toplevel [2ms]
2026-01-14 17:01:16.985 [info] fatal: not a git repository (or any parent up to mount point /)
Stopping at filesystem boundary (GIT_DISCOVERY_ACROSS_FILESYSTEM not set).
2026-01-14 17:01:19.099 [info] > git rev-parse --show-toplevel [2ms]
2026-01-14 17:01:19.099 [info] fatal: not a git repository (or any parent up to mount point /)
Stopping at filesystem boundary (GIT_DISCOVERY_ACROSS_FILESYSTEM not set).
2026-01-14 17:01:39.935 [info] > git rev-parse --show-toplevel [3ms]
2026-01-14 17:01:39.935 [info] fatal: not a git repository (or any parent up to mount point /)
Stopping at filesystem boundary (GIT_DISCOVERY_ACROSS_FILESYSTEM not set).
2026-01-14 17:03:36.834 [info] > git rev-parse --show-toplevel [3ms]
2026-01-14 17:03:36.834 [info] fatal: not a git repository (or any parent up to mount point /)
Stopping at filesystem boundary (GIT_DISCOVERY_ACROSS_FILESYSTEM not set).
2026-01-14 17:06:17.496 [info] > git rev-parse --show-toplevel [3ms]
2026-01-14 17:06:17.496 [info] fatal: not a git repository (or any parent up to mount point /)
Stopping at filesystem boundary (GIT_DISCOVERY_ACROSS_FILESYSTEM not set).
2026-01-14 17:15:48.382 [info] > git rev-parse --show-toplevel [2ms]
2026-01-14 17:15:48.382 [info] fatal: not a git repository (or any parent up to mount point /)
Stopping at filesystem boundary (GIT_DISCOVERY_ACROSS_FILESYSTEM not set).
2026-01-14 17:18:05.358 [info] > git rev-parse --show-toplevel [2ms]
2026-01-14 17:18:05.358 [info] fatal: not a git repository (or any parent up to mount point /)
Stopping at filesystem boundary (GIT_DISCOVERY_ACROSS_FILESYSTEM not set).
2026-01-14 17:18:40.946 [info] > git rev-parse --show-toplevel [1ms]
2026-01-14 17:18:40.946 [info] fatal: not a git repository (or any parent up to mount point /)
Stopping at filesystem boundary (GIT_DISCOVERY_ACROSS_FILESYSTEM not set).
2026-01-14 17:22:23.408 [info] > git rev-parse --show-toplevel [4ms]
2026-01-14 17:22:23.408 [info] fatal: not a git repository (or any parent up to mount point /)
Stopping at filesystem boundary (GIT_DISCOVERY_ACROSS_FILESYSTEM not set).
2026-01-14 17:23:57.157 [info] > git rev-parse --show-toplevel [2ms]
2026-01-14 17:23:57.157 [info] fatal: not a git repository (or any parent up to mount point /)
Stopping at filesystem boundary (GIT_DISCOVERY_ACROSS_FILESYSTEM not set).
2026-01-14 17:24:24.972 [info] > git rev-parse --show-toplevel [3ms]
2026-01-14 17:24:24.972 [info] fatal: not a git repository (or any parent up to mount point /)
Stopping at filesystem boundary (GIT_DISCOVERY_ACROSS_FILESYSTEM not set).
