2026-01-17 09:34:50.984 [info] [main] Log level: Info
2026-01-17 09:34:50.984 [info] [main] Validating found git in: "git"
2026-01-17 09:34:50.984 [info] [main] Using git "2.52.0" from "git"
2026-01-17 09:34:50.984 [info] [Model][doInitialScan] Initial repository scan started
2026-01-17 09:34:50.984 [info] > git rev-parse --show-toplevel [22ms]
2026-01-17 09:34:50.984 [info] > git rev-parse --show-toplevel [5ms]
2026-01-17 09:34:50.984 [info] > git rev-parse --show-toplevel [2ms]
2026-01-17 09:34:50.984 [info] > git rev-parse --show-toplevel [2ms]
2026-01-17 09:34:50.984 [info] > git rev-parse --show-toplevel [2ms]
2026-01-17 09:34:50.984 [info] > git rev-parse --show-toplevel [2ms]
2026-01-17 09:34:50.985 [info] > git rev-parse --show-toplevel [2ms]
2026-01-17 09:34:51.014 [info] > git rev-parse --show-toplevel [7ms]
2026-01-17 09:34:51.066 [info] > git rev-parse --show-toplevel [43ms]
2026-01-17 09:34:51.082 [info] > git rev-parse --show-toplevel [2ms]
2026-01-17 09:34:51.090 [info] > git rev-parse --show-toplevel [2ms]
2026-01-17 09:34:51.099 [info] > git rev-parse --show-toplevel [2ms]
2026-01-17 09:34:51.108 [info] > git rev-parse --show-toplevel [2ms]
2026-01-17 09:34:51.120 [info] > git rev-parse --show-toplevel [3ms]
2026-01-17 09:34:51.129 [info] > git rev-parse --show-toplevel [2ms]
2026-01-17 09:34:51.137 [info] > git rev-parse --show-toplevel [2ms]
2026-01-17 09:34:51.146 [info] > git rev-parse --show-toplevel [2ms]
2026-01-17 09:34:51.154 [info] > git rev-parse --show-toplevel [2ms]
2026-01-17 09:34:51.164 [info] > git rev-parse --show-toplevel [2ms]
2026-01-17 09:34:51.173 [info] > git rev-parse --show-toplevel [2ms]
2026-01-17 09:34:51.181 [info] > git rev-parse --show-toplevel [2ms]
2026-01-17 09:34:51.191 [info] > git rev-parse --show-toplevel [2ms]
2026-01-17 09:34:51.199 [info] > git rev-parse --show-toplevel [2ms]
2026-01-17 09:34:51.206 [info] > git rev-parse --show-toplevel [1ms]
2026-01-17 09:34:51.216 [info] > git rev-parse --show-toplevel [3ms]
2026-01-17 09:34:51.225 [info] > git rev-parse --show-toplevel [2ms]
2026-01-17 09:34:51.233 [info] > git rev-parse --show-toplevel [2ms]
2026-01-17 09:34:51.243 [info] > git rev-parse --show-toplevel [2ms]
2026-01-17 09:34:51.251 [info] > git rev-parse --show-toplevel [2ms]
2026-01-17 09:34:51.259 [info] > git rev-parse --show-toplevel [2ms]
2026-01-17 09:34:51.268 [info] > git rev-parse --show-toplevel [2ms]
2026-01-17 09:34:51.269 [info] [Model][doInitialScan] Initial repository scan completed - repositories (0), closed repositories (0), parent repositories (1), unsafe repositories (0)
2026-01-17 09:34:51.278 [info] > git rev-parse --show-toplevel [1ms]
2026-01-17 09:34:51.377 [info] > git rev-parse --show-toplevel [2ms]
2026-01-17 09:34:51.559 [info] > git rev-parse --show-toplevel [2ms]
