2026-01-17 10:45:39.486 [info] [main] Log level: Info
2026-01-17 10:45:39.486 [info] [main] Validating found git in: "git"
2026-01-17 10:45:39.486 [info] [main] Using git "2.52.0" from "git"
2026-01-17 10:45:39.486 [info] [Model][doInitialScan] Initial repository scan started
2026-01-17 10:45:39.486 [info] > git rev-parse --show-toplevel [22ms]
2026-01-17 10:45:39.486 [info] > git rev-parse --show-toplevel [9ms]
2026-01-17 10:45:39.486 [info] > git rev-parse --show-toplevel [5ms]
2026-01-17 10:45:39.486 [info] > git rev-parse --show-toplevel [4ms]
2026-01-17 10:45:39.486 [info] > git rev-parse --show-toplevel [3ms]
2026-01-17 10:45:39.486 [info] > git rev-parse --show-toplevel [4ms]
2026-01-17 10:45:39.486 [info] > git rev-parse --show-toplevel [4ms]
2026-01-17 10:45:39.486 [info] > git rev-parse --show-toplevel [5ms]
2026-01-17 10:45:39.512 [info] > git rev-parse --show-toplevel [3ms]
2026-01-17 10:45:39.523 [info] > git rev-parse --show-toplevel [2ms]
2026-01-17 10:45:39.538 [info] > git rev-parse --show-toplevel [4ms]
2026-01-17 10:45:39.604 [info] > git rev-parse --show-toplevel [57ms]
2026-01-17 10:45:39.629 [info] > git rev-parse --show-toplevel [3ms]
2026-01-17 10:45:39.645 [info] > git rev-parse --show-toplevel [3ms]
2026-01-17 10:45:39.660 [info] > git rev-parse --show-toplevel [4ms]
2026-01-17 10:45:39.671 [info] > git rev-parse --show-toplevel [2ms]
2026-01-17 10:45:39.683 [info] > git rev-parse --show-toplevel [2ms]
2026-01-17 10:45:39.696 [info] > git rev-parse --show-toplevel [2ms]
2026-01-17 10:45:39.708 [info] > git rev-parse --show-toplevel [2ms]
2026-01-17 10:45:39.721 [info] > git rev-parse --show-toplevel [2ms]
2026-01-17 10:45:39.732 [info] > git rev-parse --show-toplevel [2ms]
2026-01-17 10:45:39.752 [info] > git rev-parse --show-toplevel [2ms]
2026-01-17 10:45:39.764 [info] > git rev-parse --show-toplevel [3ms]
2026-01-17 10:45:39.784 [info] > git rev-parse --show-toplevel [3ms]
2026-01-17 10:45:39.799 [info] > git rev-parse --show-toplevel [2ms]
2026-01-17 10:45:39.812 [info] > git rev-parse --show-toplevel [3ms]
2026-01-17 10:45:39.824 [info] > git rev-parse --show-toplevel [3ms]
2026-01-17 10:45:39.836 [info] > git rev-parse --show-toplevel [3ms]
2026-01-17 10:45:39.847 [info] > git rev-parse --show-toplevel [3ms]
2026-01-17 10:45:39.858 [info] > git rev-parse --show-toplevel [2ms]
2026-01-17 10:45:39.860 [info] [Model][doInitialScan] Initial repository scan completed - repositories (0), closed repositories (0), parent repositories (1), unsafe repositories (0)
2026-01-17 10:45:39.873 [info] > git rev-parse --show-toplevel [4ms]
2026-01-17 10:45:39.909 [info] > git rev-parse --show-toplevel [4ms]
2026-01-17 10:45:40.143 [info] > git rev-parse --show-toplevel [4ms]
2026-01-17 10:46:58.382 [info] > git rev-parse --show-toplevel [3ms]
