2026-01-16 12:14:31.323 [info] [main] Log level: Info
2026-01-16 12:14:31.323 [info] [main] Validating found git in: "git"
2026-01-16 12:14:31.323 [info] [main] Using git "2.52.0" from "git"
2026-01-16 12:14:31.323 [info] [Model][doInitialScan] Initial repository scan started
2026-01-16 12:14:31.323 [info] > git rev-parse --show-toplevel [8ms]
2026-01-16 12:14:31.323 [info] > git rev-parse --show-toplevel [2ms]
2026-01-16 12:14:31.323 [info] > git rev-parse --show-toplevel [10ms]
2026-01-16 12:14:31.323 [info] > git rev-parse --show-toplevel [3ms]
2026-01-16 12:14:31.323 [info] > git rev-parse --show-toplevel [4ms]
2026-01-16 12:14:31.323 [info] > git rev-parse --show-toplevel [6ms]
2026-01-16 12:14:31.323 [info] > git rev-parse --show-toplevel [3ms]
2026-01-16 12:14:31.323 [info] > git rev-parse --show-toplevel [3ms]
2026-01-16 12:14:31.323 [info] > git rev-parse --show-toplevel [4ms]
2026-01-16 12:14:31.323 [info] > git rev-parse --show-toplevel [7ms]
2026-01-16 12:14:31.324 [info] > git rev-parse --show-toplevel [4ms]
2026-01-16 12:14:31.354 [info] > git rev-parse --show-toplevel [20ms]
2026-01-16 12:14:31.431 [info] > git rev-parse --show-toplevel [65ms]
2026-01-16 12:14:31.457 [info] > git rev-parse --show-toplevel [4ms]
2026-01-16 12:14:31.471 [info] > git rev-parse --show-toplevel [3ms]
2026-01-16 12:14:31.487 [info] > git rev-parse --show-toplevel [3ms]
2026-01-16 12:14:31.501 [info] > git rev-parse --show-toplevel [3ms]
2026-01-16 12:14:31.530 [info] > git rev-parse --show-toplevel [4ms]
2026-01-16 12:14:31.546 [info] > git rev-parse --show-toplevel [3ms]
2026-01-16 12:14:31.560 [info] > git rev-parse --show-toplevel [2ms]
2026-01-16 12:14:31.573 [info] > git rev-parse --show-toplevel [2ms]
2026-01-16 12:14:31.586 [info] > git rev-parse --show-toplevel [3ms]
2026-01-16 12:14:31.600 [info] > git rev-parse --show-toplevel [3ms]
2026-01-16 12:14:31.615 [info] > git rev-parse --show-toplevel [3ms]
2026-01-16 12:14:31.630 [info] > git rev-parse --show-toplevel [3ms]
2026-01-16 12:14:31.644 [info] > git rev-parse --show-toplevel [3ms]
2026-01-16 12:14:31.658 [info] > git rev-parse --show-toplevel [3ms]
2026-01-16 12:14:31.670 [info] > git rev-parse --show-toplevel [2ms]
2026-01-16 12:14:31.686 [info] > git rev-parse --show-toplevel [4ms]
2026-01-16 12:14:31.688 [info] [Model][doInitialScan] Initial repository scan completed - repositories (0), closed repositories (0), parent repositories (1), unsafe repositories (0)
2026-01-16 12:14:31.703 [info] > git rev-parse --show-toplevel [2ms]
2026-01-16 12:14:32.350 [info] > git rev-parse --show-toplevel [7ms]
2026-01-16 12:14:32.608 [info] > git rev-parse --show-toplevel [2ms]
2026-01-16 12:31:37.619 [info] > git rev-parse --show-toplevel [1ms]
2026-01-16 12:31:41.486 [info] > git rev-parse --show-toplevel [1ms]
2026-01-16 13:04:08.954 [info] > git rev-parse --show-toplevel [1ms]
2026-01-16 13:04:13.256 [info] > git rev-parse --show-toplevel [3ms]
2026-01-16 13:04:22.741 [info] > git rev-parse --show-toplevel [3ms]
2026-01-16 13:04:24.632 [info] > git rev-parse --show-toplevel [2ms]
2026-01-16 14:18:03.423 [info] > git rev-parse --show-toplevel [2ms]
2026-01-16 14:23:10.410 [info] > git rev-parse --show-toplevel [3ms]
2026-01-16 14:40:37.026 [info] > git rev-parse --show-toplevel [3ms]
2026-01-16 14:40:38.198 [info] > git rev-parse --show-toplevel [3ms]
2026-01-16 14:41:57.381 [info] > git rev-parse --show-toplevel [2ms]
2026-01-16 14:42:00.632 [info] > git rev-parse --show-toplevel [4ms]
2026-01-16 14:42:03.066 [info] > git rev-parse --show-toplevel [4ms]
2026-01-16 14:42:04.521 [info] > git rev-parse --show-toplevel [4ms]
2026-01-16 14:42:06.963 [info] > git rev-parse --show-toplevel [2ms]
2026-01-16 14:42:11.143 [info] > git rev-parse --show-toplevel [3ms]
2026-01-16 14:42:15.208 [info] > git rev-parse --show-toplevel [3ms]
2026-01-16 14:42:19.746 [info] > git rev-parse --show-toplevel [7ms]
2026-01-16 14:42:21.015 [info] > git rev-parse --show-toplevel [3ms]
2026-01-16 14:42:43.261 [info] > git rev-parse --show-toplevel [3ms]
2026-01-16 14:43:12.270 [info] > git rev-parse --show-toplevel [2ms]
2026-01-16 14:43:29.760 [info] > git rev-parse --show-toplevel [2ms]
2026-01-16 15:13:56.735 [info] > git rev-parse --show-toplevel [7ms]
2026-01-16 15:22:59.568 [info] > git rev-parse --show-toplevel [4ms]
2026-01-16 15:23:04.027 [info] > git rev-parse --show-toplevel [3ms]
2026-01-16 15:23:09.171 [info] > git rev-parse --show-toplevel [3ms]
2026-01-16 15:23:10.571 [info] > git rev-parse --show-toplevel [3ms]
2026-01-16 15:23:15.258 [info] > git rev-parse --show-toplevel [4ms]
2026-01-16 15:25:02.288 [info] > git rev-parse --show-toplevel [2ms]
2026-01-16 15:28:09.602 [info] > git rev-parse --show-toplevel [2ms]
2026-01-16 15:29:43.319 [info] > git rev-parse --show-toplevel [2ms]
2026-01-16 15:29:57.940 [info] > git rev-parse --show-toplevel [2ms]
2026-01-16 15:36:24.376 [info] > git rev-parse --show-toplevel [3ms]
2026-01-16 15:42:44.961 [info] > git rev-parse --show-toplevel [2ms]
