2026-01-17 11:31:54.779 [info] [main] Log level: Info
2026-01-17 11:31:54.779 [info] [main] Validating found git in: "git"
2026-01-17 11:31:54.779 [info] [main] Using git "2.52.0" from "git"
2026-01-17 11:31:54.779 [info] [Model][doInitialScan] Initial repository scan started
2026-01-17 11:31:54.779 [info] > git rev-parse --show-toplevel [32ms]
2026-01-17 11:31:54.779 [info] > git rev-parse --git-dir --git-common-dir --show-superproject-working-tree [4ms]
2026-01-17 11:31:54.779 [info] [Model][openRepository] Opened repository (path): /home/pavan
2026-01-17 11:31:54.779 [info] [Model][openRepository] Opened repository (real path): /home/pavan
2026-01-17 11:31:54.779 [info] [Model][openRepository] Opened repository (kind): repository
2026-01-17 11:31:54.779 [info] > git rev-parse --show-toplevel [16ms]
2026-01-17 11:31:54.779 [info] > git config --get commit.template [23ms]
2026-01-17 11:31:54.789 [info] > git for-each-ref --format=%(refname)%00%(upstream:short)%00%(objectname)%00%(upstream:track)%00%(upstream:remotename)%00%(upstream:remoteref) refs/heads/main refs/remotes/main [11ms]
2026-01-17 11:31:54.833 [info] > git for-each-ref --sort -committerdate --format %(refname)%00%(objectname)%00%(*objectname) [5ms]
2026-01-17 11:31:54.859 [info] > git rev-parse --show-toplevel [2ms]
2026-01-17 11:31:54.868 [info] > git rev-parse --show-toplevel [1ms]
2026-01-17 11:31:54.877 [info] > git rev-parse --show-toplevel [2ms]
2026-01-17 11:31:54.886 [info] > git rev-parse --show-toplevel [2ms]
2026-01-17 11:31:54.894 [info] > git rev-parse --show-toplevel [1ms]
2026-01-17 11:31:54.903 [info] > git rev-parse --show-toplevel [2ms]
2026-01-17 11:31:54.912 [info] > git rev-parse --show-toplevel [2ms]
2026-01-17 11:31:54.923 [info] > git rev-parse --show-toplevel [3ms]
2026-01-17 11:31:54.933 [info] > git rev-parse --show-toplevel [3ms]
2026-01-17 11:31:54.946 [info] > git rev-parse --git-dir --git-common-dir --show-superproject-working-tree [6ms]
2026-01-17 11:31:54.957 [info] [Model][openRepository] Opened repository (path): /home/pavan/.oh-my-zsh
2026-01-17 11:31:54.957 [info] [Model][openRepository] Opened repository (real path): /home/pavan/.oh-my-zsh
2026-01-17 11:31:54.957 [info] [Model][openRepository] Opened repository (kind): repository
2026-01-17 11:31:54.974 [info] > git rev-parse --show-toplevel [2ms]
2026-01-17 11:31:54.975 [info] > git config --get commit.template [10ms]
2026-01-17 11:31:54.992 [info] > git rev-parse --show-toplevel [8ms]
2026-01-17 11:31:55.001 [info] > git for-each-ref --format=%(refname)%00%(upstream:short)%00%(objectname)%00%(upstream:track)%00%(upstream:remotename)%00%(upstream:remoteref) refs/heads/master refs/remotes/master [10ms]
2026-01-17 11:31:55.003 [info] > git rev-parse --show-toplevel [3ms]
2026-01-17 11:31:55.028 [info] > git rev-parse --show-toplevel [18ms]
2026-01-17 11:31:55.041 [info] > git for-each-ref --sort -committerdate --format %(refname)%00%(objectname)%00%(*objectname) [14ms]
2026-01-17 11:31:55.047 [info] > git rev-parse --show-toplevel [7ms]
2026-01-17 11:31:55.060 [info] > git rev-parse --show-toplevel [2ms]
2026-01-17 11:31:55.070 [info] > git rev-parse --show-toplevel [2ms]
2026-01-17 11:31:55.079 [info] > git rev-parse --show-toplevel [2ms]
2026-01-17 11:31:55.088 [info] > git rev-parse --show-toplevel [2ms]
2026-01-17 11:31:55.101 [info] > git rev-parse --git-dir --git-common-dir --show-superproject-working-tree [5ms]
2026-01-17 11:31:55.116 [info] [Model][openRepository] Opened repository (path): /home/pavan/Hyprshot
2026-01-17 11:31:55.116 [info] [Model][openRepository] Opened repository (real path): /home/pavan/Hyprshot
2026-01-17 11:31:55.116 [info] [Model][openRepository] Opened repository (kind): repository
2026-01-17 11:31:55.135 [info] > git config --get commit.template [9ms]
2026-01-17 11:31:55.137 [info] > git rev-parse --show-toplevel [3ms]
2026-01-17 11:31:55.153 [info] > git for-each-ref --format=%(refname)%00%(upstream:short)%00%(objectname)%00%(upstream:track)%00%(upstream:remotename)%00%(upstream:remoteref) refs/heads/main refs/remotes/main [8ms]
2026-01-17 11:31:55.162 [warning] [Git][revParse] Unable to read file: ENOENT: no such file or directory, open '/home/pavan/Hyprshot/.git/refs/remotes/origin/main'
2026-01-17 11:31:55.163 [info] > git status -z -uall [145ms]
2026-01-17 11:31:55.163 [info] > git rev-parse --show-toplevel [11ms]
2026-01-17 11:31:55.172 [info] > git rev-parse refs/remotes/origin/main [10ms]
2026-01-17 11:31:55.237 [info] > git status -z -uall [55ms]
2026-01-17 11:31:55.237 [info] > git for-each-ref --format=%(refname)%00%(upstream:short)%00%(objectname)%00%(upstream:track)%00%(upstream:remotename)%00%(upstream:remoteref) refs/heads/master refs/remotes/master [17ms]
2026-01-17 11:31:55.245 [info] > git for-each-ref --sort -committerdate --format %(refname)%00%(objectname)%00%(*objectname) [56ms]
2026-01-17 11:31:55.259 [info] > git rev-parse --show-toplevel [88ms]
2026-01-17 11:31:55.298 [info] > git check-ignore -v -z --stdin [30ms]
2026-01-17 11:31:55.301 [info] > git for-each-ref --format=%(refname)%00%(upstream:short)%00%(objectname)%00%(upstream:track)%00%(upstream:remotename)%00%(upstream:remoteref) refs/heads/main refs/remotes/main [42ms]
2026-01-17 11:31:55.310 [info] > git config --get --local branch.master.vscode-merge-base [65ms]
2026-01-17 11:31:55.318 [info] > git config --get commit.template [82ms]
2026-01-17 11:31:55.326 [info] > git for-each-ref --format=%(refname)%00%(upstream:short)%00%(objectname)%00%(upstream:track)%00%(upstream:remotename)%00%(upstream:remoteref) refs/heads/origin/master refs/remotes/origin/master [8ms]
2026-01-17 11:31:55.336 [info] > git config --get --local branch.main.vscode-merge-base [26ms]
2026-01-17 11:31:55.343 [info] > git rev-parse --show-toplevel [47ms]
2026-01-17 11:31:55.343 [info] > git config --get commit.template [55ms]
2026-01-17 11:31:55.359 [info] > git for-each-ref --format=%(refname)%00%(upstream:short)%00%(objectname)%00%(upstream:track)%00%(upstream:remotename)%00%(upstream:remoteref) refs/heads/origin/main refs/remotes/origin/main [16ms]
2026-01-17 11:31:55.367 [info] > git merge-base refs/heads/master refs/remotes/origin/master [32ms]
2026-01-17 11:31:55.386 [info] > git diff --name-status -z --diff-filter=ADMR --find-renames=50% ec14da72fbf8b5016bb1533d4af3ff3bb2ac7a19...refs/remotes/origin/master -- [10ms]
2026-01-17 11:31:55.386 [info] > git merge-base refs/heads/main refs/remotes/origin/main [19ms]
2026-01-17 11:31:55.394 [info] > git rev-parse --show-toplevel [37ms]
2026-01-17 11:31:55.394 [info] > git for-each-ref --format=%(refname)%00%(upstream:short)%00%(objectname)%00%(upstream:track)%00%(upstream:remotename)%00%(upstream:remoteref) refs/heads/master refs/remotes/master [43ms]
2026-01-17 11:31:55.409 [info] > git diff --name-status -z --diff-filter=ADMR --find-renames=50% f95068db7765b85a2bbae0f083e29074d7bee027...refs/remotes/origin/main -- [15ms]
2026-01-17 11:31:55.409 [info] > git for-each-ref --format=%(refname)%00%(upstream:short)%00%(objectname)%00%(upstream:track)%00%(upstream:remotename)%00%(upstream:remoteref) refs/heads/main refs/remotes/main [26ms]
2026-01-17 11:31:55.417 [warning] [Git][revParse] Unable to read file: ENOENT: no such file or directory, open '/home/pavan/Hyprshot/.git/refs/remotes/origin/main'
2026-01-17 11:31:55.418 [info] > git rev-parse --show-toplevel [13ms]
2026-01-17 11:31:55.426 [info] > git rev-parse refs/remotes/origin/main [9ms]
2026-01-17 11:31:55.453 [info] > git status -z -uall [21ms]
2026-01-17 11:31:55.454 [info] > git rev-parse --show-toplevel [29ms]
2026-01-17 11:31:55.633 [info] > git status -z -uall [820ms] (cancelled)
2026-01-17 11:31:55.633 [info] > git status -z -uall [188ms]
2026-01-17 11:31:55.634 [info] > git for-each-ref --sort -committerdate --format %(refname)%00%(objectname)%00%(*objectname) [182ms]
2026-01-17 11:31:55.634 [info] > git for-each-ref --sort -committerdate --format %(refname)%00%(objectname)%00%(*objectname) [195ms]
2026-01-17 11:31:57.215 [info] > git for-each-ref --format=%(refname)%00%(upstream:short)%00%(objectname)%00%(upstream:track)%00%(upstream:remotename)%00%(upstream:remoteref) refs/heads/main refs/remotes/main [1587ms]
2026-01-17 11:31:57.246 [info] > git rev-parse --git-dir --git-common-dir --show-superproject-working-tree [1776ms]
2026-01-17 11:31:57.311 [info] [Model][openRepository] Opened repository (path): /home/pavan/auto-cpufreq
2026-01-17 11:31:57.311 [info] [Model][openRepository] Opened repository (real path): /home/pavan/auto-cpufreq
2026-01-17 11:31:57.311 [info] [Model][openRepository] Opened repository (kind): repository
2026-01-17 11:31:57.380 [info] > git config --get --local branch.main.vscode-merge-base [135ms]
2026-01-17 11:31:57.390 [info] > git config --get commit.template [184ms]
2026-01-17 11:31:57.391 [info] > git rev-parse --show-toplevel [27ms]
2026-01-17 11:31:57.391 [info] > git config --get commit.template [33ms]
2026-01-17 11:31:57.406 [info] > git for-each-ref --format=%(refname)%00%(upstream:short)%00%(objectname)%00%(upstream:track)%00%(upstream:remotename)%00%(upstream:remoteref) refs/heads/origin/main refs/remotes/origin/main [17ms]
2026-01-17 11:31:57.423 [info] > git rev-parse --show-toplevel [17ms]
2026-01-17 11:31:57.423 [info] > git for-each-ref --format=%(refname)%00%(upstream:short)%00%(objectname)%00%(upstream:track)%00%(upstream:remotename)%00%(upstream:remoteref) refs/heads/main refs/remotes/main [24ms]
2026-01-17 11:31:57.432 [info] > git merge-base refs/heads/main refs/remotes/origin/main [18ms]
2026-01-17 11:31:57.443 [info] > git diff --name-status -z --diff-filter=ADMR --find-renames=50% 393097b41728ab7c61d30c1c40486c8283e0f606...refs/remotes/origin/main -- [3ms]
2026-01-17 11:31:57.444 [info] > git rev-parse --git-dir --git-common-dir --show-superproject-working-tree [13ms]
2026-01-17 11:31:57.463 [info] [Model][openRepository] Opened repository (path): /home/pavan/fastfetch
2026-01-17 11:31:57.463 [info] [Model][openRepository] Opened repository (real path): /home/pavan/fastfetch
2026-01-17 11:31:57.463 [info] [Model][openRepository] Opened repository (kind): repository
2026-01-17 11:31:57.464 [info] > git for-each-ref --format=%(refname)%00%(upstream:short)%00%(objectname)%00%(upstream:track)%00%(upstream:remotename)%00%(upstream:remoteref) refs/heads/master refs/remotes/master [42ms]
2026-01-17 11:31:57.486 [warning] [Git][revParse] Unable to read file: ENOENT: no such file or directory, open '/home/pavan/auto-cpufreq/.git/refs/remotes/origin/master'
2026-01-17 11:31:57.506 [info] > git rev-parse refs/remotes/origin/master [20ms]
2026-01-17 11:31:57.536 [info] > git rev-parse --show-toplevel [56ms]
2026-01-17 11:31:57.536 [info] > git config --get commit.template [62ms]
2026-01-17 11:31:57.552 [info] > git status -z -uall [39ms]
2026-01-17 11:31:57.553 [info] > git for-each-ref --sort -committerdate --format %(refname)%00%(objectname)%00%(*objectname) [17ms]
2026-01-17 11:31:57.580 [info] > git for-each-ref --sort -committerdate --format %(refname)%00%(objectname)%00%(*objectname) [75ms]
2026-01-17 11:31:57.601 [info] > git for-each-ref --format=%(refname)%00%(upstream:short)%00%(objectname)%00%(upstream:track)%00%(upstream:remotename)%00%(upstream:remoteref) refs/heads/master refs/remotes/master [24ms]
2026-01-17 11:31:57.608 [info] > git rev-parse --git-dir --git-common-dir --show-superproject-working-tree [56ms]
2026-01-17 11:31:57.628 [info] [Model][openRepository] Opened repository (path): /home/pavan/google-chrome
2026-01-17 11:31:57.628 [info] [Model][openRepository] Opened repository (real path): /home/pavan/google-chrome
2026-01-17 11:31:57.628 [info] [Model][openRepository] Opened repository (kind): repository
2026-01-17 11:31:57.644 [info] > git config --get --local branch.master.vscode-merge-base [36ms]
2026-01-17 11:31:57.653 [info] > git config --get commit.template [52ms]
2026-01-17 11:31:57.653 [info] > git for-each-ref --format=%(refname)%00%(upstream:short)%00%(objectname)%00%(upstream:track)%00%(upstream:remotename)%00%(upstream:remoteref) refs/heads/dev refs/remotes/dev [60ms]
2026-01-17 11:31:57.663 [warning] [Git][revParse] Unable to read file: ENOENT: no such file or directory, open '/home/pavan/fastfetch/.git/refs/remotes/origin/dev'
2026-01-17 11:31:57.665 [info] > git for-each-ref --format=%(refname)%00%(upstream:short)%00%(objectname)%00%(upstream:track)%00%(upstream:remotename)%00%(upstream:remoteref) refs/heads/origin/master refs/remotes/origin/master [13ms]
2026-01-17 11:31:57.674 [info] > git rev-parse --show-toplevel [31ms]
2026-01-17 11:31:57.675 [info] > git config --get commit.template [39ms]
2026-01-17 11:31:57.696 [info] > git merge-base refs/heads/master refs/remotes/origin/master [23ms]
2026-01-17 11:31:57.704 [info] > git rev-parse refs/remotes/origin/dev [41ms]
2026-01-17 11:31:57.730 [info] > git diff --name-status -z --diff-filter=ADMR --find-renames=50% 046af28ffb4d719e3c360b3986750f187866d4a8...refs/remotes/origin/master -- [26ms]
2026-01-17 11:31:57.731 [info] > git rev-parse --git-dir --git-common-dir --show-superproject-working-tree [36ms]
2026-01-17 11:31:57.754 [info] [Model][openRepository] Opened repository (path): /home/pavan/yay-bin
2026-01-17 11:31:57.754 [info] [Model][openRepository] Opened repository (real path): /home/pavan/yay-bin
2026-01-17 11:31:57.754 [info] [Model][openRepository] Opened repository (kind): repository
2026-01-17 11:31:57.755 [info] > git for-each-ref --format=%(refname)%00%(upstream:short)%00%(objectname)%00%(upstream:track)%00%(upstream:remotename)%00%(upstream:remoteref) refs/heads/master refs/remotes/master [66ms]
2026-01-17 11:31:57.777 [warning] [Git][revParse] Unable to read file: ENOENT: no such file or directory, open '/home/pavan/auto-cpufreq/.git/refs/remotes/origin/master'
2026-01-17 11:31:57.781 [info] > git for-each-ref --format=%(refname)%00%(upstream:short)%00%(objectname)%00%(upstream:track)%00%(upstream:remotename)%00%(upstream:remoteref) refs/heads/master refs/remotes/master [54ms]
2026-01-17 11:31:57.781 [info] > git for-each-ref --sort -committerdate --format %(refname)%00%(objectname)%00%(*objectname) [63ms]
2026-01-17 11:31:57.792 [warning] [Git][revParse] Unable to read file: ENOENT: no such file or directory, open '/home/pavan/google-chrome/.git/refs/remotes/origin/master'
2026-01-17 11:31:57.793 [info] > git rev-parse refs/remotes/origin/master [16ms]
2026-01-17 11:31:57.808 [info] > git rev-parse --show-toplevel [38ms]
2026-01-17 11:31:57.809 [info] [Model][doInitialScan] Initial repository scan completed - repositories (7), closed repositories (0), parent repositories (0), unsafe repositories (0)
2026-01-17 11:31:57.825 [info] > git config --get commit.template [63ms]
2026-01-17 11:31:57.828 [info] > git status -z -uall [28ms]
2026-01-17 11:31:57.828 [info] > git show --textconv :.config/hypr/Environmentvariables.conf [11ms]
2026-01-17 11:31:57.829 [info] > git for-each-ref --sort -committerdate --format %(refname)%00%(objectname)%00%(*objectname) [21ms]
2026-01-17 11:31:57.847 [info] > git rev-parse refs/remotes/origin/master [55ms]
2026-01-17 11:31:57.874 [info] > git status -z -uall [163ms]
2026-01-17 11:31:57.874 [info] > git status -z -uall [20ms]
2026-01-17 11:31:57.874 [info] > git for-each-ref --sort -committerdate --format %(refname)%00%(objectname)%00%(*objectname) [14ms]
2026-01-17 11:31:57.938 [info] > git ls-files --stage -- .config/hypr/Environmentvariables.conf [113ms]
2026-01-17 11:31:57.962 [info] > git for-each-ref --format=%(refname)%00%(upstream:short)%00%(objectname)%00%(upstream:track)%00%(upstream:remotename)%00%(upstream:remoteref) refs/heads/dev refs/remotes/dev [26ms]
2026-01-17 11:31:57.969 [info] > git for-each-ref --format=%(refname)%00%(upstream:short)%00%(objectname)%00%(upstream:track)%00%(upstream:remotename)%00%(upstream:remoteref) refs/heads/master refs/remotes/master [60ms]
2026-01-17 11:31:57.976 [info] > git for-each-ref --format=%(refname)%00%(upstream:short)%00%(objectname)%00%(upstream:track)%00%(upstream:remotename)%00%(upstream:remoteref) refs/heads/master refs/remotes/master [104ms]
2026-01-17 11:31:58.025 [warning] [Git][revParse] Unable to read file: ENOENT: no such file or directory, open '/home/pavan/yay-bin/.git/refs/remotes/origin/master'
2026-01-17 11:31:58.147 [info] > git status -z -uall [652ms] (cancelled)
2026-01-17 11:31:58.147 [info] > git config --get --local branch.master.vscode-merge-base [171ms]
2026-01-17 11:31:58.154 [info] > git config --get --local branch.dev.vscode-merge-base [185ms]
2026-01-17 11:31:58.161 [info] > git config --get commit.template [203ms]
2026-01-17 11:31:58.161 [info] > git config --get commit.template [209ms]
2026-01-17 11:31:58.161 [info] > git cat-file -s a35e110cd606c6f003502116d482ab8453b3a5da [217ms]
2026-01-17 11:31:59.521 [info] > git for-each-ref --format=%(refname)%00%(upstream:short)%00%(objectname)%00%(upstream:track)%00%(upstream:remotename)%00%(upstream:remoteref) refs/heads/origin/dev refs/remotes/origin/dev [1360ms]
2026-01-17 11:31:59.531 [info] > git for-each-ref --format=%(refname)%00%(upstream:short)%00%(objectname)%00%(upstream:track)%00%(upstream:remotename)%00%(upstream:remoteref) refs/heads/origin/master refs/remotes/origin/master [1377ms]
2026-01-17 11:31:59.540 [info] > git rev-parse refs/remotes/origin/master [1515ms]
2026-01-17 11:31:59.581 [info] > git check-ignore -v -z --stdin [63ms]
2026-01-17 11:31:59.583 [info] > git status -z -uall [35ms]
2026-01-17 11:31:59.583 [info] > git for-each-ref --sort -committerdate --format %(refname)%00%(objectname)%00%(*objectname) [28ms]
2026-01-17 11:31:59.645 [info] > git merge-base refs/heads/master refs/remotes/origin/master [106ms]
2026-01-17 11:31:59.660 [info] > git merge-base refs/heads/dev refs/remotes/origin/dev [130ms]
2026-01-17 11:31:59.716 [info] > git diff --name-status -z --diff-filter=ADMR --find-renames=50% de6d066fc99efb920b06b36e3e7cb585833c88dc...refs/remotes/origin/dev -- [39ms]
2026-01-17 11:31:59.717 [info] > git diff --name-status -z --diff-filter=ADMR --find-renames=50% 323850b6c61a73bd0a41773f49ae2bf192e0d253...refs/remotes/origin/master -- [57ms]
2026-01-17 11:31:59.718 [info] > git for-each-ref --format=%(refname)%00%(upstream:short)%00%(objectname)%00%(upstream:track)%00%(upstream:remotename)%00%(upstream:remoteref) refs/heads/master refs/remotes/master [79ms]
2026-01-17 11:31:59.726 [info] > git for-each-ref --format=%(refname)%00%(upstream:short)%00%(objectname)%00%(upstream:track)%00%(upstream:remotename)%00%(upstream:remoteref) refs/heads/dev refs/remotes/dev [148ms]
2026-01-17 11:31:59.727 [info] > git for-each-ref --format=%(refname)%00%(upstream:short)%00%(objectname)%00%(upstream:track)%00%(upstream:remotename)%00%(upstream:remoteref) refs/heads/master refs/remotes/master [156ms]
2026-01-17 11:31:59.735 [warning] [Git][revParse] Unable to read file: ENOENT: no such file or directory, open '/home/pavan/fastfetch/.git/refs/remotes/origin/dev'
2026-01-17 11:31:59.741 [warning] [Git][revParse] Unable to read file: ENOENT: no such file or directory, open '/home/pavan/google-chrome/.git/refs/remotes/origin/master'
2026-01-17 11:31:59.742 [info] > git config --get commit.template [50ms]
2026-01-17 11:31:59.744 [info] > git config --get --local branch.master.vscode-merge-base [18ms]
2026-01-17 11:31:59.751 [info] > git rev-parse refs/remotes/origin/master [10ms]
2026-01-17 11:31:59.764 [info] > git rev-parse refs/remotes/origin/dev [29ms]
2026-01-17 11:31:59.794 [info] > git status -z -uall [37ms]
2026-01-17 11:31:59.794 [info] > git for-each-ref --sort -committerdate --format %(refname)%00%(objectname)%00%(*objectname) [30ms]
2026-01-17 11:31:59.819 [info] > git for-each-ref --format=%(refname)%00%(upstream:short)%00%(objectname)%00%(upstream:track)%00%(upstream:remotename)%00%(upstream:remoteref) refs/heads/origin/master refs/remotes/origin/master [67ms]
2026-01-17 11:31:59.827 [info] > git status -z -uall [57ms]
2026-01-17 11:31:59.828 [info] > git blame --root --incremental 393097b41728ab7c61d30c1c40486c8283e0f606 -- .config/hypr/Environmentvariables.conf [35ms]
2026-01-17 11:31:59.839 [info] > git for-each-ref --format=%(refname)%00%(upstream:short)%00%(objectname)%00%(upstream:track)%00%(upstream:remotename)%00%(upstream:remoteref) refs/heads/master refs/remotes/master [55ms]
2026-01-17 11:31:59.839 [info] > git for-each-ref --sort -committerdate --format %(refname)%00%(objectname)%00%(*objectname) [62ms]
2026-01-17 11:31:59.865 [warning] [Git][revParse] Unable to read file: ENOENT: no such file or directory, open '/home/pavan/yay-bin/.git/refs/remotes/origin/master'
2026-01-17 11:31:59.867 [info] > git merge-base refs/heads/master refs/remotes/origin/master [42ms]
2026-01-17 11:31:59.889 [info] > git diff --name-status -z --diff-filter=ADMR --find-renames=50% 1751e24c436c5909ae8d5b1f119e026101e28e3c...refs/remotes/origin/master -- [15ms]
2026-01-17 11:31:59.890 [info] > git rev-parse refs/remotes/origin/master [25ms]
2026-01-17 11:31:59.938 [info] > git status -z -uall [43ms]
2026-01-17 11:31:59.938 [info] > git for-each-ref --sort -committerdate --format %(refname)%00%(objectname)%00%(*objectname) [37ms]
2026-01-17 11:54:29.163 [info] > git check-ignore -v -z --stdin [6ms]
