2026-01-17 10:50:39.271 [info] Extension host with pid 6249 started
2026-01-17 10:50:39.305 [info] ExtensionService#_doActivateExtension vscode.github-authentication, startup: false, activationEvent: 'onAuthenticationRequest:github'
2026-01-17 10:50:39.372 [info] ExtensionService#_doActivateExtension vscode.git-base, startup: true, activationEvent: '*', root cause: vscode.git
2026-01-17 10:50:39.436 [info] ExtensionService#_doActivateExtension vscode.git, startup: true, activationEvent: '*'
2026-01-17 10:50:39.513 [info] ExtensionService#_doActivateExtension vscode.github, startup: true, activationEvent: '*'
2026-01-17 10:50:39.702 [info] Eager extensions activated
2026-01-17 10:50:39.710 [info] ExtensionService#_doActivateExtension vscode.debug-auto-launch, startup: false, activationEvent: 'onStartupFinished'
2026-01-17 10:50:39.713 [info] ExtensionService#_doActivateExtension vscode.merge-conflict, startup: false, activationEvent: 'onStartupFinished'
2026-01-17 10:50:48.647 [info] Extension host terminating: renderer closed the MessagePort
2026-01-17 10:50:48.656 [info] Extension host with pid 6249 exiting with code 0
2026-01-17 10:50:50.259 [info] Extension host with pid 7469 started
2026-01-17 10:50:50.259 [info] Skipping acquiring lock for /home/pavan/.config/Code - OSS/User/workspaceStorage/3953084429cb06b7f2b9a47049660409.
2026-01-17 10:50:50.326 [info] ExtensionService#_doActivateExtension vscode.github-authentication, startup: false, activationEvent: 'onAuthenticationRequest:github'
2026-01-17 10:50:50.414 [info] ExtensionService#_doActivateExtension vscode.git-base, startup: true, activationEvent: '*', root cause: vscode.git
2026-01-17 10:50:50.436 [info] ExtensionService#_doActivateExtension vscode.git, startup: true, activationEvent: '*'
2026-01-17 10:50:50.520 [info] ExtensionService#_doActivateExtension vscode.github, startup: true, activationEvent: '*'
2026-01-17 10:50:50.705 [info] ExtensionService#_doActivateExtension vscode.emmet, startup: false, activationEvent: 'onLanguage'
2026-01-17 10:50:50.769 [info] Eager extensions activated
2026-01-17 10:50:50.784 [info] ExtensionService#_doActivateExtension vscode.debug-auto-launch, startup: false, activationEvent: 'onStartupFinished'
2026-01-17 10:50:50.788 [info] ExtensionService#_doActivateExtension vscode.merge-conflict, startup: false, activationEvent: 'onStartupFinished'
2026-01-17 10:50:51.906 [warning] [Decorations] CAPPING events from decorations provider vscode.git 10309
2026-01-17 10:50:51.936 [warning] [Decorations] CAPPING events from decorations provider vscode.git 279
2026-01-17 10:50:54.137 [warning] [Decorations] CAPPING events from decorations provider vscode.git 279
2026-01-17 10:50:54.602 [warning] [Decorations] CAPPING events from decorations provider vscode.git 10309
2026-01-17 10:51:13.472 [info] ExtensionService#_doActivateExtension vscode.configuration-editing, startup: false, activationEvent: 'onLanguage:jsonc'
2026-01-17 10:51:13.494 [info] ExtensionService#_doActivateExtension vscode.json-language-features, startup: false, activationEvent: 'onLanguage:jsonc'
2026-01-17 10:51:13.594 [info] ExtensionService#_doActivateExtension vscode.typescript-language-features, startup: false, activationEvent: 'onLanguage:jsonc'
2026-01-17 10:52:33.312 [info] Extension host terminating: renderer closed the MessagePort
