2026-01-15 23:17:29.545 [info] [main] Log level: Info
2026-01-15 23:17:29.545 [info] [main] Validating found git in: "git"
2026-01-15 23:17:29.545 [info] [main] Using git "2.52.0" from "git"
2026-01-15 23:17:29.545 [info] [Model][doInitialScan] Initial repository scan started
2026-01-15 23:17:29.545 [info] > git rev-parse --show-toplevel [8ms]
2026-01-15 23:17:29.545 [info] > git rev-parse --show-toplevel [2ms]
2026-01-15 23:17:29.545 [info] > git rev-parse --show-toplevel [4ms]
2026-01-15 23:17:29.545 [info] > git rev-parse --show-toplevel [3ms]
2026-01-15 23:17:29.545 [info] > git rev-parse --show-toplevel [1ms]
2026-01-15 23:17:29.545 [info] > git rev-parse --show-toplevel [2ms]
2026-01-15 23:17:29.545 [info] > git rev-parse --show-toplevel [3ms]
2026-01-15 23:17:29.545 [info] > git rev-parse --show-toplevel [3ms]
2026-01-15 23:17:29.545 [info] > git rev-parse --show-toplevel [3ms]
2026-01-15 23:17:29.545 [info] > git rev-parse --show-toplevel [3ms]
2026-01-15 23:17:29.566 [info] > git rev-parse --show-toplevel [2ms]
2026-01-15 23:17:29.574 [info] > git rev-parse --show-toplevel [1ms]
2026-01-15 23:17:29.587 [info] > git rev-parse --show-toplevel [2ms]
2026-01-15 23:17:29.598 [info] > git rev-parse --show-toplevel [2ms]
2026-01-15 23:17:29.608 [info] > git rev-parse --show-toplevel [2ms]
2026-01-15 23:17:29.619 [info] > git rev-parse --show-toplevel [2ms]
2026-01-15 23:17:29.646 [info] > git rev-parse --show-toplevel [9ms]
2026-01-15 23:17:29.687 [info] > git rev-parse --show-toplevel [1ms]
2026-01-15 23:17:29.696 [info] > git rev-parse --show-toplevel [3ms]
2026-01-15 23:17:29.710 [info] > git rev-parse --show-toplevel [2ms]
2026-01-15 23:17:29.718 [info] > git rev-parse --show-toplevel [2ms]
2026-01-15 23:17:29.726 [info] > git rev-parse --show-toplevel [2ms]
2026-01-15 23:17:29.740 [info] > git rev-parse --show-toplevel [7ms]
2026-01-15 23:17:29.750 [info] > git rev-parse --show-toplevel [2ms]
2026-01-15 23:17:29.758 [info] > git rev-parse --show-toplevel [1ms]
2026-01-15 23:17:29.766 [info] > git rev-parse --show-toplevel [1ms]
2026-01-15 23:17:29.774 [info] > git rev-parse --show-toplevel [2ms]
2026-01-15 23:17:29.775 [info] [Model][doInitialScan] Initial repository scan completed - repositories (0), closed repositories (0), parent repositories (1), unsafe repositories (0)
2026-01-15 23:17:29.783 [info] > git rev-parse --show-toplevel [1ms]
2026-01-15 23:17:30.559 [info] > git rev-parse --show-toplevel [2ms]
2026-01-15 23:17:37.219 [info] > git rev-parse --show-toplevel [2ms]
2026-01-15 23:18:41.629 [info] > git rev-parse --show-toplevel [2ms]
2026-01-15 23:27:19.396 [info] > git rev-parse --show-toplevel [2ms]
2026-01-15 23:28:26.008 [info] > git rev-parse --show-toplevel [2ms]
2026-01-15 23:30:13.785 [info] > git rev-parse --show-toplevel [4ms]
