2026-01-17 08:42:13.992 [info] [main] Log level: Info
2026-01-17 08:42:13.992 [info] [main] Validating found git in: "git"
2026-01-17 08:42:13.992 [info] [main] Using git "2.52.0" from "git"
2026-01-17 08:42:13.992 [info] [Model][doInitialScan] Initial repository scan started
2026-01-17 08:42:13.992 [info] > git rev-parse --show-toplevel [39ms]
2026-01-17 08:42:13.992 [info] > git rev-parse --show-toplevel [3ms]
2026-01-17 08:42:13.992 [info] > git rev-parse --show-toplevel [3ms]
2026-01-17 08:42:13.992 [info] > git rev-parse --show-toplevel [4ms]
2026-01-17 08:42:13.992 [info] > git rev-parse --show-toplevel [3ms]
2026-01-17 08:42:13.992 [info] > git rev-parse --show-toplevel [6ms]
2026-01-17 08:42:13.993 [info] > git rev-parse --show-toplevel [2ms]
2026-01-17 08:42:14.021 [info] > git rev-parse --show-toplevel [8ms]
2026-01-17 08:42:14.083 [info] > git rev-parse --show-toplevel [4ms]
2026-01-17 08:42:14.096 [info] > git rev-parse --show-toplevel [3ms]
2026-01-17 08:42:14.108 [info] > git rev-parse --show-toplevel [3ms]
2026-01-17 08:42:14.119 [info] > git rev-parse --show-toplevel [3ms]
2026-01-17 08:42:14.129 [info] > git rev-parse --show-toplevel [1ms]
2026-01-17 08:42:14.139 [info] > git rev-parse --show-toplevel [2ms]
2026-01-17 08:42:14.149 [info] > git rev-parse --show-toplevel [2ms]
2026-01-17 08:42:14.159 [info] > git rev-parse --show-toplevel [2ms]
2026-01-17 08:42:14.169 [info] > git rev-parse --show-toplevel [2ms]
2026-01-17 08:42:14.179 [info] > git rev-parse --show-toplevel [2ms]
2026-01-17 08:42:14.190 [info] > git rev-parse --show-toplevel [3ms]
2026-01-17 08:42:14.201 [info] > git rev-parse --show-toplevel [3ms]
2026-01-17 08:42:14.211 [info] > git rev-parse --show-toplevel [2ms]
2026-01-17 08:42:14.222 [info] > git rev-parse --show-toplevel [2ms]
2026-01-17 08:42:14.233 [info] > git rev-parse --show-toplevel [3ms]
2026-01-17 08:42:14.244 [info] > git rev-parse --show-toplevel [2ms]
2026-01-17 08:42:14.254 [info] > git rev-parse --show-toplevel [2ms]
2026-01-17 08:42:14.263 [info] > git rev-parse --show-toplevel [1ms]
2026-01-17 08:42:14.274 [info] > git rev-parse --show-toplevel [2ms]
2026-01-17 08:42:14.283 [info] > git rev-parse --show-toplevel [2ms]
2026-01-17 08:42:14.293 [info] > git rev-parse --show-toplevel [2ms]
2026-01-17 08:42:14.304 [info] > git rev-parse --show-toplevel [2ms]
2026-01-17 08:42:14.315 [info] > git rev-parse --show-toplevel [2ms]
2026-01-17 08:42:14.339 [info] > git rev-parse --show-toplevel [3ms]
2026-01-17 08:42:14.342 [info] [Model][doInitialScan] Initial repository scan completed - repositories (0), closed repositories (0), parent repositories (1), unsafe repositories (0)
2026-01-17 08:42:14.354 [info] > git rev-parse --show-toplevel [3ms]
2026-01-17 08:42:14.762 [info] > git rev-parse --show-toplevel [2ms]
2026-01-17 08:42:15.463 [info] > git rev-parse --show-toplevel [2ms]
