2026-01-14 18:49:15.599 [info] [main] Log level: Info
2026-01-14 18:49:15.599 [info] [main] Validating found git in: "git"
2026-01-14 18:49:15.599 [info] [main] Using git "2.52.0" from "git"
2026-01-14 18:49:15.599 [info] [Model][doInitialScan] Initial repository scan started
2026-01-14 18:49:15.599 [info] > git rev-parse --show-toplevel [13ms]
2026-01-14 18:49:15.599 [info] fatal: not a git repository (or any parent up to mount point /)
Stopping at filesystem boundary (GIT_DISCOVERY_ACROSS_FILESYSTEM not set).
2026-01-14 18:49:15.599 [info] > git rev-parse --show-toplevel [2ms]
2026-01-14 18:49:15.599 [info] fatal: not a git repository (or any parent up to mount point /)
Stopping at filesystem boundary (GIT_DISCOVERY_ACROSS_FILESYSTEM not set).
2026-01-14 18:49:15.599 [info] > git rev-parse --show-toplevel [8ms]
2026-01-14 18:49:15.599 [info] fatal: not a git repository (or any parent up to mount point /)
Stopping at filesystem boundary (GIT_DISCOVERY_ACROSS_FILESYSTEM not set).
2026-01-14 18:49:15.599 [info] > git rev-parse --show-toplevel [2ms]
2026-01-14 18:49:15.599 [info] fatal: not a git repository (or any parent up to mount point /)
Stopping at filesystem boundary (GIT_DISCOVERY_ACROSS_FILESYSTEM not set).
2026-01-14 18:49:15.599 [info] > git rev-parse --show-toplevel [2ms]
2026-01-14 18:49:15.599 [info] fatal: not a git repository (or any parent up to mount point /)
Stopping at filesystem boundary (GIT_DISCOVERY_ACROSS_FILESYSTEM not set).
2026-01-14 18:49:15.600 [info] > git rev-parse --show-toplevel [8ms]
2026-01-14 18:49:15.600 [info] fatal: not a git repository (or any parent up to mount point /)
Stopping at filesystem boundary (GIT_DISCOVERY_ACROSS_FILESYSTEM not set).
2026-01-14 18:49:15.600 [info] > git rev-parse --show-toplevel [5ms]
2026-01-14 18:49:15.600 [info] fatal: not a git repository (or any parent up to mount point /)
Stopping at filesystem boundary (GIT_DISCOVERY_ACROSS_FILESYSTEM not set).
2026-01-14 18:49:15.600 [info] > git rev-parse --show-toplevel [2ms]
2026-01-14 18:49:15.600 [info] fatal: not a git repository (or any parent up to mount point /)
Stopping at filesystem boundary (GIT_DISCOVERY_ACROSS_FILESYSTEM not set).
2026-01-14 18:49:15.617 [info] > git rev-parse --show-toplevel [10ms]
2026-01-14 18:49:15.617 [info] fatal: not a git repository (or any parent up to mount point /)
Stopping at filesystem boundary (GIT_DISCOVERY_ACROSS_FILESYSTEM not set).
2026-01-14 18:49:15.662 [info] > git rev-parse --show-toplevel [37ms]
2026-01-14 18:49:15.662 [info] fatal: not a git repository (or any parent up to mount point /)
Stopping at filesystem boundary (GIT_DISCOVERY_ACROSS_FILESYSTEM not set).
2026-01-14 18:49:15.677 [info] > git rev-parse --show-toplevel [3ms]
2026-01-14 18:49:15.677 [info] fatal: not a git repository (or any parent up to mount point /)
Stopping at filesystem boundary (GIT_DISCOVERY_ACROSS_FILESYSTEM not set).
2026-01-14 18:49:15.684 [info] > git rev-parse --show-toplevel [2ms]
2026-01-14 18:49:15.684 [info] fatal: not a git repository (or any parent up to mount point /)
Stopping at filesystem boundary (GIT_DISCOVERY_ACROSS_FILESYSTEM not set).
2026-01-14 18:49:15.693 [info] > git rev-parse --show-toplevel [2ms]
2026-01-14 18:49:15.693 [info] fatal: not a git repository (or any parent up to mount point /)
Stopping at filesystem boundary (GIT_DISCOVERY_ACROSS_FILESYSTEM not set).
2026-01-14 18:49:15.699 [info] > git rev-parse --show-toplevel [1ms]
2026-01-14 18:49:15.699 [info] fatal: not a git repository (or any parent up to mount point /)
Stopping at filesystem boundary (GIT_DISCOVERY_ACROSS_FILESYSTEM not set).
2026-01-14 18:49:15.708 [info] > git rev-parse --show-toplevel [2ms]
2026-01-14 18:49:15.708 [info] fatal: not a git repository (or any parent up to mount point /)
Stopping at filesystem boundary (GIT_DISCOVERY_ACROSS_FILESYSTEM not set).
2026-01-14 18:49:15.714 [info] > git rev-parse --show-toplevel [1ms]
2026-01-14 18:49:15.714 [info] fatal: not a git repository (or any parent up to mount point /)
Stopping at filesystem boundary (GIT_DISCOVERY_ACROSS_FILESYSTEM not set).
2026-01-14 18:49:15.721 [info] > git rev-parse --show-toplevel [2ms]
2026-01-14 18:49:15.721 [info] fatal: not a git repository (or any parent up to mount point /)
Stopping at filesystem boundary (GIT_DISCOVERY_ACROSS_FILESYSTEM not set).
2026-01-14 18:49:15.729 [info] > git rev-parse --show-toplevel [1ms]
2026-01-14 18:49:15.729 [info] fatal: not a git repository (or any parent up to mount point /)
Stopping at filesystem boundary (GIT_DISCOVERY_ACROSS_FILESYSTEM not set).
2026-01-14 18:49:15.740 [info] > git rev-parse --show-toplevel [5ms]
2026-01-14 18:49:15.740 [info] fatal: not a git repository (or any parent up to mount point /)
Stopping at filesystem boundary (GIT_DISCOVERY_ACROSS_FILESYSTEM not set).
2026-01-14 18:49:15.748 [info] > git rev-parse --show-toplevel [1ms]
2026-01-14 18:49:15.749 [info] fatal: not a git repository (or any parent up to mount point /)
Stopping at filesystem boundary (GIT_DISCOVERY_ACROSS_FILESYSTEM not set).
2026-01-14 18:49:15.756 [info] > git rev-parse --show-toplevel [2ms]
2026-01-14 18:49:15.756 [info] fatal: not a git repository (or any parent up to mount point /)
Stopping at filesystem boundary (GIT_DISCOVERY_ACROSS_FILESYSTEM not set).
2026-01-14 18:49:15.763 [info] > git rev-parse --show-toplevel [1ms]
2026-01-14 18:49:15.763 [info] fatal: not a git repository (or any parent up to mount point /)
Stopping at filesystem boundary (GIT_DISCOVERY_ACROSS_FILESYSTEM not set).
2026-01-14 18:49:15.764 [info] [Model][doInitialScan] Initial repository scan completed - repositories (0), closed repositories (0), parent repositories (0), unsafe repositories (0)
2026-01-14 18:49:21.915 [info] > git rev-parse --show-toplevel [2ms]
2026-01-14 18:49:21.915 [info] fatal: not a git repository (or any parent up to mount point /)
Stopping at filesystem boundary (GIT_DISCOVERY_ACROSS_FILESYSTEM not set).
2026-01-14 18:49:22.323 [info] > git rev-parse --show-toplevel [5ms]
2026-01-14 18:49:22.323 [info] fatal: not a git repository (or any parent up to mount point /)
Stopping at filesystem boundary (GIT_DISCOVERY_ACROSS_FILESYSTEM not set).
2026-01-14 18:49:22.447 [info] > git rev-parse --show-toplevel [1ms]
2026-01-14 18:49:22.447 [info] fatal: not a git repository (or any parent up to mount point /)
Stopping at filesystem boundary (GIT_DISCOVERY_ACROSS_FILESYSTEM not set).
2026-01-14 18:49:40.123 [info] > git rev-parse --show-toplevel [2ms]
2026-01-14 18:49:40.123 [info] fatal: not a git repository (or any parent up to mount point /)
Stopping at filesystem boundary (GIT_DISCOVERY_ACROSS_FILESYSTEM not set).
