2026-01-14 17:25:39.995 [info] [main] Log level: Info
2026-01-14 17:25:39.995 [info] [main] Validating found git in: "git"
2026-01-14 17:25:39.995 [info] [main] Using git "2.52.0" from "git"
2026-01-14 17:25:39.995 [info] [Model][doInitialScan] Initial repository scan started
2026-01-14 17:25:40.004 [info] > git rev-parse --show-toplevel [24ms]
2026-01-14 17:25:40.004 [info] fatal: not a git repository (or any parent up to mount point /)
Stopping at filesystem boundary (GIT_DISCOVERY_ACROSS_FILESYSTEM not set).
2026-01-14 17:25:40.020 [info] > git rev-parse --show-toplevel [2ms]
2026-01-14 17:25:40.020 [info] fatal: not a git repository (or any parent up to mount point /)
Stopping at filesystem boundary (GIT_DISCOVERY_ACROSS_FILESYSTEM not set).
2026-01-14 17:25:40.028 [info] > git rev-parse --show-toplevel [2ms]
2026-01-14 17:25:40.028 [info] fatal: not a git repository (or any parent up to mount point /)
Stopping at filesystem boundary (GIT_DISCOVERY_ACROSS_FILESYSTEM not set).
2026-01-14 17:25:40.037 [info] > git rev-parse --show-toplevel [2ms]
2026-01-14 17:25:40.037 [info] fatal: not a git repository (or any parent up to mount point /)
Stopping at filesystem boundary (GIT_DISCOVERY_ACROSS_FILESYSTEM not set).
2026-01-14 17:25:40.047 [info] > git rev-parse --show-toplevel [2ms]
2026-01-14 17:25:40.047 [info] fatal: not a git repository (or any parent up to mount point /)
Stopping at filesystem boundary (GIT_DISCOVERY_ACROSS_FILESYSTEM not set).
2026-01-14 17:25:40.055 [info] > git rev-parse --show-toplevel [1ms]
2026-01-14 17:25:40.055 [info] fatal: not a git repository (or any parent up to mount point /)
Stopping at filesystem boundary (GIT_DISCOVERY_ACROSS_FILESYSTEM not set).
2026-01-14 17:25:40.062 [info] > git rev-parse --show-toplevel [2ms]
2026-01-14 17:25:40.062 [info] fatal: not a git repository (or any parent up to mount point /)
Stopping at filesystem boundary (GIT_DISCOVERY_ACROSS_FILESYSTEM not set).
2026-01-14 17:25:40.072 [info] > git rev-parse --show-toplevel [2ms]
2026-01-14 17:25:40.072 [info] fatal: not a git repository (or any parent up to mount point /)
Stopping at filesystem boundary (GIT_DISCOVERY_ACROSS_FILESYSTEM not set).
2026-01-14 17:25:40.080 [info] > git rev-parse --show-toplevel [2ms]
2026-01-14 17:25:40.080 [info] fatal: not a git repository (or any parent up to mount point /)
Stopping at filesystem boundary (GIT_DISCOVERY_ACROSS_FILESYSTEM not set).
2026-01-14 17:25:40.099 [info] > git rev-parse --show-toplevel [12ms]
2026-01-14 17:25:40.099 [info] fatal: not a git repository (or any parent up to mount point /)
Stopping at filesystem boundary (GIT_DISCOVERY_ACROSS_FILESYSTEM not set).
2026-01-14 17:25:40.108 [info] > git rev-parse --show-toplevel [3ms]
2026-01-14 17:25:40.108 [info] fatal: not a git repository (or any parent up to mount point /)
Stopping at filesystem boundary (GIT_DISCOVERY_ACROSS_FILESYSTEM not set).
2026-01-14 17:25:40.148 [info] > git rev-parse --show-toplevel [34ms]
2026-01-14 17:25:40.148 [info] fatal: not a git repository (or any parent up to mount point /)
Stopping at filesystem boundary (GIT_DISCOVERY_ACROSS_FILESYSTEM not set).
2026-01-14 17:25:40.163 [info] > git rev-parse --show-toplevel [2ms]
2026-01-14 17:25:40.163 [info] fatal: not a git repository (or any parent up to mount point /)
Stopping at filesystem boundary (GIT_DISCOVERY_ACROSS_FILESYSTEM not set).
2026-01-14 17:25:40.171 [info] > git rev-parse --show-toplevel [2ms]
2026-01-14 17:25:40.171 [info] fatal: not a git repository (or any parent up to mount point /)
Stopping at filesystem boundary (GIT_DISCOVERY_ACROSS_FILESYSTEM not set).
2026-01-14 17:25:40.179 [info] > git rev-parse --show-toplevel [2ms]
2026-01-14 17:25:40.179 [info] fatal: not a git repository (or any parent up to mount point /)
Stopping at filesystem boundary (GIT_DISCOVERY_ACROSS_FILESYSTEM not set).
2026-01-14 17:25:40.187 [info] > git rev-parse --show-toplevel [2ms]
2026-01-14 17:25:40.187 [info] fatal: not a git repository (or any parent up to mount point /)
Stopping at filesystem boundary (GIT_DISCOVERY_ACROSS_FILESYSTEM not set).
2026-01-14 17:25:40.193 [info] > git rev-parse --show-toplevel [1ms]
2026-01-14 17:25:40.193 [info] fatal: not a git repository (or any parent up to mount point /)
Stopping at filesystem boundary (GIT_DISCOVERY_ACROSS_FILESYSTEM not set).
2026-01-14 17:25:40.200 [info] > git rev-parse --show-toplevel [2ms]
2026-01-14 17:25:40.200 [info] fatal: not a git repository (or any parent up to mount point /)
Stopping at filesystem boundary (GIT_DISCOVERY_ACROSS_FILESYSTEM not set).
2026-01-14 17:25:40.207 [info] > git rev-parse --show-toplevel [1ms]
2026-01-14 17:25:40.207 [info] fatal: not a git repository (or any parent up to mount point /)
Stopping at filesystem boundary (GIT_DISCOVERY_ACROSS_FILESYSTEM not set).
2026-01-14 17:25:40.213 [info] > git rev-parse --show-toplevel [1ms]
2026-01-14 17:25:40.214 [info] fatal: not a git repository (or any parent up to mount point /)
Stopping at filesystem boundary (GIT_DISCOVERY_ACROSS_FILESYSTEM not set).
2026-01-14 17:25:40.222 [info] > git rev-parse --show-toplevel [2ms]
2026-01-14 17:25:40.222 [info] fatal: not a git repository (or any parent up to mount point /)
Stopping at filesystem boundary (GIT_DISCOVERY_ACROSS_FILESYSTEM not set).
2026-01-14 17:25:40.233 [info] > git rev-parse --show-toplevel [1ms]
2026-01-14 17:25:40.233 [info] fatal: not a git repository (or any parent up to mount point /)
Stopping at filesystem boundary (GIT_DISCOVERY_ACROSS_FILESYSTEM not set).
2026-01-14 17:25:40.233 [info] [Model][doInitialScan] Initial repository scan completed - repositories (0), closed repositories (0), parent repositories (0), unsafe repositories (0)
2026-01-14 17:25:40.338 [info] > git rev-parse --show-toplevel [3ms]
2026-01-14 17:25:40.338 [info] fatal: not a git repository (or any parent up to mount point /)
Stopping at filesystem boundary (GIT_DISCOVERY_ACROSS_FILESYSTEM not set).
2026-01-14 17:25:40.996 [info] > git rev-parse --show-toplevel [2ms]
2026-01-14 17:25:40.996 [info] fatal: not a git repository (or any parent up to mount point /)
Stopping at filesystem boundary (GIT_DISCOVERY_ACROSS_FILESYSTEM not set).
2026-01-14 17:25:48.193 [info] > git rev-parse --show-toplevel [1ms]
2026-01-14 17:25:48.194 [info] fatal: not a git repository (or any parent up to mount point /)
Stopping at filesystem boundary (GIT_DISCOVERY_ACROSS_FILESYSTEM not set).
