2026-01-17 11:31:54.284 [info] Reading sessions from keychain...
2026-01-17 11:31:54.284 [info] Getting sessions for all scopes...
2026-01-17 11:31:54.349 [info] Got 0 sessions for ...
2026-01-17 11:31:54.350 [info] Getting sessions for all scopes...
2026-01-17 11:31:54.350 [info] Got 0 sessions for ...
2026-01-17 11:31:54.350 [info] Getting sessions for all scopes...
2026-01-17 11:31:54.350 [info] Got 0 sessions for ...
2026-01-17 11:31:54.350 [info] Getting sessions for all scopes...
2026-01-17 11:31:54.350 [info] Got 0 sessions for ...
2026-01-17 11:31:54.350 [info] Getting sessions for all scopes...
2026-01-17 11:31:54.350 [info] Got 0 sessions for ...
2026-01-17 11:31:54.350 [info] Getting sessions for all scopes...
2026-01-17 11:31:54.350 [info] Got 0 sessions for ...
2026-01-17 11:31:54.351 [info] Getting sessions for all scopes...
2026-01-17 11:31:54.351 [info] Got 0 sessions for ...
2026-01-17 11:31:54.405 [info] Getting sessions for all scopes...
2026-01-17 11:31:54.405 [info] Got 0 sessions for ...
2026-01-17 11:31:54.405 [info] Getting sessions for all scopes...
2026-01-17 11:31:54.405 [info] Got 0 sessions for ...
2026-01-17 11:31:54.406 [info] Getting sessions for all scopes...
2026-01-17 11:31:54.406 [info] Got 0 sessions for ...
2026-01-17 11:31:54.407 [info] Getting sessions for all scopes...
2026-01-17 11:31:54.407 [info] Got 0 sessions for ...
2026-01-17 11:31:54.407 [info] Getting sessions for all scopes...
2026-01-17 11:31:54.407 [info] Got 0 sessions for ...
2026-01-17 11:31:54.407 [info] Getting sessions for all scopes...
2026-01-17 11:31:54.407 [info] Got 0 sessions for ...
2026-01-17 11:31:54.546 [info] Getting sessions for all scopes...
2026-01-17 11:31:54.546 [info] Got 0 sessions for ...
2026-01-17 11:31:55.273 [info] Getting sessions for read:user,repo,user:email,workflow...
2026-01-17 11:31:55.273 [info] Got 0 sessions for read:user,repo,user:email,workflow...
2026-01-17 11:31:55.419 [info] Getting sessions for read:user,repo,user:email,workflow...
2026-01-17 11:31:55.419 [info] Got 0 sessions for read:user,repo,user:email,workflow...
2026-01-17 11:31:57.330 [info] Getting sessions for all scopes...
2026-01-17 11:31:57.330 [info] Got 0 sessions for ...
2026-01-17 11:31:57.654 [info] Getting sessions for read:user,repo,user:email,workflow...
2026-01-17 11:31:57.654 [info] Got 0 sessions for read:user,repo,user:email,workflow...
2026-01-17 11:31:59.556 [info] Getting sessions for read:user,repo,user:email,workflow...
2026-01-17 11:31:59.556 [info] Got 0 sessions for read:user,repo,user:email,workflow...
2026-01-17 11:31:59.777 [info] Getting sessions for read:user,repo,user:email,workflow...
2026-01-17 11:31:59.777 [info] Got 0 sessions for read:user,repo,user:email,workflow...
