2026-01-15 20:15:27.478 [info] Reading sessions from keychain...
2026-01-15 20:15:27.478 [info] Getting sessions for all scopes...
2026-01-15 20:15:27.478 [info] Got 0 sessions for ...
2026-01-15 20:15:27.478 [info] Getting sessions for all scopes...
2026-01-15 20:15:27.478 [info] Got 0 sessions for ...
2026-01-15 20:15:27.478 [info] Getting sessions for all scopes...
2026-01-15 20:15:27.478 [info] Got 0 sessions for ...
2026-01-15 20:15:27.478 [info] Getting sessions for all scopes...
2026-01-15 20:15:27.478 [info] Got 0 sessions for ...
2026-01-15 20:15:27.478 [info] Getting sessions for all scopes...
2026-01-15 20:15:27.478 [info] Got 0 sessions for ...
2026-01-15 20:15:27.478 [info] Getting sessions for all scopes...
2026-01-15 20:15:27.478 [info] Got 0 sessions for ...
2026-01-15 20:15:27.478 [info] Getting sessions for all scopes...
2026-01-15 20:15:27.478 [info] Got 0 sessions for ...
2026-01-15 20:15:27.478 [info] Getting sessions for all scopes...
2026-01-15 20:15:27.478 [info] Got 0 sessions for ...
2026-01-15 20:15:27.478 [info] Getting sessions for all scopes...
2026-01-15 20:15:27.478 [info] Got 0 sessions for ...
2026-01-15 20:15:27.478 [info] Getting sessions for all scopes...
2026-01-15 20:15:27.478 [info] Got 0 sessions for ...
2026-01-15 20:15:27.478 [info] Getting sessions for all scopes...
2026-01-15 20:15:27.478 [info] Got 0 sessions for ...
2026-01-15 20:15:27.478 [info] Getting sessions for all scopes...
2026-01-15 20:15:27.478 [info] Got 0 sessions for ...
2026-01-15 20:15:27.478 [info] Getting sessions for all scopes...
2026-01-15 20:15:27.478 [info] Got 0 sessions for ...
2026-01-15 20:15:27.478 [info] Getting sessions for all scopes...
2026-01-15 20:15:27.478 [info] Got 0 sessions for ...
2026-01-15 20:15:27.478 [info] Getting sessions for all scopes...
2026-01-15 20:15:27.478 [info] Got 0 sessions for ...
2026-01-15 20:15:29.021 [info] Getting sessions for all scopes...
2026-01-15 20:15:29.021 [info] Got 0 sessions for ...
2026-01-15 20:16:28.490 [info] Reading sessions from keychain...
2026-01-15 20:16:28.490 [info] Getting sessions for all scopes...
2026-01-15 20:16:28.490 [info] Got 0 sessions for ...
2026-01-15 20:16:28.490 [info] Getting sessions for all scopes...
2026-01-15 20:16:28.490 [info] Got 0 sessions for ...
2026-01-15 20:16:28.490 [info] Getting sessions for all scopes...
2026-01-15 20:16:28.490 [info] Got 0 sessions for ...
2026-01-15 20:16:28.490 [info] Getting sessions for all scopes...
2026-01-15 20:16:28.490 [info] Got 0 sessions for ...
2026-01-15 20:16:28.490 [info] Getting sessions for all scopes...
2026-01-15 20:16:28.490 [info] Got 0 sessions for ...
2026-01-15 20:16:28.490 [info] Getting sessions for all scopes...
2026-01-15 20:16:28.490 [info] Got 0 sessions for ...
2026-01-15 20:16:28.490 [info] Getting sessions for all scopes...
2026-01-15 20:16:28.490 [info] Got 0 sessions for ...
2026-01-15 20:16:28.490 [info] Getting sessions for all scopes...
2026-01-15 20:16:28.490 [info] Got 0 sessions for ...
2026-01-15 20:16:28.490 [info] Getting sessions for all scopes...
2026-01-15 20:16:28.490 [info] Got 0 sessions for ...
2026-01-15 20:16:28.490 [info] Getting sessions for all scopes...
2026-01-15 20:16:28.490 [info] Got 0 sessions for ...
2026-01-15 20:16:28.490 [info] Getting sessions for all scopes...
2026-01-15 20:16:28.490 [info] Got 0 sessions for ...
2026-01-15 20:16:28.490 [info] Getting sessions for all scopes...
2026-01-15 20:16:28.490 [info] Got 0 sessions for ...
2026-01-15 20:16:28.490 [info] Getting sessions for all scopes...
2026-01-15 20:16:28.490 [info] Got 0 sessions for ...
2026-01-15 20:16:28.490 [info] Getting sessions for all scopes...
2026-01-15 20:16:28.490 [info] Got 0 sessions for ...
2026-01-15 20:16:28.490 [info] Getting sessions for all scopes...
2026-01-15 20:16:28.490 [info] Got 0 sessions for ...
2026-01-15 20:16:29.919 [info] Getting sessions for all scopes...
2026-01-15 20:16:29.919 [info] Got 0 sessions for ...
2026-01-15 20:16:33.046 [info] Getting sessions for read:user,repo,user:email,workflow...
2026-01-15 20:16:33.046 [info] Got 0 sessions for read:user,repo,user:email,workflow...
2026-01-15 20:16:33.361 [info] Getting sessions for read:user,repo,user:email,workflow...
2026-01-15 20:16:33.361 [info] Got 0 sessions for read:user,repo,user:email,workflow...
2026-01-15 20:16:35.404 [info] Getting sessions for read:user,repo,user:email,workflow...
2026-01-15 20:16:35.404 [info] Got 0 sessions for read:user,repo,user:email,workflow...
