2026-01-15 18:59:55.587 [info] [main] Log level: Info
2026-01-15 18:59:55.587 [info] [main] Validating found git in: "git"
2026-01-15 18:59:55.587 [info] [main] Using git "2.52.0" from "git"
2026-01-15 18:59:55.587 [info] [Model][doInitialScan] Initial repository scan started
2026-01-15 18:59:55.587 [info] > git rev-parse --show-toplevel [19ms]
2026-01-15 18:59:55.587 [info] > git rev-parse --show-toplevel [8ms]
2026-01-15 18:59:55.587 [info] > git rev-parse --show-toplevel [2ms]
2026-01-15 18:59:55.587 [info] > git rev-parse --show-toplevel [3ms]
2026-01-15 18:59:55.587 [info] > git rev-parse --show-toplevel [2ms]
2026-01-15 18:59:55.587 [info] > git rev-parse --show-toplevel [2ms]
2026-01-15 18:59:55.587 [info] > git rev-parse --show-toplevel [2ms]
2026-01-15 18:59:55.587 [info] > git rev-parse --show-toplevel [3ms]
2026-01-15 18:59:55.587 [info] > git rev-parse --show-toplevel [14ms]
2026-01-15 18:59:55.629 [info] > git rev-parse --show-toplevel [35ms]
2026-01-15 18:59:55.658 [info] > git rev-parse --show-toplevel [2ms]
2026-01-15 18:59:55.669 [info] > git rev-parse --show-toplevel [4ms]
2026-01-15 18:59:55.679 [info] > git rev-parse --show-toplevel [2ms]
2026-01-15 18:59:55.689 [info] > git rev-parse --show-toplevel [2ms]
2026-01-15 18:59:55.698 [info] > git rev-parse --show-toplevel [2ms]
2026-01-15 18:59:55.707 [info] > git rev-parse --show-toplevel [1ms]
2026-01-15 18:59:55.715 [info] > git rev-parse --show-toplevel [1ms]
2026-01-15 18:59:55.724 [info] > git rev-parse --show-toplevel [2ms]
2026-01-15 18:59:55.734 [info] > git rev-parse --show-toplevel [2ms]
2026-01-15 18:59:55.743 [info] > git rev-parse --show-toplevel [2ms]
2026-01-15 18:59:55.753 [info] > git rev-parse --show-toplevel [2ms]
2026-01-15 18:59:55.761 [info] > git rev-parse --show-toplevel [2ms]
2026-01-15 18:59:55.770 [info] > git rev-parse --show-toplevel [2ms]
2026-01-15 18:59:55.780 [info] > git rev-parse --show-toplevel [2ms]
2026-01-15 18:59:55.788 [info] > git rev-parse --show-toplevel [2ms]
2026-01-15 18:59:55.799 [info] > git rev-parse --show-toplevel [2ms]
2026-01-15 18:59:55.810 [info] > git rev-parse --show-toplevel [2ms]
2026-01-15 18:59:55.818 [info] > git rev-parse --show-toplevel [2ms]
2026-01-15 18:59:55.820 [info] [Model][doInitialScan] Initial repository scan completed - repositories (0), closed repositories (0), parent repositories (1), unsafe repositories (0)
2026-01-15 18:59:55.830 [info] > git rev-parse --show-toplevel [2ms]
2026-01-15 18:59:55.840 [info] > git rev-parse --show-toplevel [2ms]
2026-01-15 18:59:56.004 [info] > git rev-parse --show-toplevel [2ms]
2026-01-15 18:59:56.238 [info] > git rev-parse --show-toplevel [2ms]
2026-01-15 19:18:19.858 [info] > git rev-parse --show-toplevel [2ms]
