2026-01-18 12:21:36.073 [info] Extension host with pid 50309 started
2026-01-18 12:21:36.074 [info] Skipping acquiring lock for /home/pavan/.config/Code - OSS/User/workspaceStorage/94b5de05b472bbb2bf9c269de5f08715.
2026-01-18 12:21:36.377 [info] ExtensionService#_doActivateExtension vscode.github-authentication, startup: false, activationEvent: 'onAuthenticationRequest:github'
2026-01-18 12:21:36.432 [info] ExtensionService#_doActivateExtension vscode.emmet, startup: false, activationEvent: 'onLanguage'
2026-01-18 12:21:36.463 [info] ExtensionService#_doActivateExtension vscode.configuration-editing, startup: false, activationEvent: 'onLanguage:jsonc'
2026-01-18 12:21:36.477 [info] ExtensionService#_doActivateExtension vscode.json-language-features, startup: false, activationEvent: 'onLanguage:jsonc'
2026-01-18 12:21:36.588 [info] ExtensionService#_doActivateExtension vscode.typescript-language-features, startup: false, activationEvent: 'onLanguage:jsonc'
2026-01-18 12:21:37.071 [info] ExtensionService#_doActivateExtension vscode.git-base, startup: true, activationEvent: '*', root cause: vscode.git
2026-01-18 12:21:37.149 [info] ExtensionService#_doActivateExtension vscode.git, startup: true, activationEvent: '*'
2026-01-18 12:21:37.227 [info] ExtensionService#_doActivateExtension vscode.github, startup: true, activationEvent: '*'
2026-01-18 12:21:37.395 [info] Eager extensions activated
2026-01-18 12:21:37.420 [info] ExtensionService#_doActivateExtension vscode.debug-auto-launch, startup: false, activationEvent: 'onStartupFinished'
2026-01-18 12:21:37.423 [info] ExtensionService#_doActivateExtension vscode.merge-conflict, startup: false, activationEvent: 'onStartupFinished'
2026-01-18 12:21:37.611 [warning] [Decorations] CAPPING events from decorations provider vscode.git 5177
2026-01-18 12:21:38.675 [warning] [Decorations] CAPPING events from decorations provider vscode.git 5178
2026-01-18 12:21:40.488 [warning] [Decorations] CAPPING events from decorations provider vscode.git 5178
2026-01-18 12:21:45.594 [warning] [Decorations] CAPPING events from decorations provider vscode.git 5178
2026-01-18 12:21:50.749 [warning] [Decorations] CAPPING events from decorations provider vscode.git 5178
2026-01-18 12:21:55.848 [warning] [Decorations] CAPPING events from decorations provider vscode.git 5178
2026-01-18 12:22:00.988 [warning] [Decorations] CAPPING events from decorations provider vscode.git 5178
2026-01-18 12:22:06.150 [warning] [Decorations] CAPPING events from decorations provider vscode.git 5178
2026-01-18 12:22:11.308 [warning] [Decorations] CAPPING events from decorations provider vscode.git 5178
2026-01-18 12:22:16.423 [warning] [Decorations] CAPPING events from decorations provider vscode.git 5178
2026-01-18 12:22:21.519 [warning] [Decorations] CAPPING events from decorations provider vscode.git 5178
2026-01-18 12:22:26.669 [warning] [Decorations] CAPPING events from decorations provider vscode.git 5178
2026-01-18 12:22:28.002 [info] ExtensionService#_doActivateExtension theqtcompany.qt-core, startup: false, activationEvent: 'onLanguage:qml', root cause: theqtcompany.qt-qml
2026-01-18 12:22:28.471 [info] ExtensionService#_doActivateExtension theqtcompany.qt-qml, startup: false, activationEvent: 'onLanguage:qml'
2026-01-18 12:22:29.785 [error] Error: Cannot call write after a stream was destroyed
	at _write (node:internal/streams/writable:491:11)
	at Writable.write (node:internal/streams/writable:510:10)
	at /home/pavan/.vscode-oss/extensions/theqtcompany.qt-qml-1.10.0-universal/out/extension.js:78:14213
	at new Promise (<anonymous>)
	at oM.write (/home/pavan/.vscode-oss/extensions/theqtcompany.qt-qml-1.10.0-universal/out/extension.js:78:14134)
	at ST.doWrite (/home/pavan/.vscode-oss/extensions/theqtcompany.qt-qml-1.10.0-universal/out/extension.js:50:1627)
	at /home/pavan/.vscode-oss/extensions/theqtcompany.qt-qml-1.10.0-universal/out/extension.js:50:1526
2026-01-18 12:22:29.787 [error] Error: Client is not running and can't be stopped. It's current state is: starting
	at Rk.shutdown (/home/pavan/.vscode-oss/extensions/theqtcompany.qt-qml-1.10.0-universal/out/extension.js:88:8500)
	at Rk.stop (/home/pavan/.vscode-oss/extensions/theqtcompany.qt-qml-1.10.0-universal/out/extension.js:88:8079)
	at Rk.stop (/home/pavan/.vscode-oss/extensions/theqtcompany.qt-qml-1.10.0-universal/out/extension.js:91:31107)
	at Rk.doInitialize (/home/pavan/.vscode-oss/extensions/theqtcompany.qt-qml-1.10.0-universal/out/extension.js:88:7904)
	at process.processTicksAndRejections (node:internal/process/task_queues:105:5)
	at async Rk.start (/home/pavan/.vscode-oss/extensions/theqtcompany.qt-qml-1.10.0-universal/out/extension.js:88:4473)
2026-01-18 12:22:29.823 [error] Error: Cannot call write after a stream was destroyed
	at _write (node:internal/streams/writable:491:11)
	at Writable.write (node:internal/streams/writable:510:10)
	at /home/pavan/.vscode-oss/extensions/theqtcompany.qt-qml-1.10.0-universal/out/extension.js:78:14213
	at new Promise (<anonymous>)
	at oM.write (/home/pavan/.vscode-oss/extensions/theqtcompany.qt-qml-1.10.0-universal/out/extension.js:78:14134)
	at ST.doWrite (/home/pavan/.vscode-oss/extensions/theqtcompany.qt-qml-1.10.0-universal/out/extension.js:50:1627)
	at /home/pavan/.vscode-oss/extensions/theqtcompany.qt-qml-1.10.0-universal/out/extension.js:50:1526
2026-01-18 12:22:29.824 [error] Error: Client is not running and can't be stopped. It's current state is: starting
	at Rk.shutdown (/home/pavan/.vscode-oss/extensions/theqtcompany.qt-qml-1.10.0-universal/out/extension.js:88:8500)
	at Rk.stop (/home/pavan/.vscode-oss/extensions/theqtcompany.qt-qml-1.10.0-universal/out/extension.js:88:8079)
	at Rk.stop (/home/pavan/.vscode-oss/extensions/theqtcompany.qt-qml-1.10.0-universal/out/extension.js:91:31107)
	at Rk.doInitialize (/home/pavan/.vscode-oss/extensions/theqtcompany.qt-qml-1.10.0-universal/out/extension.js:88:7904)
	at process.processTicksAndRejections (node:internal/process/task_queues:105:5)
	at async Rk.start (/home/pavan/.vscode-oss/extensions/theqtcompany.qt-qml-1.10.0-universal/out/extension.js:88:4473)
2026-01-18 12:22:29.846 [error] Error: write EPIPE
	at afterWriteDispatched (node:internal/stream_base_commons:159:15)
	at writeGeneric (node:internal/stream_base_commons:150:3)
	at Socket._writeGeneric (node:net:966:11)
	at Socket._write (node:net:978:8)
	at writeOrBuffer (node:internal/streams/writable:572:12)
	at _write (node:internal/streams/writable:501:10)
	at Writable.write (node:internal/streams/writable:510:10)
	at /home/pavan/.vscode-oss/extensions/theqtcompany.qt-qml-1.10.0-universal/out/extension.js:78:14213
	at new Promise (<anonymous>)
	at oM.write (/home/pavan/.vscode-oss/extensions/theqtcompany.qt-qml-1.10.0-universal/out/extension.js:78:14134)
	at ST.doWrite (/home/pavan/.vscode-oss/extensions/theqtcompany.qt-qml-1.10.0-universal/out/extension.js:50:1627)
	at /home/pavan/.vscode-oss/extensions/theqtcompany.qt-qml-1.10.0-universal/out/extension.js:50:1526
2026-01-18 12:22:29.847 [error] Error: Client is not running and can't be stopped. It's current state is: starting
	at Rk.shutdown (/home/pavan/.vscode-oss/extensions/theqtcompany.qt-qml-1.10.0-universal/out/extension.js:88:8500)
	at Rk.stop (/home/pavan/.vscode-oss/extensions/theqtcompany.qt-qml-1.10.0-universal/out/extension.js:88:8079)
	at Rk.stop (/home/pavan/.vscode-oss/extensions/theqtcompany.qt-qml-1.10.0-universal/out/extension.js:91:31107)
	at Rk.doInitialize (/home/pavan/.vscode-oss/extensions/theqtcompany.qt-qml-1.10.0-universal/out/extension.js:88:7904)
	at process.processTicksAndRejections (node:internal/process/task_queues:105:5)
	at async Rk.start (/home/pavan/.vscode-oss/extensions/theqtcompany.qt-qml-1.10.0-universal/out/extension.js:88:4473)
2026-01-18 12:22:29.861 [error] Error: Cannot call write after a stream was destroyed
	at _write (node:internal/streams/writable:491:11)
	at Writable.write (node:internal/streams/writable:510:10)
	at /home/pavan/.vscode-oss/extensions/theqtcompany.qt-qml-1.10.0-universal/out/extension.js:78:14213
	at new Promise (<anonymous>)
	at oM.write (/home/pavan/.vscode-oss/extensions/theqtcompany.qt-qml-1.10.0-universal/out/extension.js:78:14134)
	at ST.doWrite (/home/pavan/.vscode-oss/extensions/theqtcompany.qt-qml-1.10.0-universal/out/extension.js:50:1627)
	at /home/pavan/.vscode-oss/extensions/theqtcompany.qt-qml-1.10.0-universal/out/extension.js:50:1526
2026-01-18 12:22:29.862 [error] Error: Client is not running and can't be stopped. It's current state is: starting
	at Rk.shutdown (/home/pavan/.vscode-oss/extensions/theqtcompany.qt-qml-1.10.0-universal/out/extension.js:88:8500)
	at Rk.stop (/home/pavan/.vscode-oss/extensions/theqtcompany.qt-qml-1.10.0-universal/out/extension.js:88:8079)
	at Rk.stop (/home/pavan/.vscode-oss/extensions/theqtcompany.qt-qml-1.10.0-universal/out/extension.js:91:31107)
	at Rk.doInitialize (/home/pavan/.vscode-oss/extensions/theqtcompany.qt-qml-1.10.0-universal/out/extension.js:88:7904)
	at process.processTicksAndRejections (node:internal/process/task_queues:105:5)
	at async Rk.start (/home/pavan/.vscode-oss/extensions/theqtcompany.qt-qml-1.10.0-universal/out/extension.js:88:4473)
2026-01-18 12:22:29.878 [error] Error: write EPIPE
	at afterWriteDispatched (node:internal/stream_base_commons:159:15)
	at writeGeneric (node:internal/stream_base_commons:150:3)
	at Socket._writeGeneric (node:net:966:11)
	at Socket._write (node:net:978:8)
	at writeOrBuffer (node:internal/streams/writable:572:12)
	at _write (node:internal/streams/writable:501:10)
	at Writable.write (node:internal/streams/writable:510:10)
	at /home/pavan/.vscode-oss/extensions/theqtcompany.qt-qml-1.10.0-universal/out/extension.js:78:14213
	at new Promise (<anonymous>)
	at oM.write (/home/pavan/.vscode-oss/extensions/theqtcompany.qt-qml-1.10.0-universal/out/extension.js:78:14134)
	at ST.doWrite (/home/pavan/.vscode-oss/extensions/theqtcompany.qt-qml-1.10.0-universal/out/extension.js:50:1627)
	at /home/pavan/.vscode-oss/extensions/theqtcompany.qt-qml-1.10.0-universal/out/extension.js:50:1526
2026-01-18 12:22:29.879 [error] Error: Client is not running and can't be stopped. It's current state is: starting
	at Rk.shutdown (/home/pavan/.vscode-oss/extensions/theqtcompany.qt-qml-1.10.0-universal/out/extension.js:88:8500)
	at Rk.stop (/home/pavan/.vscode-oss/extensions/theqtcompany.qt-qml-1.10.0-universal/out/extension.js:88:8079)
	at Rk.stop (/home/pavan/.vscode-oss/extensions/theqtcompany.qt-qml-1.10.0-universal/out/extension.js:91:31107)
	at Rk.doInitialize (/home/pavan/.vscode-oss/extensions/theqtcompany.qt-qml-1.10.0-universal/out/extension.js:88:7904)
	at process.processTicksAndRejections (node:internal/process/task_queues:105:5)
	at async Rk.start (/home/pavan/.vscode-oss/extensions/theqtcompany.qt-qml-1.10.0-universal/out/extension.js:88:4473)
2026-01-18 12:22:31.779 [warning] [Decorations] CAPPING events from decorations provider vscode.git 5182
2026-01-18 12:22:33.696 [warning] The task [Qt, Acquire Port] uses an undefined task type. The task will be ignored in the future.
2026-01-18 12:22:36.943 [warning] [Decorations] CAPPING events from decorations provider vscode.git 5183
2026-01-18 12:22:42.041 [warning] [Decorations] CAPPING events from decorations provider vscode.git 5183
2026-01-18 12:22:47.133 [warning] [Decorations] CAPPING events from decorations provider vscode.git 5183
2026-01-18 12:22:52.226 [warning] [Decorations] CAPPING events from decorations provider vscode.git 5183
2026-01-18 12:23:07.836 [warning] [Decorations] CAPPING events from decorations provider vscode.git 5184
2026-01-18 12:23:12.989 [warning] [Decorations] CAPPING events from decorations provider vscode.git 5183
2026-01-18 12:23:18.090 [warning] [Decorations] CAPPING events from decorations provider vscode.git 5184
2026-01-18 12:23:23.185 [warning] [Decorations] CAPPING events from decorations provider vscode.git 5184
2026-01-18 12:23:28.285 [warning] [Decorations] CAPPING events from decorations provider vscode.git 5184
2026-01-18 12:23:33.436 [warning] [Decorations] CAPPING events from decorations provider vscode.git 5185
2026-01-18 12:23:38.533 [warning] [Decorations] CAPPING events from decorations provider vscode.git 5185
2026-01-18 12:23:43.631 [warning] [Decorations] CAPPING events from decorations provider vscode.git 5185
2026-01-18 12:23:48.789 [warning] [Decorations] CAPPING events from decorations provider vscode.git 5185
2026-01-18 12:23:53.930 [warning] [Decorations] CAPPING events from decorations provider vscode.git 5185
2026-01-18 12:23:59.022 [warning] [Decorations] CAPPING events from decorations provider vscode.git 5185
2026-01-18 12:24:04.114 [warning] [Decorations] CAPPING events from decorations provider vscode.git 5185
2026-01-18 12:24:09.213 [warning] [Decorations] CAPPING events from decorations provider vscode.git 5185
2026-01-18 12:24:14.362 [warning] [Decorations] CAPPING events from decorations provider vscode.git 5185
2026-01-18 12:24:19.516 [warning] [Decorations] CAPPING events from decorations provider vscode.git 5185
2026-01-18 12:24:37.164 [warning] [Decorations] CAPPING events from decorations provider vscode.git 5186
2026-01-18 12:25:34.057 [warning] [Decorations] CAPPING events from decorations provider vscode.git 5186
2026-01-18 12:25:45.216 [warning] [Decorations] CAPPING events from decorations provider vscode.git 5187
2026-01-18 12:25:50.317 [warning] [Decorations] CAPPING events from decorations provider vscode.git 5188
2026-01-18 12:25:59.104 [warning] [Decorations] CAPPING events from decorations provider vscode.git 5188
2026-01-18 12:26:04.202 [warning] [Decorations] CAPPING events from decorations provider vscode.git 5188
2026-01-18 12:26:09.357 [warning] [Decorations] CAPPING events from decorations provider vscode.git 5188
2026-01-18 12:26:14.572 [warning] [Decorations] CAPPING events from decorations provider vscode.git 5189
2026-01-18 12:26:19.670 [warning] [Decorations] CAPPING events from decorations provider vscode.git 5189
2026-01-18 12:26:24.825 [warning] [Decorations] CAPPING events from decorations provider vscode.git 5190
2026-01-18 12:26:29.972 [warning] [Decorations] CAPPING events from decorations provider vscode.git 5190
2026-01-18 12:26:35.122 [warning] [Decorations] CAPPING events from decorations provider vscode.git 5190
2026-01-18 12:26:40.220 [warning] [Decorations] CAPPING events from decorations provider vscode.git 5190
2026-01-18 12:26:45.310 [warning] [Decorations] CAPPING events from decorations provider vscode.git 5190
2026-01-18 12:26:50.495 [warning] [Decorations] CAPPING events from decorations provider vscode.git 5191
2026-01-18 12:26:55.596 [warning] [Decorations] CAPPING events from decorations provider vscode.git 5190
2026-01-18 12:27:00.748 [warning] [Decorations] CAPPING events from decorations provider vscode.git 5190
2026-01-18 12:27:19.314 [warning] [Decorations] CAPPING events from decorations provider vscode.git 5190
2026-01-18 12:27:24.408 [warning] [Decorations] CAPPING events from decorations provider vscode.git 5190
2026-01-18 12:27:29.551 [warning] [Decorations] CAPPING events from decorations provider vscode.git 5191
2026-01-18 12:27:34.699 [warning] [Decorations] CAPPING events from decorations provider vscode.git 5191
2026-01-18 12:27:39.796 [warning] [Decorations] CAPPING events from decorations provider vscode.git 5191
2026-01-18 12:27:44.883 [warning] [Decorations] CAPPING events from decorations provider vscode.git 5191
2026-01-18 12:28:02.645 [warning] [Decorations] CAPPING events from decorations provider vscode.git 5191
2026-01-18 12:28:07.742 [warning] [Decorations] CAPPING events from decorations provider vscode.git 5184
2026-01-18 12:28:12.893 [warning] [Decorations] CAPPING events from decorations provider vscode.git 5184
2026-01-18 12:28:17.989 [warning] [Decorations] CAPPING events from decorations provider vscode.git 5184
2026-01-18 12:28:23.133 [warning] [Decorations] CAPPING events from decorations provider vscode.git 5184
2026-01-18 12:28:28.225 [warning] [Decorations] CAPPING events from decorations provider vscode.git 5184
2026-01-18 12:28:33.377 [warning] [Decorations] CAPPING events from decorations provider vscode.git 5184
2026-01-18 12:28:38.528 [warning] [Decorations] CAPPING events from decorations provider vscode.git 5184
2026-01-18 12:28:43.619 [warning] [Decorations] CAPPING events from decorations provider vscode.git 5184
2026-01-18 12:28:48.712 [warning] [Decorations] CAPPING events from decorations provider vscode.git 5184
2026-01-18 12:28:53.807 [warning] [Decorations] CAPPING events from decorations provider vscode.git 5185
2026-01-18 12:29:16.181 [warning] [Decorations] CAPPING events from decorations provider vscode.git 5185
2026-01-18 12:29:21.280 [warning] [Decorations] CAPPING events from decorations provider vscode.git 5185
2026-01-18 12:29:26.437 [warning] [Decorations] CAPPING events from decorations provider vscode.git 5185
2026-01-18 12:29:31.585 [warning] [Decorations] CAPPING events from decorations provider vscode.git 5185
2026-01-18 12:29:37.665 [warning] [Decorations] CAPPING events from decorations provider vscode.git 5185
2026-01-18 12:29:43.711 [warning] [Decorations] CAPPING events from decorations provider vscode.git 5185
2026-01-18 12:29:49.192 [warning] [Decorations] CAPPING events from decorations provider vscode.git 5185
2026-01-18 12:29:54.294 [warning] [Decorations] CAPPING events from decorations provider vscode.git 5185
2026-01-18 12:29:59.391 [warning] [Decorations] CAPPING events from decorations provider vscode.git 5186
2026-01-18 12:30:04.979 [warning] [Decorations] CAPPING events from decorations provider vscode.git 5185
2026-01-18 12:30:10.080 [warning] [Decorations] CAPPING events from decorations provider vscode.git 5185
2026-01-18 12:30:15.171 [warning] [Decorations] CAPPING events from decorations provider vscode.git 5186
2026-01-18 12:30:22.106 [warning] [Decorations] CAPPING events from decorations provider vscode.git 5187
2026-01-18 12:30:27.258 [warning] [Decorations] CAPPING events from decorations provider vscode.git 5187
2026-01-18 12:30:32.349 [warning] [Decorations] CAPPING events from decorations provider vscode.git 5187
2026-01-18 12:30:37.447 [warning] [Decorations] CAPPING events from decorations provider vscode.git 5187
2026-01-18 12:30:52.686 [warning] [Decorations] CAPPING events from decorations provider vscode.git 5187
2026-01-18 12:30:57.801 [warning] [Decorations] CAPPING events from decorations provider vscode.git 5187
2026-01-18 12:31:48.294 [warning] [Decorations] CAPPING events from decorations provider vscode.git 5188
2026-01-18 12:31:54.164 [warning] [Decorations] CAPPING events from decorations provider vscode.git 5188
2026-01-18 12:31:59.269 [warning] [Decorations] CAPPING events from decorations provider vscode.git 5188
2026-01-18 12:32:04.421 [warning] [Decorations] CAPPING events from decorations provider vscode.git 5188
2026-01-18 12:32:10.671 [warning] [Decorations] CAPPING events from decorations provider vscode.git 5188
2026-01-18 12:32:34.031 [warning] [Decorations] CAPPING events from decorations provider vscode.git 5188
2026-01-18 12:32:39.185 [warning] [Decorations] CAPPING events from decorations provider vscode.git 5188
2026-01-18 12:32:46.172 [warning] [Decorations] CAPPING events from decorations provider vscode.git 5188
2026-01-18 12:32:51.275 [warning] [Decorations] CAPPING events from decorations provider vscode.git 5188
2026-01-18 12:32:56.374 [warning] [Decorations] CAPPING events from decorations provider vscode.git 5188
2026-01-18 12:33:20.989 [warning] [Decorations] CAPPING events from decorations provider vscode.git 5184
2026-01-18 12:33:42.000 [warning] [Decorations] CAPPING events from decorations provider vscode.git 5184
2026-01-18 12:33:47.099 [warning] [Decorations] CAPPING events from decorations provider vscode.git 5184
2026-01-18 12:33:52.255 [warning] [Decorations] CAPPING events from decorations provider vscode.git 5185
2026-01-18 12:33:57.405 [warning] [Decorations] CAPPING events from decorations provider vscode.git 5184
2026-01-18 12:34:03.229 [warning] [Decorations] CAPPING events from decorations provider vscode.git 5184
2026-01-18 12:34:08.341 [warning] [Decorations] CAPPING events from decorations provider vscode.git 5184
2026-01-18 12:34:13.439 [warning] [Decorations] CAPPING events from decorations provider vscode.git 5184
2026-01-18 12:34:18.591 [warning] [Decorations] CAPPING events from decorations provider vscode.git 5184
2026-01-18 12:34:23.691 [warning] [Decorations] CAPPING events from decorations provider vscode.git 5184
2026-01-18 12:34:37.941 [warning] [Decorations] CAPPING events from decorations provider vscode.git 5184
2026-01-18 12:34:43.040 [warning] [Decorations] CAPPING events from decorations provider vscode.git 5184
2026-01-18 12:34:48.196 [warning] [Decorations] CAPPING events from decorations provider vscode.git 5184
2026-01-18 12:34:53.313 [warning] [Decorations] CAPPING events from decorations provider vscode.git 5184
2026-01-18 12:35:01.705 [warning] [Decorations] CAPPING events from decorations provider vscode.git 5184
2026-01-18 12:35:06.868 [warning] [Decorations] CAPPING events from decorations provider vscode.git 5184
2026-01-18 12:39:19.298 [warning] [Decorations] CAPPING events from decorations provider vscode.git 5185
2026-01-18 12:39:24.402 [warning] [Decorations] CAPPING events from decorations provider vscode.git 5183
2026-01-18 12:39:29.505 [warning] [Decorations] CAPPING events from decorations provider vscode.git 5183
2026-01-18 12:39:34.658 [warning] [Decorations] CAPPING events from decorations provider vscode.git 5183
2026-01-18 12:39:39.813 [warning] [Decorations] CAPPING events from decorations provider vscode.git 5184
2026-01-18 12:39:44.910 [warning] [Decorations] CAPPING events from decorations provider vscode.git 5184
2026-01-18 12:39:50.004 [warning] [Decorations] CAPPING events from decorations provider vscode.git 5184
2026-01-18 12:39:55.104 [warning] [Decorations] CAPPING events from decorations provider vscode.git 5184
2026-01-18 12:40:00.203 [warning] [Decorations] CAPPING events from decorations provider vscode.git 5184
2026-01-18 12:40:05.355 [warning] [Decorations] CAPPING events from decorations provider vscode.git 5184
2026-01-18 12:40:10.453 [warning] [Decorations] CAPPING events from decorations provider vscode.git 5184
2026-01-18 12:40:15.556 [warning] [Decorations] CAPPING events from decorations provider vscode.git 5184
2026-01-18 12:40:20.757 [warning] [Decorations] CAPPING events from decorations provider vscode.git 5184
2026-01-18 12:40:25.915 [warning] [Decorations] CAPPING events from decorations provider vscode.git 5184
2026-01-18 12:40:31.014 [warning] [Decorations] CAPPING events from decorations provider vscode.git 5184
2026-01-18 12:40:36.112 [warning] [Decorations] CAPPING events from decorations provider vscode.git 5189
2026-01-18 12:40:41.261 [warning] [Decorations] CAPPING events from decorations provider vscode.git 5184
2026-01-18 12:40:46.360 [warning] [Decorations] CAPPING events from decorations provider vscode.git 5184
2026-01-18 12:40:51.456 [warning] [Decorations] CAPPING events from decorations provider vscode.git 5184
2026-01-18 12:40:56.606 [warning] [Decorations] CAPPING events from decorations provider vscode.git 5184
2026-01-18 12:41:01.703 [warning] [Decorations] CAPPING events from decorations provider vscode.git 5184
2026-01-18 12:41:06.803 [warning] [Decorations] CAPPING events from decorations provider vscode.git 5184
2026-01-18 12:41:11.897 [warning] [Decorations] CAPPING events from decorations provider vscode.git 5184
2026-01-18 12:41:17.084 [warning] [Decorations] CAPPING events from decorations provider vscode.git 5184
2026-01-18 12:41:22.187 [warning] [Decorations] CAPPING events from decorations provider vscode.git 5185
2026-01-18 12:41:27.341 [warning] [Decorations] CAPPING events from decorations provider vscode.git 5184
2026-01-18 12:41:32.445 [warning] [Decorations] CAPPING events from decorations provider vscode.git 5184
2026-01-18 12:41:37.543 [warning] [Decorations] CAPPING events from decorations provider vscode.git 5185
2026-01-18 12:41:42.699 [warning] [Decorations] CAPPING events from decorations provider vscode.git 5185
2026-01-18 12:41:47.855 [warning] [Decorations] CAPPING events from decorations provider vscode.git 5186
2026-01-18 12:41:52.955 [warning] [Decorations] CAPPING events from decorations provider vscode.git 5187
2026-01-18 12:41:58.104 [warning] [Decorations] CAPPING events from decorations provider vscode.git 5186
2026-01-18 12:42:03.201 [warning] [Decorations] CAPPING events from decorations provider vscode.git 5186
2026-01-18 12:42:08.375 [warning] [Decorations] CAPPING events from decorations provider vscode.git 5186
2026-01-18 12:42:13.471 [warning] [Decorations] CAPPING events from decorations provider vscode.git 5186
2026-01-18 12:42:18.568 [warning] [Decorations] CAPPING events from decorations provider vscode.git 5186
2026-01-18 12:42:23.719 [warning] [Decorations] CAPPING events from decorations provider vscode.git 5186
2026-01-18 12:42:28.821 [warning] [Decorations] CAPPING events from decorations provider vscode.git 5187
2026-01-18 12:42:33.918 [warning] [Decorations] CAPPING events from decorations provider vscode.git 5187
2026-01-18 12:42:39.069 [warning] [Decorations] CAPPING events from decorations provider vscode.git 5187
2026-01-18 12:42:44.224 [warning] [Decorations] CAPPING events from decorations provider vscode.git 5188
2026-01-18 12:42:49.381 [warning] [Decorations] CAPPING events from decorations provider vscode.git 5188
2026-01-18 12:42:54.478 [warning] [Decorations] CAPPING events from decorations provider vscode.git 5188
2026-01-18 12:42:59.577 [warning] [Decorations] CAPPING events from decorations provider vscode.git 5188
2026-01-18 12:43:04.732 [warning] [Decorations] CAPPING events from decorations provider vscode.git 5184
2026-01-18 12:43:09.891 [warning] [Decorations] CAPPING events from decorations provider vscode.git 5184
2026-01-18 12:43:14.988 [warning] [Decorations] CAPPING events from decorations provider vscode.git 5184
2026-01-18 12:43:20.167 [warning] [Decorations] CAPPING events from decorations provider vscode.git 5184
2026-01-18 12:43:25.267 [warning] [Decorations] CAPPING events from decorations provider vscode.git 5184
2026-01-18 12:43:30.431 [warning] [Decorations] CAPPING events from decorations provider vscode.git 5184
2026-01-18 12:43:35.525 [warning] [Decorations] CAPPING events from decorations provider vscode.git 5184
2026-01-18 12:43:40.623 [warning] [Decorations] CAPPING events from decorations provider vscode.git 5184
2026-01-18 12:43:45.774 [warning] [Decorations] CAPPING events from decorations provider vscode.git 5184
2026-01-18 12:43:50.875 [warning] [Decorations] CAPPING events from decorations provider vscode.git 5184
2026-01-18 12:43:56.025 [warning] [Decorations] CAPPING events from decorations provider vscode.git 5184
2026-01-18 12:44:01.120 [warning] [Decorations] CAPPING events from decorations provider vscode.git 5184
2026-01-18 12:44:06.214 [warning] [Decorations] CAPPING events from decorations provider vscode.git 5184
2026-01-18 12:44:11.307 [warning] [Decorations] CAPPING events from decorations provider vscode.git 5184
2026-01-18 12:44:16.405 [warning] [Decorations] CAPPING events from decorations provider vscode.git 5184
2026-01-18 12:44:21.531 [warning] [Decorations] CAPPING events from decorations provider vscode.git 5184
2026-01-18 12:44:26.626 [warning] [Decorations] CAPPING events from decorations provider vscode.git 5184
2026-01-18 12:44:31.774 [warning] [Decorations] CAPPING events from decorations provider vscode.git 5184
2026-01-18 12:44:36.876 [warning] [Decorations] CAPPING events from decorations provider vscode.git 5184
2026-01-18 12:44:41.975 [warning] [Decorations] CAPPING events from decorations provider vscode.git 5185
2026-01-18 12:44:47.076 [warning] [Decorations] CAPPING events from decorations provider vscode.git 5185
2026-01-18 12:44:52.226 [warning] [Decorations] CAPPING events from decorations provider vscode.git 5185
2026-01-18 12:44:57.378 [warning] [Decorations] CAPPING events from decorations provider vscode.git 5185
2026-01-18 12:45:02.473 [warning] [Decorations] CAPPING events from decorations provider vscode.git 5186
2026-01-18 12:45:07.653 [warning] [Decorations] CAPPING events from decorations provider vscode.git 5185
2026-01-18 12:45:12.749 [warning] [Decorations] CAPPING events from decorations provider vscode.git 5185
2026-01-18 12:45:17.904 [warning] [Decorations] CAPPING events from decorations provider vscode.git 5185
2026-01-18 12:45:23.004 [warning] [Decorations] CAPPING events from decorations provider vscode.git 5185
2026-01-18 12:45:28.128 [warning] [Decorations] CAPPING events from decorations provider vscode.git 5185
2026-01-18 12:45:33.225 [warning] [Decorations] CAPPING events from decorations provider vscode.git 5185
2026-01-18 12:45:53.955 [warning] [Decorations] CAPPING events from decorations provider vscode.git 5185
2026-01-18 12:45:59.107 [warning] [Decorations] CAPPING events from decorations provider vscode.git 5186
2026-01-18 12:46:04.204 [warning] [Decorations] CAPPING events from decorations provider vscode.git 5186
2026-01-18 12:46:09.298 [warning] [Decorations] CAPPING events from decorations provider vscode.git 5186
2026-01-18 12:46:14.448 [warning] [Decorations] CAPPING events from decorations provider vscode.git 5186
2026-01-18 12:46:19.603 [warning] [Decorations] CAPPING events from decorations provider vscode.git 5186
2026-01-18 12:46:24.756 [warning] [Decorations] CAPPING events from decorations provider vscode.git 5186
2026-01-18 12:46:29.851 [warning] [Decorations] CAPPING events from decorations provider vscode.git 5186
2026-01-18 12:46:35.198 [warning] [Decorations] CAPPING events from decorations provider vscode.git 5186
2026-01-18 12:46:40.347 [warning] [Decorations] CAPPING events from decorations provider vscode.git 5186
2026-01-18 12:46:45.447 [warning] [Decorations] CAPPING events from decorations provider vscode.git 5186
2026-01-18 12:46:50.603 [warning] [Decorations] CAPPING events from decorations provider vscode.git 5186
2026-01-18 12:46:55.698 [warning] [Decorations] CAPPING events from decorations provider vscode.git 5186
2026-01-18 12:47:00.794 [warning] [Decorations] CAPPING events from decorations provider vscode.git 5186
2026-01-18 12:47:05.891 [warning] [Decorations] CAPPING events from decorations provider vscode.git 5186
2026-01-18 12:47:10.989 [warning] [Decorations] CAPPING events from decorations provider vscode.git 5186
2026-01-18 12:47:16.818 [warning] [Decorations] CAPPING events from decorations provider vscode.git 5187
2026-01-18 12:47:21.952 [warning] [Decorations] CAPPING events from decorations provider vscode.git 5186
2026-01-18 12:47:27.075 [warning] [Decorations] CAPPING events from decorations provider vscode.git 5186
2026-01-18 12:47:33.084 [warning] [Decorations] CAPPING events from decorations provider vscode.git 5186
2026-01-18 12:47:38.268 [warning] [Decorations] CAPPING events from decorations provider vscode.git 5186
2026-01-18 12:47:43.366 [warning] [Decorations] CAPPING events from decorations provider vscode.git 5187
2026-01-18 12:47:48.538 [warning] [Decorations] CAPPING events from decorations provider vscode.git 5187
2026-01-18 12:47:53.692 [warning] [Decorations] CAPPING events from decorations provider vscode.git 5187
2026-01-18 12:48:00.668 [warning] [Decorations] CAPPING events from decorations provider vscode.git 5187
2026-01-18 12:48:06.109 [warning] [Decorations] CAPPING events from decorations provider vscode.git 5183
2026-01-18 12:48:14.965 [warning] [Decorations] CAPPING events from decorations provider vscode.git 5183
2026-01-18 12:48:26.359 [warning] [Decorations] CAPPING events from decorations provider vscode.git 5183
2026-01-18 12:48:31.485 [warning] [Decorations] CAPPING events from decorations provider vscode.git 5183
2026-01-18 12:48:36.642 [warning] [Decorations] CAPPING events from decorations provider vscode.git 5184
2026-01-18 12:48:47.369 [warning] [Decorations] CAPPING events from decorations provider vscode.git 5185
2026-01-18 12:48:52.493 [warning] [Decorations] CAPPING events from decorations provider vscode.git 5184
2026-01-18 12:48:57.640 [warning] [Decorations] CAPPING events from decorations provider vscode.git 5184
2026-01-18 12:49:02.740 [warning] [Decorations] CAPPING events from decorations provider vscode.git 5184
2026-01-18 12:49:07.891 [warning] [Decorations] CAPPING events from decorations provider vscode.git 5185
2026-01-18 12:49:13.075 [warning] [Decorations] CAPPING events from decorations provider vscode.git 5185
2026-01-18 12:49:18.175 [warning] [Decorations] CAPPING events from decorations provider vscode.git 5185
2026-01-18 12:49:23.327 [warning] [Decorations] CAPPING events from decorations provider vscode.git 5185
2026-01-18 12:49:28.477 [warning] [Decorations] CAPPING events from decorations provider vscode.git 5185
2026-01-18 12:49:33.575 [warning] [Decorations] CAPPING events from decorations provider vscode.git 5185
2026-01-18 12:49:38.753 [warning] [Decorations] CAPPING events from decorations provider vscode.git 5185
2026-01-18 12:49:43.845 [warning] [Decorations] CAPPING events from decorations provider vscode.git 5185
2026-01-18 12:49:48.946 [warning] [Decorations] CAPPING events from decorations provider vscode.git 5185
2026-01-18 12:51:51.855 [warning] [Decorations] CAPPING events from decorations provider vscode.git 5186
2026-01-18 12:51:56.977 [warning] [Decorations] CAPPING events from decorations provider vscode.git 5187
2026-01-18 12:52:02.073 [warning] [Decorations] CAPPING events from decorations provider vscode.git 5187
2026-01-18 12:52:07.175 [warning] [Decorations] CAPPING events from decorations provider vscode.git 5187
2026-01-18 12:52:12.329 [warning] [Decorations] CAPPING events from decorations provider vscode.git 5187
2026-01-18 12:52:17.480 [warning] [Decorations] CAPPING events from decorations provider vscode.git 5187
2026-01-18 12:52:56.597 [warning] [Decorations] CAPPING events from decorations provider vscode.git 5187
2026-01-18 12:53:01.701 [warning] [Decorations] CAPPING events from decorations provider vscode.git 5184
2026-01-18 12:53:06.858 [warning] [Decorations] CAPPING events from decorations provider vscode.git 5184
2026-01-18 12:53:11.956 [warning] [Decorations] CAPPING events from decorations provider vscode.git 5184
2026-01-18 12:53:33.374 [warning] [Decorations] CAPPING events from decorations provider vscode.git 5184
2026-01-18 12:53:38.523 [warning] [Decorations] CAPPING events from decorations provider vscode.git 5184
2026-01-18 12:53:43.626 [warning] [Decorations] CAPPING events from decorations provider vscode.git 5184
2026-01-18 12:53:48.779 [warning] [Decorations] CAPPING events from decorations provider vscode.git 5184
2026-01-18 12:54:02.201 [warning] [Decorations] CAPPING events from decorations provider vscode.git 5184
2026-01-18 12:54:07.304 [warning] [Decorations] CAPPING events from decorations provider vscode.git 5184
2026-01-18 12:54:12.406 [warning] [Decorations] CAPPING events from decorations provider vscode.git 5184
2026-01-18 12:54:26.099 [warning] [Decorations] CAPPING events from decorations provider vscode.git 5184
2026-01-18 12:54:37.231 [warning] [Decorations] CAPPING events from decorations provider vscode.git 5184
2026-01-18 12:56:01.325 [warning] [Decorations] CAPPING events from decorations provider vscode.git 5186
2026-01-18 12:56:44.758 [warning] [Decorations] CAPPING events from decorations provider vscode.git 5184
2026-01-18 12:56:52.235 [warning] [Decorations] CAPPING events from decorations provider vscode.git 5185
2026-01-18 12:56:57.390 [warning] [Decorations] CAPPING events from decorations provider vscode.git 5185
2026-01-18 12:57:02.550 [warning] [Decorations] CAPPING events from decorations provider vscode.git 5187
2026-01-18 12:57:07.652 [warning] [Decorations] CAPPING events from decorations provider vscode.git 5186
2026-01-18 12:57:12.757 [warning] [Decorations] CAPPING events from decorations provider vscode.git 5186
2026-01-18 12:57:17.851 [warning] [Decorations] CAPPING events from decorations provider vscode.git 5186
2026-01-18 12:57:22.995 [warning] [Decorations] CAPPING events from decorations provider vscode.git 5187
2026-01-18 12:57:39.371 [warning] [Decorations] CAPPING events from decorations provider vscode.git 5186
2026-01-18 12:57:44.471 [warning] [Decorations] CAPPING events from decorations provider vscode.git 5186
2026-01-18 12:57:49.562 [warning] [Decorations] CAPPING events from decorations provider vscode.git 5186
2026-01-18 12:57:54.665 [warning] [Decorations] CAPPING events from decorations provider vscode.git 5186
2026-01-18 12:57:59.762 [warning] [Decorations] CAPPING events from decorations provider vscode.git 5186
2026-01-18 12:58:04.880 [warning] [Decorations] CAPPING events from decorations provider vscode.git 5183
2026-01-18 12:58:09.988 [warning] [Decorations] CAPPING events from decorations provider vscode.git 5184
2026-01-18 12:58:22.845 [warning] [Decorations] CAPPING events from decorations provider vscode.git 5184
2026-01-18 12:58:27.956 [warning] [Decorations] CAPPING events from decorations provider vscode.git 5184
2026-01-18 12:58:41.559 [warning] [Decorations] CAPPING events from decorations provider vscode.git 5186
2026-01-18 12:58:46.656 [warning] [Decorations] CAPPING events from decorations provider vscode.git 5187
2026-01-18 12:58:51.749 [warning] [Decorations] CAPPING events from decorations provider vscode.git 5186
2026-01-18 12:59:07.448 [warning] [Decorations] CAPPING events from decorations provider vscode.git 5186
2026-01-18 12:59:27.492 [warning] [Decorations] CAPPING events from decorations provider vscode.git 5186
2026-01-18 12:59:32.597 [warning] [Decorations] CAPPING events from decorations provider vscode.git 5186
2026-01-18 12:59:37.763 [warning] [Decorations] CAPPING events from decorations provider vscode.git 5238
2026-01-18 12:59:42.858 [warning] [Decorations] CAPPING events from decorations provider vscode.git 5185
2026-01-18 12:59:48.040 [warning] [Decorations] CAPPING events from decorations provider vscode.git 5188
2026-01-18 12:59:53.197 [warning] [Decorations] CAPPING events from decorations provider vscode.git 5184
2026-01-18 13:00:09.677 [warning] [Decorations] CAPPING events from decorations provider vscode.git 5185
2026-01-18 13:00:14.787 [warning] [Decorations] CAPPING events from decorations provider vscode.git 5186
2026-01-18 13:00:19.939 [warning] [Decorations] CAPPING events from decorations provider vscode.git 5186
2026-01-18 13:00:25.033 [warning] [Decorations] CAPPING events from decorations provider vscode.git 5186
2026-01-18 13:00:30.127 [warning] [Decorations] CAPPING events from decorations provider vscode.git 5186
2026-01-18 13:00:35.276 [warning] [Decorations] CAPPING events from decorations provider vscode.git 5187
2026-01-18 13:01:21.111 [warning] [Decorations] CAPPING events from decorations provider vscode.git 5186
2026-01-18 13:01:26.279 [warning] [Decorations] CAPPING events from decorations provider vscode.git 5186
2026-01-18 13:01:31.435 [warning] [Decorations] CAPPING events from decorations provider vscode.git 5186
2026-01-18 13:01:36.646 [warning] [Decorations] CAPPING events from decorations provider vscode.git 5186
2026-01-18 13:01:48.450 [warning] [Decorations] CAPPING events from decorations provider vscode.git 5186
2026-01-18 13:01:56.957 [warning] [Decorations] CAPPING events from decorations provider vscode.git 5186
2026-01-18 13:02:19.919 [warning] [Decorations] CAPPING events from decorations provider vscode.git 5187
2026-01-18 13:02:26.146 [warning] [Decorations] CAPPING events from decorations provider vscode.git 5187
2026-01-18 13:02:31.306 [warning] [Decorations] CAPPING events from decorations provider vscode.git 5187
2026-01-18 13:02:36.465 [warning] [Decorations] CAPPING events from decorations provider vscode.git 5188
2026-01-18 13:03:09.281 [warning] [Decorations] CAPPING events from decorations provider vscode.git 5192
2026-01-18 13:03:14.408 [warning] [Decorations] CAPPING events from decorations provider vscode.git 5191
2026-01-18 13:03:19.514 [warning] [Decorations] CAPPING events from decorations provider vscode.git 5191
2026-01-18 13:03:24.608 [warning] [Decorations] CAPPING events from decorations provider vscode.git 5191
2026-01-18 13:03:29.739 [warning] [Decorations] CAPPING events from decorations provider vscode.git 5191
2026-01-18 13:03:34.837 [warning] [Decorations] CAPPING events from decorations provider vscode.git 5191
2026-01-18 13:03:39.929 [warning] [Decorations] CAPPING events from decorations provider vscode.git 5191
2026-01-18 13:03:45.030 [warning] [Decorations] CAPPING events from decorations provider vscode.git 5191
2026-01-18 13:03:50.129 [warning] [Decorations] CAPPING events from decorations provider vscode.git 5191
2026-01-18 13:03:59.287 [warning] [Decorations] CAPPING events from decorations provider vscode.git 5191
2026-01-18 13:04:48.543 [warning] [Decorations] CAPPING events from decorations provider vscode.git 5191
2026-01-18 13:04:53.643 [warning] [Decorations] CAPPING events from decorations provider vscode.git 5191
2026-01-18 13:05:27.905 [warning] [Decorations] CAPPING events from decorations provider vscode.git 5192
2026-01-18 13:05:33.222 [warning] [Decorations] CAPPING events from decorations provider vscode.git 5192
2026-01-18 13:05:38.659 [warning] [Decorations] CAPPING events from decorations provider vscode.git 5192
2026-01-18 13:05:45.253 [warning] [Decorations] CAPPING events from decorations provider vscode.git 5193
2026-01-18 13:05:53.486 [warning] [Decorations] CAPPING events from decorations provider vscode.git 5193
2026-01-18 13:05:58.679 [warning] [Decorations] CAPPING events from decorations provider vscode.git 5194
2026-01-18 13:06:04.900 [warning] [Decorations] CAPPING events from decorations provider vscode.git 5193
2026-01-18 13:06:12.839 [warning] [Decorations] CAPPING events from decorations provider vscode.git 5194
2026-01-18 13:06:20.527 [warning] [Decorations] CAPPING events from decorations provider vscode.git 5192
2026-01-18 13:06:25.632 [warning] [Decorations] CAPPING events from decorations provider vscode.git 5192
2026-01-18 13:06:30.802 [warning] [Decorations] CAPPING events from decorations provider vscode.git 5192
2026-01-18 13:06:39.143 [warning] [Decorations] CAPPING events from decorations provider vscode.git 5192
2026-01-18 13:06:48.393 [warning] [Decorations] CAPPING events from decorations provider vscode.git 5192
2026-01-18 13:06:54.374 [warning] [Decorations] CAPPING events from decorations provider vscode.git 5192
2026-01-18 13:06:59.482 [warning] [Decorations] CAPPING events from decorations provider vscode.git 5192
2026-01-18 13:07:04.653 [warning] [Decorations] CAPPING events from decorations provider vscode.git 5192
2026-01-18 13:07:09.889 [warning] [Decorations] CAPPING events from decorations provider vscode.git 5192
2026-01-18 13:07:14.996 [warning] [Decorations] CAPPING events from decorations provider vscode.git 5192
2026-01-18 13:07:21.257 [warning] [Decorations] CAPPING events from decorations provider vscode.git 5192
2026-01-18 13:07:27.405 [warning] [Decorations] CAPPING events from decorations provider vscode.git 5192
2026-01-18 13:07:33.303 [warning] [Decorations] CAPPING events from decorations provider vscode.git 5192
2026-01-18 13:07:40.802 [warning] [Decorations] CAPPING events from decorations provider vscode.git 5193
2026-01-18 13:07:50.206 [warning] [Decorations] CAPPING events from decorations provider vscode.git 5195
2026-01-18 13:07:55.302 [warning] [Decorations] CAPPING events from decorations provider vscode.git 5193
2026-01-18 13:08:00.801 [warning] [Decorations] CAPPING events from decorations provider vscode.git 5193
2026-01-18 13:08:05.900 [warning] [Decorations] CAPPING events from decorations provider vscode.git 5192
2026-01-18 13:08:10.997 [warning] [Decorations] CAPPING events from decorations provider vscode.git 5244
2026-01-18 13:08:19.755 [warning] [Decorations] CAPPING events from decorations provider vscode.git 5192
2026-01-18 13:08:24.913 [warning] [Decorations] CAPPING events from decorations provider vscode.git 5193
2026-01-18 13:08:32.072 [warning] [Decorations] CAPPING events from decorations provider vscode.git 5193
2026-01-18 13:08:37.172 [warning] [Decorations] CAPPING events from decorations provider vscode.git 5193
2026-01-18 13:08:42.284 [warning] [Decorations] CAPPING events from decorations provider vscode.git 5195
2026-01-18 13:08:47.393 [warning] [Decorations] CAPPING events from decorations provider vscode.git 5196
2026-01-18 13:08:52.504 [warning] [Decorations] CAPPING events from decorations provider vscode.git 5197
2026-01-18 13:08:57.598 [warning] [Decorations] CAPPING events from decorations provider vscode.git 5197
2026-01-18 13:09:02.691 [warning] [Decorations] CAPPING events from decorations provider vscode.git 5196
2026-01-18 13:09:07.794 [warning] [Decorations] CAPPING events from decorations provider vscode.git 5196
2026-01-18 13:09:12.903 [warning] [Decorations] CAPPING events from decorations provider vscode.git 5196
2026-01-18 13:09:18.028 [warning] [Decorations] CAPPING events from decorations provider vscode.git 5196
2026-01-18 13:09:23.183 [warning] [Decorations] CAPPING events from decorations provider vscode.git 5196
2026-01-18 13:09:28.345 [warning] [Decorations] CAPPING events from decorations provider vscode.git 5196
2026-01-18 13:09:33.503 [warning] [Decorations] CAPPING events from decorations provider vscode.git 5196
2026-01-18 13:09:38.654 [warning] [Decorations] CAPPING events from decorations provider vscode.git 5196
2026-01-18 13:09:43.754 [warning] [Decorations] CAPPING events from decorations provider vscode.git 5196
2026-01-18 13:09:48.855 [warning] [Decorations] CAPPING events from decorations provider vscode.git 5196
2026-01-18 13:09:54.009 [warning] [Decorations] CAPPING events from decorations provider vscode.git 5196
2026-01-18 13:09:59.166 [warning] [Decorations] CAPPING events from decorations provider vscode.git 5197
2026-01-18 13:10:04.325 [warning] [Decorations] CAPPING events from decorations provider vscode.git 5197
2026-01-18 13:10:09.432 [warning] [Decorations] CAPPING events from decorations provider vscode.git 5197
2026-01-18 13:10:14.573 [warning] [Decorations] CAPPING events from decorations provider vscode.git 5198
2026-01-18 13:10:19.720 [warning] [Decorations] CAPPING events from decorations provider vscode.git 5203
2026-01-18 13:10:24.816 [warning] [Decorations] CAPPING events from decorations provider vscode.git 5198
2026-01-18 13:10:29.913 [warning] [Decorations] CAPPING events from decorations provider vscode.git 5199
2026-01-18 13:10:35.008 [warning] [Decorations] CAPPING events from decorations provider vscode.git 5200
2026-01-18 13:10:41.437 [warning] [Decorations] CAPPING events from decorations provider vscode.git 5199
2026-01-18 13:10:46.590 [warning] [Decorations] CAPPING events from decorations provider vscode.git 5199
2026-01-18 13:10:53.446 [warning] [Decorations] CAPPING events from decorations provider vscode.git 5199
2026-01-18 13:10:58.611 [warning] [Decorations] CAPPING events from decorations provider vscode.git 5199
2026-01-18 13:11:03.712 [warning] [Decorations] CAPPING events from decorations provider vscode.git 5200
2026-01-18 13:11:08.858 [warning] [Decorations] CAPPING events from decorations provider vscode.git 5201
2026-01-18 13:11:13.958 [warning] [Decorations] CAPPING events from decorations provider vscode.git 5201
2026-01-18 13:11:19.057 [warning] [Decorations] CAPPING events from decorations provider vscode.git 5201
2026-01-18 13:11:24.158 [warning] [Decorations] CAPPING events from decorations provider vscode.git 5201
2026-01-18 13:11:29.311 [warning] [Decorations] CAPPING events from decorations provider vscode.git 5202
2026-01-18 13:11:34.428 [warning] [Decorations] CAPPING events from decorations provider vscode.git 5202
2026-01-18 13:11:39.595 [warning] [Decorations] CAPPING events from decorations provider vscode.git 5202
2026-01-18 13:11:44.695 [warning] [Decorations] CAPPING events from decorations provider vscode.git 5203
2026-01-18 13:14:30.421 [warning] [Decorations] CAPPING events from decorations provider vscode.git 5205
2026-01-18 13:14:35.593 [warning] [Decorations] CAPPING events from decorations provider vscode.git 5200
2026-01-18 13:14:40.707 [warning] [Decorations] CAPPING events from decorations provider vscode.git 5200
2026-01-18 13:14:45.815 [warning] [Decorations] CAPPING events from decorations provider vscode.git 5201
2026-01-18 13:14:50.907 [warning] [Decorations] CAPPING events from decorations provider vscode.git 5201
2026-01-18 13:14:56.059 [warning] [Decorations] CAPPING events from decorations provider vscode.git 5201
2026-01-18 13:15:01.184 [warning] [Decorations] CAPPING events from decorations provider vscode.git 5201
2026-01-18 13:15:06.391 [warning] [Decorations] CAPPING events from decorations provider vscode.git 5201
2026-01-18 13:15:11.490 [warning] [Decorations] CAPPING events from decorations provider vscode.git 5201
2026-01-18 13:15:16.585 [warning] [Decorations] CAPPING events from decorations provider vscode.git 5201
2026-01-18 13:15:21.677 [warning] [Decorations] CAPPING events from decorations provider vscode.git 5201
2026-01-18 13:15:26.800 [warning] [Decorations] CAPPING events from decorations provider vscode.git 5201
2026-01-18 13:15:31.924 [warning] [Decorations] CAPPING events from decorations provider vscode.git 5201
2026-01-18 13:15:37.025 [warning] [Decorations] CAPPING events from decorations provider vscode.git 5201
2026-01-18 13:15:42.123 [warning] [Decorations] CAPPING events from decorations provider vscode.git 5201
2026-01-18 13:15:47.272 [warning] [Decorations] CAPPING events from decorations provider vscode.git 5201
2026-01-18 13:15:52.420 [warning] [Decorations] CAPPING events from decorations provider vscode.git 5201
2026-01-18 13:15:57.522 [warning] [Decorations] CAPPING events from decorations provider vscode.git 5201
2026-01-18 13:16:02.620 [warning] [Decorations] CAPPING events from decorations provider vscode.git 5201
2026-01-18 13:16:07.713 [warning] [Decorations] CAPPING events from decorations provider vscode.git 5201
2026-01-18 13:16:12.815 [warning] [Decorations] CAPPING events from decorations provider vscode.git 5201
2026-01-18 13:16:17.926 [warning] [Decorations] CAPPING events from decorations provider vscode.git 5201
2026-01-18 13:16:23.024 [warning] [Decorations] CAPPING events from decorations provider vscode.git 5201
2026-01-18 13:16:28.123 [warning] [Decorations] CAPPING events from decorations provider vscode.git 5201
2026-01-18 13:16:33.216 [warning] [Decorations] CAPPING events from decorations provider vscode.git 5202
2026-01-18 13:16:38.371 [warning] [Decorations] CAPPING events from decorations provider vscode.git 5201
2026-01-18 13:16:43.523 [warning] [Decorations] CAPPING events from decorations provider vscode.git 5201
2026-01-18 13:16:48.621 [warning] [Decorations] CAPPING events from decorations provider vscode.git 5201
2026-01-18 13:16:53.771 [warning] [Decorations] CAPPING events from decorations provider vscode.git 5202
2026-01-18 13:16:58.866 [warning] [Decorations] CAPPING events from decorations provider vscode.git 5202
2026-01-18 13:17:03.960 [warning] [Decorations] CAPPING events from decorations provider vscode.git 5203
2026-01-18 13:17:09.112 [warning] [Decorations] CAPPING events from decorations provider vscode.git 5203
2026-01-18 13:17:14.212 [warning] [Decorations] CAPPING events from decorations provider vscode.git 5203
2026-01-18 13:17:19.313 [warning] [Decorations] CAPPING events from decorations provider vscode.git 5203
2026-01-18 13:17:24.415 [warning] [Decorations] CAPPING events from decorations provider vscode.git 5203
2026-01-18 13:17:33.238 [warning] [Decorations] CAPPING events from decorations provider vscode.git 5204
2026-01-18 13:17:38.331 [warning] [Decorations] CAPPING events from decorations provider vscode.git 5203
2026-01-18 13:17:43.420 [warning] [Decorations] CAPPING events from decorations provider vscode.git 5203
2026-01-18 13:17:48.522 [warning] [Decorations] CAPPING events from decorations provider vscode.git 5204
2026-01-18 13:17:53.633 [warning] [Decorations] CAPPING events from decorations provider vscode.git 5204
2026-01-18 13:17:58.796 [warning] [Decorations] CAPPING events from decorations provider vscode.git 5205
2026-01-18 13:18:03.900 [warning] [Decorations] CAPPING events from decorations provider vscode.git 5205
2026-01-18 13:18:09.045 [warning] [Decorations] CAPPING events from decorations provider vscode.git 5206
2026-01-18 13:18:14.148 [warning] [Decorations] CAPPING events from decorations provider vscode.git 5205
2026-01-18 13:18:19.246 [warning] [Decorations] CAPPING events from decorations provider vscode.git 5205
2026-01-18 13:18:24.394 [warning] [Decorations] CAPPING events from decorations provider vscode.git 5205
2026-01-18 13:18:29.545 [warning] [Decorations] CAPPING events from decorations provider vscode.git 5205
2026-01-18 13:18:34.655 [warning] [Decorations] CAPPING events from decorations provider vscode.git 5206
2026-01-18 13:18:39.774 [warning] [Decorations] CAPPING events from decorations provider vscode.git 5206
2026-01-18 13:18:44.925 [warning] [Decorations] CAPPING events from decorations provider vscode.git 5206
2026-01-18 13:18:50.023 [warning] [Decorations] CAPPING events from decorations provider vscode.git 5206
2026-01-18 13:19:38.685 [warning] [Decorations] CAPPING events from decorations provider vscode.git 5208
2026-01-18 13:19:43.843 [warning] [Decorations] CAPPING events from decorations provider vscode.git 5206
2026-01-18 13:19:48.947 [warning] [Decorations] CAPPING events from decorations provider vscode.git 5207
2026-01-18 13:19:54.058 [warning] [Decorations] CAPPING events from decorations provider vscode.git 5206
2026-01-18 13:19:59.176 [warning] [Decorations] CAPPING events from decorations provider vscode.git 5206
2026-01-18 13:20:04.330 [warning] [Decorations] CAPPING events from decorations provider vscode.git 5206
2026-01-18 13:21:39.828 [warning] [Decorations] CAPPING events from decorations provider vscode.git 5206
2026-01-18 13:23:00.068 [warning] [Decorations] CAPPING events from decorations provider vscode.git 5206
2026-01-18 13:23:06.173 [warning] [Decorations] CAPPING events from decorations provider vscode.git 5206
2026-01-18 13:23:11.349 [warning] [Decorations] CAPPING events from decorations provider vscode.git 5207
2026-01-18 13:23:16.449 [warning] [Decorations] CAPPING events from decorations provider vscode.git 5207
2026-01-18 13:23:21.587 [warning] [Decorations] CAPPING events from decorations provider vscode.git 5208
2026-01-18 13:23:26.742 [warning] [Decorations] CAPPING events from decorations provider vscode.git 5209
2026-01-18 13:23:31.836 [warning] [Decorations] CAPPING events from decorations provider vscode.git 5208
2026-01-18 13:23:57.371 [warning] [Decorations] CAPPING events from decorations provider vscode.git 5208
2026-01-18 13:24:02.467 [warning] [Decorations] CAPPING events from decorations provider vscode.git 5208
2026-01-18 13:24:07.626 [warning] [Decorations] CAPPING events from decorations provider vscode.git 5208
2026-01-18 13:24:12.731 [warning] [Decorations] CAPPING events from decorations provider vscode.git 5209
2026-01-18 13:24:17.881 [warning] [Decorations] CAPPING events from decorations provider vscode.git 5209
2026-01-18 13:25:44.713 [warning] [Decorations] CAPPING events from decorations provider vscode.git 5209
2026-01-18 13:25:49.812 [warning] [Decorations] CAPPING events from decorations provider vscode.git 5209
2026-01-18 13:25:54.975 [warning] [Decorations] CAPPING events from decorations provider vscode.git 5210
2026-01-18 13:26:00.073 [warning] [Decorations] CAPPING events from decorations provider vscode.git 5209
2026-01-18 13:26:15.682 [warning] [Decorations] CAPPING events from decorations provider vscode.git 5209
2026-01-18 13:26:20.784 [warning] [Decorations] CAPPING events from decorations provider vscode.git 5209
2026-01-18 13:26:45.184 [warning] [Decorations] CAPPING events from decorations provider vscode.git 5209
2026-01-18 13:26:50.284 [warning] [Decorations] CAPPING events from decorations provider vscode.git 5210
2026-01-18 13:27:17.093 [warning] [Decorations] CAPPING events from decorations provider vscode.git 5210
2026-01-18 13:27:22.191 [warning] [Decorations] CAPPING events from decorations provider vscode.git 5211
2026-01-18 13:27:27.289 [warning] [Decorations] CAPPING events from decorations provider vscode.git 5211
2026-01-18 13:27:32.394 [warning] [Decorations] CAPPING events from decorations provider vscode.git 5212
2026-01-18 13:27:37.494 [warning] [Decorations] CAPPING events from decorations provider vscode.git 5212
2026-01-18 13:27:42.602 [warning] [Decorations] CAPPING events from decorations provider vscode.git 5213
2026-01-18 13:27:47.703 [warning] [Decorations] CAPPING events from decorations provider vscode.git 5212
2026-01-18 13:27:52.800 [warning] [Decorations] CAPPING events from decorations provider vscode.git 5213
2026-01-18 13:27:57.935 [warning] [Decorations] CAPPING events from decorations provider vscode.git 5213
2026-01-18 13:28:03.054 [warning] [Decorations] CAPPING events from decorations provider vscode.git 5212
2026-01-18 13:28:08.156 [warning] [Decorations] CAPPING events from decorations provider vscode.git 5212
2026-01-18 13:28:13.257 [warning] [Decorations] CAPPING events from decorations provider vscode.git 5212
2026-01-18 13:28:18.356 [warning] [Decorations] CAPPING events from decorations provider vscode.git 5212
2026-01-18 13:28:23.447 [warning] [Decorations] CAPPING events from decorations provider vscode.git 5213
2026-01-18 13:28:28.625 [warning] [Decorations] CAPPING events from decorations provider vscode.git 5213
2026-01-18 13:28:33.739 [warning] [Decorations] CAPPING events from decorations provider vscode.git 5214
2026-01-18 13:28:38.843 [warning] [Decorations] CAPPING events from decorations provider vscode.git 5213
2026-01-18 13:28:43.958 [warning] [Decorations] CAPPING events from decorations provider vscode.git 5213
2026-01-18 13:28:49.056 [warning] [Decorations] CAPPING events from decorations provider vscode.git 5214
2026-01-18 13:28:54.153 [warning] [Decorations] CAPPING events from decorations provider vscode.git 5214
2026-01-18 13:28:59.259 [warning] [Decorations] CAPPING events from decorations provider vscode.git 5214
2026-01-18 13:29:04.360 [warning] [Decorations] CAPPING events from decorations provider vscode.git 5214
2026-01-18 13:29:09.467 [warning] [Decorations] CAPPING events from decorations provider vscode.git 5214
2026-01-18 13:29:14.589 [warning] [Decorations] CAPPING events from decorations provider vscode.git 5214
2026-01-18 13:29:19.688 [warning] [Decorations] CAPPING events from decorations provider vscode.git 5214
2026-01-18 13:29:24.803 [warning] [Decorations] CAPPING events from decorations provider vscode.git 5214
2026-01-18 13:29:29.903 [warning] [Decorations] CAPPING events from decorations provider vscode.git 5214
2026-01-18 13:29:35.069 [warning] [Decorations] CAPPING events from decorations provider vscode.git 5214
2026-01-18 13:29:40.168 [warning] [Decorations] CAPPING events from decorations provider vscode.git 5214
2026-01-18 13:29:45.293 [warning] [Decorations] CAPPING events from decorations provider vscode.git 5214
2026-01-18 13:29:50.486 [warning] [Decorations] CAPPING events from decorations provider vscode.git 5214
2026-01-18 13:29:55.578 [warning] [Decorations] CAPPING events from decorations provider vscode.git 5214
2026-01-18 13:30:00.790 [warning] [Decorations] CAPPING events from decorations provider vscode.git 5214
2026-01-18 13:30:05.894 [warning] [Decorations] CAPPING events from decorations provider vscode.git 5215
2026-01-18 13:30:11.062 [warning] [Decorations] CAPPING events from decorations provider vscode.git 5216
2026-01-18 13:30:16.188 [warning] [Decorations] CAPPING events from decorations provider vscode.git 5215
2026-01-18 13:30:21.326 [warning] [Decorations] CAPPING events from decorations provider vscode.git 5215
2026-01-18 13:30:26.510 [warning] [Decorations] CAPPING events from decorations provider vscode.git 5215
2026-01-18 13:30:31.614 [warning] [Decorations] CAPPING events from decorations provider vscode.git 5215
2026-01-18 13:30:36.779 [warning] [Decorations] CAPPING events from decorations provider vscode.git 5215
2026-01-18 13:30:41.902 [warning] [Decorations] CAPPING events from decorations provider vscode.git 5215
2026-01-18 13:30:47.016 [warning] [Decorations] CAPPING events from decorations provider vscode.git 5215
2026-01-18 13:30:52.115 [warning] [Decorations] CAPPING events from decorations provider vscode.git 5216
2026-01-18 13:30:57.213 [warning] [Decorations] CAPPING events from decorations provider vscode.git 5217
2026-01-18 13:31:54.783 [warning] [Decorations] CAPPING events from decorations provider vscode.git 5217
2026-01-18 13:31:59.885 [warning] [Decorations] CAPPING events from decorations provider vscode.git 5216
2026-01-18 13:32:04.982 [warning] [Decorations] CAPPING events from decorations provider vscode.git 5216
2026-01-18 13:32:10.088 [warning] [Decorations] CAPPING events from decorations provider vscode.git 5216
2026-01-18 13:32:15.186 [warning] [Decorations] CAPPING events from decorations provider vscode.git 5216
2026-01-18 13:32:20.353 [warning] [Decorations] CAPPING events from decorations provider vscode.git 5216
2026-01-18 13:32:25.448 [warning] [Decorations] CAPPING events from decorations provider vscode.git 5216
2026-01-18 13:32:30.558 [warning] [Decorations] CAPPING events from decorations provider vscode.git 5217
2026-01-18 13:32:35.655 [warning] [Decorations] CAPPING events from decorations provider vscode.git 5217
2026-01-18 13:32:40.751 [warning] [Decorations] CAPPING events from decorations provider vscode.git 5217
2026-01-18 13:32:45.856 [warning] [Decorations] CAPPING events from decorations provider vscode.git 5217
2026-01-18 13:32:50.952 [warning] [Decorations] CAPPING events from decorations provider vscode.git 5218
2026-01-18 13:32:56.058 [warning] [Decorations] CAPPING events from decorations provider vscode.git 5217
2026-01-18 13:33:01.207 [warning] [Decorations] CAPPING events from decorations provider vscode.git 5218
2026-01-18 13:33:06.337 [warning] [Decorations] CAPPING events from decorations provider vscode.git 5218
2026-01-18 13:33:11.518 [warning] [Decorations] CAPPING events from decorations provider vscode.git 5218
2026-01-18 13:33:16.664 [warning] [Decorations] CAPPING events from decorations provider vscode.git 5218
2026-01-18 13:33:21.761 [warning] [Decorations] CAPPING events from decorations provider vscode.git 5218
2026-01-18 13:33:26.901 [warning] [Decorations] CAPPING events from decorations provider vscode.git 5218
2026-01-18 13:33:32.054 [warning] [Decorations] CAPPING events from decorations provider vscode.git 5219
2026-01-18 13:34:54.830 [warning] [Decorations] CAPPING events from decorations provider vscode.git 5218
2026-01-18 13:34:59.931 [warning] [Decorations] CAPPING events from decorations provider vscode.git 5218
2026-01-18 13:35:05.026 [warning] [Decorations] CAPPING events from decorations provider vscode.git 5218
2026-01-18 13:35:10.196 [warning] [Decorations] CAPPING events from decorations provider vscode.git 5218
2026-01-18 13:35:15.292 [warning] [Decorations] CAPPING events from decorations provider vscode.git 5218
2026-01-18 13:35:20.452 [warning] [Decorations] CAPPING events from decorations provider vscode.git 5219
2026-01-18 13:35:25.548 [warning] [Decorations] CAPPING events from decorations provider vscode.git 5220
2026-01-18 13:35:30.697 [warning] [Decorations] CAPPING events from decorations provider vscode.git 5219
2026-01-18 13:35:35.792 [warning] [Decorations] CAPPING events from decorations provider vscode.git 5219
2026-01-18 13:35:40.942 [warning] [Decorations] CAPPING events from decorations provider vscode.git 5219
2026-01-18 13:35:46.129 [warning] [Decorations] CAPPING events from decorations provider vscode.git 5220
2026-01-18 13:35:51.277 [warning] [Decorations] CAPPING events from decorations provider vscode.git 5220
2026-01-18 13:35:56.379 [warning] [Decorations] CAPPING events from decorations provider vscode.git 5220
2026-01-18 13:36:01.543 [warning] [Decorations] CAPPING events from decorations provider vscode.git 5221
2026-01-18 13:36:06.655 [warning] [Decorations] CAPPING events from decorations provider vscode.git 5221
2026-01-18 13:36:38.442 [warning] [Decorations] CAPPING events from decorations provider vscode.git 5222
2026-01-18 13:36:43.562 [warning] [Decorations] CAPPING events from decorations provider vscode.git 5221
2026-01-18 13:36:48.655 [warning] [Decorations] CAPPING events from decorations provider vscode.git 5222
2026-01-18 13:36:53.757 [warning] [Decorations] CAPPING events from decorations provider vscode.git 5223
2026-01-18 13:37:00.088 [warning] [Decorations] CAPPING events from decorations provider vscode.git 5222
2026-01-18 13:37:06.864 [warning] [Decorations] CAPPING events from decorations provider vscode.git 5222
2026-01-18 13:39:48.710 [warning] [Decorations] CAPPING events from decorations provider vscode.git 5222
2026-01-18 13:39:53.809 [warning] [Decorations] CAPPING events from decorations provider vscode.git 5221
2026-01-18 13:39:58.963 [warning] [Decorations] CAPPING events from decorations provider vscode.git 5221
2026-01-18 13:40:04.128 [warning] [Decorations] CAPPING events from decorations provider vscode.git 5222
2026-01-18 13:40:09.240 [warning] [Decorations] CAPPING events from decorations provider vscode.git 5226
2026-01-18 13:40:16.484 [warning] [Decorations] CAPPING events from decorations provider vscode.git 5223
2026-01-18 13:40:21.584 [warning] [Decorations] CAPPING events from decorations provider vscode.git 5223
2026-01-18 13:40:26.736 [warning] [Decorations] CAPPING events from decorations provider vscode.git 5223
2026-01-18 13:40:31.834 [warning] [Decorations] CAPPING events from decorations provider vscode.git 5223
2026-01-18 13:40:36.993 [warning] [Decorations] CAPPING events from decorations provider vscode.git 5223
2026-01-18 13:41:42.894 [warning] [Decorations] CAPPING events from decorations provider vscode.git 5223
2026-01-18 13:41:47.994 [warning] [Decorations] CAPPING events from decorations provider vscode.git 5223
2026-01-18 13:41:53.096 [warning] [Decorations] CAPPING events from decorations provider vscode.git 5223
2026-01-18 13:41:58.191 [warning] [Decorations] CAPPING events from decorations provider vscode.git 5223
2026-01-18 13:42:03.288 [warning] [Decorations] CAPPING events from decorations provider vscode.git 5224
2026-01-18 13:42:08.395 [warning] [Decorations] CAPPING events from decorations provider vscode.git 5224
2026-01-18 13:42:13.557 [warning] [Decorations] CAPPING events from decorations provider vscode.git 5224
2026-01-18 13:42:18.664 [warning] [Decorations] CAPPING events from decorations provider vscode.git 5224
2026-01-18 13:42:23.759 [warning] [Decorations] CAPPING events from decorations provider vscode.git 5224
2026-01-18 13:42:28.876 [warning] [Decorations] CAPPING events from decorations provider vscode.git 5224
2026-01-18 13:42:44.371 [warning] [Decorations] CAPPING events from decorations provider vscode.git 5224
2026-01-18 13:42:49.469 [warning] [Decorations] CAPPING events from decorations provider vscode.git 5224
2026-01-18 13:43:09.039 [warning] [Decorations] CAPPING events from decorations provider vscode.git 5224
2026-01-18 13:43:14.136 [warning] [Decorations] CAPPING events from decorations provider vscode.git 5224
2026-01-18 13:43:35.813 [warning] [Decorations] CAPPING events from decorations provider vscode.git 5224
2026-01-18 13:43:43.956 [warning] [Decorations] CAPPING events from decorations provider vscode.git 5224
2026-01-18 13:43:55.317 [warning] [Decorations] CAPPING events from decorations provider vscode.git 5224
2026-01-18 13:44:00.471 [warning] [Decorations] CAPPING events from decorations provider vscode.git 5224
2026-01-18 13:44:05.582 [warning] [Decorations] CAPPING events from decorations provider vscode.git 5224
2026-01-18 13:44:10.676 [warning] [Decorations] CAPPING events from decorations provider vscode.git 5224
2026-01-18 13:44:15.799 [warning] [Decorations] CAPPING events from decorations provider vscode.git 5224
2026-01-18 13:44:20.898 [warning] [Decorations] CAPPING events from decorations provider vscode.git 5224
2026-01-18 13:44:26.084 [warning] [Decorations] CAPPING events from decorations provider vscode.git 5225
2026-01-18 13:44:31.187 [warning] [Decorations] CAPPING events from decorations provider vscode.git 5224
2026-01-18 13:44:36.302 [warning] [Decorations] CAPPING events from decorations provider vscode.git 5224
2026-01-18 13:44:41.393 [warning] [Decorations] CAPPING events from decorations provider vscode.git 5224
2026-01-18 13:44:46.552 [warning] [Decorations] CAPPING events from decorations provider vscode.git 5225
2026-01-18 13:44:59.362 [warning] [Decorations] CAPPING events from decorations provider vscode.git 5224
2026-01-18 13:45:04.509 [warning] [Decorations] CAPPING events from decorations provider vscode.git 5224
2026-01-18 13:45:33.502 [warning] [Decorations] CAPPING events from decorations provider vscode.git 5224
2026-01-18 13:45:38.665 [warning] [Decorations] CAPPING events from decorations provider vscode.git 5225
2026-01-18 13:45:44.490 [warning] [Decorations] CAPPING events from decorations provider vscode.git 5225
2026-01-18 13:45:49.675 [warning] [Decorations] CAPPING events from decorations provider vscode.git 5225
2026-01-18 13:45:56.691 [warning] [Decorations] CAPPING events from decorations provider vscode.git 5225
2026-01-18 13:46:03.638 [warning] [Decorations] CAPPING events from decorations provider vscode.git 5225
2026-01-18 13:46:08.807 [warning] [Decorations] CAPPING events from decorations provider vscode.git 5225
2026-01-18 13:46:13.908 [warning] [Decorations] CAPPING events from decorations provider vscode.git 5226
2026-01-18 13:46:24.428 [warning] [Decorations] CAPPING events from decorations provider vscode.git 5226
2026-01-18 13:46:36.269 [warning] [Decorations] CAPPING events from decorations provider vscode.git 5226
2026-01-18 13:46:41.373 [warning] [Decorations] CAPPING events from decorations provider vscode.git 5227
2026-01-18 13:46:50.100 [warning] [Decorations] CAPPING events from decorations provider vscode.git 5227
2026-01-18 13:46:55.191 [warning] [Decorations] CAPPING events from decorations provider vscode.git 5228
2026-01-18 13:47:10.097 [warning] [Decorations] CAPPING events from decorations provider vscode.git 5229
2026-01-18 13:47:15.198 [warning] [Decorations] CAPPING events from decorations provider vscode.git 5228
2026-01-18 13:47:20.355 [warning] [Decorations] CAPPING events from decorations provider vscode.git 5228
2026-01-18 13:47:25.453 [warning] [Decorations] CAPPING events from decorations provider vscode.git 5228
2026-01-18 13:47:30.549 [warning] [Decorations] CAPPING events from decorations provider vscode.git 5228
2026-01-18 13:47:35.644 [warning] [Decorations] CAPPING events from decorations provider vscode.git 5228
2026-01-18 13:47:40.740 [warning] [Decorations] CAPPING events from decorations provider vscode.git 5229
2026-01-18 13:48:31.399 [warning] [Decorations] CAPPING events from decorations provider vscode.git 5229
2026-01-18 13:48:38.182 [warning] [Decorations] CAPPING events from decorations provider vscode.git 5229
2026-01-18 13:48:48.081 [warning] [Decorations] CAPPING events from decorations provider vscode.git 5230
2026-01-18 13:48:53.232 [warning] [Decorations] CAPPING events from decorations provider vscode.git 5229
2026-01-18 13:48:58.332 [warning] [Decorations] CAPPING events from decorations provider vscode.git 5229
2026-01-18 13:49:03.436 [warning] [Decorations] CAPPING events from decorations provider vscode.git 5230
2026-01-18 13:49:08.534 [warning] [Decorations] CAPPING events from decorations provider vscode.git 5230
2026-01-18 13:49:13.629 [warning] [Decorations] CAPPING events from decorations provider vscode.git 5231
2026-01-18 13:49:18.760 [warning] [Decorations] CAPPING events from decorations provider vscode.git 5230
2026-01-18 13:49:24.004 [warning] [Decorations] CAPPING events from decorations provider vscode.git 5231
2026-01-18 13:49:31.798 [warning] [Decorations] CAPPING events from decorations provider vscode.git 5227
2026-01-18 13:49:36.961 [warning] [Decorations] CAPPING events from decorations provider vscode.git 5227
2026-01-18 13:49:42.083 [warning] [Decorations] CAPPING events from decorations provider vscode.git 5227
2026-01-18 13:49:48.369 [warning] [Decorations] CAPPING events from decorations provider vscode.git 5228
2026-01-18 13:49:56.475 [warning] [Decorations] CAPPING events from decorations provider vscode.git 5228
2026-01-18 13:50:01.572 [warning] [Decorations] CAPPING events from decorations provider vscode.git 5228
2026-01-18 13:50:09.817 [warning] [Decorations] CAPPING events from decorations provider vscode.git 5228
2026-01-18 13:50:14.939 [warning] [Decorations] CAPPING events from decorations provider vscode.git 5228
2026-01-18 13:50:20.042 [warning] [Decorations] CAPPING events from decorations provider vscode.git 5228
2026-01-18 13:50:25.141 [warning] [Decorations] CAPPING events from decorations provider vscode.git 5228
2026-01-18 13:50:30.243 [warning] [Decorations] CAPPING events from decorations provider vscode.git 5228
2026-01-18 13:50:35.439 [warning] [Decorations] CAPPING events from decorations provider vscode.git 5228
2026-01-18 13:50:40.546 [warning] [Decorations] CAPPING events from decorations provider vscode.git 5228
2026-01-18 13:50:45.692 [warning] [Decorations] CAPPING events from decorations provider vscode.git 5229
2026-01-18 13:50:50.800 [warning] [Decorations] CAPPING events from decorations provider vscode.git 5229
2026-01-18 13:50:55.920 [warning] [Decorations] CAPPING events from decorations provider vscode.git 5229
2026-01-18 13:51:01.110 [warning] [Decorations] CAPPING events from decorations provider vscode.git 5229
2026-01-18 13:51:06.205 [warning] [Decorations] CAPPING events from decorations provider vscode.git 5229
2026-01-18 13:51:11.370 [warning] [Decorations] CAPPING events from decorations provider vscode.git 5229
2026-01-18 13:51:16.469 [warning] [Decorations] CAPPING events from decorations provider vscode.git 5229
2026-01-18 13:51:21.572 [warning] [Decorations] CAPPING events from decorations provider vscode.git 5229
2026-01-18 13:51:26.671 [warning] [Decorations] CAPPING events from decorations provider vscode.git 5229
2026-01-18 13:51:31.776 [warning] [Decorations] CAPPING events from decorations provider vscode.git 5229
2026-01-18 13:51:36.871 [warning] [Decorations] CAPPING events from decorations provider vscode.git 5229
2026-01-18 13:51:41.967 [warning] [Decorations] CAPPING events from decorations provider vscode.git 5230
2026-01-18 13:51:51.847 [warning] [Decorations] CAPPING events from decorations provider vscode.git 5229
2026-01-18 13:53:48.862 [warning] [Decorations] CAPPING events from decorations provider vscode.git 5231
2026-01-18 13:53:58.198 [warning] [Decorations] CAPPING events from decorations provider vscode.git 5230
2026-01-18 13:54:59.100 [warning] [Decorations] CAPPING events from decorations provider vscode.git 5230
2026-01-18 13:55:04.196 [warning] [Decorations] CAPPING events from decorations provider vscode.git 5229
2026-01-18 13:55:09.389 [warning] [Decorations] CAPPING events from decorations provider vscode.git 5229
2026-01-18 13:55:14.526 [warning] [Decorations] CAPPING events from decorations provider vscode.git 5229
2026-01-18 13:55:19.623 [warning] [Decorations] CAPPING events from decorations provider vscode.git 5229
2026-01-18 13:55:24.722 [warning] [Decorations] CAPPING events from decorations provider vscode.git 5229
2026-01-18 13:55:39.668 [warning] [Decorations] CAPPING events from decorations provider vscode.git 5229
2026-01-18 13:56:18.118 [warning] [Decorations] CAPPING events from decorations provider vscode.git 5230
2026-01-18 13:56:23.269 [warning] [Decorations] CAPPING events from decorations provider vscode.git 5229
2026-01-18 13:56:28.388 [warning] [Decorations] CAPPING events from decorations provider vscode.git 5230
2026-01-18 13:56:35.176 [warning] [Decorations] CAPPING events from decorations provider vscode.git 5231
2026-01-18 13:56:59.412 [warning] [Decorations] CAPPING events from decorations provider vscode.git 5230
2026-01-18 13:57:04.509 [warning] [Decorations] CAPPING events from decorations provider vscode.git 5231
2026-01-18 13:57:10.286 [warning] [Decorations] CAPPING events from decorations provider vscode.git 5231
2026-01-18 13:57:15.383 [warning] [Decorations] CAPPING events from decorations provider vscode.git 5231
2026-01-18 13:57:20.480 [warning] [Decorations] CAPPING events from decorations provider vscode.git 5232
2026-01-18 13:57:25.578 [warning] [Decorations] CAPPING events from decorations provider vscode.git 5233
2026-01-18 13:57:30.909 [warning] [Decorations] CAPPING events from decorations provider vscode.git 5234
2026-01-18 13:57:36.092 [warning] [Decorations] CAPPING events from decorations provider vscode.git 5233
2026-01-18 14:00:17.749 [warning] [Decorations] CAPPING events from decorations provider vscode.git 5233
2026-01-18 14:00:22.857 [warning] [Decorations] CAPPING events from decorations provider vscode.git 5231
2026-01-18 14:00:27.961 [warning] [Decorations] CAPPING events from decorations provider vscode.git 5231
2026-01-18 14:04:55.118 [warning] [Decorations] CAPPING events from decorations provider vscode.git 5232
2026-01-18 14:05:19.706 [warning] [Decorations] CAPPING events from decorations provider vscode.git 5233
2026-01-18 14:07:13.791 [warning] [Decorations] CAPPING events from decorations provider vscode.git 5237
2026-01-18 14:07:22.976 [warning] [Decorations] CAPPING events from decorations provider vscode.git 5232
2026-01-18 14:08:56.616 [warning] [Decorations] CAPPING events from decorations provider vscode.git 5232
2026-01-18 14:09:06.433 [warning] [Decorations] CAPPING events from decorations provider vscode.git 5231
2026-01-18 14:09:11.536 [warning] [Decorations] CAPPING events from decorations provider vscode.git 5232
2026-01-18 14:09:16.631 [warning] [Decorations] CAPPING events from decorations provider vscode.git 5231
2026-01-18 14:10:05.462 [warning] [Decorations] CAPPING events from decorations provider vscode.git 5236
2026-01-18 14:10:29.897 [warning] [Decorations] CAPPING events from decorations provider vscode.git 5238
2026-01-18 14:10:34.998 [warning] [Decorations] CAPPING events from decorations provider vscode.git 5231
2026-01-18 14:10:40.190 [warning] [Decorations] CAPPING events from decorations provider vscode.git 5231
2026-01-18 14:10:45.286 [warning] [Decorations] CAPPING events from decorations provider vscode.git 5231
2026-01-18 14:11:08.840 [warning] [Decorations] CAPPING events from decorations provider vscode.git 5231
2026-01-18 14:11:13.961 [warning] [Decorations] CAPPING events from decorations provider vscode.git 5231
2026-01-18 14:11:19.069 [warning] [Decorations] CAPPING events from decorations provider vscode.git 5230
2026-01-18 14:11:24.166 [warning] [Decorations] CAPPING events from decorations provider vscode.git 5229
2026-01-18 14:11:42.063 [warning] [Decorations] CAPPING events from decorations provider vscode.git 5228
2026-01-18 14:11:48.460 [warning] [Decorations] CAPPING events from decorations provider vscode.git 5229
2026-01-18 14:11:53.561 [warning] [Decorations] CAPPING events from decorations provider vscode.git 5230
2026-01-18 14:12:06.735 [warning] [Decorations] CAPPING events from decorations provider vscode.git 5230
2026-01-18 14:12:13.329 [warning] [Decorations] CAPPING events from decorations provider vscode.git 5231
2026-01-18 14:12:37.205 [warning] [Decorations] CAPPING events from decorations provider vscode.git 5232
2026-01-18 14:12:42.308 [warning] [Decorations] CAPPING events from decorations provider vscode.git 5232
2026-01-18 14:12:47.486 [warning] [Decorations] CAPPING events from decorations provider vscode.git 5233
2026-01-18 14:12:53.815 [warning] [Decorations] CAPPING events from decorations provider vscode.git 5234
2026-01-18 14:14:28.883 [warning] [Decorations] CAPPING events from decorations provider vscode.git 5233
2026-01-18 14:14:33.982 [warning] [Decorations] CAPPING events from decorations provider vscode.git 5233
2026-01-18 14:14:39.093 [warning] [Decorations] CAPPING events from decorations provider vscode.git 5233
2026-01-18 14:14:44.193 [warning] [Decorations] CAPPING events from decorations provider vscode.git 5233
2026-01-18 14:14:51.778 [warning] [Decorations] CAPPING events from decorations provider vscode.git 5237
2026-01-18 14:14:56.888 [warning] [Decorations] CAPPING events from decorations provider vscode.git 5235
2026-01-18 14:15:30.482 [warning] [Decorations] CAPPING events from decorations provider vscode.git 5235
2026-01-18 14:15:35.591 [warning] [Decorations] CAPPING events from decorations provider vscode.git 5236
2026-01-18 14:15:40.689 [warning] [Decorations] CAPPING events from decorations provider vscode.git 5236
2026-01-18 14:15:45.790 [warning] [Decorations] CAPPING events from decorations provider vscode.git 5236
2026-01-18 14:15:50.902 [warning] [Decorations] CAPPING events from decorations provider vscode.git 5236
2026-01-18 14:15:56.002 [warning] [Decorations] CAPPING events from decorations provider vscode.git 5236
2026-01-18 14:16:11.051 [warning] [Decorations] CAPPING events from decorations provider vscode.git 5236
2026-01-18 14:16:16.162 [warning] [Decorations] CAPPING events from decorations provider vscode.git 5236
2026-01-18 14:16:23.802 [warning] [Decorations] CAPPING events from decorations provider vscode.git 5238
2026-01-18 14:16:28.934 [warning] [Decorations] CAPPING events from decorations provider vscode.git 5233
2026-01-18 14:16:34.085 [warning] [Decorations] CAPPING events from decorations provider vscode.git 5233
2026-01-18 14:17:06.983 [warning] [Decorations] CAPPING events from decorations provider vscode.git 5233
2026-01-18 14:17:12.080 [warning] [Decorations] CAPPING events from decorations provider vscode.git 5234
2026-01-18 14:17:17.180 [warning] [Decorations] CAPPING events from decorations provider vscode.git 5234
2026-01-18 14:17:22.356 [warning] [Decorations] CAPPING events from decorations provider vscode.git 5235
2026-01-18 14:17:29.932 [warning] [Decorations] CAPPING events from decorations provider vscode.git 5239
2026-01-18 14:17:51.686 [warning] [Decorations] CAPPING events from decorations provider vscode.git 5236
2026-01-18 14:18:07.312 [warning] [Decorations] CAPPING events from decorations provider vscode.git 5236
2026-01-18 14:18:12.423 [warning] [Decorations] CAPPING events from decorations provider vscode.git 5237
2026-01-18 14:18:17.549 [warning] [Decorations] CAPPING events from decorations provider vscode.git 5237
2026-01-18 14:18:22.659 [warning] [Decorations] CAPPING events from decorations provider vscode.git 5238
2026-01-18 14:18:28.897 [warning] [Decorations] CAPPING events from decorations provider vscode.git 5244
2026-01-18 14:18:37.032 [warning] [Decorations] CAPPING events from decorations provider vscode.git 5239
2026-01-18 14:18:42.145 [warning] [Decorations] CAPPING events from decorations provider vscode.git 5239
2026-01-18 14:18:48.312 [warning] [Decorations] CAPPING events from decorations provider vscode.git 5238
2026-01-18 14:18:57.242 [warning] [Decorations] CAPPING events from decorations provider vscode.git 5237
2026-01-18 14:20:06.860 [warning] [Decorations] CAPPING events from decorations provider vscode.git 5237
2026-01-18 14:20:27.805 [warning] [Decorations] CAPPING events from decorations provider vscode.git 5237
2026-01-18 14:20:32.890 [warning] [Decorations] CAPPING events from decorations provider vscode.git 5237
2026-01-18 14:21:06.914 [warning] [Decorations] CAPPING events from decorations provider vscode.git 5237
2026-01-18 14:21:12.014 [warning] [Decorations] CAPPING events from decorations provider vscode.git 5238
2026-01-18 14:21:17.120 [warning] [Decorations] CAPPING events from decorations provider vscode.git 5237
2026-01-18 14:21:22.215 [warning] [Decorations] CAPPING events from decorations provider vscode.git 5237
2026-01-18 14:21:27.337 [warning] [Decorations] CAPPING events from decorations provider vscode.git 5237
2026-01-18 14:21:32.460 [warning] [Decorations] CAPPING events from decorations provider vscode.git 5235
2026-01-18 14:21:37.607 [warning] [Decorations] CAPPING events from decorations provider vscode.git 5235
2026-01-18 14:21:42.702 [warning] [Decorations] CAPPING events from decorations provider vscode.git 5235
2026-01-18 14:21:47.800 [warning] [Decorations] CAPPING events from decorations provider vscode.git 5235
2026-01-18 14:21:52.904 [warning] [Decorations] CAPPING events from decorations provider vscode.git 5235
2026-01-18 14:21:58.003 [warning] [Decorations] CAPPING events from decorations provider vscode.git 5235
2026-01-18 14:22:03.137 [warning] [Decorations] CAPPING events from decorations provider vscode.git 5235
2026-01-18 14:22:08.236 [warning] [Decorations] CAPPING events from decorations provider vscode.git 5235
2026-01-18 14:22:13.349 [warning] [Decorations] CAPPING events from decorations provider vscode.git 5236
2026-01-18 14:22:18.450 [warning] [Decorations] CAPPING events from decorations provider vscode.git 5236
2026-01-18 14:22:23.547 [warning] [Decorations] CAPPING events from decorations provider vscode.git 5236
2026-01-18 14:22:28.652 [warning] [Decorations] CAPPING events from decorations provider vscode.git 5236
2026-01-18 14:22:33.750 [warning] [Decorations] CAPPING events from decorations provider vscode.git 5236
2026-01-18 14:22:38.855 [warning] [Decorations] CAPPING events from decorations provider vscode.git 5236
2026-01-18 14:22:43.952 [warning] [Decorations] CAPPING events from decorations provider vscode.git 5236
2026-01-18 14:22:49.046 [warning] [Decorations] CAPPING events from decorations provider vscode.git 5236
2026-01-18 14:22:54.176 [warning] [Decorations] CAPPING events from decorations provider vscode.git 5236
2026-01-18 14:22:59.300 [warning] [Decorations] CAPPING events from decorations provider vscode.git 5236
2026-01-18 14:23:04.408 [warning] [Decorations] CAPPING events from decorations provider vscode.git 5236
2026-01-18 14:23:09.530 [warning] [Decorations] CAPPING events from decorations provider vscode.git 5236
2026-01-18 14:23:14.631 [warning] [Decorations] CAPPING events from decorations provider vscode.git 5236
2026-01-18 14:23:19.725 [warning] [Decorations] CAPPING events from decorations provider vscode.git 5236
2026-01-18 14:23:24.821 [warning] [Decorations] CAPPING events from decorations provider vscode.git 5237
2026-01-18 14:23:29.925 [warning] [Decorations] CAPPING events from decorations provider vscode.git 5237
2026-01-18 14:23:51.005 [warning] [Decorations] CAPPING events from decorations provider vscode.git 5237
2026-01-18 14:23:57.507 [warning] [Decorations] CAPPING events from decorations provider vscode.git 5236
