2026-01-14 17:28:54.461 [info] [main] Log level: Info
2026-01-14 17:28:54.461 [info] [main] Validating found git in: "git"
2026-01-14 17:28:54.461 [info] [main] Using git "2.52.0" from "git"
2026-01-14 17:28:54.461 [info] [Model][doInitialScan] Initial repository scan started
2026-01-14 17:28:54.468 [info] > git rev-parse --show-toplevel [19ms]
2026-01-14 17:28:54.468 [info] fatal: not a git repository (or any parent up to mount point /)
Stopping at filesystem boundary (GIT_DISCOVERY_ACROSS_FILESYSTEM not set).
2026-01-14 17:28:54.485 [info] > git rev-parse --show-toplevel [2ms]
2026-01-14 17:28:54.485 [info] fatal: not a git repository (or any parent up to mount point /)
Stopping at filesystem boundary (GIT_DISCOVERY_ACROSS_FILESYSTEM not set).
2026-01-14 17:28:54.492 [info] > git rev-parse --show-toplevel [2ms]
2026-01-14 17:28:54.492 [info] fatal: not a git repository (or any parent up to mount point /)
Stopping at filesystem boundary (GIT_DISCOVERY_ACROSS_FILESYSTEM not set).
2026-01-14 17:28:54.502 [info] > git rev-parse --show-toplevel [1ms]
2026-01-14 17:28:54.502 [info] fatal: not a git repository (or any parent up to mount point /)
Stopping at filesystem boundary (GIT_DISCOVERY_ACROSS_FILESYSTEM not set).
2026-01-14 17:28:54.509 [info] > git rev-parse --show-toplevel [2ms]
2026-01-14 17:28:54.509 [info] fatal: not a git repository (or any parent up to mount point /)
Stopping at filesystem boundary (GIT_DISCOVERY_ACROSS_FILESYSTEM not set).
2026-01-14 17:28:54.519 [info] > git rev-parse --show-toplevel [4ms]
2026-01-14 17:28:54.519 [info] fatal: not a git repository (or any parent up to mount point /)
Stopping at filesystem boundary (GIT_DISCOVERY_ACROSS_FILESYSTEM not set).
2026-01-14 17:28:54.527 [info] > git rev-parse --show-toplevel [1ms]
2026-01-14 17:28:54.527 [info] fatal: not a git repository (or any parent up to mount point /)
Stopping at filesystem boundary (GIT_DISCOVERY_ACROSS_FILESYSTEM not set).
2026-01-14 17:28:54.544 [info] > git rev-parse --show-toplevel [11ms]
2026-01-14 17:28:54.544 [info] fatal: not a git repository (or any parent up to mount point /)
Stopping at filesystem boundary (GIT_DISCOVERY_ACROSS_FILESYSTEM not set).
2026-01-14 17:28:54.552 [info] > git rev-parse --show-toplevel [2ms]
2026-01-14 17:28:54.552 [info] fatal: not a git repository (or any parent up to mount point /)
Stopping at filesystem boundary (GIT_DISCOVERY_ACROSS_FILESYSTEM not set).
2026-01-14 17:28:54.595 [info] > git rev-parse --show-toplevel [35ms]
2026-01-14 17:28:54.596 [info] fatal: not a git repository (or any parent up to mount point /)
Stopping at filesystem boundary (GIT_DISCOVERY_ACROSS_FILESYSTEM not set).
2026-01-14 17:28:54.611 [info] > git rev-parse --show-toplevel [2ms]
2026-01-14 17:28:54.611 [info] fatal: not a git repository (or any parent up to mount point /)
Stopping at filesystem boundary (GIT_DISCOVERY_ACROSS_FILESYSTEM not set).
2026-01-14 17:28:54.621 [info] > git rev-parse --show-toplevel [1ms]
2026-01-14 17:28:54.621 [info] fatal: not a git repository (or any parent up to mount point /)
Stopping at filesystem boundary (GIT_DISCOVERY_ACROSS_FILESYSTEM not set).
2026-01-14 17:28:54.628 [info] > git rev-parse --show-toplevel [2ms]
2026-01-14 17:28:54.628 [info] fatal: not a git repository (or any parent up to mount point /)
Stopping at filesystem boundary (GIT_DISCOVERY_ACROSS_FILESYSTEM not set).
2026-01-14 17:28:54.635 [info] > git rev-parse --show-toplevel [1ms]
2026-01-14 17:28:54.635 [info] fatal: not a git repository (or any parent up to mount point /)
Stopping at filesystem boundary (GIT_DISCOVERY_ACROSS_FILESYSTEM not set).
2026-01-14 17:28:54.642 [info] > git rev-parse --show-toplevel [1ms]
2026-01-14 17:28:54.642 [info] fatal: not a git repository (or any parent up to mount point /)
Stopping at filesystem boundary (GIT_DISCOVERY_ACROSS_FILESYSTEM not set).
2026-01-14 17:28:54.649 [info] > git rev-parse --show-toplevel [1ms]
2026-01-14 17:28:54.649 [info] fatal: not a git repository (or any parent up to mount point /)
Stopping at filesystem boundary (GIT_DISCOVERY_ACROSS_FILESYSTEM not set).
2026-01-14 17:28:54.657 [info] > git rev-parse --show-toplevel [2ms]
2026-01-14 17:28:54.657 [info] fatal: not a git repository (or any parent up to mount point /)
Stopping at filesystem boundary (GIT_DISCOVERY_ACROSS_FILESYSTEM not set).
2026-01-14 17:28:54.665 [info] > git rev-parse --show-toplevel [3ms]
2026-01-14 17:28:54.665 [info] fatal: not a git repository (or any parent up to mount point /)
Stopping at filesystem boundary (GIT_DISCOVERY_ACROSS_FILESYSTEM not set).
2026-01-14 17:28:54.674 [info] > git rev-parse --show-toplevel [3ms]
2026-01-14 17:28:54.674 [info] fatal: not a git repository (or any parent up to mount point /)
Stopping at filesystem boundary (GIT_DISCOVERY_ACROSS_FILESYSTEM not set).
2026-01-14 17:28:54.680 [info] > git rev-parse --show-toplevel [1ms]
2026-01-14 17:28:54.680 [info] fatal: not a git repository (or any parent up to mount point /)
Stopping at filesystem boundary (GIT_DISCOVERY_ACROSS_FILESYSTEM not set).
2026-01-14 17:28:54.687 [info] > git rev-parse --show-toplevel [1ms]
2026-01-14 17:28:54.687 [info] fatal: not a git repository (or any parent up to mount point /)
Stopping at filesystem boundary (GIT_DISCOVERY_ACROSS_FILESYSTEM not set).
2026-01-14 17:28:54.688 [info] [Model][doInitialScan] Initial repository scan completed - repositories (0), closed repositories (0), parent repositories (0), unsafe repositories (0)
2026-01-14 17:28:54.778 [info] > git rev-parse --show-toplevel [3ms]
2026-01-14 17:28:54.778 [info] fatal: not a git repository (or any parent up to mount point /)
Stopping at filesystem boundary (GIT_DISCOVERY_ACROSS_FILESYSTEM not set).
2026-01-14 17:28:55.365 [info] > git rev-parse --show-toplevel [3ms]
2026-01-14 17:28:55.365 [info] fatal: not a git repository (or any parent up to mount point /)
Stopping at filesystem boundary (GIT_DISCOVERY_ACROSS_FILESYSTEM not set).
