2026-01-17 11:13:28.494 [info] Reading sessions from keychain...
2026-01-17 11:13:28.494 [info] Getting sessions for all scopes...
2026-01-17 11:13:28.494 [info] Got 0 sessions for ...
2026-01-17 11:13:28.494 [info] Getting sessions for all scopes...
2026-01-17 11:13:28.494 [info] Got 0 sessions for ...
2026-01-17 11:13:28.494 [info] Getting sessions for all scopes...
2026-01-17 11:13:28.494 [info] Got 0 sessions for ...
2026-01-17 11:13:28.494 [info] Getting sessions for all scopes...
2026-01-17 11:13:28.494 [info] Got 0 sessions for ...
2026-01-17 11:13:28.494 [info] Getting sessions for all scopes...
2026-01-17 11:13:28.494 [info] Got 0 sessions for ...
2026-01-17 11:13:28.494 [info] Getting sessions for all scopes...
2026-01-17 11:13:28.494 [info] Got 0 sessions for ...
2026-01-17 11:13:28.494 [info] Getting sessions for all scopes...
2026-01-17 11:13:28.494 [info] Got 0 sessions for ...
2026-01-17 11:13:28.494 [info] Getting sessions for all scopes...
2026-01-17 11:13:28.494 [info] Got 0 sessions for ...
2026-01-17 11:13:28.494 [info] Getting sessions for all scopes...
2026-01-17 11:13:28.494 [info] Got 0 sessions for ...
2026-01-17 11:13:28.494 [info] Getting sessions for all scopes...
2026-01-17 11:13:28.494 [info] Got 0 sessions for ...
2026-01-17 11:13:28.494 [info] Getting sessions for all scopes...
2026-01-17 11:13:28.494 [info] Got 0 sessions for ...
2026-01-17 11:13:28.494 [info] Getting sessions for all scopes...
2026-01-17 11:13:28.494 [info] Got 0 sessions for ...
2026-01-17 11:13:28.494 [info] Getting sessions for all scopes...
2026-01-17 11:13:28.494 [info] Got 0 sessions for ...
2026-01-17 11:13:28.616 [info] Getting sessions for all scopes...
2026-01-17 11:13:28.616 [info] Got 0 sessions for ...
2026-01-17 11:13:29.433 [info] Getting sessions for read:user,repo,user:email,workflow...
2026-01-17 11:13:29.433 [info] Got 0 sessions for read:user,repo,user:email,workflow...
2026-01-17 11:13:29.736 [info] Getting sessions for read:user,repo,user:email,workflow...
2026-01-17 11:13:29.736 [info] Got 0 sessions for read:user,repo,user:email,workflow...
2026-01-17 11:13:29.888 [info] Getting sessions for read:user,repo,user:email,workflow...
2026-01-17 11:13:29.888 [info] Got 0 sessions for read:user,repo,user:email,workflow...
2026-01-17 11:13:31.690 [info] Getting sessions for all scopes...
2026-01-17 11:13:31.690 [info] Got 0 sessions for ...
2026-01-17 11:13:31.860 [info] Getting sessions for read:user,repo,user:email,workflow...
2026-01-17 11:13:31.860 [info] Got 0 sessions for read:user,repo,user:email,workflow...
2026-01-17 11:13:33.867 [info] Getting sessions for read:user,repo,user:email,workflow...
2026-01-17 11:13:33.867 [info] Got 0 sessions for read:user,repo,user:email,workflow...
