2026-01-15 20:47:00.342 [info] [main] Log level: Info
2026-01-15 20:47:00.342 [info] [main] Validating found git in: "git"
2026-01-15 20:47:00.342 [info] [main] Using git "2.52.0" from "git"
2026-01-15 20:47:00.342 [info] [Model][doInitialScan] Initial repository scan started
2026-01-15 20:47:00.342 [info] > git rev-parse --show-toplevel [27ms]
2026-01-15 20:47:00.342 [info] > git rev-parse --show-toplevel [2ms]
2026-01-15 20:47:00.342 [info] > git rev-parse --show-toplevel [2ms]
2026-01-15 20:47:00.342 [info] > git rev-parse --show-toplevel [7ms]
2026-01-15 20:47:00.342 [info] > git rev-parse --show-toplevel [3ms]
2026-01-15 20:47:00.342 [info] > git rev-parse --show-toplevel [3ms]
2026-01-15 20:47:00.342 [info] > git rev-parse --show-toplevel [2ms]
2026-01-15 20:47:00.362 [info] > git rev-parse --show-toplevel [12ms]
2026-01-15 20:47:00.410 [info] > git rev-parse --show-toplevel [38ms]
2026-01-15 20:47:00.434 [info] > git rev-parse --show-toplevel [4ms]
2026-01-15 20:47:00.442 [info] > git rev-parse --show-toplevel [1ms]
2026-01-15 20:47:00.449 [info] > git rev-parse --show-toplevel [1ms]
2026-01-15 20:47:00.456 [info] > git rev-parse --show-toplevel [1ms]
2026-01-15 20:47:00.464 [info] > git rev-parse --show-toplevel [1ms]
2026-01-15 20:47:00.473 [info] > git rev-parse --show-toplevel [2ms]
2026-01-15 20:47:00.480 [info] > git rev-parse --show-toplevel [1ms]
2026-01-15 20:47:00.489 [info] > git rev-parse --show-toplevel [2ms]
2026-01-15 20:47:00.497 [info] > git rev-parse --show-toplevel [1ms]
2026-01-15 20:47:00.508 [info] > git rev-parse --show-toplevel [3ms]
2026-01-15 20:47:00.519 [info] > git rev-parse --show-toplevel [2ms]
2026-01-15 20:47:00.527 [info] > git rev-parse --show-toplevel [2ms]
2026-01-15 20:47:00.535 [info] > git rev-parse --show-toplevel [1ms]
2026-01-15 20:47:00.544 [info] > git rev-parse --show-toplevel [2ms]
2026-01-15 20:47:00.554 [info] > git rev-parse --show-toplevel [2ms]
2026-01-15 20:47:00.564 [info] > git rev-parse --show-toplevel [2ms]
2026-01-15 20:47:00.574 [info] > git rev-parse --show-toplevel [2ms]
2026-01-15 20:47:00.584 [info] > git rev-parse --show-toplevel [2ms]
2026-01-15 20:47:00.597 [info] > git rev-parse --show-toplevel [3ms]
2026-01-15 20:47:00.620 [info] > git rev-parse --show-toplevel [11ms]
2026-01-15 20:47:00.633 [info] > git rev-parse --show-toplevel [2ms]
2026-01-15 20:47:00.634 [info] [Model][doInitialScan] Initial repository scan completed - repositories (0), closed repositories (0), parent repositories (1), unsafe repositories (0)
2026-01-15 20:47:00.645 [info] > git rev-parse --show-toplevel [2ms]
2026-01-15 20:47:01.068 [info] > git rev-parse --show-toplevel [4ms]
2026-01-15 20:59:11.550 [info] > git rev-parse --show-toplevel [3ms]
2026-01-15 20:59:22.238 [info] > git rev-parse --show-toplevel [2ms]
2026-01-15 21:00:28.718 [info] > git rev-parse --show-toplevel [4ms]
2026-01-15 21:00:30.628 [info] > git rev-parse --show-toplevel [1ms]
2026-01-15 21:02:13.016 [info] > git rev-parse --show-toplevel [3ms]
2026-01-15 21:05:11.253 [info] > git rev-parse --show-toplevel [6ms]
2026-01-15 21:05:24.737 [info] > git rev-parse --show-toplevel [2ms]
2026-01-15 21:05:54.589 [info] > git rev-parse --show-toplevel [3ms]
2026-01-15 21:06:00.330 [info] > git rev-parse --show-toplevel [2ms]
2026-01-15 21:06:55.803 [info] > git rev-parse --show-toplevel [2ms]
2026-01-15 21:08:34.190 [info] > git rev-parse --show-toplevel [2ms]
2026-01-15 21:08:35.746 [info] > git rev-parse --show-toplevel [2ms]
2026-01-15 21:08:40.771 [info] > git rev-parse --show-toplevel [2ms]
2026-01-15 21:09:53.800 [info] > git rev-parse --show-toplevel [2ms]
2026-01-15 21:34:18.797 [info] > git rev-parse --show-toplevel [4ms]
2026-01-15 21:34:33.529 [info] > git rev-parse --show-toplevel [3ms]
2026-01-15 21:35:03.439 [info] > git rev-parse --show-toplevel [2ms]
2026-01-15 21:35:14.551 [info] > git rev-parse --show-toplevel [2ms]
2026-01-15 21:35:15.443 [info] > git rev-parse --show-toplevel [4ms]
2026-01-15 21:35:17.441 [info] > git rev-parse --show-toplevel [3ms]
2026-01-15 21:35:19.450 [info] > git rev-parse --show-toplevel [3ms]
2026-01-15 21:35:25.887 [info] > git rev-parse --show-toplevel [2ms]
2026-01-15 21:35:31.656 [info] > git rev-parse --show-toplevel [3ms]
2026-01-15 21:35:32.268 [info] > git rev-parse --show-toplevel [3ms]
2026-01-15 21:35:54.439 [info] > git rev-parse --show-toplevel [4ms]
2026-01-15 21:36:30.811 [info] > git rev-parse --show-toplevel [1ms]
2026-01-15 21:36:33.485 [info] > git rev-parse --show-toplevel [3ms]
2026-01-15 21:36:37.073 [info] > git rev-parse --show-toplevel [3ms]
2026-01-15 21:36:38.987 [info] > git rev-parse --show-toplevel [2ms]
2026-01-15 21:36:40.007 [info] > git rev-parse --show-toplevel [3ms]
2026-01-15 21:37:02.366 [info] > git rev-parse --show-toplevel [3ms]
2026-01-15 21:37:04.816 [info] > git rev-parse --show-toplevel [3ms]
2026-01-15 21:37:06.887 [info] > git rev-parse --show-toplevel [2ms]
2026-01-15 21:37:11.069 [info] > git rev-parse --show-toplevel [3ms]
2026-01-15 21:37:20.034 [info] > git rev-parse --show-toplevel [2ms]
2026-01-15 21:37:25.757 [info] > git rev-parse --show-toplevel [2ms]
2026-01-15 21:38:41.737 [info] > git rev-parse --show-toplevel [1ms]
2026-01-15 21:39:16.563 [info] > git rev-parse --show-toplevel [3ms]
2026-01-15 21:39:37.702 [info] > git rev-parse --show-toplevel [3ms]
2026-01-15 21:39:57.369 [info] > git rev-parse --show-toplevel [2ms]
2026-01-15 21:40:08.448 [info] > git rev-parse --show-toplevel [2ms]
2026-01-15 21:40:11.874 [info] > git rev-parse --show-toplevel [1ms]
2026-01-15 21:40:17.436 [info] > git rev-parse --show-toplevel [2ms]
2026-01-15 21:40:33.924 [info] > git rev-parse --show-toplevel [2ms]
2026-01-15 21:40:38.974 [info] > git rev-parse --show-toplevel [4ms]
2026-01-15 21:40:39.931 [info] > git rev-parse --show-toplevel [3ms]
2026-01-15 21:40:43.208 [info] > git rev-parse --show-toplevel [3ms]
2026-01-15 21:40:45.009 [info] > git rev-parse --show-toplevel [2ms]
2026-01-15 21:40:48.467 [info] > git rev-parse --show-toplevel [4ms]
2026-01-15 21:41:29.076 [info] > git rev-parse --show-toplevel [2ms]
2026-01-15 21:45:12.926 [info] > git rev-parse --show-toplevel [3ms]
2026-01-15 21:45:17.960 [info] > git rev-parse --show-toplevel [2ms]
2026-01-15 21:45:20.213 [info] > git rev-parse --show-toplevel [3ms]
2026-01-15 21:45:21.160 [info] > git rev-parse --show-toplevel [2ms]
2026-01-15 21:45:22.864 [info] > git rev-parse --show-toplevel [2ms]
2026-01-15 21:46:15.866 [info] > git rev-parse --show-toplevel [1ms]
2026-01-15 22:34:42.563 [info] > git rev-parse --show-toplevel [4ms]
2026-01-15 22:34:55.761 [info] > git rev-parse --show-toplevel [2ms]
2026-01-15 22:36:29.999 [info] > git rev-parse --show-toplevel [3ms]
2026-01-15 22:36:39.697 [info] > git rev-parse --show-toplevel [4ms]
2026-01-15 22:36:42.679 [info] > git rev-parse --show-toplevel [2ms]
2026-01-15 22:36:45.438 [info] > git rev-parse --show-toplevel [4ms]
2026-01-15 22:36:48.242 [info] > git rev-parse --show-toplevel [3ms]
2026-01-15 22:36:52.207 [info] > git rev-parse --show-toplevel [1ms]
2026-01-15 22:36:54.290 [info] > git rev-parse --show-toplevel [3ms]
2026-01-15 22:37:00.283 [info] > git rev-parse --show-toplevel [2ms]
2026-01-15 22:37:04.697 [info] > git rev-parse --show-toplevel [3ms]
2026-01-15 22:37:12.543 [info] > git rev-parse --show-toplevel [2ms]
2026-01-15 22:37:37.725 [info] > git rev-parse --show-toplevel [2ms]
2026-01-15 22:37:38.429 [info] > git rev-parse --show-toplevel [4ms]
2026-01-15 22:38:51.242 [info] > git rev-parse --show-toplevel [1ms]
2026-01-15 22:38:54.370 [info] > git rev-parse --show-toplevel [2ms]
2026-01-15 22:39:14.673 [info] > git rev-parse --show-toplevel [3ms]
2026-01-15 22:39:45.571 [info] > git rev-parse --show-toplevel [2ms]
2026-01-15 22:40:03.851 [info] > git rev-parse --show-toplevel [3ms]
2026-01-15 22:40:30.743 [info] > git rev-parse --show-toplevel [1ms]
2026-01-15 22:40:53.934 [info] > git rev-parse --show-toplevel [3ms]
2026-01-15 22:41:01.728 [info] > git rev-parse --show-toplevel [2ms]
2026-01-15 22:41:02.506 [info] > git rev-parse --show-toplevel [2ms]
2026-01-15 22:41:07.214 [info] > git rev-parse --show-toplevel [2ms]
2026-01-15 22:41:39.770 [info] > git rev-parse --show-toplevel [2ms]
2026-01-15 22:41:44.041 [info] > git rev-parse --show-toplevel [2ms]
2026-01-15 22:41:44.675 [info] > git rev-parse --show-toplevel [2ms]
2026-01-15 22:41:45.553 [info] > git rev-parse --show-toplevel [2ms]
2026-01-15 22:41:47.666 [info] > git rev-parse --show-toplevel [2ms]
2026-01-15 22:41:50.523 [info] > git rev-parse --show-toplevel [3ms]
2026-01-15 22:43:30.065 [info] > git rev-parse --show-toplevel [2ms]
2026-01-15 22:43:32.126 [info] > git rev-parse --show-toplevel [2ms]
2026-01-15 22:43:34.224 [info] > git rev-parse --show-toplevel [3ms]
2026-01-15 22:46:51.828 [info] > git rev-parse --show-toplevel [2ms]
2026-01-15 22:47:38.286 [info] > git rev-parse --show-toplevel [2ms]
2026-01-15 22:48:33.582 [info] > git rev-parse --show-toplevel [3ms]
2026-01-15 22:49:23.956 [info] > git rev-parse --show-toplevel [2ms]
2026-01-15 22:50:18.822 [info] > git rev-parse --show-toplevel [2ms]
2026-01-15 22:50:48.512 [info] > git rev-parse --show-toplevel [2ms]
2026-01-15 22:50:58.067 [info] > git rev-parse --show-toplevel [2ms]
2026-01-15 22:51:05.809 [info] > git rev-parse --show-toplevel [4ms]
2026-01-15 22:51:49.914 [info] > git rev-parse --show-toplevel [2ms]
2026-01-15 22:51:56.009 [info] > git rev-parse --show-toplevel [4ms]
2026-01-15 22:52:05.418 [info] > git rev-parse --show-toplevel [2ms]
2026-01-15 22:52:43.414 [info] > git rev-parse --show-toplevel [2ms]
2026-01-15 22:55:52.587 [info] > git rev-parse --show-toplevel [3ms]
2026-01-15 22:55:53.759 [info] > git rev-parse --show-toplevel [3ms]
2026-01-15 22:56:12.576 [info] > git rev-parse --show-toplevel [3ms]
2026-01-15 22:59:04.448 [info] > git rev-parse --show-toplevel [1ms]
2026-01-15 22:59:04.947 [info] > git rev-parse --show-toplevel [3ms]
2026-01-15 22:59:08.343 [info] > git rev-parse --show-toplevel [2ms]
2026-01-15 22:59:09.174 [info] > git rev-parse --show-toplevel [2ms]
2026-01-15 22:59:09.952 [info] > git rev-parse --show-toplevel [3ms]
2026-01-15 22:59:19.279 [info] > git rev-parse --show-toplevel [2ms]
2026-01-15 23:05:33.951 [info] > git rev-parse --show-toplevel [3ms]
2026-01-15 23:05:36.960 [info] > git rev-parse --show-toplevel [3ms]
2026-01-15 23:05:47.276 [info] > git rev-parse --show-toplevel [2ms]
2026-01-15 23:05:48.125 [info] > git rev-parse --show-toplevel [2ms]
2026-01-15 23:06:00.299 [info] > git rev-parse --show-toplevel [3ms]
2026-01-15 23:06:43.388 [info] > git rev-parse --show-toplevel [2ms]
2026-01-15 23:06:45.488 [info] > git rev-parse --show-toplevel [4ms]
2026-01-15 23:06:47.157 [info] > git rev-parse --show-toplevel [3ms]
2026-01-15 23:06:47.826 [info] > git rev-parse --show-toplevel [2ms]
