2026-01-15 16:38:01.526 [info] [main] Log level: Info
2026-01-15 16:38:01.526 [info] [main] Validating found git in: "git"
2026-01-15 16:38:01.526 [info] [main] Using git "2.52.0" from "git"
2026-01-15 16:38:01.526 [info] [Model][doInitialScan] Initial repository scan started
2026-01-15 16:38:01.526 [info] > git rev-parse --show-toplevel [8ms]
2026-01-15 16:38:01.526 [info] fatal: not a git repository (or any parent up to mount point /)
Stopping at filesystem boundary (GIT_DISCOVERY_ACROSS_FILESYSTEM not set).
2026-01-15 16:38:01.526 [info] > git rev-parse --show-toplevel [7ms]
2026-01-15 16:38:01.526 [info] fatal: not a git repository (or any parent up to mount point /)
Stopping at filesystem boundary (GIT_DISCOVERY_ACROSS_FILESYSTEM not set).
2026-01-15 16:38:01.526 [info] > git rev-parse --show-toplevel [1ms]
2026-01-15 16:38:01.526 [info] fatal: not a git repository (or any parent up to mount point /)
Stopping at filesystem boundary (GIT_DISCOVERY_ACROSS_FILESYSTEM not set).
2026-01-15 16:38:01.526 [info] > git rev-parse --show-toplevel [1ms]
2026-01-15 16:38:01.526 [info] fatal: not a git repository (or any parent up to mount point /)
Stopping at filesystem boundary (GIT_DISCOVERY_ACROSS_FILESYSTEM not set).
2026-01-15 16:38:01.526 [info] > git rev-parse --show-toplevel [2ms]
2026-01-15 16:38:01.526 [info] fatal: not a git repository (or any parent up to mount point /)
Stopping at filesystem boundary (GIT_DISCOVERY_ACROSS_FILESYSTEM not set).
2026-01-15 16:38:01.526 [info] > git rev-parse --show-toplevel [2ms]
2026-01-15 16:38:01.526 [info] fatal: not a git repository (or any parent up to mount point /)
Stopping at filesystem boundary (GIT_DISCOVERY_ACROSS_FILESYSTEM not set).
2026-01-15 16:38:01.526 [info] > git rev-parse --show-toplevel [2ms]
2026-01-15 16:38:01.526 [info] fatal: not a git repository (or any parent up to mount point /)
Stopping at filesystem boundary (GIT_DISCOVERY_ACROSS_FILESYSTEM not set).
2026-01-15 16:38:01.526 [info] > git rev-parse --show-toplevel [2ms]
2026-01-15 16:38:01.526 [info] fatal: not a git repository (or any parent up to mount point /)
Stopping at filesystem boundary (GIT_DISCOVERY_ACROSS_FILESYSTEM not set).
2026-01-15 16:38:01.526 [info] > git rev-parse --show-toplevel [2ms]
2026-01-15 16:38:01.526 [info] fatal: not a git repository (or any parent up to mount point /)
Stopping at filesystem boundary (GIT_DISCOVERY_ACROSS_FILESYSTEM not set).
2026-01-15 16:38:01.526 [info] > git rev-parse --show-toplevel [3ms]
2026-01-15 16:38:01.526 [info] fatal: not a git repository (or any parent up to mount point /)
Stopping at filesystem boundary (GIT_DISCOVERY_ACROSS_FILESYSTEM not set).
2026-01-15 16:38:01.526 [info] > git rev-parse --show-toplevel [24ms]
2026-01-15 16:38:01.526 [info] fatal: not a git repository (or any parent up to mount point /)
Stopping at filesystem boundary (GIT_DISCOVERY_ACROSS_FILESYSTEM not set).
2026-01-15 16:38:01.527 [info] > git rev-parse --show-toplevel [38ms]
2026-01-15 16:38:01.528 [info] fatal: not a git repository (or any parent up to mount point /)
Stopping at filesystem boundary (GIT_DISCOVERY_ACROSS_FILESYSTEM not set).
2026-01-15 16:38:01.543 [info] > git rev-parse --show-toplevel [3ms]
2026-01-15 16:38:01.543 [info] fatal: not a git repository (or any parent up to mount point /)
Stopping at filesystem boundary (GIT_DISCOVERY_ACROSS_FILESYSTEM not set).
2026-01-15 16:38:01.552 [info] > git rev-parse --show-toplevel [2ms]
2026-01-15 16:38:01.552 [info] fatal: not a git repository (or any parent up to mount point /)
Stopping at filesystem boundary (GIT_DISCOVERY_ACROSS_FILESYSTEM not set).
2026-01-15 16:38:01.559 [info] > git rev-parse --show-toplevel [1ms]
2026-01-15 16:38:01.559 [info] fatal: not a git repository (or any parent up to mount point /)
Stopping at filesystem boundary (GIT_DISCOVERY_ACROSS_FILESYSTEM not set).
2026-01-15 16:38:01.567 [info] > git rev-parse --show-toplevel [2ms]
2026-01-15 16:38:01.567 [info] fatal: not a git repository (or any parent up to mount point /)
Stopping at filesystem boundary (GIT_DISCOVERY_ACROSS_FILESYSTEM not set).
2026-01-15 16:38:01.574 [info] > git rev-parse --show-toplevel [1ms]
2026-01-15 16:38:01.574 [info] fatal: not a git repository (or any parent up to mount point /)
Stopping at filesystem boundary (GIT_DISCOVERY_ACROSS_FILESYSTEM not set).
2026-01-15 16:38:01.581 [info] > git rev-parse --show-toplevel [1ms]
2026-01-15 16:38:01.581 [info] fatal: not a git repository (or any parent up to mount point /)
Stopping at filesystem boundary (GIT_DISCOVERY_ACROSS_FILESYSTEM not set).
2026-01-15 16:38:01.589 [info] > git rev-parse --show-toplevel [1ms]
2026-01-15 16:38:01.590 [info] fatal: not a git repository (or any parent up to mount point /)
Stopping at filesystem boundary (GIT_DISCOVERY_ACROSS_FILESYSTEM not set).
2026-01-15 16:38:01.599 [info] > git rev-parse --show-toplevel [3ms]
2026-01-15 16:38:01.599 [info] fatal: not a git repository (or any parent up to mount point /)
Stopping at filesystem boundary (GIT_DISCOVERY_ACROSS_FILESYSTEM not set).
2026-01-15 16:38:01.612 [info] > git rev-parse --show-toplevel [4ms]
2026-01-15 16:38:01.612 [info] fatal: not a git repository (or any parent up to mount point /)
Stopping at filesystem boundary (GIT_DISCOVERY_ACROSS_FILESYSTEM not set).
2026-01-15 16:38:01.620 [info] > git rev-parse --show-toplevel [2ms]
2026-01-15 16:38:01.620 [info] fatal: not a git repository (or any parent up to mount point /)
Stopping at filesystem boundary (GIT_DISCOVERY_ACROSS_FILESYSTEM not set).
2026-01-15 16:38:01.630 [info] > git rev-parse --show-toplevel [2ms]
2026-01-15 16:38:01.630 [info] fatal: not a git repository (or any parent up to mount point /)
Stopping at filesystem boundary (GIT_DISCOVERY_ACROSS_FILESYSTEM not set).
2026-01-15 16:38:01.637 [info] > git rev-parse --show-toplevel [1ms]
2026-01-15 16:38:01.637 [info] fatal: not a git repository (or any parent up to mount point /)
Stopping at filesystem boundary (GIT_DISCOVERY_ACROSS_FILESYSTEM not set).
2026-01-15 16:38:01.644 [info] > git rev-parse --show-toplevel [1ms]
2026-01-15 16:38:01.644 [info] fatal: not a git repository (or any parent up to mount point /)
Stopping at filesystem boundary (GIT_DISCOVERY_ACROSS_FILESYSTEM not set).
2026-01-15 16:38:01.652 [info] > git rev-parse --show-toplevel [2ms]
2026-01-15 16:38:01.652 [info] fatal: not a git repository (or any parent up to mount point /)
Stopping at filesystem boundary (GIT_DISCOVERY_ACROSS_FILESYSTEM not set).
2026-01-15 16:38:01.659 [info] > git rev-parse --show-toplevel [1ms]
2026-01-15 16:38:01.659 [info] fatal: not a git repository (or any parent up to mount point /)
Stopping at filesystem boundary (GIT_DISCOVERY_ACROSS_FILESYSTEM not set).
2026-01-15 16:38:01.660 [info] [Model][doInitialScan] Initial repository scan completed - repositories (0), closed repositories (0), parent repositories (0), unsafe repositories (0)
2026-01-15 16:38:09.103 [info] > git rev-parse --show-toplevel [3ms]
2026-01-15 16:38:09.103 [info] fatal: not a git repository (or any parent up to mount point /)
Stopping at filesystem boundary (GIT_DISCOVERY_ACROSS_FILESYSTEM not set).
2026-01-15 16:38:36.040 [info] > git rev-parse --show-toplevel [1ms]
2026-01-15 16:38:36.040 [info] fatal: not a git repository (or any parent up to mount point /)
Stopping at filesystem boundary (GIT_DISCOVERY_ACROSS_FILESYSTEM not set).
2026-01-15 16:38:36.160 [info] > git rev-parse --show-toplevel [2ms]
2026-01-15 16:38:36.160 [info] fatal: not a git repository (or any parent up to mount point /)
Stopping at filesystem boundary (GIT_DISCOVERY_ACROSS_FILESYSTEM not set).
2026-01-15 16:38:36.347 [info] > git rev-parse --show-toplevel [2ms]
2026-01-15 16:38:36.347 [info] fatal: not a git repository (or any parent up to mount point /)
Stopping at filesystem boundary (GIT_DISCOVERY_ACROSS_FILESYSTEM not set).
2026-01-15 16:42:14.687 [info] > git rev-parse --show-toplevel [2ms]
2026-01-15 16:42:14.687 [info] fatal: not a git repository (or any parent up to mount point /)
Stopping at filesystem boundary (GIT_DISCOVERY_ACROSS_FILESYSTEM not set).
