2026-01-17 10:53:33.544 [info] [main] Log level: Info
2026-01-17 10:53:33.545 [info] [main] Validating found git in: "git"
2026-01-17 10:53:33.545 [info] [main] Using git "2.52.0" from "git"
2026-01-17 10:53:33.545 [info] [Model][doInitialScan] Initial repository scan started
2026-01-17 10:53:33.545 [info] > git rev-parse --show-toplevel [29ms]
2026-01-17 10:53:33.545 [info] > git rev-parse --show-toplevel [6ms]
2026-01-17 10:53:33.545 [info] > git rev-parse --show-toplevel [3ms]
2026-01-17 10:53:33.545 [info] > git rev-parse --show-toplevel [4ms]
2026-01-17 10:53:33.545 [info] > git rev-parse --show-toplevel [4ms]
2026-01-17 10:53:33.545 [info] > git rev-parse --show-toplevel [2ms]
2026-01-17 10:53:33.545 [info] > git rev-parse --show-toplevel [15ms]
2026-01-17 10:53:33.546 [info] > git rev-parse --show-toplevel [22ms]
2026-01-17 10:53:33.572 [info] > git rev-parse --show-toplevel [5ms]
2026-01-17 10:53:33.647 [info] > git rev-parse --show-toplevel [60ms]
2026-01-17 10:53:33.679 [info] > git rev-parse --show-toplevel [3ms]
2026-01-17 10:53:33.696 [info] > git rev-parse --show-toplevel [3ms]
2026-01-17 10:53:33.706 [info] > git rev-parse --show-toplevel [2ms]
2026-01-17 10:53:33.722 [info] > git rev-parse --show-toplevel [4ms]
2026-01-17 10:53:33.737 [info] > git rev-parse --show-toplevel [2ms]
2026-01-17 10:53:33.749 [info] > git rev-parse --show-toplevel [1ms]
2026-01-17 10:53:33.768 [info] > git rev-parse --show-toplevel [6ms]
2026-01-17 10:53:33.781 [info] > git rev-parse --show-toplevel [4ms]
2026-01-17 10:53:33.799 [info] > git rev-parse --show-toplevel [3ms]
2026-01-17 10:53:33.814 [info] > git rev-parse --show-toplevel [2ms]
2026-01-17 10:53:33.830 [info] > git rev-parse --show-toplevel [3ms]
2026-01-17 10:53:33.855 [info] > git rev-parse --show-toplevel [4ms]
2026-01-17 10:53:33.883 [info] > git rev-parse --show-toplevel [6ms]
2026-01-17 10:53:33.893 [info] > git rev-parse --show-toplevel [2ms]
2026-01-17 10:53:33.905 [info] > git rev-parse --show-toplevel [2ms]
2026-01-17 10:53:33.917 [info] > git rev-parse --show-toplevel [3ms]
2026-01-17 10:53:33.932 [info] > git rev-parse --show-toplevel [2ms]
2026-01-17 10:53:33.949 [info] > git rev-parse --show-toplevel [3ms]
2026-01-17 10:53:33.966 [info] > git rev-parse --show-toplevel [4ms]
2026-01-17 10:53:33.979 [info] > git rev-parse --show-toplevel [2ms]
2026-01-17 10:53:33.980 [info] [Model][doInitialScan] Initial repository scan completed - repositories (0), closed repositories (0), parent repositories (1), unsafe repositories (0)
2026-01-17 10:53:34.066 [info] > git rev-parse --show-toplevel [9ms]
2026-01-17 10:53:34.762 [info] > git rev-parse --show-toplevel [4ms]
2026-01-17 10:53:34.935 [info] > git rev-parse --show-toplevel [2ms]
