2026-01-17 13:11:44.831 [info] Reading sessions from keychain...
2026-01-17 13:11:44.831 [info] Getting sessions for all scopes...
2026-01-17 13:11:44.831 [info] Got 0 sessions for ...
2026-01-17 13:11:44.831 [info] Getting sessions for all scopes...
2026-01-17 13:11:44.831 [info] Got 0 sessions for ...
2026-01-17 13:11:44.831 [info] Getting sessions for all scopes...
2026-01-17 13:11:44.831 [info] Got 0 sessions for ...
2026-01-17 13:11:44.831 [info] Getting sessions for all scopes...
2026-01-17 13:11:44.831 [info] Got 0 sessions for ...
2026-01-17 13:11:44.831 [info] Getting sessions for all scopes...
2026-01-17 13:11:44.831 [info] Got 0 sessions for ...
2026-01-17 13:11:44.831 [info] Getting sessions for all scopes...
2026-01-17 13:11:44.831 [info] Got 0 sessions for ...
2026-01-17 13:11:44.831 [info] Getting sessions for all scopes...
2026-01-17 13:11:44.831 [info] Got 0 sessions for ...
2026-01-17 13:11:44.831 [info] Getting sessions for all scopes...
2026-01-17 13:11:44.831 [info] Got 0 sessions for ...
2026-01-17 13:11:44.831 [info] Getting sessions for all scopes...
2026-01-17 13:11:44.831 [info] Got 0 sessions for ...
2026-01-17 13:11:44.831 [info] Getting sessions for all scopes...
2026-01-17 13:11:44.831 [info] Got 0 sessions for ...
2026-01-17 13:11:44.831 [info] Getting sessions for all scopes...
2026-01-17 13:11:44.831 [info] Got 0 sessions for ...
2026-01-17 13:11:44.831 [info] Getting sessions for all scopes...
2026-01-17 13:11:44.831 [info] Got 0 sessions for ...
2026-01-17 13:11:44.831 [info] Getting sessions for all scopes...
2026-01-17 13:11:44.831 [info] Got 0 sessions for ...
2026-01-17 13:11:45.598 [info] Getting sessions for read:user,repo,user:email,workflow...
2026-01-17 13:11:45.598 [info] Got 0 sessions for read:user,repo,user:email,workflow...
2026-01-17 13:11:45.663 [info] Getting sessions for all scopes...
2026-01-17 13:11:45.663 [info] Got 0 sessions for ...
2026-01-17 13:11:45.704 [info] Getting sessions for read:user,repo,user:email,workflow...
2026-01-17 13:11:45.704 [info] Got 0 sessions for read:user,repo,user:email,workflow...
2026-01-17 13:11:47.591 [info] Getting sessions for all scopes...
2026-01-17 13:11:47.591 [info] Got 0 sessions for ...
2026-01-17 13:11:47.920 [info] Getting sessions for read:user,repo,user:email,workflow...
2026-01-17 13:11:47.920 [info] Got 0 sessions for read:user,repo,user:email,workflow...
2026-01-17 13:11:48.389 [info] Getting sessions for read:user,repo,user:email,workflow...
2026-01-17 13:11:48.390 [info] Got 0 sessions for read:user,repo,user:email,workflow...
2026-01-17 13:11:50.679 [info] Getting sessions for read:user,repo,user:email,workflow...
2026-01-17 13:11:50.679 [info] Got 0 sessions for read:user,repo,user:email,workflow...
2026-01-17 16:13:43.983 [info] Reading sessions from keychain...
2026-01-17 16:13:43.983 [info] Getting sessions for all scopes...
2026-01-17 16:13:43.983 [info] Got 0 sessions for ...
2026-01-17 16:13:43.983 [info] Getting sessions for all scopes...
2026-01-17 16:13:43.983 [info] Got 0 sessions for ...
2026-01-17 16:13:43.983 [info] Getting sessions for all scopes...
2026-01-17 16:13:43.983 [info] Got 0 sessions for ...
2026-01-17 16:13:43.983 [info] Getting sessions for all scopes...
2026-01-17 16:13:43.983 [info] Got 0 sessions for ...
2026-01-17 16:13:43.983 [info] Getting sessions for all scopes...
2026-01-17 16:13:43.983 [info] Got 0 sessions for ...
2026-01-17 16:13:43.983 [info] Getting sessions for all scopes...
2026-01-17 16:13:43.983 [info] Got 0 sessions for ...
2026-01-17 16:13:43.983 [info] Getting sessions for all scopes...
2026-01-17 16:13:43.983 [info] Got 0 sessions for ...
2026-01-17 16:13:43.983 [info] Getting sessions for all scopes...
2026-01-17 16:13:43.983 [info] Got 0 sessions for ...
2026-01-17 16:13:43.983 [info] Getting sessions for all scopes...
2026-01-17 16:13:43.983 [info] Got 0 sessions for ...
2026-01-17 16:13:43.983 [info] Getting sessions for all scopes...
2026-01-17 16:13:43.983 [info] Got 0 sessions for ...
2026-01-17 16:13:43.983 [info] Getting sessions for all scopes...
2026-01-17 16:13:43.983 [info] Got 0 sessions for ...
2026-01-17 16:13:43.983 [info] Getting sessions for all scopes...
2026-01-17 16:13:43.983 [info] Got 0 sessions for ...
2026-01-17 16:13:43.983 [info] Getting sessions for all scopes...
2026-01-17 16:13:43.983 [info] Got 0 sessions for ...
2026-01-17 16:13:43.983 [info] Getting sessions for all scopes...
2026-01-17 16:13:43.983 [info] Got 0 sessions for ...
2026-01-17 16:13:43.983 [info] Getting sessions for all scopes...
2026-01-17 16:13:43.983 [info] Got 0 sessions for ...
2026-01-17 16:13:45.798 [info] Getting sessions for all scopes...
2026-01-17 16:13:45.798 [info] Got 0 sessions for ...
2026-01-17 17:15:04.968 [info] Reading sessions from keychain...
2026-01-17 17:15:04.968 [info] Getting sessions for all scopes...
2026-01-17 17:15:04.998 [info] Got 0 sessions for ...
2026-01-17 17:15:04.998 [info] Getting sessions for all scopes...
2026-01-17 17:15:04.998 [info] Got 0 sessions for ...
2026-01-17 17:15:04.998 [info] Getting sessions for all scopes...
2026-01-17 17:15:04.998 [info] Got 0 sessions for ...
2026-01-17 17:15:04.999 [info] Getting sessions for all scopes...
2026-01-17 17:15:04.999 [info] Got 0 sessions for ...
2026-01-17 17:15:04.999 [info] Getting sessions for all scopes...
2026-01-17 17:15:04.999 [info] Got 0 sessions for ...
2026-01-17 17:15:04.999 [info] Getting sessions for all scopes...
2026-01-17 17:15:04.999 [info] Got 0 sessions for ...
2026-01-17 17:15:04.999 [info] Getting sessions for all scopes...
2026-01-17 17:15:04.999 [info] Got 0 sessions for ...
2026-01-17 17:15:04.999 [info] Getting sessions for all scopes...
2026-01-17 17:15:04.999 [info] Got 0 sessions for ...
2026-01-17 17:15:05.005 [info] Getting sessions for all scopes...
2026-01-17 17:15:05.005 [info] Got 0 sessions for ...
2026-01-17 17:15:05.005 [info] Getting sessions for all scopes...
2026-01-17 17:15:05.005 [info] Got 0 sessions for ...
2026-01-17 17:15:05.006 [info] Getting sessions for all scopes...
2026-01-17 17:15:05.006 [info] Got 0 sessions for ...
2026-01-17 17:15:05.006 [info] Getting sessions for all scopes...
2026-01-17 17:15:05.006 [info] Got 0 sessions for ...
2026-01-17 17:15:05.006 [info] Getting sessions for all scopes...
2026-01-17 17:15:05.006 [info] Got 0 sessions for ...
2026-01-17 17:15:05.006 [info] Getting sessions for all scopes...
2026-01-17 17:15:05.006 [info] Got 0 sessions for ...
2026-01-17 17:15:06.541 [info] Getting sessions for all scopes...
2026-01-17 17:15:06.541 [info] Got 0 sessions for ...
2026-01-17 17:50:49.943 [info] Reading sessions from keychain...
2026-01-17 17:50:49.944 [info] Getting sessions for all scopes...
2026-01-17 17:50:49.944 [info] Got 0 sessions for ...
2026-01-17 17:50:49.944 [info] Getting sessions for all scopes...
2026-01-17 17:50:49.944 [info] Got 0 sessions for ...
2026-01-17 17:50:49.944 [info] Getting sessions for all scopes...
2026-01-17 17:50:49.944 [info] Got 0 sessions for ...
2026-01-17 17:50:49.944 [info] Getting sessions for all scopes...
2026-01-17 17:50:49.944 [info] Got 0 sessions for ...
2026-01-17 17:50:49.944 [info] Getting sessions for all scopes...
2026-01-17 17:50:49.944 [info] Got 0 sessions for ...
2026-01-17 17:50:49.944 [info] Getting sessions for all scopes...
2026-01-17 17:50:49.944 [info] Got 0 sessions for ...
2026-01-17 17:50:49.944 [info] Getting sessions for all scopes...
2026-01-17 17:50:49.944 [info] Got 0 sessions for ...
2026-01-17 17:50:49.944 [info] Getting sessions for all scopes...
2026-01-17 17:50:49.944 [info] Got 0 sessions for ...
2026-01-17 17:50:49.944 [info] Getting sessions for all scopes...
2026-01-17 17:50:49.944 [info] Got 0 sessions for ...
2026-01-17 17:50:49.944 [info] Getting sessions for all scopes...
2026-01-17 17:50:49.944 [info] Got 0 sessions for ...
2026-01-17 17:50:49.944 [info] Getting sessions for all scopes...
2026-01-17 17:50:49.944 [info] Got 0 sessions for ...
2026-01-17 17:50:49.944 [info] Getting sessions for all scopes...
2026-01-17 17:50:49.944 [info] Got 0 sessions for ...
2026-01-17 17:50:49.944 [info] Getting sessions for all scopes...
2026-01-17 17:50:49.944 [info] Got 0 sessions for ...
2026-01-17 17:50:49.944 [info] Getting sessions for all scopes...
2026-01-17 17:50:49.944 [info] Got 0 sessions for ...
2026-01-17 17:50:49.944 [info] Getting sessions for all scopes...
2026-01-17 17:50:49.944 [info] Got 0 sessions for ...
2026-01-17 17:50:51.398 [info] Getting sessions for all scopes...
2026-01-17 17:50:51.398 [info] Got 0 sessions for ...
