2026-01-17 10:53:32.775 [info] Reading sessions from keychain...
2026-01-17 10:53:32.775 [info] Getting sessions for all scopes...
2026-01-17 10:53:32.776 [info] Got 0 sessions for ...
2026-01-17 10:53:32.776 [info] Getting sessions for all scopes...
2026-01-17 10:53:32.776 [info] Got 0 sessions for ...
2026-01-17 10:53:32.776 [info] Getting sessions for all scopes...
2026-01-17 10:53:32.776 [info] Got 0 sessions for ...
2026-01-17 10:53:32.776 [info] Getting sessions for all scopes...
2026-01-17 10:53:32.776 [info] Got 0 sessions for ...
2026-01-17 10:53:32.776 [info] Getting sessions for all scopes...
2026-01-17 10:53:32.776 [info] Got 0 sessions for ...
2026-01-17 10:53:32.776 [info] Getting sessions for all scopes...
2026-01-17 10:53:32.776 [info] Got 0 sessions for ...
2026-01-17 10:53:32.776 [info] Getting sessions for all scopes...
2026-01-17 10:53:32.776 [info] Got 0 sessions for ...
2026-01-17 10:53:32.776 [info] Getting sessions for all scopes...
2026-01-17 10:53:32.776 [info] Got 0 sessions for ...
2026-01-17 10:53:32.776 [info] Getting sessions for all scopes...
2026-01-17 10:53:32.776 [info] Got 0 sessions for ...
2026-01-17 10:53:32.776 [info] Getting sessions for all scopes...
2026-01-17 10:53:32.776 [info] Got 0 sessions for ...
2026-01-17 10:53:32.776 [info] Getting sessions for all scopes...
2026-01-17 10:53:32.776 [info] Got 0 sessions for ...
2026-01-17 10:53:32.776 [info] Getting sessions for all scopes...
2026-01-17 10:53:32.776 [info] Got 0 sessions for ...
2026-01-17 10:53:32.776 [info] Getting sessions for all scopes...
2026-01-17 10:53:32.776 [info] Got 0 sessions for ...
2026-01-17 10:53:32.776 [info] Getting sessions for all scopes...
2026-01-17 10:53:32.776 [info] Got 0 sessions for ...
2026-01-17 10:53:32.776 [info] Getting sessions for all scopes...
2026-01-17 10:53:32.776 [info] Got 0 sessions for ...
2026-01-17 10:53:34.690 [info] Getting sessions for read:user,repo,user:email,workflow...
2026-01-17 10:53:34.690 [info] Got 0 sessions for read:user,repo,user:email,workflow...
2026-01-17 10:53:34.714 [info] Getting sessions for all scopes...
2026-01-17 10:53:34.714 [info] Got 0 sessions for ...
2026-01-17 10:53:34.835 [info] Getting sessions for read:user,repo,user:email,workflow...
2026-01-17 10:53:34.835 [info] Got 0 sessions for read:user,repo,user:email,workflow...
2026-01-17 10:53:35.142 [info] Getting sessions for read:user,repo,user:email,workflow...
2026-01-17 10:53:35.142 [info] Got 0 sessions for read:user,repo,user:email,workflow...
2026-01-17 10:53:37.377 [info] Getting sessions for read:user,repo,user:email,workflow...
2026-01-17 10:53:37.377 [info] Got 0 sessions for read:user,repo,user:email,workflow...
2026-01-17 10:53:39.262 [info] Getting sessions for read:user,repo,user:email,workflow...
2026-01-17 10:53:39.262 [info] Got 0 sessions for read:user,repo,user:email,workflow...
