2026-01-14 16:34:01.596 [info] [main] Log level: Info
2026-01-14 16:34:01.596 [info] [main] Validating found git in: "git"
2026-01-14 16:34:01.596 [info] [main] Using git "2.52.0" from "git"
2026-01-14 16:34:01.596 [info] [Model][doInitialScan] Initial repository scan started
2026-01-14 16:34:01.598 [info] > git rev-parse --show-toplevel [16ms]
2026-01-14 16:34:01.598 [info] fatal: not a git repository (or any parent up to mount point /)
Stopping at filesystem boundary (GIT_DISCOVERY_ACROSS_FILESYSTEM not set).
2026-01-14 16:34:01.620 [info] > git rev-parse --show-toplevel [8ms]
2026-01-14 16:34:01.620 [info] fatal: not a git repository (or any parent up to mount point /)
Stopping at filesystem boundary (GIT_DISCOVERY_ACROSS_FILESYSTEM not set).
2026-01-14 16:34:01.631 [info] > git rev-parse --show-toplevel [2ms]
2026-01-14 16:34:01.631 [info] fatal: not a git repository (or any parent up to mount point /)
Stopping at filesystem boundary (GIT_DISCOVERY_ACROSS_FILESYSTEM not set).
2026-01-14 16:34:01.648 [info] > git rev-parse --show-toplevel [2ms]
2026-01-14 16:34:01.648 [info] fatal: not a git repository (or any parent up to mount point /)
Stopping at filesystem boundary (GIT_DISCOVERY_ACROSS_FILESYSTEM not set).
2026-01-14 16:34:01.654 [info] > git rev-parse --show-toplevel [1ms]
2026-01-14 16:34:01.654 [info] fatal: not a git repository (or any parent up to mount point /)
Stopping at filesystem boundary (GIT_DISCOVERY_ACROSS_FILESYSTEM not set).
2026-01-14 16:34:01.664 [info] > git rev-parse --show-toplevel [2ms]
2026-01-14 16:34:01.664 [info] fatal: not a git repository (or any parent up to mount point /)
Stopping at filesystem boundary (GIT_DISCOVERY_ACROSS_FILESYSTEM not set).
2026-01-14 16:34:01.672 [info] > git rev-parse --show-toplevel [2ms]
2026-01-14 16:34:01.672 [info] fatal: not a git repository (or any parent up to mount point /)
Stopping at filesystem boundary (GIT_DISCOVERY_ACROSS_FILESYSTEM not set).
2026-01-14 16:34:01.681 [info] > git rev-parse --show-toplevel [1ms]
2026-01-14 16:34:01.682 [info] fatal: not a git repository (or any parent up to mount point /)
Stopping at filesystem boundary (GIT_DISCOVERY_ACROSS_FILESYSTEM not set).
2026-01-14 16:34:01.691 [info] > git rev-parse --show-toplevel [3ms]
2026-01-14 16:34:01.691 [info] fatal: not a git repository (or any parent up to mount point /)
Stopping at filesystem boundary (GIT_DISCOVERY_ACROSS_FILESYSTEM not set).
2026-01-14 16:34:01.705 [info] > git rev-parse --show-toplevel [6ms]
2026-01-14 16:34:01.705 [info] fatal: not a git repository (or any parent up to mount point /)
Stopping at filesystem boundary (GIT_DISCOVERY_ACROSS_FILESYSTEM not set).
2026-01-14 16:34:01.727 [info] > git rev-parse --show-toplevel [12ms]
2026-01-14 16:34:01.727 [info] fatal: not a git repository (or any parent up to mount point /)
Stopping at filesystem boundary (GIT_DISCOVERY_ACROSS_FILESYSTEM not set).
2026-01-14 16:34:01.736 [info] > git rev-parse --show-toplevel [3ms]
2026-01-14 16:34:01.736 [info] fatal: not a git repository (or any parent up to mount point /)
Stopping at filesystem boundary (GIT_DISCOVERY_ACROSS_FILESYSTEM not set).
2026-01-14 16:34:01.746 [info] > git rev-parse --show-toplevel [2ms]
2026-01-14 16:34:01.746 [info] fatal: not a git repository (or any parent up to mount point /)
Stopping at filesystem boundary (GIT_DISCOVERY_ACROSS_FILESYSTEM not set).
2026-01-14 16:34:01.799 [info] > git rev-parse --show-toplevel [11ms]
2026-01-14 16:34:01.799 [info] fatal: not a git repository (or any parent up to mount point /)
Stopping at filesystem boundary (GIT_DISCOVERY_ACROSS_FILESYSTEM not set).
2026-01-14 16:34:01.809 [info] > git rev-parse --show-toplevel [2ms]
2026-01-14 16:34:01.810 [info] fatal: not a git repository (or any parent up to mount point /)
Stopping at filesystem boundary (GIT_DISCOVERY_ACROSS_FILESYSTEM not set).
2026-01-14 16:34:01.820 [info] > git rev-parse --show-toplevel [2ms]
2026-01-14 16:34:01.820 [info] fatal: not a git repository (or any parent up to mount point /)
Stopping at filesystem boundary (GIT_DISCOVERY_ACROSS_FILESYSTEM not set).
2026-01-14 16:34:01.829 [info] > git rev-parse --show-toplevel [2ms]
2026-01-14 16:34:01.829 [info] fatal: not a git repository (or any parent up to mount point /)
Stopping at filesystem boundary (GIT_DISCOVERY_ACROSS_FILESYSTEM not set).
2026-01-14 16:34:01.835 [info] > git rev-parse --show-toplevel [1ms]
2026-01-14 16:34:01.835 [info] fatal: not a git repository (or any parent up to mount point /)
Stopping at filesystem boundary (GIT_DISCOVERY_ACROSS_FILESYSTEM not set).
2026-01-14 16:34:01.846 [info] > git rev-parse --show-toplevel [2ms]
2026-01-14 16:34:01.846 [info] fatal: not a git repository (or any parent up to mount point /)
Stopping at filesystem boundary (GIT_DISCOVERY_ACROSS_FILESYSTEM not set).
2026-01-14 16:34:01.854 [info] > git rev-parse --show-toplevel [3ms]
2026-01-14 16:34:01.854 [info] fatal: not a git repository (or any parent up to mount point /)
Stopping at filesystem boundary (GIT_DISCOVERY_ACROSS_FILESYSTEM not set).
2026-01-14 16:34:01.863 [info] > git rev-parse --show-toplevel [2ms]
2026-01-14 16:34:01.863 [info] fatal: not a git repository (or any parent up to mount point /)
Stopping at filesystem boundary (GIT_DISCOVERY_ACROSS_FILESYSTEM not set).
2026-01-14 16:34:01.863 [info] [Model][doInitialScan] Initial repository scan completed - repositories (0), closed repositories (0), parent repositories (0), unsafe repositories (0)
2026-01-14 16:34:01.871 [info] > git rev-parse --show-toplevel [2ms]
2026-01-14 16:34:01.871 [info] fatal: not a git repository (or any parent up to mount point /)
Stopping at filesystem boundary (GIT_DISCOVERY_ACROSS_FILESYSTEM not set).
2026-01-14 16:34:02.041 [info] > git rev-parse --show-toplevel [4ms]
2026-01-14 16:34:02.041 [info] fatal: not a git repository (or any parent up to mount point /)
Stopping at filesystem boundary (GIT_DISCOVERY_ACROSS_FILESYSTEM not set).
2026-01-14 16:34:02.235 [info] > git rev-parse --show-toplevel [2ms]
2026-01-14 16:34:02.235 [info] fatal: not a git repository (or any parent up to mount point /)
Stopping at filesystem boundary (GIT_DISCOVERY_ACROSS_FILESYSTEM not set).
2026-01-14 16:34:02.524 [info] > git rev-parse --show-toplevel [3ms]
2026-01-14 16:34:02.525 [info] fatal: not a git repository (or any parent up to mount point /)
Stopping at filesystem boundary (GIT_DISCOVERY_ACROSS_FILESYSTEM not set).
2026-01-14 16:36:37.987 [info] > git rev-parse --show-toplevel [2ms]
2026-01-14 16:36:37.987 [info] fatal: not a git repository (or any parent up to mount point /)
Stopping at filesystem boundary (GIT_DISCOVERY_ACROSS_FILESYSTEM not set).
2026-01-14 16:36:39.070 [info] > git rev-parse --show-toplevel [4ms]
2026-01-14 16:36:39.070 [info] fatal: not a git repository (or any parent up to mount point /)
Stopping at filesystem boundary (GIT_DISCOVERY_ACROSS_FILESYSTEM not set).
2026-01-14 16:36:45.240 [info] > git rev-parse --show-toplevel [2ms]
2026-01-14 16:36:45.240 [info] fatal: not a git repository (or any parent up to mount point /)
Stopping at filesystem boundary (GIT_DISCOVERY_ACROSS_FILESYSTEM not set).
