2026-01-17 09:26:12.045 [info] [main] Log level: Info
2026-01-17 09:26:12.045 [info] [main] Validating found git in: "git"
2026-01-17 09:26:12.045 [info] [main] Using git "2.52.0" from "git"
2026-01-17 09:26:12.045 [info] [Model][doInitialScan] Initial repository scan started
2026-01-17 09:26:12.045 [info] > git rev-parse --show-toplevel [26ms]
2026-01-17 09:26:12.045 [info] > git rev-parse --show-toplevel [2ms]
2026-01-17 09:26:12.045 [info] > git rev-parse --show-toplevel [2ms]
2026-01-17 09:26:12.045 [info] > git rev-parse --show-toplevel [2ms]
2026-01-17 09:26:12.045 [info] > git rev-parse --show-toplevel [1ms]
2026-01-17 09:26:12.045 [info] > git rev-parse --show-toplevel [2ms]
2026-01-17 09:26:12.045 [info] > git rev-parse --show-toplevel [3ms]
2026-01-17 09:26:12.045 [info] > git rev-parse --show-toplevel [3ms]
2026-01-17 09:26:12.045 [info] > git rev-parse --show-toplevel [12ms]
2026-01-17 09:26:12.058 [info] > git rev-parse --show-toplevel [7ms]
2026-01-17 09:26:12.106 [info] > git rev-parse --show-toplevel [39ms]
2026-01-17 09:26:12.121 [info] > git rev-parse --show-toplevel [2ms]
2026-01-17 09:26:12.129 [info] > git rev-parse --show-toplevel [2ms]
2026-01-17 09:26:12.137 [info] > git rev-parse --show-toplevel [2ms]
2026-01-17 09:26:12.145 [info] > git rev-parse --show-toplevel [2ms]
2026-01-17 09:26:12.153 [info] > git rev-parse --show-toplevel [2ms]
2026-01-17 09:26:12.161 [info] > git rev-parse --show-toplevel [1ms]
2026-01-17 09:26:12.168 [info] > git rev-parse --show-toplevel [1ms]
2026-01-17 09:26:12.177 [info] > git rev-parse --show-toplevel [2ms]
2026-01-17 09:26:12.186 [info] > git rev-parse --show-toplevel [3ms]
2026-01-17 09:26:12.196 [info] > git rev-parse --show-toplevel [1ms]
2026-01-17 09:26:12.206 [info] > git rev-parse --show-toplevel [2ms]
2026-01-17 09:26:12.215 [info] > git rev-parse --show-toplevel [2ms]
2026-01-17 09:26:12.224 [info] > git rev-parse --show-toplevel [2ms]
2026-01-17 09:26:12.232 [info] > git rev-parse --show-toplevel [1ms]
2026-01-17 09:26:12.241 [info] > git rev-parse --show-toplevel [2ms]
2026-01-17 09:26:12.248 [info] > git rev-parse --show-toplevel [2ms]
2026-01-17 09:26:12.256 [info] > git rev-parse --show-toplevel [2ms]
2026-01-17 09:26:12.264 [info] > git rev-parse --show-toplevel [1ms]
2026-01-17 09:26:12.272 [info] > git rev-parse --show-toplevel [1ms]
2026-01-17 09:26:12.280 [info] > git rev-parse --show-toplevel [1ms]
2026-01-17 09:26:12.281 [info] [Model][doInitialScan] Initial repository scan completed - repositories (0), closed repositories (0), parent repositories (1), unsafe repositories (0)
2026-01-17 09:26:12.289 [info] > git rev-parse --show-toplevel [2ms]
2026-01-17 09:26:12.416 [info] > git rev-parse --show-toplevel [2ms]
2026-01-17 09:26:12.613 [info] > git rev-parse --show-toplevel [2ms]
2026-01-17 09:26:13.054 [info] > git rev-parse --show-toplevel [3ms]
