2026-01-15 18:08:13.860 [info] [main] Log level: Info
2026-01-15 18:08:13.860 [info] [main] Validating found git in: "git"
2026-01-15 18:08:13.860 [info] [main] Using git "2.52.0" from "git"
2026-01-15 18:08:13.860 [info] [Model][doInitialScan] Initial repository scan started
2026-01-15 18:08:13.860 [info] > git rev-parse --show-toplevel [28ms]
2026-01-15 18:08:13.860 [info] > git rev-parse --show-toplevel [3ms]
2026-01-15 18:08:13.860 [info] > git rev-parse --show-toplevel [2ms]
2026-01-15 18:08:13.860 [info] > git rev-parse --show-toplevel [3ms]
2026-01-15 18:08:13.860 [info] > git rev-parse --show-toplevel [2ms]
2026-01-15 18:08:13.860 [info] > git rev-parse --show-toplevel [3ms]
2026-01-15 18:08:13.860 [info] > git rev-parse --show-toplevel [6ms]
2026-01-15 18:08:13.860 [info] > git rev-parse --show-toplevel [2ms]
2026-01-15 18:08:13.860 [info] > git rev-parse --show-toplevel [2ms]
2026-01-15 18:08:13.881 [info] > git rev-parse --show-toplevel [2ms]
2026-01-15 18:08:13.889 [info] > git rev-parse --show-toplevel [1ms]
2026-01-15 18:08:13.900 [info] > git rev-parse --show-toplevel [2ms]
2026-01-15 18:08:13.911 [info] > git rev-parse --show-toplevel [2ms]
2026-01-15 18:08:13.921 [info] > git rev-parse --show-toplevel [2ms]
2026-01-15 18:08:13.971 [info] > git rev-parse --show-toplevel [8ms]
2026-01-15 18:08:13.980 [info] > git rev-parse --show-toplevel [1ms]
2026-01-15 18:08:13.989 [info] > git rev-parse --show-toplevel [2ms]
2026-01-15 18:08:13.997 [info] > git rev-parse --show-toplevel [2ms]
2026-01-15 18:08:14.006 [info] > git rev-parse --show-toplevel [2ms]
2026-01-15 18:08:14.015 [info] > git rev-parse --show-toplevel [2ms]
2026-01-15 18:08:14.024 [info] > git rev-parse --show-toplevel [2ms]
2026-01-15 18:08:14.033 [info] > git rev-parse --show-toplevel [2ms]
2026-01-15 18:08:14.043 [info] > git rev-parse --show-toplevel [2ms]
2026-01-15 18:08:14.053 [info] > git rev-parse --show-toplevel [3ms]
2026-01-15 18:08:14.063 [info] > git rev-parse --show-toplevel [1ms]
2026-01-15 18:08:14.072 [info] > git rev-parse --show-toplevel [3ms]
2026-01-15 18:08:14.080 [info] > git rev-parse --show-toplevel [2ms]
2026-01-15 18:08:14.089 [info] > git rev-parse --show-toplevel [2ms]
2026-01-15 18:08:14.098 [info] > git rev-parse --show-toplevel [2ms]
2026-01-15 18:08:14.099 [info] [Model][doInitialScan] Initial repository scan completed - repositories (0), closed repositories (0), parent repositories (1), unsafe repositories (0)
2026-01-15 18:08:14.109 [info] > git rev-parse --show-toplevel [2ms]
2026-01-15 18:08:14.416 [info] > git rev-parse --show-toplevel [2ms]
2026-01-15 18:08:14.583 [info] > git rev-parse --show-toplevel [2ms]
2026-01-15 18:08:17.500 [info] > git rev-parse --show-toplevel [2ms]
