2026-01-15 20:15:27.746 [info] [main] Log level: Info
2026-01-15 20:15:27.747 [info] [main] Validating found git in: "git"
2026-01-15 20:15:27.747 [info] [main] Using git "2.52.0" from "git"
2026-01-15 20:15:27.747 [info] [Model][doInitialScan] Initial repository scan started
2026-01-15 20:15:27.747 [info] [Model][doInitialScan] Initial repository scan completed - repositories (0), closed repositories (0), parent repositories (0), unsafe repositories (0)
2026-01-15 20:16:32.507 [info] [main] Log level: Info
2026-01-15 20:16:32.507 [info] [main] Validating found git in: "git"
2026-01-15 20:16:32.507 [info] [main] Using git "2.52.0" from "git"
2026-01-15 20:16:32.507 [info] [Model][doInitialScan] Initial repository scan started
2026-01-15 20:16:32.507 [info] > git rev-parse --show-toplevel [18ms]
2026-01-15 20:16:32.522 [info] > git rev-parse --git-dir --git-common-dir --show-superproject-working-tree [7ms]
2026-01-15 20:16:32.542 [info] [Model][openRepository] Opened repository (path): /home/pavan
2026-01-15 20:16:32.542 [info] [Model][openRepository] Opened repository (real path): /home/pavan
2026-01-15 20:16:32.542 [info] [Model][openRepository] Opened repository (kind): repository
2026-01-15 20:16:32.559 [info] > git config --get commit.template [5ms]
2026-01-15 20:16:32.571 [info] > git for-each-ref --format=%(refname)%00%(upstream:short)%00%(objectname)%00%(upstream:track)%00%(upstream:remotename)%00%(upstream:remoteref) refs/heads/main refs/remotes/main [4ms]
2026-01-15 20:16:32.642 [info] > git for-each-ref --sort -committerdate --format %(refname)%00%(objectname)%00%(*objectname) [5ms]
2026-01-15 20:16:32.654 [info] > git rev-parse --show-toplevel [1ms]
2026-01-15 20:16:32.663 [info] > git rev-parse --show-toplevel [1ms]
2026-01-15 20:16:32.670 [info] > git rev-parse --show-toplevel [1ms]
2026-01-15 20:16:32.679 [info] > git rev-parse --show-toplevel [2ms]
2026-01-15 20:16:32.686 [info] > git rev-parse --show-toplevel [2ms]
2026-01-15 20:16:32.694 [info] > git rev-parse --show-toplevel [1ms]
2026-01-15 20:16:32.704 [info] > git rev-parse --show-toplevel [1ms]
2026-01-15 20:16:32.713 [info] > git rev-parse --show-toplevel [1ms]
2026-01-15 20:16:32.723 [info] > git rev-parse --show-toplevel [2ms]
2026-01-15 20:16:32.734 [info] > git rev-parse --git-dir --git-common-dir --show-superproject-working-tree [4ms]
2026-01-15 20:16:32.742 [info] [Model][openRepository] Opened repository (path): /home/pavan/.oh-my-zsh
2026-01-15 20:16:32.742 [info] [Model][openRepository] Opened repository (real path): /home/pavan/.oh-my-zsh
2026-01-15 20:16:32.742 [info] [Model][openRepository] Opened repository (kind): repository
2026-01-15 20:16:32.761 [info] > git rev-parse --show-toplevel [3ms]
2026-01-15 20:16:32.762 [info] > git config --get commit.template [12ms]
2026-01-15 20:16:32.781 [info] > git rev-parse --show-toplevel [9ms]
2026-01-15 20:16:32.791 [info] > git for-each-ref --format=%(refname)%00%(upstream:short)%00%(objectname)%00%(upstream:track)%00%(upstream:remotename)%00%(upstream:remoteref) refs/heads/master refs/remotes/master [11ms]
2026-01-15 20:16:32.793 [info] > git rev-parse --show-toplevel [3ms]
2026-01-15 20:16:32.817 [info] > git rev-parse --show-toplevel [18ms]
2026-01-15 20:16:32.826 [info] > git for-each-ref --sort -committerdate --format %(refname)%00%(objectname)%00%(*objectname) [10ms]
2026-01-15 20:16:32.828 [info] > git rev-parse --show-toplevel [3ms]
2026-01-15 20:16:32.837 [info] > git rev-parse --show-toplevel [2ms]
2026-01-15 20:16:32.847 [info] > git rev-parse --show-toplevel [2ms]
2026-01-15 20:16:32.855 [info] > git rev-parse --show-toplevel [2ms]
2026-01-15 20:16:32.865 [info] > git rev-parse --show-toplevel [3ms]
2026-01-15 20:16:32.874 [info] > git rev-parse --show-toplevel [2ms]
2026-01-15 20:16:32.883 [info] > git rev-parse --show-toplevel [2ms]
2026-01-15 20:16:32.891 [info] > git rev-parse --show-toplevel [1ms]
2026-01-15 20:16:32.900 [info] > git rev-parse --show-toplevel [1ms]
2026-01-15 20:16:32.908 [info] > git rev-parse --show-toplevel [1ms]
2026-01-15 20:16:32.921 [info] > git rev-parse --git-dir --git-common-dir --show-superproject-working-tree [6ms]
2026-01-15 20:16:32.931 [info] [Model][openRepository] Opened repository (path): /home/pavan/fastfetch
2026-01-15 20:16:32.931 [info] [Model][openRepository] Opened repository (real path): /home/pavan/fastfetch
2026-01-15 20:16:32.931 [info] [Model][openRepository] Opened repository (kind): repository
2026-01-15 20:16:32.948 [info] > git status -z -uall [139ms]
2026-01-15 20:16:32.996 [info] > git for-each-ref --format=%(refname)%00%(upstream:short)%00%(objectname)%00%(upstream:track)%00%(upstream:remotename)%00%(upstream:remoteref) refs/heads/master refs/remotes/master [12ms]
2026-01-15 20:16:33.003 [info] > git rev-parse --show-toplevel [56ms]
2026-01-15 20:16:33.004 [info] > git config --get commit.template [64ms]
2026-01-15 20:16:33.018 [info] > git config --get --local branch.master.vscode-merge-base [15ms]
2026-01-15 20:16:33.018 [warning] [Git][config] git config failed: Failed to execute git
2026-01-15 20:16:33.026 [info] > git config --get commit.template [31ms]
2026-01-15 20:16:33.036 [info] > git rev-parse --git-dir --git-common-dir --show-superproject-working-tree [19ms]
2026-01-15 20:16:33.044 [info] [Model][openRepository] Opened repository (path): /home/pavan/yay-bin
2026-01-15 20:16:33.044 [info] [Model][openRepository] Opened repository (real path): /home/pavan/yay-bin
2026-01-15 20:16:33.044 [info] [Model][openRepository] Opened repository (kind): repository
2026-01-15 20:16:33.045 [info] [Model][doInitialScan] Initial repository scan completed - repositories (4), closed repositories (0), parent repositories (0), unsafe repositories (0)
2026-01-15 20:16:33.062 [info] > git for-each-ref --format=%(refname)%00%(upstream:short)%00%(objectname)%00%(upstream:track)%00%(upstream:remotename)%00%(upstream:remoteref) refs/heads/dev refs/remotes/dev [27ms]
2026-01-15 20:16:33.063 [info] > git reflog master --grep-reflog=branch: Created from *. [36ms]
2026-01-15 20:16:33.079 [warning] [Git][revParse] Unable to read file: ENOENT: no such file or directory, open '/home/pavan/fastfetch/.git/refs/remotes/origin/dev'
2026-01-15 20:16:33.080 [info] > git for-each-ref --format=%(refname)%00%(upstream:short)%00%(objectname)%00%(upstream:track)%00%(upstream:remotename)%00%(upstream:remoteref) refs/heads/origin/master refs/remotes/origin/master [10ms]
2026-01-15 20:16:33.088 [info] > git config --get commit.template [27ms]
2026-01-15 20:16:33.088 [info] > git for-each-ref --format=%(refname)%00%(upstream:short)%00%(objectname)%00%(upstream:track)%00%(upstream:remotename)%00%(upstream:remoteref) refs/heads/master refs/remotes/master [35ms]
2026-01-15 20:16:33.094 [info] > git config --add --local branch.master.vscode-merge-base origin/master [6ms]
2026-01-15 20:16:33.095 [info] > git rev-parse refs/remotes/origin/dev [16ms]
2026-01-15 20:16:33.127 [info] > git for-each-ref --format=%(refname)%00%(upstream:short)%00%(objectname)%00%(upstream:track)%00%(upstream:remotename)%00%(upstream:remoteref) refs/heads/master refs/remotes/master [9ms]
2026-01-15 20:16:33.127 [info] > git for-each-ref --sort -committerdate --format %(refname)%00%(objectname)%00%(*objectname) [18ms]
2026-01-15 20:16:33.139 [warning] [Git][revParse] Unable to read file: ENOENT: no such file or directory, open '/home/pavan/yay-bin/.git/refs/remotes/origin/master'
2026-01-15 20:16:33.140 [info] > git config --get commit.template [15ms]
2026-01-15 20:16:33.149 [info] > git rev-parse refs/remotes/origin/master [10ms]
2026-01-15 20:16:33.167 [info] > git status -z -uall [11ms]
2026-01-15 20:16:33.168 [info] > git for-each-ref --format=%(refname)%00%(upstream:short)%00%(objectname)%00%(upstream:track)%00%(upstream:remotename)%00%(upstream:remoteref) refs/heads/master refs/remotes/master [21ms]
2026-01-15 20:16:33.169 [info] > git for-each-ref --sort -committerdate --format %(refname)%00%(objectname)%00%(*objectname) [4ms]
2026-01-15 20:16:33.193 [info] > git for-each-ref --format=%(refname)%00%(upstream:short)%00%(objectname)%00%(upstream:track)%00%(upstream:remotename)%00%(upstream:remoteref) refs/heads/master refs/remotes/master [11ms]
2026-01-15 20:16:33.205 [info] > git config --get --local branch.master.vscode-merge-base [3ms]
2026-01-15 20:16:33.205 [warning] [Git][config] git config failed: Failed to execute git
2026-01-15 20:16:33.214 [info] > git config --get commit.template [22ms]
2026-01-15 20:16:33.239 [info] > git status -z -uall [138ms]
2026-01-15 20:16:33.256 [info] > git reflog master --grep-reflog=branch: Created from *. [41ms]
2026-01-15 20:16:33.272 [info] > git for-each-ref --format=%(refname)%00%(upstream:short)%00%(objectname)%00%(upstream:track)%00%(upstream:remotename)%00%(upstream:remoteref) refs/heads/dev refs/remotes/dev [17ms]
2026-01-15 20:16:33.279 [info] > git for-each-ref --format=%(refname)%00%(upstream:short)%00%(objectname)%00%(upstream:track)%00%(upstream:remotename)%00%(upstream:remoteref) refs/heads/master refs/remotes/master [40ms]
2026-01-15 20:16:33.280 [info] > git for-each-ref --sort -committerdate --format %(refname)%00%(objectname)%00%(*objectname) [50ms]
2026-01-15 20:16:33.290 [warning] [Git][revParse] Unable to read file: ENOENT: no such file or directory, open '/home/pavan/yay-bin/.git/refs/remotes/origin/master'
2026-01-15 20:16:33.291 [info] > git status -z -uall [68ms]
2026-01-15 20:16:33.291 [info] > git config --get --local branch.dev.vscode-merge-base [12ms]
2026-01-15 20:16:33.291 [warning] [Git][config] git config failed: Failed to execute git
2026-01-15 20:16:33.298 [info] > git config --get commit.template [27ms]
2026-01-15 20:16:33.320 [info] > git symbolic-ref --short refs/remotes/origin/HEAD [57ms]
2026-01-15 20:16:33.327 [info] > git merge-base refs/heads/master refs/remotes/origin/master [8ms]
2026-01-15 20:16:33.335 [info] > git merge-base refs/heads/master refs/remotes/origin/master [25ms]
2026-01-15 20:16:33.343 [info] > git reflog dev --grep-reflog=branch: Created from *. [45ms]
2026-01-15 20:16:33.349 [info] > git rev-parse refs/remotes/origin/master [58ms]
2026-01-15 20:16:33.371 [info] > git status -z -uall [17ms]
2026-01-15 20:16:33.371 [info] > git for-each-ref --sort -committerdate --format %(refname)%00%(objectname)%00%(*objectname) [10ms]
2026-01-15 20:16:33.374 [info] > git symbolic-ref --short refs/remotes/origin/HEAD [26ms]
2026-01-15 20:16:33.381 [info] > git diff --name-status -z --diff-filter=ADMR --find-renames=50% ec14da72fbf8b5016bb1533d4af3ff3bb2ac7a19...refs/remotes/origin/master -- [39ms]
2026-01-15 20:16:33.382 [info] > git diff --name-status -z --diff-filter=ADMR --find-renames=50% ec14da72fbf8b5016bb1533d4af3ff3bb2ac7a19...refs/remotes/origin/master -- [47ms]
2026-01-15 20:16:33.383 [info] > git for-each-ref --format=%(refname)%00%(upstream:short)%00%(objectname)%00%(upstream:track)%00%(upstream:remotename)%00%(upstream:remoteref) refs/heads/origin/master refs/remotes/origin/master [56ms]
2026-01-15 20:16:33.391 [info] > git config --add --local branch.master.vscode-merge-base origin/master [2ms]
2026-01-15 20:16:33.392 [info] > git for-each-ref --format=%(refname)%00%(upstream:short)%00%(objectname)%00%(upstream:track)%00%(upstream:remotename)%00%(upstream:remoteref) refs/heads/origin/dev refs/remotes/origin/dev [12ms]
2026-01-15 20:16:33.399 [info] > git for-each-ref --format=%(refname)%00%(upstream:short)%00%(objectname)%00%(upstream:track)%00%(upstream:remotename)%00%(upstream:remoteref) refs/heads/dev refs/remotes/dev [29ms]
2026-01-15 20:16:33.413 [warning] [Git][revParse] Unable to read file: ENOENT: no such file or directory, open '/home/pavan/fastfetch/.git/refs/remotes/origin/dev'
2026-01-15 20:16:33.413 [info] > git config --add --local branch.dev.vscode-merge-base origin/dev [14ms]
2026-01-15 20:16:33.420 [info] > git rev-parse refs/remotes/origin/dev [8ms]
2026-01-15 20:16:33.424 [info] > git config --get commit.template [17ms]
2026-01-15 20:16:33.425 [info] > git config --get commit.template [5ms]
2026-01-15 20:16:33.437 [info] > git for-each-ref --format=%(refname)%00%(upstream:short)%00%(objectname)%00%(upstream:track)%00%(upstream:remotename)%00%(upstream:remoteref) refs/heads/master refs/remotes/master [6ms]
2026-01-15 20:16:33.443 [warning] [Git][revParse] Unable to read file: ENOENT: no such file or directory, open '/home/pavan/yay-bin/.git/refs/remotes/origin/master'
2026-01-15 20:16:33.444 [info] > git for-each-ref --format=%(refname)%00%(upstream:short)%00%(objectname)%00%(upstream:track)%00%(upstream:remotename)%00%(upstream:remoteref) refs/heads/dev refs/remotes/dev [8ms]
2026-01-15 20:16:33.450 [warning] [Git][revParse] Unable to read file: ENOENT: no such file or directory, open '/home/pavan/fastfetch/.git/refs/remotes/origin/dev'
2026-01-15 20:16:33.451 [info] > git rev-parse refs/remotes/origin/master [7ms]
2026-01-15 20:16:33.467 [info] > git status -z -uall [8ms]
2026-01-15 20:16:33.468 [info] > git rev-parse refs/remotes/origin/dev [18ms]
2026-01-15 20:16:33.481 [info] > git for-each-ref --sort -committerdate --format %(refname)%00%(objectname)%00%(*objectname) [14ms]
2026-01-15 20:16:33.505 [info] > git merge-base refs/heads/master refs/remotes/origin/master [10ms]
2026-01-15 20:16:33.513 [info] > git for-each-ref --sort -committerdate --format %(refname)%00%(objectname)%00%(*objectname) [33ms]
2026-01-15 20:16:33.516 [info] > git diff --name-status -z --diff-filter=ADMR --find-renames=50% 1751e24c436c5909ae8d5b1f119e026101e28e3c...refs/remotes/origin/master -- [3ms]
2026-01-15 20:16:33.516 [info] > git merge-base refs/heads/master refs/remotes/origin/master [13ms]
2026-01-15 20:16:33.524 [info] > git status -z -uall [50ms]
2026-01-15 20:16:33.547 [info] > git merge-base refs/heads/dev refs/remotes/origin/dev [5ms]
2026-01-15 20:16:33.553 [info] > git merge-base refs/heads/dev refs/remotes/origin/dev [20ms]
2026-01-15 20:16:33.560 [info] > git diff --name-status -z --diff-filter=ADMR --find-renames=50% 1751e24c436c5909ae8d5b1f119e026101e28e3c...refs/remotes/origin/master -- [37ms]
2026-01-15 20:16:33.562 [info] > git diff --name-status -z --diff-filter=ADMR --find-renames=50% de6d066fc99efb920b06b36e3e7cb585833c88dc...refs/remotes/origin/dev -- [9ms]
2026-01-15 20:16:33.563 [info] > git diff --name-status -z --diff-filter=ADMR --find-renames=50% de6d066fc99efb920b06b36e3e7cb585833c88dc...refs/remotes/origin/dev -- [3ms]
2026-01-15 20:16:33.626 [info] > git check-ignore -v -z --stdin [27ms]
2026-01-15 20:16:33.628 [info] > git check-ignore -v -z --stdin [21ms]
2026-01-15 20:16:33.628 [info] > git check-ignore -v -z --stdin [15ms]
2026-01-15 20:16:33.629 [info] > git check-ignore -v -z --stdin [10ms]
2026-01-15 20:16:33.777 [info] > git status -z -uall [1148ms] (cancelled)
2026-01-15 20:16:33.777 [info] > git for-each-ref --format=%(refname)%00%(upstream:short)%00%(objectname)%00%(upstream:track)%00%(upstream:remotename)%00%(upstream:remoteref) refs/heads/main refs/remotes/main [9ms]
2026-01-15 20:16:35.255 [info] > git config --get --local branch.main.vscode-merge-base [1471ms]
2026-01-15 20:16:35.255 [warning] [Git][config] git config failed: Failed to execute git
2026-01-15 20:16:35.264 [info] > git config --get commit.template [1486ms]
2026-01-15 20:16:35.277 [info] > git reflog main --grep-reflog=branch: Created from *. [14ms]
2026-01-15 20:16:35.295 [info] > git symbolic-ref --short refs/remotes/origin/HEAD [9ms]
2026-01-15 20:16:35.295 [info] fatal: ref refs/remotes/origin/HEAD is not a symbolic ref
2026-01-15 20:16:35.295 [warning] [Repository][getDefaultBranch] Failed to get default branch details: Failed to execute git.
2026-01-15 20:16:35.306 [info] > git config --get commit.template [30ms]
2026-01-15 20:16:35.306 [info] > git for-each-ref --format=%(refname)%00%(upstream:short)%00%(objectname)%00%(upstream:track)%00%(upstream:remotename)%00%(upstream:remoteref) refs/heads/main refs/remotes/main [12ms]
2026-01-15 20:16:35.315 [info] > git merge-base refs/heads/main refs/remotes/origin/main [10ms]
2026-01-15 20:16:35.323 [info] > git for-each-ref --format=%(refname)%00%(upstream:short)%00%(objectname)%00%(upstream:track)%00%(upstream:remotename)%00%(upstream:remoteref) refs/heads/master refs/remotes/master [9ms]
2026-01-15 20:16:35.338 [info] > git diff --name-status -z --diff-filter=ADMR --find-renames=50% 1318d4186a08a29c5862dcc712c3b78a4573632b...refs/remotes/origin/main -- [16ms]
2026-01-15 20:16:35.353 [info] > git for-each-ref --sort -committerdate --format %(refname)%00%(objectname)%00%(*objectname) [16ms]
2026-01-15 20:16:35.354 [info] > git for-each-ref --sort -committerdate --format %(refname)%00%(objectname)%00%(*objectname) [2ms]
2026-01-15 20:16:35.391 [info] > git status -z -uall [46ms]
2026-01-15 20:16:36.128 [info] > git status -z -uall [800ms] (cancelled)
2026-01-15 20:16:37.608 [info] > git config --get commit.template [10ms]
2026-01-15 20:16:37.608 [info] > git config --get commit.template [1ms]
2026-01-15 20:16:37.623 [info] > git for-each-ref --format=%(refname)%00%(upstream:short)%00%(objectname)%00%(upstream:track)%00%(upstream:remotename)%00%(upstream:remoteref) refs/heads/dev refs/remotes/dev [9ms]
2026-01-15 20:16:37.630 [warning] [Git][revParse] Unable to read file: ENOENT: no such file or directory, open '/home/pavan/fastfetch/.git/refs/remotes/origin/dev'
2026-01-15 20:16:37.630 [info] > git for-each-ref --format=%(refname)%00%(upstream:short)%00%(objectname)%00%(upstream:track)%00%(upstream:remotename)%00%(upstream:remoteref) refs/heads/master refs/remotes/master [7ms]
2026-01-15 20:16:37.637 [warning] [Git][revParse] Unable to read file: ENOENT: no such file or directory, open '/home/pavan/yay-bin/.git/refs/remotes/origin/master'
2026-01-15 20:16:37.638 [info] > git rev-parse refs/remotes/origin/dev [9ms]
2026-01-15 20:16:37.652 [info] > git rev-parse refs/remotes/origin/master [15ms]
2026-01-15 20:16:37.667 [info] > git status -z -uall [9ms]
2026-01-15 20:16:37.668 [info] > git for-each-ref --sort -committerdate --format %(refname)%00%(objectname)%00%(*objectname) [17ms]
2026-01-15 20:16:37.671 [info] > git for-each-ref --sort -committerdate --format %(refname)%00%(objectname)%00%(*objectname) [6ms]
2026-01-15 20:16:37.688 [info] > git status -z -uall [44ms]
2026-01-15 20:16:39.503 [info] > git check-ignore -v -z --stdin [5ms]
2026-01-15 20:16:42.426 [info] > git check-ignore -v -z --stdin [6ms]
2026-01-15 20:17:27.391 [info] > git check-ignore -v -z --stdin [4ms]
