2026-01-17 10:58:29.701 [info] Reading sessions from keychain...
2026-01-17 10:58:29.701 [info] Getting sessions for all scopes...
2026-01-17 10:58:29.701 [info] Got 0 sessions for ...
2026-01-17 10:58:29.701 [info] Getting sessions for all scopes...
2026-01-17 10:58:29.701 [info] Got 0 sessions for ...
2026-01-17 10:58:29.701 [info] Getting sessions for all scopes...
2026-01-17 10:58:29.701 [info] Got 0 sessions for ...
2026-01-17 10:58:29.701 [info] Getting sessions for all scopes...
2026-01-17 10:58:29.701 [info] Got 0 sessions for ...
2026-01-17 10:58:29.701 [info] Getting sessions for all scopes...
2026-01-17 10:58:29.701 [info] Got 0 sessions for ...
2026-01-17 10:58:29.701 [info] Getting sessions for all scopes...
2026-01-17 10:58:29.701 [info] Got 0 sessions for ...
2026-01-17 10:58:29.701 [info] Getting sessions for all scopes...
2026-01-17 10:58:29.701 [info] Got 0 sessions for ...
2026-01-17 10:58:29.701 [info] Getting sessions for all scopes...
2026-01-17 10:58:29.701 [info] Got 0 sessions for ...
2026-01-17 10:58:29.701 [info] Getting sessions for all scopes...
2026-01-17 10:58:29.701 [info] Got 0 sessions for ...
2026-01-17 10:58:29.701 [info] Getting sessions for all scopes...
2026-01-17 10:58:29.701 [info] Got 0 sessions for ...
2026-01-17 10:58:29.701 [info] Getting sessions for all scopes...
2026-01-17 10:58:29.701 [info] Got 0 sessions for ...
2026-01-17 10:58:29.701 [info] Getting sessions for all scopes...
2026-01-17 10:58:29.701 [info] Got 0 sessions for ...
2026-01-17 10:58:29.701 [info] Getting sessions for all scopes...
2026-01-17 10:58:29.701 [info] Got 0 sessions for ...
2026-01-17 10:58:29.701 [info] Getting sessions for all scopes...
2026-01-17 10:58:29.701 [info] Got 0 sessions for ...
2026-01-17 10:58:30.834 [info] Getting sessions for read:user,repo,user:email,workflow...
2026-01-17 10:58:30.834 [info] Got 0 sessions for read:user,repo,user:email,workflow...
2026-01-17 10:58:30.864 [info] Getting sessions for all scopes...
2026-01-17 10:58:30.864 [info] Got 0 sessions for ...
2026-01-17 10:58:32.985 [info] Getting sessions for read:user,repo,user:email,workflow...
2026-01-17 10:58:32.985 [info] Got 0 sessions for read:user,repo,user:email,workflow...
2026-01-17 10:58:33.239 [info] Getting sessions for read:user,repo,user:email,workflow...
2026-01-17 10:58:33.239 [info] Got 0 sessions for read:user,repo,user:email,workflow...
2026-01-17 10:58:33.424 [info] Getting sessions for read:user,repo,user:email,workflow...
2026-01-17 10:58:33.424 [info] Got 0 sessions for read:user,repo,user:email,workflow...
2026-01-17 10:58:35.127 [info] Getting sessions for read:user,repo,user:email,workflow...
2026-01-17 10:58:35.127 [info] Got 0 sessions for read:user,repo,user:email,workflow...
