2026-01-17 12:33:56.121 [info] Reading sessions from keychain...
2026-01-17 12:33:56.121 [info] Getting sessions for all scopes...
2026-01-17 12:33:56.121 [info] Got 0 sessions for ...
2026-01-17 12:33:56.121 [info] Getting sessions for all scopes...
2026-01-17 12:33:56.121 [info] Got 0 sessions for ...
2026-01-17 12:33:56.121 [info] Getting sessions for all scopes...
2026-01-17 12:33:56.121 [info] Got 0 sessions for ...
2026-01-17 12:33:56.121 [info] Getting sessions for all scopes...
2026-01-17 12:33:56.121 [info] Got 0 sessions for ...
2026-01-17 12:33:56.121 [info] Getting sessions for all scopes...
2026-01-17 12:33:56.121 [info] Got 0 sessions for ...
2026-01-17 12:33:56.121 [info] Getting sessions for all scopes...
2026-01-17 12:33:56.121 [info] Got 0 sessions for ...
2026-01-17 12:33:56.121 [info] Getting sessions for all scopes...
2026-01-17 12:33:56.121 [info] Got 0 sessions for ...
2026-01-17 12:33:56.121 [info] Getting sessions for all scopes...
2026-01-17 12:33:56.121 [info] Got 0 sessions for ...
2026-01-17 12:33:56.121 [info] Getting sessions for all scopes...
2026-01-17 12:33:56.121 [info] Got 0 sessions for ...
2026-01-17 12:33:56.121 [info] Getting sessions for all scopes...
2026-01-17 12:33:56.121 [info] Got 0 sessions for ...
2026-01-17 12:33:56.121 [info] Getting sessions for all scopes...
2026-01-17 12:33:56.121 [info] Got 0 sessions for ...
2026-01-17 12:33:56.121 [info] Getting sessions for all scopes...
2026-01-17 12:33:56.121 [info] Got 0 sessions for ...
2026-01-17 12:33:56.121 [info] Getting sessions for all scopes...
2026-01-17 12:33:56.121 [info] Got 0 sessions for ...
2026-01-17 12:33:56.341 [info] Getting sessions for all scopes...
2026-01-17 12:33:56.341 [info] Got 0 sessions for ...
2026-01-17 12:33:56.906 [info] Getting sessions for read:user,repo,user:email,workflow...
2026-01-17 12:33:56.906 [info] Got 0 sessions for read:user,repo,user:email,workflow...
2026-01-17 12:33:57.014 [info] Getting sessions for read:user,repo,user:email,workflow...
2026-01-17 12:33:57.014 [info] Got 0 sessions for read:user,repo,user:email,workflow...
2026-01-17 12:33:59.163 [info] Getting sessions for read:user,repo,user:email,workflow...
2026-01-17 12:33:59.163 [info] Got 0 sessions for read:user,repo,user:email,workflow...
2026-01-17 12:33:59.600 [info] Getting sessions for read:user,repo,user:email,workflow...
2026-01-17 12:33:59.600 [info] Got 0 sessions for read:user,repo,user:email,workflow...
2026-01-17 12:34:01.704 [info] Getting sessions for all scopes...
2026-01-17 12:34:01.704 [info] Got 0 sessions for ...
2026-01-17 12:34:01.718 [info] Getting sessions for read:user,repo,user:email,workflow...
2026-01-17 12:34:01.718 [info] Got 0 sessions for read:user,repo,user:email,workflow...
