2026-01-14 19:15:59.988 [info] [main] Log level: Info
2026-01-14 19:15:59.988 [info] [main] Validating found git in: "git"
2026-01-14 19:15:59.988 [info] [main] Using git "2.52.0" from "git"
2026-01-14 19:15:59.988 [info] [Model][doInitialScan] Initial repository scan started
2026-01-14 19:15:59.988 [info] > git rev-parse --show-toplevel [19ms]
2026-01-14 19:15:59.988 [info] fatal: not a git repository (or any parent up to mount point /)
Stopping at filesystem boundary (GIT_DISCOVERY_ACROSS_FILESYSTEM not set).
2026-01-14 19:15:59.988 [info] > git rev-parse --show-toplevel [8ms]
2026-01-14 19:15:59.988 [info] fatal: not a git repository (or any parent up to mount point /)
Stopping at filesystem boundary (GIT_DISCOVERY_ACROSS_FILESYSTEM not set).
2026-01-14 19:15:59.988 [info] > git rev-parse --show-toplevel [12ms]
2026-01-14 19:15:59.988 [info] fatal: not a git repository (or any parent up to mount point /)
Stopping at filesystem boundary (GIT_DISCOVERY_ACROSS_FILESYSTEM not set).
2026-01-14 19:15:59.995 [info] > git rev-parse --show-toplevel [1ms]
2026-01-14 19:15:59.995 [info] fatal: not a git repository (or any parent up to mount point /)
Stopping at filesystem boundary (GIT_DISCOVERY_ACROSS_FILESYSTEM not set).
2026-01-14 19:16:00.004 [info] > git rev-parse --show-toplevel [1ms]
2026-01-14 19:16:00.004 [info] fatal: not a git repository (or any parent up to mount point /)
Stopping at filesystem boundary (GIT_DISCOVERY_ACROSS_FILESYSTEM not set).
2026-01-14 19:16:00.011 [info] > git rev-parse --show-toplevel [1ms]
2026-01-14 19:16:00.011 [info] fatal: not a git repository (or any parent up to mount point /)
Stopping at filesystem boundary (GIT_DISCOVERY_ACROSS_FILESYSTEM not set).
2026-01-14 19:16:00.020 [info] > git rev-parse --show-toplevel [2ms]
2026-01-14 19:16:00.020 [info] fatal: not a git repository (or any parent up to mount point /)
Stopping at filesystem boundary (GIT_DISCOVERY_ACROSS_FILESYSTEM not set).
2026-01-14 19:16:00.032 [info] > git rev-parse --show-toplevel [3ms]
2026-01-14 19:16:00.032 [info] fatal: not a git repository (or any parent up to mount point /)
Stopping at filesystem boundary (GIT_DISCOVERY_ACROSS_FILESYSTEM not set).
2026-01-14 19:16:00.072 [info] > git rev-parse --show-toplevel [32ms]
2026-01-14 19:16:00.072 [info] fatal: not a git repository (or any parent up to mount point /)
Stopping at filesystem boundary (GIT_DISCOVERY_ACROSS_FILESYSTEM not set).
2026-01-14 19:16:00.088 [info] > git rev-parse --show-toplevel [3ms]
2026-01-14 19:16:00.088 [info] fatal: not a git repository (or any parent up to mount point /)
Stopping at filesystem boundary (GIT_DISCOVERY_ACROSS_FILESYSTEM not set).
2026-01-14 19:16:00.097 [info] > git rev-parse --show-toplevel [2ms]
2026-01-14 19:16:00.097 [info] fatal: not a git repository (or any parent up to mount point /)
Stopping at filesystem boundary (GIT_DISCOVERY_ACROSS_FILESYSTEM not set).
2026-01-14 19:16:00.107 [info] > git rev-parse --show-toplevel [1ms]
2026-01-14 19:16:00.107 [info] fatal: not a git repository (or any parent up to mount point /)
Stopping at filesystem boundary (GIT_DISCOVERY_ACROSS_FILESYSTEM not set).
2026-01-14 19:16:00.115 [info] > git rev-parse --show-toplevel [2ms]
2026-01-14 19:16:00.116 [info] fatal: not a git repository (or any parent up to mount point /)
Stopping at filesystem boundary (GIT_DISCOVERY_ACROSS_FILESYSTEM not set).
2026-01-14 19:16:00.124 [info] > git rev-parse --show-toplevel [2ms]
2026-01-14 19:16:00.124 [info] fatal: not a git repository (or any parent up to mount point /)
Stopping at filesystem boundary (GIT_DISCOVERY_ACROSS_FILESYSTEM not set).
2026-01-14 19:16:00.133 [info] > git rev-parse --show-toplevel [2ms]
2026-01-14 19:16:00.133 [info] fatal: not a git repository (or any parent up to mount point /)
Stopping at filesystem boundary (GIT_DISCOVERY_ACROSS_FILESYSTEM not set).
2026-01-14 19:16:00.141 [info] > git rev-parse --show-toplevel [1ms]
2026-01-14 19:16:00.141 [info] fatal: not a git repository (or any parent up to mount point /)
Stopping at filesystem boundary (GIT_DISCOVERY_ACROSS_FILESYSTEM not set).
2026-01-14 19:16:00.148 [info] > git rev-parse --show-toplevel [2ms]
2026-01-14 19:16:00.148 [info] fatal: not a git repository (or any parent up to mount point /)
Stopping at filesystem boundary (GIT_DISCOVERY_ACROSS_FILESYSTEM not set).
2026-01-14 19:16:00.156 [info] > git rev-parse --show-toplevel [1ms]
2026-01-14 19:16:00.156 [info] fatal: not a git repository (or any parent up to mount point /)
Stopping at filesystem boundary (GIT_DISCOVERY_ACROSS_FILESYSTEM not set).
2026-01-14 19:16:00.165 [info] > git rev-parse --show-toplevel [2ms]
2026-01-14 19:16:00.165 [info] fatal: not a git repository (or any parent up to mount point /)
Stopping at filesystem boundary (GIT_DISCOVERY_ACROSS_FILESYSTEM not set).
2026-01-14 19:16:00.173 [info] > git rev-parse --show-toplevel [2ms]
2026-01-14 19:16:00.173 [info] fatal: not a git repository (or any parent up to mount point /)
Stopping at filesystem boundary (GIT_DISCOVERY_ACROSS_FILESYSTEM not set).
2026-01-14 19:16:00.180 [info] > git rev-parse --show-toplevel [1ms]
2026-01-14 19:16:00.181 [info] fatal: not a git repository (or any parent up to mount point /)
Stopping at filesystem boundary (GIT_DISCOVERY_ACROSS_FILESYSTEM not set).
2026-01-14 19:16:00.189 [info] > git rev-parse --show-toplevel [1ms]
2026-01-14 19:16:00.189 [info] fatal: not a git repository (or any parent up to mount point /)
Stopping at filesystem boundary (GIT_DISCOVERY_ACROSS_FILESYSTEM not set).
2026-01-14 19:16:00.197 [info] > git rev-parse --show-toplevel [2ms]
2026-01-14 19:16:00.197 [info] fatal: not a git repository (or any parent up to mount point /)
Stopping at filesystem boundary (GIT_DISCOVERY_ACROSS_FILESYSTEM not set).
2026-01-14 19:16:00.205 [info] > git rev-parse --show-toplevel [1ms]
2026-01-14 19:16:00.205 [info] fatal: not a git repository (or any parent up to mount point /)
Stopping at filesystem boundary (GIT_DISCOVERY_ACROSS_FILESYSTEM not set).
2026-01-14 19:16:00.206 [info] [Model][doInitialScan] Initial repository scan completed - repositories (0), closed repositories (0), parent repositories (0), unsafe repositories (0)
2026-01-14 19:16:00.325 [info] > git rev-parse --show-toplevel [2ms]
2026-01-14 19:16:00.325 [info] fatal: not a git repository (or any parent up to mount point /)
Stopping at filesystem boundary (GIT_DISCOVERY_ACROSS_FILESYSTEM not set).
2026-01-14 19:16:00.920 [info] > git rev-parse --show-toplevel [4ms]
2026-01-14 19:16:00.920 [info] fatal: not a git repository (or any parent up to mount point /)
Stopping at filesystem boundary (GIT_DISCOVERY_ACROSS_FILESYSTEM not set).
2026-01-14 19:38:46.027 [info] > git rev-parse --show-toplevel [3ms]
2026-01-14 19:38:46.027 [info] fatal: not a git repository (or any parent up to mount point /)
Stopping at filesystem boundary (GIT_DISCOVERY_ACROSS_FILESYSTEM not set).
2026-01-14 19:39:12.278 [info] > git rev-parse --show-toplevel [3ms]
2026-01-14 19:39:12.278 [info] fatal: not a git repository (or any parent up to mount point /)
Stopping at filesystem boundary (GIT_DISCOVERY_ACROSS_FILESYSTEM not set).
2026-01-14 19:45:29.431 [info] > git rev-parse --show-toplevel [3ms]
2026-01-14 19:45:29.431 [info] fatal: not a git repository (or any parent up to mount point /)
Stopping at filesystem boundary (GIT_DISCOVERY_ACROSS_FILESYSTEM not set).
2026-01-14 20:07:12.717 [info] > git rev-parse --show-toplevel [1ms]
2026-01-14 20:07:12.717 [info] fatal: not a git repository (or any parent up to mount point /)
Stopping at filesystem boundary (GIT_DISCOVERY_ACROSS_FILESYSTEM not set).
2026-01-14 20:07:19.385 [info] > git rev-parse --show-toplevel [2ms]
2026-01-14 20:07:19.385 [info] fatal: not a git repository (or any parent up to mount point /)
Stopping at filesystem boundary (GIT_DISCOVERY_ACROSS_FILESYSTEM not set).
2026-01-14 20:07:58.381 [info] > git rev-parse --show-toplevel [1ms]
2026-01-14 20:07:58.381 [info] fatal: not a git repository (or any parent up to mount point /)
Stopping at filesystem boundary (GIT_DISCOVERY_ACROSS_FILESYSTEM not set).
2026-01-14 20:08:57.455 [info] > git rev-parse --show-toplevel [2ms]
2026-01-14 20:08:57.455 [info] fatal: not a git repository (or any parent up to mount point /)
Stopping at filesystem boundary (GIT_DISCOVERY_ACROSS_FILESYSTEM not set).
2026-01-14 20:09:25.627 [info] > git rev-parse --show-toplevel [3ms]
2026-01-14 20:09:25.627 [info] fatal: not a git repository (or any parent up to mount point /)
Stopping at filesystem boundary (GIT_DISCOVERY_ACROSS_FILESYSTEM not set).
2026-01-14 20:10:15.503 [info] > git rev-parse --show-toplevel [4ms]
2026-01-14 20:10:15.503 [info] fatal: not a git repository (or any parent up to mount point /)
Stopping at filesystem boundary (GIT_DISCOVERY_ACROSS_FILESYSTEM not set).
2026-01-14 20:10:20.854 [info] > git rev-parse --show-toplevel [3ms]
2026-01-14 20:10:20.854 [info] fatal: not a git repository (or any parent up to mount point /)
Stopping at filesystem boundary (GIT_DISCOVERY_ACROSS_FILESYSTEM not set).
2026-01-14 20:10:36.539 [info] > git rev-parse --show-toplevel [3ms]
2026-01-14 20:10:36.539 [info] fatal: not a git repository (or any parent up to mount point /)
Stopping at filesystem boundary (GIT_DISCOVERY_ACROSS_FILESYSTEM not set).
2026-01-14 20:10:45.679 [info] > git rev-parse --show-toplevel [2ms]
2026-01-14 20:10:45.679 [info] fatal: not a git repository (or any parent up to mount point /)
Stopping at filesystem boundary (GIT_DISCOVERY_ACROSS_FILESYSTEM not set).
2026-01-14 20:11:13.833 [info] > git rev-parse --show-toplevel [2ms]
2026-01-14 20:11:13.833 [info] fatal: not a git repository (or any parent up to mount point /)
Stopping at filesystem boundary (GIT_DISCOVERY_ACROSS_FILESYSTEM not set).
2026-01-14 20:11:37.602 [info] > git rev-parse --show-toplevel [3ms]
2026-01-14 20:11:37.602 [info] fatal: not a git repository (or any parent up to mount point /)
Stopping at filesystem boundary (GIT_DISCOVERY_ACROSS_FILESYSTEM not set).
2026-01-14 20:21:04.394 [info] > git rev-parse --show-toplevel [3ms]
2026-01-14 20:21:04.394 [info] fatal: not a git repository (or any parent up to mount point /)
Stopping at filesystem boundary (GIT_DISCOVERY_ACROSS_FILESYSTEM not set).
2026-01-14 20:31:58.750 [info] > git rev-parse --show-toplevel [1ms]
2026-01-14 20:31:58.750 [info] fatal: not a git repository (or any parent up to mount point /)
Stopping at filesystem boundary (GIT_DISCOVERY_ACROSS_FILESYSTEM not set).
2026-01-14 20:32:14.058 [info] > git rev-parse --show-toplevel [4ms]
2026-01-14 20:32:14.058 [info] fatal: not a git repository (or any parent up to mount point /)
Stopping at filesystem boundary (GIT_DISCOVERY_ACROSS_FILESYSTEM not set).
2026-01-14 20:32:48.366 [info] > git rev-parse --show-toplevel [1ms]
2026-01-14 20:32:48.366 [info] fatal: not a git repository (or any parent up to mount point /)
Stopping at filesystem boundary (GIT_DISCOVERY_ACROSS_FILESYSTEM not set).
2026-01-14 20:46:26.674 [info] > git rev-parse --show-toplevel [2ms]
2026-01-14 20:46:26.674 [info] fatal: not a git repository (or any parent up to mount point /)
Stopping at filesystem boundary (GIT_DISCOVERY_ACROSS_FILESYSTEM not set).
2026-01-14 20:47:25.140 [info] > git rev-parse --show-toplevel [3ms]
2026-01-14 20:47:25.140 [info] fatal: not a git repository (or any parent up to mount point /)
Stopping at filesystem boundary (GIT_DISCOVERY_ACROSS_FILESYSTEM not set).
2026-01-14 20:47:27.737 [info] > git rev-parse --show-toplevel [3ms]
2026-01-14 20:47:27.737 [info] fatal: not a git repository (or any parent up to mount point /)
Stopping at filesystem boundary (GIT_DISCOVERY_ACROSS_FILESYSTEM not set).
2026-01-14 20:47:28.170 [info] > git rev-parse --show-toplevel [3ms]
2026-01-14 20:47:28.170 [info] fatal: not a git repository (or any parent up to mount point /)
Stopping at filesystem boundary (GIT_DISCOVERY_ACROSS_FILESYSTEM not set).
2026-01-14 20:47:29.372 [info] > git rev-parse --show-toplevel [3ms]
2026-01-14 20:47:29.372 [info] fatal: not a git repository (or any parent up to mount point /)
Stopping at filesystem boundary (GIT_DISCOVERY_ACROSS_FILESYSTEM not set).
2026-01-14 20:47:45.953 [info] > git rev-parse --show-toplevel [2ms]
2026-01-14 20:47:45.953 [info] fatal: not a git repository (or any parent up to mount point /)
Stopping at filesystem boundary (GIT_DISCOVERY_ACROSS_FILESYSTEM not set).
2026-01-14 20:47:48.695 [info] > git rev-parse --show-toplevel [3ms]
2026-01-14 20:47:48.695 [info] fatal: not a git repository (or any parent up to mount point /)
Stopping at filesystem boundary (GIT_DISCOVERY_ACROSS_FILESYSTEM not set).
2026-01-14 20:47:50.971 [info] > git rev-parse --show-toplevel [2ms]
2026-01-14 20:47:50.971 [info] fatal: not a git repository (or any parent up to mount point /)
Stopping at filesystem boundary (GIT_DISCOVERY_ACROSS_FILESYSTEM not set).
2026-01-14 20:47:52.205 [info] > git rev-parse --show-toplevel [4ms]
2026-01-14 20:47:52.205 [info] fatal: not a git repository (or any parent up to mount point /)
Stopping at filesystem boundary (GIT_DISCOVERY_ACROSS_FILESYSTEM not set).
2026-01-14 20:47:54.027 [info] > git rev-parse --show-toplevel [2ms]
2026-01-14 20:47:54.027 [info] fatal: not a git repository (or any parent up to mount point /)
Stopping at filesystem boundary (GIT_DISCOVERY_ACROSS_FILESYSTEM not set).
2026-01-14 20:47:56.911 [info] > git rev-parse --show-toplevel [4ms]
2026-01-14 20:47:56.911 [info] fatal: not a git repository (or any parent up to mount point /)
Stopping at filesystem boundary (GIT_DISCOVERY_ACROSS_FILESYSTEM not set).
2026-01-14 20:48:20.286 [info] > git rev-parse --show-toplevel [1ms]
2026-01-14 20:48:20.286 [info] fatal: not a git repository (or any parent up to mount point /)
Stopping at filesystem boundary (GIT_DISCOVERY_ACROSS_FILESYSTEM not set).
2026-01-14 20:49:15.770 [info] > git rev-parse --show-toplevel [2ms]
2026-01-14 20:49:15.770 [info] fatal: not a git repository (or any parent up to mount point /)
Stopping at filesystem boundary (GIT_DISCOVERY_ACROSS_FILESYSTEM not set).
2026-01-14 20:50:26.199 [info] > git rev-parse --show-toplevel [3ms]
2026-01-14 20:50:26.199 [info] fatal: not a git repository (or any parent up to mount point /)
Stopping at filesystem boundary (GIT_DISCOVERY_ACROSS_FILESYSTEM not set).
2026-01-14 20:52:17.269 [info] > git rev-parse --show-toplevel [3ms]
2026-01-14 20:52:17.269 [info] fatal: not a git repository (or any parent up to mount point /)
Stopping at filesystem boundary (GIT_DISCOVERY_ACROSS_FILESYSTEM not set).
2026-01-14 20:54:19.072 [info] > git rev-parse --show-toplevel [2ms]
2026-01-14 20:54:19.072 [info] fatal: not a git repository (or any parent up to mount point /)
Stopping at filesystem boundary (GIT_DISCOVERY_ACROSS_FILESYSTEM not set).
2026-01-14 21:00:28.551 [info] > git rev-parse --show-toplevel [2ms]
2026-01-14 21:00:28.551 [info] fatal: not a git repository (or any parent up to mount point /)
Stopping at filesystem boundary (GIT_DISCOVERY_ACROSS_FILESYSTEM not set).
2026-01-14 21:02:10.287 [info] > git rev-parse --show-toplevel [3ms]
2026-01-14 21:02:10.287 [info] fatal: not a git repository (or any parent up to mount point /)
Stopping at filesystem boundary (GIT_DISCOVERY_ACROSS_FILESYSTEM not set).
2026-01-14 21:03:07.267 [info] > git rev-parse --show-toplevel [3ms]
2026-01-14 21:03:07.267 [info] fatal: not a git repository (or any parent up to mount point /)
Stopping at filesystem boundary (GIT_DISCOVERY_ACROSS_FILESYSTEM not set).
2026-01-14 21:05:32.312 [info] > git rev-parse --show-toplevel [1ms]
2026-01-14 21:05:32.312 [info] fatal: not a git repository (or any parent up to mount point /)
Stopping at filesystem boundary (GIT_DISCOVERY_ACROSS_FILESYSTEM not set).
2026-01-14 21:08:04.155 [info] > git rev-parse --show-toplevel [2ms]
2026-01-14 21:08:04.156 [info] fatal: not a git repository (or any parent up to mount point /)
Stopping at filesystem boundary (GIT_DISCOVERY_ACROSS_FILESYSTEM not set).
2026-01-14 21:08:29.668 [info] > git rev-parse --show-toplevel [1ms]
2026-01-14 21:08:29.668 [info] fatal: not a git repository (or any parent up to mount point /)
Stopping at filesystem boundary (GIT_DISCOVERY_ACROSS_FILESYSTEM not set).
2026-01-14 21:09:15.951 [info] > git rev-parse --show-toplevel [3ms]
2026-01-14 21:09:15.951 [info] fatal: not a git repository (or any parent up to mount point /)
Stopping at filesystem boundary (GIT_DISCOVERY_ACROSS_FILESYSTEM not set).
2026-01-14 21:09:18.777 [info] > git rev-parse --show-toplevel [3ms]
2026-01-14 21:09:18.777 [info] fatal: not a git repository (or any parent up to mount point /)
Stopping at filesystem boundary (GIT_DISCOVERY_ACROSS_FILESYSTEM not set).
2026-01-14 21:16:43.869 [info] > git rev-parse --show-toplevel [3ms]
2026-01-14 21:16:43.869 [info] fatal: not a git repository (or any parent up to mount point /)
Stopping at filesystem boundary (GIT_DISCOVERY_ACROSS_FILESYSTEM not set).
2026-01-14 21:16:54.822 [info] > git rev-parse --show-toplevel [2ms]
2026-01-14 21:16:54.822 [info] fatal: not a git repository (or any parent up to mount point /)
Stopping at filesystem boundary (GIT_DISCOVERY_ACROSS_FILESYSTEM not set).
2026-01-14 21:18:19.784 [info] > git rev-parse --show-toplevel [1ms]
2026-01-14 21:18:19.784 [info] fatal: not a git repository (or any parent up to mount point /)
Stopping at filesystem boundary (GIT_DISCOVERY_ACROSS_FILESYSTEM not set).
2026-01-14 21:18:30.201 [info] > git rev-parse --show-toplevel [3ms]
2026-01-14 21:18:30.201 [info] fatal: not a git repository (or any parent up to mount point /)
Stopping at filesystem boundary (GIT_DISCOVERY_ACROSS_FILESYSTEM not set).
2026-01-14 21:29:58.581 [info] > git rev-parse --show-toplevel [3ms]
2026-01-14 21:29:58.581 [info] fatal: not a git repository (or any parent up to mount point /)
Stopping at filesystem boundary (GIT_DISCOVERY_ACROSS_FILESYSTEM not set).
2026-01-14 21:46:21.914 [info] > git rev-parse --show-toplevel [2ms]
2026-01-14 21:46:21.914 [info] fatal: not a git repository (or any parent up to mount point /)
Stopping at filesystem boundary (GIT_DISCOVERY_ACROSS_FILESYSTEM not set).
2026-01-14 21:54:46.136 [info] > git rev-parse --show-toplevel [5ms]
2026-01-14 21:54:46.136 [info] fatal: not a git repository (or any parent up to mount point /)
Stopping at filesystem boundary (GIT_DISCOVERY_ACROSS_FILESYSTEM not set).
2026-01-14 22:05:27.460 [info] > git rev-parse --show-toplevel [2ms]
2026-01-14 22:05:27.460 [info] fatal: not a git repository (or any parent up to mount point /)
Stopping at filesystem boundary (GIT_DISCOVERY_ACROSS_FILESYSTEM not set).
2026-01-14 22:05:43.224 [info] > git rev-parse --show-toplevel [2ms]
2026-01-14 22:05:43.224 [info] fatal: not a git repository (or any parent up to mount point /)
Stopping at filesystem boundary (GIT_DISCOVERY_ACROSS_FILESYSTEM not set).
2026-01-14 22:05:48.515 [info] > git rev-parse --show-toplevel [3ms]
2026-01-14 22:05:48.515 [info] fatal: not a git repository (or any parent up to mount point /)
Stopping at filesystem boundary (GIT_DISCOVERY_ACROSS_FILESYSTEM not set).
2026-01-14 22:06:08.355 [info] > git rev-parse --show-toplevel [3ms]
2026-01-14 22:06:08.355 [info] fatal: not a git repository (or any parent up to mount point /)
Stopping at filesystem boundary (GIT_DISCOVERY_ACROSS_FILESYSTEM not set).
2026-01-14 22:29:53.574 [info] > git rev-parse --show-toplevel [6ms]
2026-01-14 22:29:53.574 [info] fatal: not a git repository (or any parent up to mount point /)
Stopping at filesystem boundary (GIT_DISCOVERY_ACROSS_FILESYSTEM not set).
2026-01-14 22:30:26.718 [info] > git rev-parse --show-toplevel [5ms]
2026-01-14 22:30:26.718 [info] fatal: not a git repository (or any parent up to mount point /)
Stopping at filesystem boundary (GIT_DISCOVERY_ACROSS_FILESYSTEM not set).
2026-01-14 22:34:01.850 [info] > git rev-parse --show-toplevel [3ms]
2026-01-14 22:34:01.850 [info] fatal: not a git repository (or any parent up to mount point /)
Stopping at filesystem boundary (GIT_DISCOVERY_ACROSS_FILESYSTEM not set).
2026-01-14 22:34:59.843 [info] > git rev-parse --show-toplevel [3ms]
2026-01-14 22:34:59.843 [info] fatal: not a git repository (or any parent up to mount point /)
Stopping at filesystem boundary (GIT_DISCOVERY_ACROSS_FILESYSTEM not set).
2026-01-14 22:35:18.448 [info] > git rev-parse --show-toplevel [2ms]
2026-01-14 22:35:18.448 [info] fatal: not a git repository (or any parent up to mount point /)
Stopping at filesystem boundary (GIT_DISCOVERY_ACROSS_FILESYSTEM not set).
2026-01-14 22:43:38.369 [info] > git rev-parse --show-toplevel [3ms]
2026-01-14 22:43:38.369 [info] fatal: not a git repository (or any parent up to mount point /)
Stopping at filesystem boundary (GIT_DISCOVERY_ACROSS_FILESYSTEM not set).
2026-01-14 22:44:53.871 [info] > git rev-parse --show-toplevel [2ms]
2026-01-14 22:44:53.871 [info] fatal: not a git repository (or any parent up to mount point /)
Stopping at filesystem boundary (GIT_DISCOVERY_ACROSS_FILESYSTEM not set).
2026-01-14 22:47:07.152 [info] > git rev-parse --show-toplevel [4ms]
2026-01-14 22:47:07.152 [info] fatal: not a git repository (or any parent up to mount point /)
Stopping at filesystem boundary (GIT_DISCOVERY_ACROSS_FILESYSTEM not set).
