2026-01-15 13:43:54.196 [info] [main] Log level: Info
2026-01-15 13:43:54.196 [info] [main] Validating found git in: "git"
2026-01-15 13:43:54.196 [info] [main] Using git "2.52.0" from "git"
2026-01-15 13:43:54.196 [info] [Model][doInitialScan] Initial repository scan started
2026-01-15 13:43:54.196 [info] > git rev-parse --show-toplevel [10ms]
2026-01-15 13:43:54.196 [info] fatal: not a git repository (or any parent up to mount point /)
Stopping at filesystem boundary (GIT_DISCOVERY_ACROSS_FILESYSTEM not set).
2026-01-15 13:43:54.196 [info] > git rev-parse --show-toplevel [2ms]
2026-01-15 13:43:54.196 [info] fatal: not a git repository (or any parent up to mount point /)
Stopping at filesystem boundary (GIT_DISCOVERY_ACROSS_FILESYSTEM not set).
2026-01-15 13:43:54.196 [info] > git rev-parse --show-toplevel [3ms]
2026-01-15 13:43:54.196 [info] fatal: not a git repository (or any parent up to mount point /)
Stopping at filesystem boundary (GIT_DISCOVERY_ACROSS_FILESYSTEM not set).
2026-01-15 13:43:54.196 [info] > git rev-parse --show-toplevel [3ms]
2026-01-15 13:43:54.196 [info] fatal: not a git repository (or any parent up to mount point /)
Stopping at filesystem boundary (GIT_DISCOVERY_ACROSS_FILESYSTEM not set).
2026-01-15 13:43:54.196 [info] > git rev-parse --show-toplevel [7ms]
2026-01-15 13:43:54.196 [info] fatal: not a git repository (or any parent up to mount point /)
Stopping at filesystem boundary (GIT_DISCOVERY_ACROSS_FILESYSTEM not set).
2026-01-15 13:43:54.196 [info] > git rev-parse --show-toplevel [3ms]
2026-01-15 13:43:54.196 [info] fatal: not a git repository (or any parent up to mount point /)
Stopping at filesystem boundary (GIT_DISCOVERY_ACROSS_FILESYSTEM not set).
2026-01-15 13:43:54.196 [info] > git rev-parse --show-toplevel [2ms]
2026-01-15 13:43:54.196 [info] fatal: not a git repository (or any parent up to mount point /)
Stopping at filesystem boundary (GIT_DISCOVERY_ACROSS_FILESYSTEM not set).
2026-01-15 13:43:54.196 [info] > git rev-parse --show-toplevel [4ms]
2026-01-15 13:43:54.196 [info] fatal: not a git repository (or any parent up to mount point /)
Stopping at filesystem boundary (GIT_DISCOVERY_ACROSS_FILESYSTEM not set).
2026-01-15 13:43:54.196 [info] > git rev-parse --show-toplevel [5ms]
2026-01-15 13:43:54.196 [info] fatal: not a git repository (or any parent up to mount point /)
Stopping at filesystem boundary (GIT_DISCOVERY_ACROSS_FILESYSTEM not set).
2026-01-15 13:43:54.196 [info] > git rev-parse --show-toplevel [3ms]
2026-01-15 13:43:54.196 [info] fatal: not a git repository (or any parent up to mount point /)
Stopping at filesystem boundary (GIT_DISCOVERY_ACROSS_FILESYSTEM not set).
2026-01-15 13:43:54.196 [info] > git rev-parse --show-toplevel [14ms]
2026-01-15 13:43:54.196 [info] fatal: not a git repository (or any parent up to mount point /)
Stopping at filesystem boundary (GIT_DISCOVERY_ACROSS_FILESYSTEM not set).
2026-01-15 13:43:54.236 [info] > git rev-parse --show-toplevel [34ms]
2026-01-15 13:43:54.236 [info] fatal: not a git repository (or any parent up to mount point /)
Stopping at filesystem boundary (GIT_DISCOVERY_ACROSS_FILESYSTEM not set).
2026-01-15 13:43:54.255 [info] > git rev-parse --show-toplevel [3ms]
2026-01-15 13:43:54.255 [info] fatal: not a git repository (or any parent up to mount point /)
Stopping at filesystem boundary (GIT_DISCOVERY_ACROSS_FILESYSTEM not set).
2026-01-15 13:43:54.264 [info] > git rev-parse --show-toplevel [1ms]
2026-01-15 13:43:54.264 [info] fatal: not a git repository (or any parent up to mount point /)
Stopping at filesystem boundary (GIT_DISCOVERY_ACROSS_FILESYSTEM not set).
2026-01-15 13:43:54.270 [info] > git rev-parse --show-toplevel [1ms]
2026-01-15 13:43:54.270 [info] fatal: not a git repository (or any parent up to mount point /)
Stopping at filesystem boundary (GIT_DISCOVERY_ACROSS_FILESYSTEM not set).
2026-01-15 13:43:54.278 [info] > git rev-parse --show-toplevel [2ms]
2026-01-15 13:43:54.278 [info] fatal: not a git repository (or any parent up to mount point /)
Stopping at filesystem boundary (GIT_DISCOVERY_ACROSS_FILESYSTEM not set).
2026-01-15 13:43:54.285 [info] > git rev-parse --show-toplevel [2ms]
2026-01-15 13:43:54.285 [info] fatal: not a git repository (or any parent up to mount point /)
Stopping at filesystem boundary (GIT_DISCOVERY_ACROSS_FILESYSTEM not set).
2026-01-15 13:43:54.292 [info] > git rev-parse --show-toplevel [2ms]
2026-01-15 13:43:54.292 [info] fatal: not a git repository (or any parent up to mount point /)
Stopping at filesystem boundary (GIT_DISCOVERY_ACROSS_FILESYSTEM not set).
2026-01-15 13:43:54.299 [info] > git rev-parse --show-toplevel [1ms]
2026-01-15 13:43:54.299 [info] fatal: not a git repository (or any parent up to mount point /)
Stopping at filesystem boundary (GIT_DISCOVERY_ACROSS_FILESYSTEM not set).
2026-01-15 13:43:54.306 [info] > git rev-parse --show-toplevel [1ms]
2026-01-15 13:43:54.306 [info] fatal: not a git repository (or any parent up to mount point /)
Stopping at filesystem boundary (GIT_DISCOVERY_ACROSS_FILESYSTEM not set).
2026-01-15 13:43:54.314 [info] > git rev-parse --show-toplevel [2ms]
2026-01-15 13:43:54.314 [info] fatal: not a git repository (or any parent up to mount point /)
Stopping at filesystem boundary (GIT_DISCOVERY_ACROSS_FILESYSTEM not set).
2026-01-15 13:43:54.321 [info] > git rev-parse --show-toplevel [1ms]
2026-01-15 13:43:54.321 [info] fatal: not a git repository (or any parent up to mount point /)
Stopping at filesystem boundary (GIT_DISCOVERY_ACROSS_FILESYSTEM not set).
2026-01-15 13:43:54.328 [info] > git rev-parse --show-toplevel [1ms]
2026-01-15 13:43:54.328 [info] fatal: not a git repository (or any parent up to mount point /)
Stopping at filesystem boundary (GIT_DISCOVERY_ACROSS_FILESYSTEM not set).
2026-01-15 13:43:54.335 [info] > git rev-parse --show-toplevel [1ms]
2026-01-15 13:43:54.335 [info] fatal: not a git repository (or any parent up to mount point /)
Stopping at filesystem boundary (GIT_DISCOVERY_ACROSS_FILESYSTEM not set).
2026-01-15 13:43:54.341 [info] > git rev-parse --show-toplevel [1ms]
2026-01-15 13:43:54.341 [info] fatal: not a git repository (or any parent up to mount point /)
Stopping at filesystem boundary (GIT_DISCOVERY_ACROSS_FILESYSTEM not set).
2026-01-15 13:43:54.342 [info] [Model][doInitialScan] Initial repository scan completed - repositories (0), closed repositories (0), parent repositories (0), unsafe repositories (0)
2026-01-15 13:43:54.409 [info] > git rev-parse --show-toplevel [1ms]
2026-01-15 13:43:54.409 [info] fatal: not a git repository (or any parent up to mount point /)
Stopping at filesystem boundary (GIT_DISCOVERY_ACROSS_FILESYSTEM not set).
2026-01-15 13:44:23.221 [info] > git rev-parse --show-toplevel [1ms]
2026-01-15 13:44:23.221 [info] fatal: not a git repository (or any parent up to mount point /)
Stopping at filesystem boundary (GIT_DISCOVERY_ACROSS_FILESYSTEM not set).
2026-01-15 13:44:23.979 [info] > git rev-parse --show-toplevel [2ms]
2026-01-15 13:44:23.979 [info] fatal: not a git repository (or any parent up to mount point /)
Stopping at filesystem boundary (GIT_DISCOVERY_ACROSS_FILESYSTEM not set).
2026-01-15 13:44:38.663 [info] > git rev-parse --show-toplevel [3ms]
2026-01-15 13:44:38.663 [info] fatal: not a git repository (or any parent up to mount point /)
Stopping at filesystem boundary (GIT_DISCOVERY_ACROSS_FILESYSTEM not set).
2026-01-15 14:06:49.880 [info] > git rev-parse --show-toplevel [3ms]
2026-01-15 14:06:49.880 [info] fatal: not a git repository (or any parent up to mount point /)
Stopping at filesystem boundary (GIT_DISCOVERY_ACROSS_FILESYSTEM not set).
2026-01-15 14:38:41.720 [info] > git rev-parse --show-toplevel [3ms]
2026-01-15 14:38:41.720 [info] fatal: not a git repository (or any parent up to mount point /)
Stopping at filesystem boundary (GIT_DISCOVERY_ACROSS_FILESYSTEM not set).
2026-01-15 14:41:35.546 [info] > git rev-parse --show-toplevel [1ms]
2026-01-15 14:41:35.546 [info] fatal: not a git repository (or any parent up to mount point /)
Stopping at filesystem boundary (GIT_DISCOVERY_ACROSS_FILESYSTEM not set).
2026-01-15 14:41:40.843 [info] > git rev-parse --show-toplevel [2ms]
2026-01-15 14:41:40.844 [info] fatal: not a git repository (or any parent up to mount point /)
Stopping at filesystem boundary (GIT_DISCOVERY_ACROSS_FILESYSTEM not set).
2026-01-15 14:53:23.794 [info] > git rev-parse --show-toplevel [2ms]
2026-01-15 14:53:23.794 [info] fatal: not a git repository (or any parent up to mount point /)
Stopping at filesystem boundary (GIT_DISCOVERY_ACROSS_FILESYSTEM not set).
2026-01-15 14:57:16.782 [info] > git rev-parse --show-toplevel [3ms]
2026-01-15 14:57:16.782 [info] fatal: not a git repository (or any parent up to mount point /)
Stopping at filesystem boundary (GIT_DISCOVERY_ACROSS_FILESYSTEM not set).
2026-01-15 15:00:08.292 [info] > git rev-parse --show-toplevel [2ms]
2026-01-15 15:00:08.292 [info] fatal: not a git repository (or any parent up to mount point /)
Stopping at filesystem boundary (GIT_DISCOVERY_ACROSS_FILESYSTEM not set).
2026-01-15 15:11:52.715 [info] > git rev-parse --show-toplevel [2ms]
2026-01-15 15:11:52.715 [info] fatal: not a git repository (or any parent up to mount point /)
Stopping at filesystem boundary (GIT_DISCOVERY_ACROSS_FILESYSTEM not set).
2026-01-15 15:11:57.188 [info] > git rev-parse --show-toplevel [2ms]
2026-01-15 15:11:57.188 [info] fatal: not a git repository (or any parent up to mount point /)
Stopping at filesystem boundary (GIT_DISCOVERY_ACROSS_FILESYSTEM not set).
2026-01-15 15:12:01.115 [info] > git rev-parse --show-toplevel [3ms]
2026-01-15 15:12:01.116 [info] fatal: not a git repository (or any parent up to mount point /)
Stopping at filesystem boundary (GIT_DISCOVERY_ACROSS_FILESYSTEM not set).
2026-01-15 15:12:26.231 [info] > git rev-parse --show-toplevel [1ms]
2026-01-15 15:12:26.231 [info] fatal: not a git repository (or any parent up to mount point /)
Stopping at filesystem boundary (GIT_DISCOVERY_ACROSS_FILESYSTEM not set).
2026-01-15 15:12:26.534 [info] > git rev-parse --show-toplevel [1ms]
2026-01-15 15:12:26.534 [info] fatal: not a git repository (or any parent up to mount point /)
Stopping at filesystem boundary (GIT_DISCOVERY_ACROSS_FILESYSTEM not set).
2026-01-15 15:12:35.403 [info] > git rev-parse --show-toplevel [4ms]
2026-01-15 15:12:35.403 [info] fatal: not a git repository (or any parent up to mount point /)
Stopping at filesystem boundary (GIT_DISCOVERY_ACROSS_FILESYSTEM not set).
2026-01-15 15:12:36.438 [info] > git rev-parse --show-toplevel [2ms]
2026-01-15 15:12:36.439 [info] fatal: not a git repository (or any parent up to mount point /)
Stopping at filesystem boundary (GIT_DISCOVERY_ACROSS_FILESYSTEM not set).
2026-01-15 15:12:37.368 [info] > git rev-parse --show-toplevel [2ms]
2026-01-15 15:12:37.368 [info] fatal: not a git repository (or any parent up to mount point /)
Stopping at filesystem boundary (GIT_DISCOVERY_ACROSS_FILESYSTEM not set).
2026-01-15 15:12:38.909 [info] > git rev-parse --show-toplevel [4ms]
2026-01-15 15:12:38.909 [info] fatal: not a git repository (or any parent up to mount point /)
Stopping at filesystem boundary (GIT_DISCOVERY_ACROSS_FILESYSTEM not set).
2026-01-15 15:57:32.324 [info] > git rev-parse --show-toplevel [2ms]
2026-01-15 15:57:32.324 [info] fatal: not a git repository (or any parent up to mount point /)
Stopping at filesystem boundary (GIT_DISCOVERY_ACROSS_FILESYSTEM not set).
2026-01-15 16:09:18.471 [info] > git rev-parse --show-toplevel [6ms]
2026-01-15 16:09:18.471 [info] fatal: not a git repository (or any parent up to mount point /)
Stopping at filesystem boundary (GIT_DISCOVERY_ACROSS_FILESYSTEM not set).
2026-01-15 16:09:37.618 [info] > git rev-parse --show-toplevel [3ms]
2026-01-15 16:09:37.618 [info] fatal: not a git repository (or any parent up to mount point /)
Stopping at filesystem boundary (GIT_DISCOVERY_ACROSS_FILESYSTEM not set).
2026-01-15 16:29:38.707 [info] > git rev-parse --show-toplevel [3ms]
2026-01-15 16:29:38.707 [info] fatal: not a git repository (or any parent up to mount point /)
Stopping at filesystem boundary (GIT_DISCOVERY_ACROSS_FILESYSTEM not set).
