2026-01-17 10:50:39.383 [info] Reading sessions from keychain...
2026-01-17 10:50:39.383 [info] Getting sessions for all scopes...
2026-01-17 10:50:39.383 [info] Got 0 sessions for ...
2026-01-17 10:50:39.383 [info] Getting sessions for all scopes...
2026-01-17 10:50:39.383 [info] Got 0 sessions for ...
2026-01-17 10:50:39.383 [info] Getting sessions for all scopes...
2026-01-17 10:50:39.384 [info] Got 0 sessions for ...
2026-01-17 10:50:39.384 [info] Getting sessions for all scopes...
2026-01-17 10:50:39.384 [info] Got 0 sessions for ...
2026-01-17 10:50:39.384 [info] Getting sessions for all scopes...
2026-01-17 10:50:39.384 [info] Got 0 sessions for ...
2026-01-17 10:50:39.384 [info] Getting sessions for all scopes...
2026-01-17 10:50:39.384 [info] Got 0 sessions for ...
2026-01-17 10:50:39.384 [info] Getting sessions for all scopes...
2026-01-17 10:50:39.384 [info] Got 0 sessions for ...
2026-01-17 10:50:39.384 [info] Getting sessions for all scopes...
2026-01-17 10:50:39.384 [info] Got 0 sessions for ...
2026-01-17 10:50:39.384 [info] Getting sessions for all scopes...
2026-01-17 10:50:39.384 [info] Got 0 sessions for ...
2026-01-17 10:50:39.384 [info] Getting sessions for all scopes...
2026-01-17 10:50:39.384 [info] Got 0 sessions for ...
2026-01-17 10:50:39.384 [info] Getting sessions for all scopes...
2026-01-17 10:50:39.384 [info] Got 0 sessions for ...
2026-01-17 10:50:39.384 [info] Getting sessions for all scopes...
2026-01-17 10:50:39.384 [info] Got 0 sessions for ...
2026-01-17 10:50:39.384 [info] Getting sessions for all scopes...
2026-01-17 10:50:39.384 [info] Got 0 sessions for ...
2026-01-17 10:50:39.384 [info] Getting sessions for all scopes...
2026-01-17 10:50:39.384 [info] Got 0 sessions for ...
2026-01-17 10:50:39.384 [info] Getting sessions for all scopes...
2026-01-17 10:50:39.384 [info] Got 0 sessions for ...
2026-01-17 10:50:40.905 [info] Getting sessions for all scopes...
2026-01-17 10:50:40.905 [info] Got 0 sessions for ...
2026-01-17 10:50:50.419 [info] Reading sessions from keychain...
2026-01-17 10:50:50.419 [info] Getting sessions for all scopes...
2026-01-17 10:50:50.419 [info] Got 0 sessions for ...
2026-01-17 10:50:50.420 [info] Getting sessions for all scopes...
2026-01-17 10:50:50.420 [info] Got 0 sessions for ...
2026-01-17 10:50:50.420 [info] Getting sessions for all scopes...
2026-01-17 10:50:50.420 [info] Got 0 sessions for ...
2026-01-17 10:50:50.420 [info] Getting sessions for all scopes...
2026-01-17 10:50:50.420 [info] Got 0 sessions for ...
2026-01-17 10:50:50.420 [info] Getting sessions for all scopes...
2026-01-17 10:50:50.420 [info] Got 0 sessions for ...
2026-01-17 10:50:50.420 [info] Getting sessions for all scopes...
2026-01-17 10:50:50.420 [info] Got 0 sessions for ...
2026-01-17 10:50:50.420 [info] Getting sessions for all scopes...
2026-01-17 10:50:50.420 [info] Got 0 sessions for ...
2026-01-17 10:50:50.420 [info] Getting sessions for all scopes...
2026-01-17 10:50:50.420 [info] Got 0 sessions for ...
2026-01-17 10:50:50.429 [info] Getting sessions for all scopes...
2026-01-17 10:50:50.429 [info] Got 0 sessions for ...
2026-01-17 10:50:50.430 [info] Getting sessions for all scopes...
2026-01-17 10:50:50.430 [info] Got 0 sessions for ...
2026-01-17 10:50:50.430 [info] Getting sessions for all scopes...
2026-01-17 10:50:50.431 [info] Got 0 sessions for ...
2026-01-17 10:50:50.431 [info] Getting sessions for all scopes...
2026-01-17 10:50:50.431 [info] Got 0 sessions for ...
2026-01-17 10:50:50.432 [info] Getting sessions for all scopes...
2026-01-17 10:50:50.432 [info] Got 0 sessions for ...
2026-01-17 10:50:50.432 [info] Getting sessions for all scopes...
2026-01-17 10:50:50.432 [info] Got 0 sessions for ...
2026-01-17 10:50:51.232 [info] Getting sessions for read:user,repo,user:email,workflow...
2026-01-17 10:50:51.232 [info] Got 0 sessions for read:user,repo,user:email,workflow...
2026-01-17 10:50:51.295 [info] Getting sessions for read:user,repo,user:email,workflow...
2026-01-17 10:50:51.295 [info] Got 0 sessions for read:user,repo,user:email,workflow...
2026-01-17 10:50:51.624 [info] Getting sessions for read:user,repo,user:email,workflow...
2026-01-17 10:50:51.624 [info] Got 0 sessions for read:user,repo,user:email,workflow...
2026-01-17 10:50:53.728 [info] Getting sessions for all scopes...
2026-01-17 10:50:53.728 [info] Got 0 sessions for ...
2026-01-17 10:50:53.829 [info] Getting sessions for read:user,repo,user:email,workflow...
2026-01-17 10:50:53.829 [info] Got 0 sessions for read:user,repo,user:email,workflow...
2026-01-17 10:50:54.113 [info] Getting sessions for read:user,repo,user:email,workflow...
2026-01-17 10:50:54.113 [info] Got 0 sessions for read:user,repo,user:email,workflow...
