2026-01-15 19:37:57.850 [info] [main] Log level: Info
2026-01-15 19:37:57.850 [info] [main] Validating found git in: "git"
2026-01-15 19:37:57.850 [info] [main] Using git "2.52.0" from "git"
2026-01-15 19:37:57.850 [info] [Model][doInitialScan] Initial repository scan started
2026-01-15 19:37:57.850 [info] > git rev-parse --show-toplevel [27ms]
2026-01-15 19:37:57.850 [info] > git rev-parse --show-toplevel [2ms]
2026-01-15 19:37:57.850 [info] > git rev-parse --show-toplevel [1ms]
2026-01-15 19:37:57.850 [info] > git rev-parse --show-toplevel [2ms]
2026-01-15 19:37:57.850 [info] > git rev-parse --show-toplevel [1ms]
2026-01-15 19:37:57.851 [info] > git rev-parse --show-toplevel [2ms]
2026-01-15 19:37:57.869 [info] > git rev-parse --show-toplevel [2ms]
2026-01-15 19:37:57.916 [info] > git rev-parse --show-toplevel [41ms]
2026-01-15 19:37:57.933 [info] > git rev-parse --show-toplevel [2ms]
2026-01-15 19:37:57.942 [info] > git rev-parse --show-toplevel [2ms]
2026-01-15 19:37:57.952 [info] > git rev-parse --show-toplevel [2ms]
2026-01-15 19:37:57.960 [info] > git rev-parse --show-toplevel [2ms]
2026-01-15 19:37:57.970 [info] > git rev-parse --show-toplevel [2ms]
2026-01-15 19:37:57.978 [info] > git rev-parse --show-toplevel [2ms]
2026-01-15 19:37:57.987 [info] > git rev-parse --show-toplevel [2ms]
2026-01-15 19:37:57.995 [info] > git rev-parse --show-toplevel [2ms]
2026-01-15 19:37:58.004 [info] > git rev-parse --show-toplevel [2ms]
2026-01-15 19:37:58.012 [info] > git rev-parse --show-toplevel [2ms]
2026-01-15 19:37:58.021 [info] > git rev-parse --show-toplevel [2ms]
2026-01-15 19:37:58.031 [info] > git rev-parse --show-toplevel [3ms]
2026-01-15 19:37:58.041 [info] > git rev-parse --show-toplevel [3ms]
2026-01-15 19:37:58.050 [info] > git rev-parse --show-toplevel [2ms]
2026-01-15 19:37:58.058 [info] > git rev-parse --show-toplevel [1ms]
2026-01-15 19:37:58.067 [info] > git rev-parse --show-toplevel [2ms]
2026-01-15 19:37:58.074 [info] > git rev-parse --show-toplevel [1ms]
2026-01-15 19:37:58.084 [info] > git rev-parse --show-toplevel [3ms]
2026-01-15 19:37:58.091 [info] > git rev-parse --show-toplevel [1ms]
2026-01-15 19:37:58.101 [info] > git rev-parse --show-toplevel [3ms]
2026-01-15 19:37:58.108 [info] > git rev-parse --show-toplevel [2ms]
2026-01-15 19:37:58.123 [info] > git rev-parse --show-toplevel [7ms]
2026-01-15 19:37:58.124 [info] [Model][doInitialScan] Initial repository scan completed - repositories (0), closed repositories (0), parent repositories (1), unsafe repositories (0)
2026-01-15 19:37:58.134 [info] > git rev-parse --show-toplevel [1ms]
2026-01-15 19:37:58.367 [info] > git rev-parse --show-toplevel [2ms]
2026-01-15 19:48:59.468 [info] > git rev-parse --show-toplevel [2ms]
