2026-01-17 12:33:56.464 [info] [main] Log level: Info
2026-01-17 12:33:56.464 [info] [main] Validating found git in: "git"
2026-01-17 12:33:56.464 [info] [main] Using git "2.52.0" from "git"
2026-01-17 12:33:56.464 [info] [Model][doInitialScan] Initial repository scan started
2026-01-17 12:33:56.464 [info] > git rev-parse --show-toplevel [32ms]
2026-01-17 12:33:56.464 [info] > git rev-parse --git-dir --git-common-dir --show-superproject-working-tree [4ms]
2026-01-17 12:33:56.464 [info] [Model][openRepository] Opened repository (path): /home/pavan
2026-01-17 12:33:56.464 [info] [Model][openRepository] Opened repository (real path): /home/pavan
2026-01-17 12:33:56.464 [info] [Model][openRepository] Opened repository (kind): repository
2026-01-17 12:33:56.464 [info] > git rev-parse --show-toplevel [6ms]
2026-01-17 12:33:56.464 [info] > git config --get commit.template [13ms]
2026-01-17 12:33:56.464 [info] > git for-each-ref --format=%(refname)%00%(upstream:short)%00%(objectname)%00%(upstream:track)%00%(upstream:remotename)%00%(upstream:remoteref) refs/heads/main refs/remotes/main [15ms]
2026-01-17 12:33:56.501 [info] > git for-each-ref --sort -committerdate --format %(refname)%00%(objectname)%00%(*objectname) [9ms]
2026-01-17 12:33:56.518 [info] > git rev-parse --show-toplevel [1ms]
2026-01-17 12:33:56.525 [info] > git rev-parse --show-toplevel [2ms]
2026-01-17 12:33:56.535 [info] > git rev-parse --show-toplevel [2ms]
2026-01-17 12:33:56.543 [info] > git rev-parse --show-toplevel [2ms]
2026-01-17 12:33:56.552 [info] > git rev-parse --show-toplevel [2ms]
2026-01-17 12:33:56.561 [info] > git rev-parse --show-toplevel [2ms]
2026-01-17 12:33:56.569 [info] > git rev-parse --show-toplevel [1ms]
2026-01-17 12:33:56.580 [info] > git rev-parse --show-toplevel [5ms]
2026-01-17 12:33:56.588 [info] > git rev-parse --show-toplevel [2ms]
2026-01-17 12:33:56.601 [info] > git rev-parse --git-dir --git-common-dir --show-superproject-working-tree [6ms]
2026-01-17 12:33:56.607 [info] [Model][openRepository] Opened repository (path): /home/pavan/.oh-my-zsh
2026-01-17 12:33:56.608 [info] [Model][openRepository] Opened repository (real path): /home/pavan/.oh-my-zsh
2026-01-17 12:33:56.608 [info] [Model][openRepository] Opened repository (kind): repository
2026-01-17 12:33:56.625 [info] > git rev-parse --show-toplevel [1ms]
2026-01-17 12:33:56.625 [info] > git config --get commit.template [9ms]
2026-01-17 12:33:56.646 [info] > git for-each-ref --format=%(refname)%00%(upstream:short)%00%(objectname)%00%(upstream:track)%00%(upstream:remotename)%00%(upstream:remoteref) refs/heads/master refs/remotes/master [6ms]
2026-01-17 12:33:56.646 [info] > git rev-parse --show-toplevel [11ms]
2026-01-17 12:33:56.669 [info] > git rev-parse --show-toplevel [16ms]
2026-01-17 12:33:56.676 [info] > git for-each-ref --sort -committerdate --format %(refname)%00%(objectname)%00%(*objectname) [8ms]
2026-01-17 12:33:56.679 [info] > git rev-parse --show-toplevel [4ms]
2026-01-17 12:33:56.688 [info] > git rev-parse --show-toplevel [1ms]
2026-01-17 12:33:56.698 [info] > git rev-parse --show-toplevel [1ms]
2026-01-17 12:33:56.706 [info] > git rev-parse --show-toplevel [2ms]
2026-01-17 12:33:56.715 [info] > git rev-parse --show-toplevel [1ms]
2026-01-17 12:33:56.723 [info] > git rev-parse --show-toplevel [2ms]
2026-01-17 12:33:56.736 [info] > git rev-parse --git-dir --git-common-dir --show-superproject-working-tree [4ms]
2026-01-17 12:33:56.749 [info] [Model][openRepository] Opened repository (path): /home/pavan/Hyprshot
2026-01-17 12:33:56.749 [info] [Model][openRepository] Opened repository (real path): /home/pavan/Hyprshot
2026-01-17 12:33:56.749 [info] [Model][openRepository] Opened repository (kind): repository
2026-01-17 12:33:56.768 [info] > git rev-parse --show-toplevel [3ms]
2026-01-17 12:33:56.768 [info] > git config --get commit.template [11ms]
2026-01-17 12:33:56.788 [info] > git rev-parse --show-toplevel [9ms]
2026-01-17 12:33:56.798 [info] > git status -z -uall [139ms]
2026-01-17 12:33:56.836 [info] > git for-each-ref --format=%(refname)%00%(upstream:short)%00%(objectname)%00%(upstream:track)%00%(upstream:remotename)%00%(upstream:remoteref) refs/heads/main refs/remotes/main [49ms]
2026-01-17 12:33:56.850 [warning] [Git][revParse] Unable to read file: ENOENT: no such file or directory, open '/home/pavan/Hyprshot/.git/refs/remotes/origin/main'
2026-01-17 12:33:56.851 [info] > git for-each-ref --format=%(refname)%00%(upstream:short)%00%(objectname)%00%(upstream:track)%00%(upstream:remotename)%00%(upstream:remoteref) refs/heads/master refs/remotes/master [18ms]
2026-01-17 12:33:56.858 [info] > git rev-parse --show-toplevel [61ms]
2026-01-17 12:33:56.869 [info] > git config --get --local branch.master.vscode-merge-base [11ms]
2026-01-17 12:33:56.877 [info] > git rev-parse refs/remotes/origin/main [27ms]
2026-01-17 12:33:56.894 [info] > git config --get commit.template [50ms]
2026-01-17 12:33:56.896 [info] > git status -z -uall [12ms]
2026-01-17 12:33:56.897 [info] > git for-each-ref --format=%(refname)%00%(upstream:short)%00%(objectname)%00%(upstream:track)%00%(upstream:remotename)%00%(upstream:remoteref) refs/heads/origin/master refs/remotes/origin/master [21ms]
2026-01-17 12:33:56.905 [info] > git rev-parse --show-toplevel [37ms]
2026-01-17 12:33:56.921 [info] > git merge-base refs/heads/master refs/remotes/origin/master [17ms]
2026-01-17 12:33:56.931 [info] > git for-each-ref --sort -committerdate --format %(refname)%00%(objectname)%00%(*objectname) [38ms]
2026-01-17 12:33:56.965 [info] > git check-ignore -v -z --stdin [12ms]
2026-01-17 12:33:56.966 [info] > git for-each-ref --format=%(refname)%00%(upstream:short)%00%(objectname)%00%(upstream:track)%00%(upstream:remotename)%00%(upstream:remoteref) refs/heads/main refs/remotes/main [23ms]
2026-01-17 12:33:56.973 [info] > git diff --name-status -z --diff-filter=ADMR --find-renames=50% ec14da72fbf8b5016bb1533d4af3ff3bb2ac7a19...refs/remotes/origin/master -- [42ms]
2026-01-17 12:33:56.974 [info] > git rev-parse --show-toplevel [54ms]
2026-01-17 12:33:56.974 [info] > git for-each-ref --format=%(refname)%00%(upstream:short)%00%(objectname)%00%(upstream:track)%00%(upstream:remotename)%00%(upstream:remoteref) refs/heads/master refs/remotes/master [59ms]
2026-01-17 12:33:56.983 [info] > git config --get --local branch.main.vscode-merge-base [10ms]
2026-01-17 12:33:56.990 [info] > git config --get commit.template [27ms]
2026-01-17 12:33:56.993 [info] > git rev-parse --show-toplevel [10ms]
2026-01-17 12:33:57.005 [info] > git for-each-ref --format=%(refname)%00%(upstream:short)%00%(objectname)%00%(upstream:track)%00%(upstream:remotename)%00%(upstream:remoteref) refs/heads/origin/main refs/remotes/origin/main [15ms]
2026-01-17 12:33:57.029 [info] > git rev-parse --show-toplevel [24ms]
2026-01-17 12:33:57.029 [info] > git for-each-ref --format=%(refname)%00%(upstream:short)%00%(objectname)%00%(upstream:track)%00%(upstream:remotename)%00%(upstream:remoteref) refs/heads/main refs/remotes/main [30ms]
2026-01-17 12:33:57.044 [warning] [Git][revParse] Unable to read file: ENOENT: no such file or directory, open '/home/pavan/Hyprshot/.git/refs/remotes/origin/main'
2026-01-17 12:33:57.046 [info] > git for-each-ref --sort -committerdate --format %(refname)%00%(objectname)%00%(*objectname) [18ms]
2026-01-17 12:33:57.047 [info] > git merge-base refs/heads/main refs/remotes/origin/main [33ms]
2026-01-17 12:33:57.054 [info] > git rev-parse refs/remotes/origin/main [10ms]
2026-01-17 12:33:57.069 [info] > git rev-parse --git-dir --git-common-dir --show-superproject-working-tree [33ms]
2026-01-17 12:33:57.080 [info] [Model][openRepository] Opened repository (path): /home/pavan/auto-cpufreq
2026-01-17 12:33:57.080 [info] [Model][openRepository] Opened repository (real path): /home/pavan/auto-cpufreq
2026-01-17 12:33:57.080 [info] [Model][openRepository] Opened repository (kind): repository
2026-01-17 12:33:57.098 [info] > git status -z -uall [78ms]
2026-01-17 12:33:57.098 [info] > git status -z -uall [35ms]
2026-01-17 12:33:57.099 [info] > git for-each-ref --sort -committerdate --format %(refname)%00%(objectname)%00%(*objectname) [30ms]
2026-01-17 12:33:57.115 [info] > git diff --name-status -z --diff-filter=ADMR --find-renames=50% f95068db7765b85a2bbae0f083e29074d7bee027...refs/remotes/origin/main -- [62ms]
2026-01-17 12:33:57.118 [info] > git merge-base refs/heads/main refs/remotes/origin/main [11ms]
2026-01-17 12:33:57.127 [info] > git rev-parse --show-toplevel [31ms]
2026-01-17 12:33:57.128 [info] > git config --get commit.template [40ms]
2026-01-17 12:33:57.145 [info] > git diff --name-status -z --diff-filter=ADMR --find-renames=50% f95068db7765b85a2bbae0f083e29074d7bee027...refs/remotes/origin/main -- [18ms]
2026-01-17 12:33:57.153 [info] > git rev-parse --show-toplevel [12ms]
2026-01-17 12:33:57.164 [info] > git for-each-ref --format=%(refname)%00%(upstream:short)%00%(objectname)%00%(upstream:track)%00%(upstream:remotename)%00%(upstream:remoteref) refs/heads/master refs/remotes/master [13ms]
2026-01-17 12:33:57.170 [warning] [Git][revParse] Unable to read file: ENOENT: no such file or directory, open '/home/pavan/auto-cpufreq/.git/refs/remotes/origin/master'
2026-01-17 12:33:58.907 [info] > git status -z -uall [2425ms] (cancelled)
2026-01-17 12:33:58.907 [info] > git for-each-ref --format=%(refname)%00%(upstream:short)%00%(objectname)%00%(upstream:track)%00%(upstream:remotename)%00%(upstream:remoteref) refs/heads/main refs/remotes/main [1591ms]
2026-01-17 12:33:58.921 [info] > git rev-parse refs/remotes/origin/master [1751ms]
2026-01-17 12:33:58.959 [info] > git rev-parse --git-dir --git-common-dir --show-superproject-working-tree [1797ms]
2026-01-17 12:33:58.971 [info] [Model][openRepository] Opened repository (path): /home/pavan/fastfetch
2026-01-17 12:33:58.971 [info] [Model][openRepository] Opened repository (real path): /home/pavan/fastfetch
2026-01-17 12:33:58.971 [info] [Model][openRepository] Opened repository (kind): repository
2026-01-17 12:33:59.013 [info] > git status -z -uall [73ms]
2026-01-17 12:33:59.013 [info] > git check-ignore -v -z --stdin [32ms]
2026-01-17 12:33:59.014 [info] > git for-each-ref --sort -committerdate --format %(refname)%00%(objectname)%00%(*objectname) [55ms]
2026-01-17 12:33:59.031 [info] > git config --get --local branch.main.vscode-merge-base [111ms]
2026-01-17 12:33:59.041 [info] > git config --get commit.template [142ms]
2026-01-17 12:33:59.049 [info] > git for-each-ref --format=%(refname)%00%(upstream:short)%00%(objectname)%00%(upstream:track)%00%(upstream:remotename)%00%(upstream:remoteref) refs/heads/master refs/remotes/master [21ms]
2026-01-17 12:33:59.057 [info] > git rev-parse --show-toplevel [47ms]
2026-01-17 12:33:59.058 [info] > git config --get commit.template [55ms]
2026-01-17 12:33:59.077 [info] > git config --get --local branch.master.vscode-merge-base [20ms]
2026-01-17 12:33:59.084 [info] > git config --get commit.template [36ms]
2026-01-17 12:33:59.084 [info] > git for-each-ref --format=%(refname)%00%(upstream:short)%00%(objectname)%00%(upstream:track)%00%(upstream:remotename)%00%(upstream:remoteref) refs/heads/origin/main refs/remotes/origin/main [44ms]
2026-01-17 12:33:59.105 [info] > git merge-base refs/heads/main refs/remotes/origin/main [13ms]
2026-01-17 12:33:59.113 [info] > git for-each-ref --format=%(refname)%00%(upstream:short)%00%(objectname)%00%(upstream:track)%00%(upstream:remotename)%00%(upstream:remoteref) refs/heads/origin/master refs/remotes/origin/master [29ms]
2026-01-17 12:33:59.120 [info] > git rev-parse --git-dir --git-common-dir --show-superproject-working-tree [44ms]
2026-01-17 12:33:59.128 [info] [Model][openRepository] Opened repository (path): /home/pavan/google-chrome
2026-01-17 12:33:59.128 [info] [Model][openRepository] Opened repository (real path): /home/pavan/google-chrome
2026-01-17 12:33:59.128 [info] [Model][openRepository] Opened repository (kind): repository
2026-01-17 12:33:59.129 [info] > git for-each-ref --format=%(refname)%00%(upstream:short)%00%(objectname)%00%(upstream:track)%00%(upstream:remotename)%00%(upstream:remoteref) refs/heads/main refs/remotes/main [63ms]
2026-01-17 12:33:59.153 [info] > git merge-base refs/heads/master refs/remotes/origin/master [33ms]
2026-01-17 12:33:59.162 [info] > git diff --name-status -z --diff-filter=ADMR --find-renames=50% 393097b41728ab7c61d30c1c40486c8283e0f606...refs/remotes/origin/main -- [48ms]
2026-01-17 12:33:59.162 [info] > git for-each-ref --format=%(refname)%00%(upstream:short)%00%(objectname)%00%(upstream:track)%00%(upstream:remotename)%00%(upstream:remoteref) refs/heads/dev refs/remotes/dev [58ms]
2026-01-17 12:33:59.170 [warning] [Git][revParse] Unable to read file: ENOENT: no such file or directory, open '/home/pavan/fastfetch/.git/refs/remotes/origin/dev'
2026-01-17 12:33:59.171 [info] > git diff --name-status -z --diff-filter=ADMR --find-renames=50% 046af28ffb4d719e3c360b3986750f187866d4a8...refs/remotes/origin/master -- [10ms]
2026-01-17 12:33:59.171 [info] > git rev-parse --show-toplevel [19ms]
2026-01-17 12:33:59.172 [info] > git config --get commit.template [26ms]
2026-01-17 12:33:59.172 [info] > git for-each-ref --format=%(refname)%00%(upstream:short)%00%(objectname)%00%(upstream:track)%00%(upstream:remotename)%00%(upstream:remoteref) refs/heads/master refs/remotes/master [33ms]
2026-01-17 12:33:59.195 [warning] [Git][revParse] Unable to read file: ENOENT: no such file or directory, open '/home/pavan/auto-cpufreq/.git/refs/remotes/origin/master'
2026-01-17 12:33:59.195 [info] > git rev-parse refs/remotes/origin/dev [25ms]
2026-01-17 12:33:59.246 [info] > git rev-parse refs/remotes/origin/master [52ms]
2026-01-17 12:33:59.261 [info] > git rev-parse --git-dir --git-common-dir --show-superproject-working-tree [75ms]
2026-01-17 12:33:59.268 [info] [Model][openRepository] Opened repository (path): /home/pavan/yay-bin
2026-01-17 12:33:59.268 [info] [Model][openRepository] Opened repository (real path): /home/pavan/yay-bin
2026-01-17 12:33:59.268 [info] [Model][openRepository] Opened repository (kind): repository
2026-01-17 12:33:59.289 [info] > git status -z -uall [37ms]
2026-01-17 12:33:59.290 [info] > git for-each-ref --sort -committerdate --format %(refname)%00%(objectname)%00%(*objectname) [30ms]
2026-01-17 12:33:59.296 [info] > git for-each-ref --sort -committerdate --format %(refname)%00%(objectname)%00%(*objectname) [51ms]
2026-01-17 12:33:59.297 [info] > git for-each-ref --format=%(refname)%00%(upstream:short)%00%(objectname)%00%(upstream:track)%00%(upstream:remotename)%00%(upstream:remoteref) refs/heads/master refs/remotes/master [72ms]
2026-01-17 12:33:59.297 [info] > git for-each-ref --sort -committerdate --format %(refname)%00%(objectname)%00%(*objectname) [82ms]
2026-01-17 12:33:59.307 [warning] [Git][revParse] Unable to read file: ENOENT: no such file or directory, open '/home/pavan/google-chrome/.git/refs/remotes/origin/master'
2026-01-17 12:33:59.308 [info] > git rev-parse --show-toplevel [20ms]
2026-01-17 12:33:59.309 [info] [Model][doInitialScan] Initial repository scan completed - repositories (7), closed repositories (0), parent repositories (0), unsafe repositories (0)
2026-01-17 12:33:59.332 [info] > git config --get commit.template [53ms]
2026-01-17 12:33:59.333 [info] > git show --textconv :.config/hypr/Environmentvariables.conf [13ms]
2026-01-17 12:33:59.334 [info] > git rev-parse refs/remotes/origin/master [27ms]
2026-01-17 12:33:59.368 [info] > git status -z -uall [26ms]
2026-01-17 12:33:59.368 [info] > git for-each-ref --sort -committerdate --format %(refname)%00%(objectname)%00%(*objectname) [16ms]
2026-01-17 12:33:59.393 [info] > git ls-files --stage -- .config/hypr/Environmentvariables.conf [61ms]
2026-01-17 12:33:59.416 [info] > git status -z -uall [213ms]
2026-01-17 12:33:59.416 [info] > git cat-file -s a35e110cd606c6f003502116d482ab8453b3a5da [15ms]
2026-01-17 12:33:59.417 [info] > git for-each-ref --format=%(refname)%00%(upstream:short)%00%(objectname)%00%(upstream:track)%00%(upstream:remotename)%00%(upstream:remoteref) refs/heads/master refs/remotes/master [30ms]
2026-01-17 12:33:59.426 [info] > git for-each-ref --format=%(refname)%00%(upstream:short)%00%(objectname)%00%(upstream:track)%00%(upstream:remotename)%00%(upstream:remoteref) refs/heads/master refs/remotes/master [59ms]
2026-01-17 12:33:59.454 [warning] [Git][revParse] Unable to read file: ENOENT: no such file or directory, open '/home/pavan/yay-bin/.git/refs/remotes/origin/master'
2026-01-17 12:33:59.463 [info] > git for-each-ref --format=%(refname)%00%(upstream:short)%00%(objectname)%00%(upstream:track)%00%(upstream:remotename)%00%(upstream:remoteref) refs/heads/dev refs/remotes/dev [20ms]
2026-01-17 12:33:59.469 [info] > git config --get --local branch.master.vscode-merge-base [43ms]
2026-01-17 12:33:59.476 [info] > git config --get commit.template [61ms]
2026-01-17 12:33:59.522 [info] > git for-each-ref --format=%(refname)%00%(upstream:short)%00%(objectname)%00%(upstream:track)%00%(upstream:remotename)%00%(upstream:remoteref) refs/heads/origin/master refs/remotes/origin/master [47ms]
2026-01-17 12:33:59.532 [info] > git config --get --local branch.dev.vscode-merge-base [63ms]
2026-01-17 12:33:59.539 [info] > git config --get commit.template [77ms]
2026-01-17 12:33:59.539 [info] > git rev-parse refs/remotes/origin/master [86ms]
2026-01-17 12:33:59.566 [info] > git status -z -uall [19ms]
2026-01-17 12:33:59.566 [info] > git for-each-ref --sort -committerdate --format %(refname)%00%(objectname)%00%(*objectname) [13ms]
2026-01-17 12:33:59.581 [info] > git for-each-ref --format=%(refname)%00%(upstream:short)%00%(objectname)%00%(upstream:track)%00%(upstream:remotename)%00%(upstream:remoteref) refs/heads/origin/dev refs/remotes/origin/dev [42ms]
2026-01-17 12:33:59.589 [info] > git merge-base refs/heads/master refs/remotes/origin/master [57ms]
2026-01-17 12:33:59.645 [info] > git diff --name-status -z --diff-filter=ADMR --find-renames=50% 323850b6c61a73bd0a41773f49ae2bf192e0d253...refs/remotes/origin/master -- [48ms]
2026-01-17 12:33:59.645 [info] > git merge-base refs/heads/dev refs/remotes/origin/dev [57ms]
2026-01-17 12:33:59.655 [info] > git for-each-ref --format=%(refname)%00%(upstream:short)%00%(objectname)%00%(upstream:track)%00%(upstream:remotename)%00%(upstream:remoteref) refs/heads/master refs/remotes/master [76ms]
2026-01-17 12:33:59.666 [info] > git for-each-ref --format=%(refname)%00%(upstream:short)%00%(objectname)%00%(upstream:track)%00%(upstream:remotename)%00%(upstream:remoteref) refs/heads/master refs/remotes/master [103ms]
2026-01-17 12:33:59.689 [warning] [Git][revParse] Unable to read file: ENOENT: no such file or directory, open '/home/pavan/google-chrome/.git/refs/remotes/origin/master'
2026-01-17 12:33:59.693 [info] > git check-ignore -v -z --stdin [16ms]
2026-01-17 12:33:59.694 [info] > git config --get --local branch.master.vscode-merge-base [28ms]
2026-01-17 12:33:59.702 [info] > git diff --name-status -z --diff-filter=ADMR --find-renames=50% de6d066fc99efb920b06b36e3e7cb585833c88dc...refs/remotes/origin/dev -- [48ms]
2026-01-17 12:33:59.703 [info] > git config --get commit.template [90ms]
2026-01-17 12:33:59.703 [info] > git for-each-ref --format=%(refname)%00%(upstream:short)%00%(objectname)%00%(upstream:track)%00%(upstream:remotename)%00%(upstream:remoteref) refs/heads/dev refs/remotes/dev [98ms]
2026-01-17 12:33:59.712 [warning] [Git][revParse] Unable to read file: ENOENT: no such file or directory, open '/home/pavan/fastfetch/.git/refs/remotes/origin/dev'
2026-01-17 12:33:59.714 [info] > git for-each-ref --format=%(refname)%00%(upstream:short)%00%(objectname)%00%(upstream:track)%00%(upstream:remotename)%00%(upstream:remoteref) refs/heads/origin/master refs/remotes/origin/master [12ms]
2026-01-17 12:33:59.725 [info] > git rev-parse refs/remotes/origin/master [36ms]
2026-01-17 12:33:59.769 [info] > git status -z -uall [33ms]
2026-01-17 12:33:59.770 [info] > git merge-base refs/heads/master refs/remotes/origin/master [46ms]
2026-01-17 12:33:59.780 [info] > git rev-parse refs/remotes/origin/dev [68ms]
2026-01-17 12:33:59.931 [info] > git status -z -uall [698ms] (cancelled)
2026-01-17 12:33:59.931 [info] > git status -z -uall [140ms]
2026-01-17 12:33:59.931 [info] > git diff --name-status -z --diff-filter=ADMR --find-renames=50% 1751e24c436c5909ae8d5b1f119e026101e28e3c...refs/remotes/origin/master -- [151ms]
2026-01-17 12:33:59.932 [info] > git blame --root --incremental 393097b41728ab7c61d30c1c40486c8283e0f606 -- .config/hypr/Environmentvariables.conf [166ms]
2026-01-17 12:33:59.934 [info] > git for-each-ref --format=%(refname)%00%(upstream:short)%00%(objectname)%00%(upstream:track)%00%(upstream:remotename)%00%(upstream:remoteref) refs/heads/master refs/remotes/master [184ms]
2026-01-17 12:33:59.935 [info] > git for-each-ref --sort -committerdate --format %(refname)%00%(objectname)%00%(*objectname) [193ms]
2026-01-17 12:33:59.951 [warning] [Git][revParse] Unable to read file: ENOENT: no such file or directory, open '/home/pavan/yay-bin/.git/refs/remotes/origin/master'
2026-01-17 12:33:59.989 [info] > git for-each-ref --sort -committerdate --format %(refname)%00%(objectname)%00%(*objectname) [185ms]
2026-01-17 12:34:01.569 [info] > git rev-parse refs/remotes/origin/master [1619ms]
2026-01-17 12:34:01.710 [info] > git status -z -uall [131ms]
2026-01-17 12:34:01.710 [info] > git for-each-ref --sort -committerdate --format %(refname)%00%(objectname)%00%(*objectname) [123ms]
2026-01-17 12:38:36.858 [info] > git ls-files --stage -- .config/hypr/Environmentvariables.conf [7ms]
2026-01-17 12:38:36.886 [info] > git cat-file -s a35e110cd606c6f003502116d482ab8453b3a5da [8ms]
2026-01-17 12:38:36.911 [info] > git show --textconv :.config/hypr/Environmentvariables.conf [7ms]
2026-01-17 12:53:10.448 [info] > git check-ignore -v -z --stdin [3ms]
2026-01-17 13:01:47.697 [info] > git ls-files --stage -- .config/hypr/Environmentvariables.conf [4ms]
2026-01-17 13:01:47.713 [info] > git cat-file -s a35e110cd606c6f003502116d482ab8453b3a5da [3ms]
2026-01-17 13:01:47.743 [info] > git show --textconv :.config/hypr/Environmentvariables.conf [7ms]
2026-01-17 13:07:57.260 [info] > git ls-files --stage -- .config/hypr/Environmentvariables.conf [5ms]
2026-01-17 13:07:57.270 [info] > git cat-file -s a35e110cd606c6f003502116d482ab8453b3a5da [2ms]
2026-01-17 13:07:57.298 [info] > git show --textconv :.config/hypr/Environmentvariables.conf [6ms]
