2026-01-17 10:49:28.343 [info] [main] Log level: Info
2026-01-17 10:49:28.343 [info] [main] Validating found git in: "git"
2026-01-17 10:49:28.343 [info] [main] Using git "2.52.0" from "git"
2026-01-17 10:49:28.343 [info] [Model][doInitialScan] Initial repository scan started
2026-01-17 10:49:28.343 [info] > git rev-parse --show-toplevel [17ms]
2026-01-17 10:49:28.343 [info] > git rev-parse --show-toplevel [2ms]
2026-01-17 10:49:28.344 [info] > git rev-parse --show-toplevel [2ms]
2026-01-17 10:49:28.344 [info] > git rev-parse --show-toplevel [4ms]
2026-01-17 10:49:28.344 [info] > git rev-parse --show-toplevel [2ms]
2026-01-17 10:49:28.344 [info] > git rev-parse --show-toplevel [2ms]
2026-01-17 10:49:28.344 [info] > git rev-parse --show-toplevel [4ms]
2026-01-17 10:49:28.344 [info] > git rev-parse --show-toplevel [2ms]
2026-01-17 10:49:28.344 [info] > git rev-parse --show-toplevel [2ms]
2026-01-17 10:49:28.344 [info] > git rev-parse --show-toplevel [12ms]
2026-01-17 10:49:28.390 [info] > git rev-parse --show-toplevel [39ms]
2026-01-17 10:49:28.406 [info] > git rev-parse --show-toplevel [2ms]
2026-01-17 10:49:28.415 [info] > git rev-parse --show-toplevel [2ms]
2026-01-17 10:49:28.423 [info] > git rev-parse --show-toplevel [2ms]
2026-01-17 10:49:28.430 [info] > git rev-parse --show-toplevel [1ms]
2026-01-17 10:49:28.437 [info] > git rev-parse --show-toplevel [1ms]
2026-01-17 10:49:28.445 [info] > git rev-parse --show-toplevel [1ms]
2026-01-17 10:49:28.454 [info] > git rev-parse --show-toplevel [1ms]
2026-01-17 10:49:28.464 [info] > git rev-parse --show-toplevel [2ms]
2026-01-17 10:49:28.472 [info] > git rev-parse --show-toplevel [2ms]
2026-01-17 10:49:28.492 [info] > git rev-parse --show-toplevel [11ms]
2026-01-17 10:49:28.501 [info] > git rev-parse --show-toplevel [1ms]
2026-01-17 10:49:28.510 [info] > git rev-parse --show-toplevel [1ms]
2026-01-17 10:49:28.519 [info] > git rev-parse --show-toplevel [2ms]
2026-01-17 10:49:28.529 [info] > git rev-parse --show-toplevel [2ms]
2026-01-17 10:49:28.537 [info] > git rev-parse --show-toplevel [2ms]
2026-01-17 10:49:28.547 [info] > git rev-parse --show-toplevel [2ms]
2026-01-17 10:49:28.561 [info] > git rev-parse --show-toplevel [6ms]
2026-01-17 10:49:28.572 [info] > git rev-parse --show-toplevel [2ms]
2026-01-17 10:49:28.585 [info] > git rev-parse --show-toplevel [4ms]
2026-01-17 10:49:28.587 [info] [Model][doInitialScan] Initial repository scan completed - repositories (0), closed repositories (0), parent repositories (1), unsafe repositories (0)
2026-01-17 10:49:28.598 [info] > git rev-parse --show-toplevel [2ms]
