2026-01-17 13:11:45.022 [info] [main] Log level: Info
2026-01-17 13:11:45.022 [info] [main] Validating found git in: "git"
2026-01-17 13:11:45.022 [info] [main] Using git "2.52.0" from "git"
2026-01-17 13:11:45.022 [info] [Model][doInitialScan] Initial repository scan started
2026-01-17 13:11:45.022 [info] > git rev-parse --show-toplevel [16ms]
2026-01-17 13:11:45.022 [info] > git rev-parse --git-dir --git-common-dir --show-superproject-working-tree [7ms]
2026-01-17 13:11:45.022 [info] [Model][openRepository] Opened repository (path): /home/pavan
2026-01-17 13:11:45.022 [info] [Model][openRepository] Opened repository (real path): /home/pavan
2026-01-17 13:11:45.022 [info] [Model][openRepository] Opened repository (kind): repository
2026-01-17 13:11:45.022 [info] > git rev-parse --show-toplevel [5ms]
2026-01-17 13:11:45.022 [info] > git config --get commit.template [13ms]
2026-01-17 13:11:45.022 [info] > git for-each-ref --format=%(refname)%00%(upstream:short)%00%(objectname)%00%(upstream:track)%00%(upstream:remotename)%00%(upstream:remoteref) refs/heads/main refs/remotes/main [2ms]
2026-01-17 13:11:45.109 [info] > git for-each-ref --sort -committerdate --format %(refname)%00%(objectname)%00%(*objectname) [56ms]
2026-01-17 13:11:45.136 [info] > git rev-parse --show-toplevel [3ms]
2026-01-17 13:11:45.146 [info] > git rev-parse --show-toplevel [2ms]
2026-01-17 13:11:45.156 [info] > git rev-parse --show-toplevel [2ms]
2026-01-17 13:11:45.168 [info] > git rev-parse --show-toplevel [4ms]
2026-01-17 13:11:45.177 [info] > git rev-parse --show-toplevel [2ms]
2026-01-17 13:11:45.190 [info] > git rev-parse --show-toplevel [5ms]
2026-01-17 13:11:45.198 [info] > git rev-parse --show-toplevel [2ms]
2026-01-17 13:11:45.208 [info] > git rev-parse --show-toplevel [2ms]
2026-01-17 13:11:45.219 [info] > git rev-parse --show-toplevel [1ms]
2026-01-17 13:11:45.233 [info] > git rev-parse --git-dir --git-common-dir --show-superproject-working-tree [7ms]
2026-01-17 13:11:45.244 [info] [Model][openRepository] Opened repository (path): /home/pavan/.oh-my-zsh
2026-01-17 13:11:45.244 [info] [Model][openRepository] Opened repository (real path): /home/pavan/.oh-my-zsh
2026-01-17 13:11:45.244 [info] [Model][openRepository] Opened repository (kind): repository
2026-01-17 13:11:45.260 [info] > git config --get commit.template [7ms]
2026-01-17 13:11:45.269 [info] > git rev-parse --show-toplevel [10ms]
2026-01-17 13:11:45.277 [info] > git for-each-ref --format=%(refname)%00%(upstream:short)%00%(objectname)%00%(upstream:track)%00%(upstream:remotename)%00%(upstream:remoteref) refs/heads/master refs/remotes/master [9ms]
2026-01-17 13:11:45.278 [info] > git rev-parse --show-toplevel [2ms]
2026-01-17 13:11:45.305 [info] > git rev-parse --show-toplevel [18ms]
2026-01-17 13:11:45.314 [info] > git for-each-ref --sort -committerdate --format %(refname)%00%(objectname)%00%(*objectname) [11ms]
2026-01-17 13:11:45.319 [info] > git rev-parse --show-toplevel [6ms]
2026-01-17 13:11:45.334 [info] > git rev-parse --show-toplevel [2ms]
2026-01-17 13:11:45.345 [info] > git rev-parse --show-toplevel [2ms]
2026-01-17 13:11:45.358 [info] > git rev-parse --show-toplevel [4ms]
2026-01-17 13:11:45.372 [info] > git rev-parse --show-toplevel [3ms]
2026-01-17 13:11:45.388 [info] > git rev-parse --show-toplevel [5ms]
2026-01-17 13:11:45.408 [info] > git rev-parse --git-dir --git-common-dir --show-superproject-working-tree [9ms]
2026-01-17 13:11:45.416 [info] [Model][openRepository] Opened repository (path): /home/pavan/Hyprshot
2026-01-17 13:11:45.417 [info] [Model][openRepository] Opened repository (real path): /home/pavan/Hyprshot
2026-01-17 13:11:45.417 [info] [Model][openRepository] Opened repository (kind): repository
2026-01-17 13:11:45.434 [info] > git config --get commit.template [9ms]
2026-01-17 13:11:45.437 [info] > git rev-parse --show-toplevel [5ms]
2026-01-17 13:11:45.452 [info] > git for-each-ref --format=%(refname)%00%(upstream:short)%00%(objectname)%00%(upstream:track)%00%(upstream:remotename)%00%(upstream:remoteref) refs/heads/main refs/remotes/main [9ms]
2026-01-17 13:11:45.460 [warning] [Git][revParse] Unable to read file: ENOENT: no such file or directory, open '/home/pavan/Hyprshot/.git/refs/remotes/origin/main'
2026-01-17 13:11:45.461 [info] > git status -z -uall [167ms]
2026-01-17 13:11:45.462 [info] > git rev-parse --show-toplevel [10ms]
2026-01-17 13:11:45.470 [info] > git rev-parse refs/remotes/origin/main [10ms]
2026-01-17 13:11:45.540 [info] > git status -z -uall [64ms]
2026-01-17 13:11:45.540 [info] > git check-ignore -v -z --stdin [15ms]
2026-01-17 13:11:45.542 [info] > git for-each-ref --format=%(refname)%00%(upstream:short)%00%(objectname)%00%(upstream:track)%00%(upstream:remotename)%00%(upstream:remoteref) refs/heads/master refs/remotes/master [29ms]
2026-01-17 13:11:45.553 [info] > git for-each-ref --sort -committerdate --format %(refname)%00%(objectname)%00%(*objectname) [70ms]
2026-01-17 13:11:45.567 [info] > git rev-parse --show-toplevel [98ms]
2026-01-17 13:11:45.583 [info] > git for-each-ref --format=%(refname)%00%(upstream:short)%00%(objectname)%00%(upstream:track)%00%(upstream:remotename)%00%(upstream:remoteref) refs/heads/main refs/remotes/main [18ms]
2026-01-17 13:11:45.590 [info] > git config --get --local branch.master.vscode-merge-base [37ms]
2026-01-17 13:11:45.597 [info] > git config --get commit.template [59ms]
2026-01-17 13:11:45.603 [info] > git for-each-ref --format=%(refname)%00%(upstream:short)%00%(objectname)%00%(upstream:track)%00%(upstream:remotename)%00%(upstream:remoteref) refs/heads/origin/master refs/remotes/origin/master [6ms]
2026-01-17 13:11:45.613 [info] > git config --get --local branch.main.vscode-merge-base [23ms]
2026-01-17 13:11:45.620 [info] > git rev-parse --show-toplevel [38ms]
2026-01-17 13:11:45.621 [info] > git config --get commit.template [47ms]
2026-01-17 13:11:45.636 [info] > git merge-base refs/heads/master refs/remotes/origin/master [24ms]
2026-01-17 13:11:45.653 [info] > git rev-parse --show-toplevel [18ms]
2026-01-17 13:11:45.654 [info] > git for-each-ref --format=%(refname)%00%(upstream:short)%00%(objectname)%00%(upstream:track)%00%(upstream:remotename)%00%(upstream:remoteref) refs/heads/master refs/remotes/master [26ms]
2026-01-17 13:11:45.654 [info] > git for-each-ref --format=%(refname)%00%(upstream:short)%00%(objectname)%00%(upstream:track)%00%(upstream:remotename)%00%(upstream:remoteref) refs/heads/origin/main refs/remotes/origin/main [34ms]
2026-01-17 13:11:45.672 [info] > git diff --name-status -z --diff-filter=ADMR --find-renames=50% ec14da72fbf8b5016bb1533d4af3ff3bb2ac7a19...refs/remotes/origin/master -- [29ms]
2026-01-17 13:11:45.674 [info] > git for-each-ref --format=%(refname)%00%(upstream:short)%00%(objectname)%00%(upstream:track)%00%(upstream:remotename)%00%(upstream:remoteref) refs/heads/main refs/remotes/main [22ms]
2026-01-17 13:11:45.693 [warning] [Git][revParse] Unable to read file: ENOENT: no such file or directory, open '/home/pavan/Hyprshot/.git/refs/remotes/origin/main'
2026-01-17 13:11:45.693 [info] > git rev-parse --show-toplevel [22ms]
2026-01-17 13:11:45.693 [info] > git merge-base refs/heads/main refs/remotes/origin/main [32ms]
2026-01-17 13:11:45.711 [info] > git rev-parse refs/remotes/origin/main [19ms]
2026-01-17 13:11:45.742 [info] > git status -z -uall [25ms]
2026-01-17 13:11:45.743 [info] > git rev-parse --show-toplevel [33ms]
2026-01-17 13:11:45.743 [info] > git diff --name-status -z --diff-filter=ADMR --find-renames=50% f95068db7765b85a2bbae0f083e29074d7bee027...refs/remotes/origin/main -- [40ms]
2026-01-17 13:11:45.763 [info] > git for-each-ref --sort -committerdate --format %(refname)%00%(objectname)%00%(*objectname) [24ms]
2026-01-17 13:11:45.765 [info] > git for-each-ref --sort -committerdate --format %(refname)%00%(objectname)%00%(*objectname) [41ms]
2026-01-17 13:11:45.776 [info] > git rev-parse --git-dir --git-common-dir --show-superproject-working-tree [15ms]
2026-01-17 13:11:45.786 [info] [Model][openRepository] Opened repository (path): /home/pavan/auto-cpufreq
2026-01-17 13:11:45.786 [info] [Model][openRepository] Opened repository (real path): /home/pavan/auto-cpufreq
2026-01-17 13:11:45.786 [info] [Model][openRepository] Opened repository (kind): repository
2026-01-17 13:11:45.806 [info] > git status -z -uall [74ms]
2026-01-17 13:11:45.966 [info] > git status -z -uall [923ms] (cancelled)
2026-01-17 13:11:45.966 [info] > git rev-parse --show-toplevel [162ms]
2026-01-17 13:11:45.967 [info] > git config --get commit.template [170ms]
2026-01-17 13:11:47.548 [info] > git for-each-ref --format=%(refname)%00%(upstream:short)%00%(objectname)%00%(upstream:track)%00%(upstream:remotename)%00%(upstream:remoteref) refs/heads/main refs/remotes/main [1585ms]
2026-01-17 13:11:47.613 [info] > git config --get --local branch.main.vscode-merge-base [57ms]
2026-01-17 13:11:47.623 [info] > git rev-parse --show-toplevel [76ms]
2026-01-17 13:11:47.623 [info] > git config --get commit.template [83ms]
2026-01-17 13:11:47.632 [info] > git for-each-ref --format=%(refname)%00%(upstream:short)%00%(objectname)%00%(upstream:track)%00%(upstream:remotename)%00%(upstream:remoteref) refs/heads/master refs/remotes/master [30ms]
2026-01-17 13:11:47.647 [warning] [Git][revParse] Unable to read file: ENOENT: no such file or directory, open '/home/pavan/auto-cpufreq/.git/refs/remotes/origin/master'
2026-01-17 13:11:47.648 [info] > git for-each-ref --format=%(refname)%00%(upstream:short)%00%(objectname)%00%(upstream:track)%00%(upstream:remotename)%00%(upstream:remoteref) refs/heads/origin/main refs/remotes/origin/main [26ms]
2026-01-17 13:11:47.661 [info] > git rev-parse refs/remotes/origin/master [14ms]
2026-01-17 13:11:47.678 [info] > git for-each-ref --format=%(refname)%00%(upstream:short)%00%(objectname)%00%(upstream:track)%00%(upstream:remotename)%00%(upstream:remoteref) refs/heads/main refs/remotes/main [37ms]
2026-01-17 13:11:47.679 [info] > git rev-parse --git-dir --git-common-dir --show-superproject-working-tree [47ms]
2026-01-17 13:11:47.692 [info] [Model][openRepository] Opened repository (path): /home/pavan/fastfetch
2026-01-17 13:11:47.692 [info] [Model][openRepository] Opened repository (real path): /home/pavan/fastfetch
2026-01-17 13:11:47.692 [info] [Model][openRepository] Opened repository (kind): repository
2026-01-17 13:11:47.714 [info] > git status -z -uall [46ms]
2026-01-17 13:11:47.714 [info] > git for-each-ref --sort -committerdate --format %(refname)%00%(objectname)%00%(*objectname) [36ms]
2026-01-17 13:11:47.734 [info] > git merge-base refs/heads/main refs/remotes/origin/main [76ms]
2026-01-17 13:11:47.759 [info] > git diff --name-status -z --diff-filter=ADMR --find-renames=50% 393097b41728ab7c61d30c1c40486c8283e0f606...refs/remotes/origin/main -- [16ms]
2026-01-17 13:11:47.759 [info] > git for-each-ref --format=%(refname)%00%(upstream:short)%00%(objectname)%00%(upstream:track)%00%(upstream:remotename)%00%(upstream:remoteref) refs/heads/master refs/remotes/master [27ms]
2026-01-17 13:11:47.766 [info] > git rev-parse --show-toplevel [53ms]
2026-01-17 13:11:47.766 [info] > git config --get commit.template [65ms]
2026-01-17 13:11:47.774 [info] > git config --get --local branch.master.vscode-merge-base [8ms]
2026-01-17 13:11:47.781 [info] > git config --get commit.template [23ms]
2026-01-17 13:11:47.804 [info] > git rev-parse --git-dir --git-common-dir --show-superproject-working-tree [31ms]
2026-01-17 13:11:47.814 [info] [Model][openRepository] Opened repository (path): /home/pavan/google-chrome
2026-01-17 13:11:47.814 [info] [Model][openRepository] Opened repository (real path): /home/pavan/google-chrome
2026-01-17 13:11:47.814 [info] [Model][openRepository] Opened repository (kind): repository
2026-01-17 13:11:47.837 [info] > git for-each-ref --format=%(refname)%00%(upstream:short)%00%(objectname)%00%(upstream:track)%00%(upstream:remotename)%00%(upstream:remoteref) refs/heads/dev refs/remotes/dev [33ms]
2026-01-17 13:11:47.837 [info] > git for-each-ref --sort -committerdate --format %(refname)%00%(objectname)%00%(*objectname) [40ms]
2026-01-17 13:11:47.838 [info] > git for-each-ref --format=%(refname)%00%(upstream:short)%00%(objectname)%00%(upstream:track)%00%(upstream:remotename)%00%(upstream:remoteref) refs/heads/origin/master refs/remotes/origin/master [57ms]
2026-01-17 13:11:47.858 [warning] [Git][revParse] Unable to read file: ENOENT: no such file or directory, open '/home/pavan/fastfetch/.git/refs/remotes/origin/dev'
2026-01-17 13:11:47.859 [info] > git merge-base refs/heads/master refs/remotes/origin/master [13ms]
2026-01-17 13:11:47.869 [info] > git rev-parse --show-toplevel [33ms]
2026-01-17 13:11:47.870 [info] > git config --get commit.template [39ms]
2026-01-17 13:11:47.871 [info] > git for-each-ref --format=%(refname)%00%(upstream:short)%00%(objectname)%00%(upstream:track)%00%(upstream:remotename)%00%(upstream:remoteref) refs/heads/master refs/remotes/master [48ms]
2026-01-17 13:11:47.893 [warning] [Git][revParse] Unable to read file: ENOENT: no such file or directory, open '/home/pavan/auto-cpufreq/.git/refs/remotes/origin/master'
2026-01-17 13:11:47.894 [info] > git diff --name-status -z --diff-filter=ADMR --find-renames=50% 046af28ffb4d719e3c360b3986750f187866d4a8...refs/remotes/origin/master -- [26ms]
2026-01-17 13:11:47.895 [info] > git rev-parse refs/remotes/origin/dev [37ms]
2026-01-17 13:11:47.933 [info] > git rev-parse refs/remotes/origin/master [40ms]
2026-01-17 13:11:47.948 [info] > git rev-parse --git-dir --git-common-dir --show-superproject-working-tree [64ms]
2026-01-17 13:11:47.954 [info] [Model][openRepository] Opened repository (path): /home/pavan/yay-bin
2026-01-17 13:11:47.954 [info] [Model][openRepository] Opened repository (real path): /home/pavan/yay-bin
2026-01-17 13:11:47.954 [info] [Model][openRepository] Opened repository (kind): repository
2026-01-17 13:11:47.964 [info] > git status -z -uall [25ms]
2026-01-17 13:11:47.965 [info] > git for-each-ref --sort -committerdate --format %(refname)%00%(objectname)%00%(*objectname) [18ms]
2026-01-17 13:11:47.971 [info] > git for-each-ref --format=%(refname)%00%(upstream:short)%00%(objectname)%00%(upstream:track)%00%(upstream:remotename)%00%(upstream:remoteref) refs/heads/master refs/remotes/master [39ms]
2026-01-17 13:11:47.972 [info] > git for-each-ref --sort -committerdate --format %(refname)%00%(objectname)%00%(*objectname) [56ms]
2026-01-17 13:11:47.988 [warning] [Git][revParse] Unable to read file: ENOENT: no such file or directory, open '/home/pavan/google-chrome/.git/refs/remotes/origin/master'
2026-01-17 13:11:47.989 [info] > git rev-parse --show-toplevel [25ms]
2026-01-17 13:11:47.989 [info] [Model][doInitialScan] Initial repository scan completed - repositories (7), closed repositories (0), parent repositories (0), unsafe repositories (0)
2026-01-17 13:11:48.014 [info] > git show --textconv :.config/hypr/Environmentvariables.conf [14ms]
2026-01-17 13:11:48.015 [info] > git rev-parse refs/remotes/origin/master [27ms]
2026-01-17 13:11:48.034 [info] > git config --get commit.template [53ms]
2026-01-17 13:11:48.054 [info] > git status -z -uall [28ms]
2026-01-17 13:11:48.054 [info] > git for-each-ref --sort -committerdate --format %(refname)%00%(objectname)%00%(*objectname) [20ms]
2026-01-17 13:11:48.088 [info] > git ls-files --stage -- .config/hypr/Environmentvariables.conf [78ms]
2026-01-17 13:11:48.111 [info] > git check-ignore -v -z --stdin [69ms]
2026-01-17 13:11:48.116 [info] > git cat-file -s a35e110cd606c6f003502116d482ab8453b3a5da [20ms]
2026-01-17 13:11:48.117 [info] > git for-each-ref --format=%(refname)%00%(upstream:short)%00%(objectname)%00%(upstream:track)%00%(upstream:remotename)%00%(upstream:remoteref) refs/heads/master refs/remotes/master [34ms]
2026-01-17 13:11:48.126 [info] > git for-each-ref --format=%(refname)%00%(upstream:short)%00%(objectname)%00%(upstream:track)%00%(upstream:remotename)%00%(upstream:remoteref) refs/heads/master refs/remotes/master [74ms]
2026-01-17 13:11:48.142 [warning] [Git][revParse] Unable to read file: ENOENT: no such file or directory, open '/home/pavan/yay-bin/.git/refs/remotes/origin/master'
2026-01-17 13:11:48.143 [info] > git config --get --local branch.master.vscode-merge-base [17ms]
2026-01-17 13:11:48.152 [info] > git config --get commit.template [42ms]
2026-01-17 13:11:48.155 [info] > git status -z -uall [249ms]
2026-01-17 13:11:48.155 [info] > git rev-parse refs/remotes/origin/master [14ms]
2026-01-17 13:11:48.269 [info] > git status -z -uall [105ms]
2026-01-17 13:11:48.269 [info] > git for-each-ref --format=%(refname)%00%(upstream:short)%00%(objectname)%00%(upstream:track)%00%(upstream:remotename)%00%(upstream:remoteref) refs/heads/dev refs/remotes/dev [83ms]
2026-01-17 13:11:48.280 [info] > git for-each-ref --sort -committerdate --format %(refname)%00%(objectname)%00%(*objectname) [109ms]
2026-01-17 13:11:48.297 [info] > git for-each-ref --format=%(refname)%00%(upstream:short)%00%(objectname)%00%(upstream:track)%00%(upstream:remotename)%00%(upstream:remoteref) refs/heads/origin/master refs/remotes/origin/master [144ms]
2026-01-17 13:11:48.319 [info] > git merge-base refs/heads/master refs/remotes/origin/master [13ms]
2026-01-17 13:11:48.327 [info] > git for-each-ref --format=%(refname)%00%(upstream:short)%00%(objectname)%00%(upstream:track)%00%(upstream:remotename)%00%(upstream:remoteref) refs/heads/master refs/remotes/master [34ms]
2026-01-17 13:11:48.335 [info] > git config --get --local branch.dev.vscode-merge-base [56ms]
2026-01-17 13:11:48.344 [info] > git config --get commit.template [77ms]
2026-01-17 13:11:48.345 [info] > git for-each-ref --format=%(refname)%00%(upstream:short)%00%(objectname)%00%(upstream:track)%00%(upstream:remotename)%00%(upstream:remoteref) refs/heads/master refs/remotes/master [89ms]
2026-01-17 13:11:48.360 [warning] [Git][revParse] Unable to read file: ENOENT: no such file or directory, open '/home/pavan/google-chrome/.git/refs/remotes/origin/master'
2026-01-17 13:11:48.362 [info] > git for-each-ref --format=%(refname)%00%(upstream:short)%00%(objectname)%00%(upstream:track)%00%(upstream:remotename)%00%(upstream:remoteref) refs/heads/origin/dev refs/remotes/origin/dev [18ms]
2026-01-17 13:11:48.375 [info] > git config --get --local branch.master.vscode-merge-base [40ms]
2026-01-17 13:11:48.386 [info] > git diff --name-status -z --diff-filter=ADMR --find-renames=50% 323850b6c61a73bd0a41773f49ae2bf192e0d253...refs/remotes/origin/master -- [60ms]
2026-01-17 13:11:48.387 [info] > git config --get commit.template [70ms]
2026-01-17 13:11:48.434 [info] > git for-each-ref --format=%(refname)%00%(upstream:short)%00%(objectname)%00%(upstream:track)%00%(upstream:remotename)%00%(upstream:remoteref) refs/heads/origin/master refs/remotes/origin/master [48ms]
2026-01-17 13:11:48.447 [info] > git merge-base refs/heads/dev refs/remotes/origin/dev [74ms]
2026-01-17 13:11:48.459 [info] > git rev-parse refs/remotes/origin/master [99ms]
2026-01-17 13:11:48.680 [info] > git status -z -uall [892ms] (cancelled)
2026-01-17 13:11:48.680 [info] > git status -z -uall [211ms]
2026-01-17 13:11:48.681 [info] > git for-each-ref --sort -committerdate --format %(refname)%00%(objectname)%00%(*objectname) [198ms]
2026-01-17 13:11:48.691 [info] > git diff --name-status -z --diff-filter=ADMR --find-renames=50% de6d066fc99efb920b06b36e3e7cb585833c88dc...refs/remotes/origin/dev -- [233ms]
2026-01-17 13:11:48.692 [info] > git merge-base refs/heads/master refs/remotes/origin/master [245ms]
2026-01-17 13:11:48.702 [info] > git for-each-ref --format=%(refname)%00%(upstream:short)%00%(objectname)%00%(upstream:track)%00%(upstream:remotename)%00%(upstream:remoteref) refs/heads/dev refs/remotes/dev [299ms]
2026-01-17 13:11:50.518 [warning] [Git][revParse] Unable to read file: ENOENT: no such file or directory, open '/home/pavan/fastfetch/.git/refs/remotes/origin/dev'
2026-01-17 13:11:50.519 [info] > git check-ignore -v -z --stdin [1809ms]
2026-01-17 13:11:50.521 [info] > git diff --name-status -z --diff-filter=ADMR --find-renames=50% 1751e24c436c5909ae8d5b1f119e026101e28e3c...refs/remotes/origin/master -- [1818ms]
2026-01-17 13:11:50.522 [info] > git for-each-ref --format=%(refname)%00%(upstream:short)%00%(objectname)%00%(upstream:track)%00%(upstream:remotename)%00%(upstream:remoteref) refs/heads/master refs/remotes/master [2018ms]
2026-01-17 13:11:50.602 [warning] [Git][revParse] Unable to read file: ENOENT: no such file or directory, open '/home/pavan/yay-bin/.git/refs/remotes/origin/master'
2026-01-17 13:11:50.623 [info] > git rev-parse refs/remotes/origin/dev [106ms]
2026-01-17 13:11:50.652 [info] > git rev-parse refs/remotes/origin/master [50ms]
2026-01-17 13:11:50.674 [info] > git blame --root --incremental 393097b41728ab7c61d30c1c40486c8283e0f606 -- .config/hypr/Environmentvariables.conf [79ms]
2026-01-17 13:11:50.681 [info] > git status -z -uall [50ms]
2026-01-17 13:11:50.681 [info] > git status -z -uall [15ms]
2026-01-17 13:11:50.681 [info] > git for-each-ref --sort -committerdate --format %(refname)%00%(objectname)%00%(*objectname) [8ms]
2026-01-17 13:11:50.688 [info] > git for-each-ref --sort -committerdate --format %(refname)%00%(objectname)%00%(*objectname) [42ms]
2026-01-17 13:47:54.236 [info] > git ls-files --stage -- .config/hypr/Environmentvariables.conf [5ms]
2026-01-17 13:47:54.248 [info] > git cat-file -s 09f75ed28e9da0988f8ac8850fb9cbb8ee5b8109 [3ms]
2026-01-17 13:47:54.269 [info] > git show --textconv :.config/hypr/Environmentvariables.conf [6ms]
2026-01-17 13:57:10.244 [info] > git ls-files --stage -- .config/hypr/Environmentvariables.conf [6ms]
2026-01-17 13:57:10.258 [info] > git cat-file -s 09f75ed28e9da0988f8ac8850fb9cbb8ee5b8109 [4ms]
2026-01-17 13:57:10.272 [info] > git show --textconv :.config/hypr/Environmentvariables.conf [4ms]
2026-01-17 14:10:32.916 [info] > git check-ignore -v -z --stdin [5ms]
2026-01-17 14:10:33.832 [info] > git check-ignore -v -z --stdin [12ms]
2026-01-17 14:10:33.833 [info] > git check-ignore -v -z --stdin [3ms]
2026-01-17 14:10:43.479 [info] > git show --textconv :.config/waybar/style.css [8ms]
2026-01-17 14:10:43.482 [info] > git ls-files --stage -- .config/waybar/style.css [4ms]
2026-01-17 14:10:43.490 [info] > git cat-file -s ae9f9c32ace87667139b3e739b190c435caf9e12 [2ms]
2026-01-17 14:11:37.330 [info] > git blame --root --incremental 393097b41728ab7c61d30c1c40486c8283e0f606 -- .config/waybar/style.css [5ms]
2026-01-17 14:13:04.727 [info] > git check-ignore -v -z --stdin [3ms]
2026-01-17 14:40:57.237 [info] > git show --textconv :.config/hypr/hyprlock.conf [10ms]
2026-01-17 14:40:57.240 [info] > git ls-files --stage -- .config/hypr/hyprlock.conf [4ms]
2026-01-17 14:40:57.250 [info] > git cat-file -s dd39a6d084f9c1290db31baf4381085020d2cff9 [2ms]
2026-01-17 14:42:26.454 [info] > git blame --root --incremental 393097b41728ab7c61d30c1c40486c8283e0f606 -- .config/hypr/hyprlock.conf [3ms]
2026-01-17 14:43:24.633 [info] > git show --textconv :.config/hypr/Programs.conf [7ms]
2026-01-17 14:43:24.636 [info] > git ls-files --stage -- .config/hypr/Programs.conf [3ms]
2026-01-17 14:43:24.644 [info] > git cat-file -s 227ea5d8a8bf6463429d404ca7abedad9e58df37 [1ms]
2026-01-17 14:43:25.893 [info] > git blame --root --incremental 393097b41728ab7c61d30c1c40486c8283e0f606 -- .config/hypr/Programs.conf [4ms]
2026-01-17 14:45:01.950 [info] > git show --textconv :.config/hypr/Keybinds.conf [8ms]
2026-01-17 14:45:01.952 [info] > git ls-files --stage -- .config/hypr/Keybinds.conf [3ms]
2026-01-17 14:45:01.961 [info] > git cat-file -s 8cd9029c17bd087d643c8c1b422d5291e4c71c7d [2ms]
2026-01-17 14:46:31.160 [info] > git show --textconv :.config/hypr/hyprlock.conf [9ms]
2026-01-17 14:46:31.162 [info] > git ls-files --stage -- .config/hypr/hyprlock.conf [3ms]
2026-01-17 14:46:31.170 [info] > git cat-file -s dd39a6d084f9c1290db31baf4381085020d2cff9 [1ms]
2026-01-17 14:46:32.571 [info] > git show --textconv :.config/hypr/Programs.conf [7ms]
2026-01-17 14:46:32.574 [info] > git ls-files --stage -- .config/hypr/Programs.conf [4ms]
2026-01-17 14:46:32.581 [info] > git cat-file -s 227ea5d8a8bf6463429d404ca7abedad9e58df37 [2ms]
2026-01-17 14:46:37.158 [info] > git show --textconv :.config/hypr/hyprlock.conf [14ms]
2026-01-17 14:46:37.162 [info] > git ls-files --stage -- .config/hypr/hyprlock.conf [5ms]
2026-01-17 14:46:37.173 [info] > git cat-file -s dd39a6d084f9c1290db31baf4381085020d2cff9 [3ms]
2026-01-17 14:48:04.321 [info] > git show --textconv :.config/hypr/Keybinds.conf [8ms]
2026-01-17 14:48:04.323 [info] > git ls-files --stage -- .config/hypr/Keybinds.conf [3ms]
2026-01-17 14:48:04.332 [info] > git cat-file -s 8cd9029c17bd087d643c8c1b422d5291e4c71c7d [2ms]
2026-01-17 14:48:06.132 [info] > git blame --root --incremental 393097b41728ab7c61d30c1c40486c8283e0f606 -- .config/hypr/Keybinds.conf [5ms]
2026-01-17 14:51:22.096 [info] > git show --textconv :.config/hypr/Autostart.conf [9ms]
2026-01-17 14:51:22.098 [info] > git ls-files --stage -- .config/hypr/Autostart.conf [3ms]
2026-01-17 14:51:22.105 [info] > git cat-file -s 2b04b1c9a878eb4db3b3cbf375c801f6928fd978 [1ms]
2026-01-17 14:51:28.370 [info] > git show --textconv :.config/hypr/Environmentvariables.conf [10ms]
2026-01-17 14:51:28.374 [info] > git ls-files --stage -- .config/hypr/Environmentvariables.conf [5ms]
2026-01-17 14:51:28.386 [info] > git cat-file -s 09f75ed28e9da0988f8ac8850fb9cbb8ee5b8109 [3ms]
2026-01-17 14:51:32.039 [info] > git show --textconv :.config/hypr/Keybinds.conf [9ms]
2026-01-17 14:51:32.041 [info] > git ls-files --stage -- .config/hypr/Keybinds.conf [3ms]
2026-01-17 14:51:32.048 [info] > git cat-file -s 8cd9029c17bd087d643c8c1b422d5291e4c71c7d [2ms]
2026-01-17 14:52:20.455 [info] > git show --textconv :.config/hypr/Autostart.conf [11ms]
2026-01-17 14:52:20.459 [info] > git ls-files --stage -- .config/hypr/Autostart.conf [5ms]
2026-01-17 14:52:20.470 [info] > git cat-file -s 2b04b1c9a878eb4db3b3cbf375c801f6928fd978 [2ms]
2026-01-17 14:52:22.145 [info] > git show --textconv :.config/hypr/hyprlock.conf [8ms]
2026-01-17 14:52:22.147 [info] > git ls-files --stage -- .config/hypr/hyprlock.conf [3ms]
2026-01-17 14:52:22.155 [info] > git cat-file -s dd39a6d084f9c1290db31baf4381085020d2cff9 [2ms]
2026-01-17 14:59:57.589 [info] > git show --textconv :.config/waybar/style.css [13ms]
2026-01-17 14:59:57.593 [info] > git ls-files --stage -- .config/waybar/style.css [6ms]
2026-01-17 14:59:57.607 [info] > git cat-file -s ae9f9c32ace87667139b3e739b190c435caf9e12 [4ms]
2026-01-17 14:59:57.982 [info] > git check-ignore -v -z --stdin [4ms]
2026-01-17 15:00:00.799 [info] > git show --textconv :.config/hypr/Environmentvariables.conf [9ms]
2026-01-17 15:00:00.801 [info] > git ls-files --stage -- .config/hypr/Environmentvariables.conf [3ms]
2026-01-17 15:00:00.809 [info] > git cat-file -s 09f75ed28e9da0988f8ac8850fb9cbb8ee5b8109 [1ms]
2026-01-17 15:00:01.799 [info] > git show --textconv :.config/waybar/style.css [8ms]
2026-01-17 15:00:01.802 [info] > git ls-files --stage -- .config/waybar/style.css [3ms]
2026-01-17 15:00:01.811 [info] > git cat-file -s ae9f9c32ace87667139b3e739b190c435caf9e12 [1ms]
2026-01-17 15:03:11.645 [info] > git check-ignore -v -z --stdin [8ms]
2026-01-17 15:03:11.647 [info] > git check-ignore -v -z --stdin [3ms]
2026-01-17 15:09:34.769 [info] > git show --textconv :.config/waybar/config.jsonc [55ms]
2026-01-17 15:09:34.772 [info] > git ls-files --stage -- .config/waybar/config.jsonc [6ms]
2026-01-17 15:09:34.786 [info] > git cat-file -s 80e0ded3ad00c99cce4195e2585cec7ab3010831 [4ms]
2026-01-17 15:09:34.857 [info] > git blame --root --incremental 393097b41728ab7c61d30c1c40486c8283e0f606 -- .config/waybar/config.jsonc [6ms]
2026-01-17 15:10:55.629 [info] > git show --textconv :.config/waybar/style.css [10ms]
2026-01-17 15:10:55.631 [info] > git ls-files --stage -- .config/waybar/style.css [3ms]
2026-01-17 15:10:55.643 [info] > git cat-file -s ae9f9c32ace87667139b3e739b190c435caf9e12 [2ms]
2026-01-17 15:19:29.111 [info] > git show --textconv :.config/waybar/config.jsonc [9ms]
2026-01-17 15:19:29.113 [info] > git ls-files --stage -- .config/waybar/config.jsonc [4ms]
2026-01-17 15:19:29.125 [info] > git cat-file -s 80e0ded3ad00c99cce4195e2585cec7ab3010831 [2ms]
2026-01-17 15:20:18.681 [info] > git show --textconv :.config/waybar/style.css [12ms]
2026-01-17 15:20:18.685 [info] > git ls-files --stage -- .config/waybar/style.css [5ms]
2026-01-17 15:20:18.699 [info] > git cat-file -s ae9f9c32ace87667139b3e739b190c435caf9e12 [4ms]
2026-01-17 15:36:44.612 [info] > git show --textconv :.config/waybar/config.jsonc [14ms]
2026-01-17 15:36:44.616 [info] > git ls-files --stage -- .config/waybar/config.jsonc [6ms]
2026-01-17 15:36:44.629 [info] > git cat-file -s 80e0ded3ad00c99cce4195e2585cec7ab3010831 [2ms]
2026-01-17 15:38:06.099 [info] > git show --textconv :.config/waybar/style.css [8ms]
2026-01-17 15:38:06.101 [info] > git ls-files --stage -- .config/waybar/style.css [3ms]
2026-01-17 15:38:06.110 [info] > git cat-file -s ae9f9c32ace87667139b3e739b190c435caf9e12 [2ms]
2026-01-17 15:38:53.513 [info] > git show --textconv :.config/waybar/config.jsonc [9ms]
2026-01-17 15:38:53.515 [info] > git ls-files --stage -- .config/waybar/config.jsonc [3ms]
2026-01-17 15:38:53.525 [info] > git cat-file -s 80e0ded3ad00c99cce4195e2585cec7ab3010831 [2ms]
2026-01-17 15:46:35.290 [info] > git show --textconv :.config/waybar/style.css [12ms]
2026-01-17 15:46:35.293 [info] > git ls-files --stage -- .config/waybar/style.css [4ms]
2026-01-17 15:46:35.306 [info] > git cat-file -s ae9f9c32ace87667139b3e739b190c435caf9e12 [3ms]
2026-01-17 15:47:26.246 [info] > git show --textconv :.config/waybar/config.jsonc [10ms]
2026-01-17 15:47:26.248 [info] > git ls-files --stage -- .config/waybar/config.jsonc [3ms]
2026-01-17 15:47:26.258 [info] > git cat-file -s 80e0ded3ad00c99cce4195e2585cec7ab3010831 [2ms]
2026-01-17 16:06:54.824 [info] > git check-ignore -v -z --stdin [32ms]
2026-01-17 16:06:54.825 [info] > git check-ignore -v -z --stdin [25ms]
2026-01-17 16:06:54.825 [info] > git check-ignore -v -z --stdin [17ms]
2026-01-17 16:06:54.825 [info] > git check-ignore -v -z --stdin [10ms]
2026-01-17 16:06:54.826 [info] > git check-ignore -v -z --stdin [3ms]
2026-01-17 16:07:00.947 [info] > git check-ignore -v -z --stdin [4ms]
2026-01-17 16:13:04.361 [info] > git show --textconv :.config/waybar/config.jsonc [10ms]
2026-01-17 16:13:04.363 [info] > git ls-files --stage -- .config/waybar/config.jsonc [3ms]
2026-01-17 16:13:04.373 [info] > git cat-file -s 80e0ded3ad00c99cce4195e2585cec7ab3010831 [3ms]
2026-01-17 16:13:20.128 [info] > git show --textconv :.config/dolphinrc [11ms]
2026-01-17 16:13:20.133 [info] > git ls-files --stage -- .config/dolphinrc [6ms]
2026-01-17 16:13:20.146 [info] > git cat-file -s b40cf2c7d1b6ecba451f1cf33046c8daab092579 [3ms]
2026-01-17 16:13:44.528 [info] [main] Log level: Info
2026-01-17 16:13:44.528 [info] [main] Validating found git in: "git"
2026-01-17 16:13:44.528 [info] [main] Using git "2.52.0" from "git"
2026-01-17 16:13:44.528 [info] [Model][doInitialScan] Initial repository scan started
2026-01-17 16:13:44.528 [info] > git rev-parse --show-toplevel [6ms]
2026-01-17 16:13:44.548 [info] > git rev-parse --git-dir --git-common-dir --show-superproject-working-tree [11ms]
2026-01-17 16:13:44.568 [info] [Model][openRepository] Opened repository (path): /home/pavan/.config
2026-01-17 16:13:44.568 [info] [Model][openRepository] Opened repository (real path): /home/pavan/.config
2026-01-17 16:13:44.568 [info] [Model][openRepository] Opened repository (kind): repository
2026-01-17 16:13:44.590 [info] > git config --get commit.template [8ms]
2026-01-17 16:13:44.594 [info] > git rev-parse --show-toplevel [6ms]
2026-01-17 16:13:44.603 [info] [Git][getRemotes] No remotes found in the git config file
2026-01-17 16:13:44.612 [info] > git for-each-ref --format=%(refname)%00%(upstream:short)%00%(objectname)%00%(upstream:track)%00%(upstream:remotename)%00%(upstream:remoteref) refs/heads/master refs/remotes/master [9ms]
2026-01-17 16:13:44.613 [warning] [Git][getBranch] No such branch: master
2026-01-17 16:13:44.643 [info] > git for-each-ref --sort -committerdate --format %(refname)%00%(objectname)%00%(*objectname) [12ms]
2026-01-17 16:13:44.646 [info] > git rev-parse --show-toplevel [34ms]
2026-01-17 16:13:44.677 [info] > git rev-parse --show-toplevel [22ms]
2026-01-17 16:13:44.734 [info] > git rev-parse --show-toplevel [44ms]
2026-01-17 16:13:44.753 [info] > git rev-parse --show-toplevel [4ms]
2026-01-17 16:13:44.762 [info] > git status -z -uall [140ms]
2026-01-17 16:13:45.711 [info] > git for-each-ref --format=%(refname)%00%(upstream:short)%00%(objectname)%00%(upstream:track)%00%(upstream:remotename)%00%(upstream:remoteref) refs/heads/master refs/remotes/master [822ms]
2026-01-17 16:13:45.712 [warning] [Git][getBranch] No such branch: master
2026-01-17 16:13:45.714 [error] [GitHistoryProvider][resolveHEADMergeBase] Failed to resolve merge base for master: Error: No such branch: master.
2026-01-17 16:13:45.716 [info] > git rev-parse --show-toplevel [956ms]
2026-01-17 16:13:45.817 [info] > git config --get commit.template [112ms]
2026-01-17 16:13:45.821 [info] > git check-ignore -v -z --stdin [91ms]
2026-01-17 16:13:45.828 [info] > git rev-parse --show-toplevel [14ms]
2026-01-17 16:13:45.836 [info] [Git][getRemotes] No remotes found in the git config file
2026-01-17 16:13:45.844 [info] > git for-each-ref --format=%(refname)%00%(upstream:short)%00%(objectname)%00%(upstream:track)%00%(upstream:remotename)%00%(upstream:remoteref) refs/heads/master refs/remotes/master [8ms]
2026-01-17 16:13:45.844 [warning] [Git][getBranch] No such branch: master
2026-01-17 16:13:45.858 [info] > git rev-parse --show-toplevel [15ms]
2026-01-17 16:13:45.866 [info] > git for-each-ref --sort -committerdate --format %(refname)%00%(objectname)%00%(*objectname) [9ms]
2026-01-17 16:13:45.868 [info] > git rev-parse --show-toplevel [2ms]
2026-01-17 16:13:45.879 [info] > git rev-parse --show-toplevel [4ms]
2026-01-17 16:13:45.888 [info] > git status -z -uall [38ms]
2026-01-17 16:13:45.995 [info] > git rev-parse --show-toplevel [107ms]
2026-01-17 16:13:46.888 [info] > git rev-parse --show-toplevel [879ms]
2026-01-17 16:13:46.901 [info] > git rev-parse --show-toplevel [2ms]
2026-01-17 16:13:46.911 [info] > git rev-parse --show-toplevel [2ms]
2026-01-17 16:13:46.919 [info] > git rev-parse --show-toplevel [1ms]
2026-01-17 16:13:46.930 [info] > git rev-parse --show-toplevel [2ms]
2026-01-17 16:13:46.939 [info] > git rev-parse --show-toplevel [2ms]
2026-01-17 16:13:46.959 [info] > git rev-parse --show-toplevel [11ms]
2026-01-17 16:13:46.968 [info] > git rev-parse --show-toplevel [2ms]
2026-01-17 16:13:46.976 [info] > git rev-parse --show-toplevel [1ms]
2026-01-17 16:13:46.984 [info] > git rev-parse --show-toplevel [2ms]
2026-01-17 16:13:46.992 [info] > git rev-parse --show-toplevel [1ms]
2026-01-17 16:13:47.001 [info] > git rev-parse --show-toplevel [1ms]
2026-01-17 16:13:47.010 [info] > git rev-parse --show-toplevel [1ms]
2026-01-17 16:13:47.019 [info] > git rev-parse --show-toplevel [2ms]
2026-01-17 16:13:47.028 [info] > git rev-parse --show-toplevel [1ms]
2026-01-17 16:13:47.037 [info] > git rev-parse --show-toplevel [1ms]
2026-01-17 16:13:47.046 [info] > git rev-parse --show-toplevel [2ms]
2026-01-17 16:13:47.053 [info] > git rev-parse --show-toplevel [1ms]
2026-01-17 16:13:47.054 [info] [Model][doInitialScan] Initial repository scan completed - repositories (1), closed repositories (0), parent repositories (0), unsafe repositories (0)
2026-01-17 16:13:47.872 [info] > git check-ignore -v -z --stdin [2ms]
2026-01-17 16:13:50.132 [info] [Git][getRemotes] No remotes found in the git config file
2026-01-17 16:13:50.132 [info] > git config --get commit.template [7ms]
2026-01-17 16:13:50.133 [info] > git for-each-ref --format=%(refname)%00%(upstream:short)%00%(objectname)%00%(upstream:track)%00%(upstream:remotename)%00%(upstream:remoteref) refs/heads/master refs/remotes/master [2ms]
2026-01-17 16:13:50.133 [warning] [Git][getBranch] No such branch: master
2026-01-17 16:13:50.149 [info] > git for-each-ref --sort -committerdate --format %(refname)%00%(objectname)%00%(*objectname) [2ms]
2026-01-17 16:13:50.169 [info] > git status -z -uall [29ms]
2026-01-17 16:13:51.685 [info] > git check-ignore -v -z --stdin [1ms]
2026-01-17 16:13:52.507 [info] > git check-ignore -v -z --stdin [1ms]
2026-01-17 16:13:55.262 [info] [Git][getRemotes] No remotes found in the git config file
2026-01-17 16:13:55.263 [info] > git config --get commit.template [12ms]
2026-01-17 16:13:55.264 [info] > git for-each-ref --format=%(refname)%00%(upstream:short)%00%(objectname)%00%(upstream:track)%00%(upstream:remotename)%00%(upstream:remoteref) refs/heads/master refs/remotes/master [2ms]
2026-01-17 16:13:55.264 [warning] [Git][getBranch] No such branch: master
2026-01-17 16:13:55.288 [info] > git for-each-ref --sort -committerdate --format %(refname)%00%(objectname)%00%(*objectname) [3ms]
2026-01-17 16:13:55.320 [info] > git status -z -uall [45ms]
2026-01-17 16:14:00.430 [info] [Git][getRemotes] No remotes found in the git config file
2026-01-17 16:14:00.430 [info] > git config --get commit.template [9ms]
2026-01-17 16:14:00.431 [info] > git for-each-ref --format=%(refname)%00%(upstream:short)%00%(objectname)%00%(upstream:track)%00%(upstream:remotename)%00%(upstream:remoteref) refs/heads/master refs/remotes/master [2ms]
2026-01-17 16:14:00.431 [warning] [Git][getBranch] No such branch: master
2026-01-17 16:14:00.447 [info] > git for-each-ref --sort -committerdate --format %(refname)%00%(objectname)%00%(*objectname) [1ms]
2026-01-17 16:14:00.467 [info] > git status -z -uall [28ms]
2026-01-17 16:14:05.548 [info] [Git][getRemotes] No remotes found in the git config file
2026-01-17 16:14:05.549 [info] > git config --get commit.template [8ms]
2026-01-17 16:14:05.550 [info] > git for-each-ref --format=%(refname)%00%(upstream:short)%00%(objectname)%00%(upstream:track)%00%(upstream:remotename)%00%(upstream:remoteref) refs/heads/master refs/remotes/master [2ms]
2026-01-17 16:14:05.550 [warning] [Git][getBranch] No such branch: master
2026-01-17 16:14:05.568 [info] > git for-each-ref --sort -committerdate --format %(refname)%00%(objectname)%00%(*objectname) [1ms]
2026-01-17 16:14:05.586 [info] > git status -z -uall [28ms]
2026-01-17 16:14:10.683 [info] > git config --get commit.template [31ms]
2026-01-17 16:14:10.691 [info] [Git][getRemotes] No remotes found in the git config file
2026-01-17 16:14:10.692 [info] > git for-each-ref --format=%(refname)%00%(upstream:short)%00%(objectname)%00%(upstream:track)%00%(upstream:remotename)%00%(upstream:remoteref) refs/heads/master refs/remotes/master [1ms]
2026-01-17 16:14:10.693 [warning] [Git][getBranch] No such branch: master
2026-01-17 16:14:10.709 [info] > git for-each-ref --sort -committerdate --format %(refname)%00%(objectname)%00%(*objectname) [1ms]
2026-01-17 16:14:10.727 [info] > git status -z -uall [27ms]
2026-01-17 16:14:15.798 [info] [Git][getRemotes] No remotes found in the git config file
2026-01-17 16:14:15.799 [info] > git config --get commit.template [8ms]
2026-01-17 16:14:15.799 [info] > git for-each-ref --format=%(refname)%00%(upstream:short)%00%(objectname)%00%(upstream:track)%00%(upstream:remotename)%00%(upstream:remoteref) refs/heads/master refs/remotes/master [1ms]
2026-01-17 16:14:15.800 [warning] [Git][getBranch] No such branch: master
2026-01-17 16:14:15.815 [info] > git for-each-ref --sort -committerdate --format %(refname)%00%(objectname)%00%(*objectname) [2ms]
2026-01-17 16:14:15.833 [info] > git status -z -uall [27ms]
2026-01-17 16:14:20.908 [info] [Git][getRemotes] No remotes found in the git config file
2026-01-17 16:14:20.909 [info] > git config --get commit.template [7ms]
2026-01-17 16:14:20.910 [info] > git for-each-ref --format=%(refname)%00%(upstream:short)%00%(objectname)%00%(upstream:track)%00%(upstream:remotename)%00%(upstream:remoteref) refs/heads/master refs/remotes/master [2ms]
2026-01-17 16:14:20.910 [warning] [Git][getBranch] No such branch: master
2026-01-17 16:14:20.926 [info] > git for-each-ref --sort -committerdate --format %(refname)%00%(objectname)%00%(*objectname) [2ms]
2026-01-17 16:14:20.946 [info] > git status -z -uall [29ms]
2026-01-17 16:15:12.152 [info] [Git][getRemotes] No remotes found in the git config file
2026-01-17 16:15:12.154 [info] > git config --get commit.template [16ms]
2026-01-17 16:15:12.155 [info] > git for-each-ref --format=%(refname)%00%(upstream:short)%00%(objectname)%00%(upstream:track)%00%(upstream:remotename)%00%(upstream:remoteref) refs/heads/master refs/remotes/master [4ms]
2026-01-17 16:15:12.155 [warning] [Git][getBranch] No such branch: master
2026-01-17 16:15:12.187 [info] > git for-each-ref --sort -committerdate --format %(refname)%00%(objectname)%00%(*objectname) [4ms]
2026-01-17 16:15:12.227 [info] > git status -z -uall [57ms]
2026-01-17 16:15:17.717 [info] [Git][getRemotes] No remotes found in the git config file
2026-01-17 16:15:17.718 [info] > git config --get commit.template [13ms]
2026-01-17 16:15:17.720 [info] > git for-each-ref --format=%(refname)%00%(upstream:short)%00%(objectname)%00%(upstream:track)%00%(upstream:remotename)%00%(upstream:remoteref) refs/heads/master refs/remotes/master [3ms]
2026-01-17 16:15:17.720 [warning] [Git][getBranch] No such branch: master
2026-01-17 16:15:17.744 [info] > git for-each-ref --sort -committerdate --format %(refname)%00%(objectname)%00%(*objectname) [3ms]
2026-01-17 16:15:17.768 [info] > git status -z -uall [36ms]
2026-01-17 16:27:56.657 [info] > git config --get commit.template [3ms]
2026-01-17 16:27:56.670 [info] [Git][getRemotes] No remotes found in the git config file
2026-01-17 16:27:56.674 [info] > git for-each-ref --format=%(refname)%00%(upstream:short)%00%(objectname)%00%(upstream:track)%00%(upstream:remotename)%00%(upstream:remoteref) refs/heads/master refs/remotes/master [3ms]
2026-01-17 16:27:56.674 [warning] [Git][getBranch] No such branch: master
2026-01-17 16:27:56.701 [info] > git for-each-ref --sort -committerdate --format %(refname)%00%(objectname)%00%(*objectname) [3ms]
2026-01-17 16:27:56.746 [info] > git status -z -uall [61ms]
2026-01-17 16:28:19.288 [info] [Git][getRemotes] No remotes found in the git config file
2026-01-17 16:28:19.289 [info] > git config --get commit.template [11ms]
2026-01-17 16:28:19.290 [info] > git for-each-ref --format=%(refname)%00%(upstream:short)%00%(objectname)%00%(upstream:track)%00%(upstream:remotename)%00%(upstream:remoteref) refs/heads/master refs/remotes/master [2ms]
2026-01-17 16:28:19.290 [warning] [Git][getBranch] No such branch: master
2026-01-17 16:28:19.308 [info] > git for-each-ref --sort -committerdate --format %(refname)%00%(objectname)%00%(*objectname) [2ms]
2026-01-17 16:28:19.329 [info] > git status -z -uall [32ms]
2026-01-17 16:28:24.420 [info] [Git][getRemotes] No remotes found in the git config file
2026-01-17 16:28:24.421 [info] > git config --get commit.template [11ms]
2026-01-17 16:28:24.422 [info] > git for-each-ref --format=%(refname)%00%(upstream:short)%00%(objectname)%00%(upstream:track)%00%(upstream:remotename)%00%(upstream:remoteref) refs/heads/master refs/remotes/master [2ms]
2026-01-17 16:28:24.422 [warning] [Git][getBranch] No such branch: master
2026-01-17 16:28:24.444 [info] > git for-each-ref --sort -committerdate --format %(refname)%00%(objectname)%00%(*objectname) [3ms]
2026-01-17 16:28:24.480 [info] > git status -z -uall [47ms]
2026-01-17 16:28:29.597 [info] [Git][getRemotes] No remotes found in the git config file
2026-01-17 16:28:29.597 [info] > git config --get commit.template [8ms]
2026-01-17 16:28:29.598 [info] > git for-each-ref --format=%(refname)%00%(upstream:short)%00%(objectname)%00%(upstream:track)%00%(upstream:remotename)%00%(upstream:remoteref) refs/heads/master refs/remotes/master [1ms]
2026-01-17 16:28:29.598 [warning] [Git][getBranch] No such branch: master
2026-01-17 16:28:29.612 [info] > git for-each-ref --sort -committerdate --format %(refname)%00%(objectname)%00%(*objectname) [2ms]
2026-01-17 16:28:29.631 [info] > git status -z -uall [27ms]
2026-01-17 16:28:34.715 [info] [Git][getRemotes] No remotes found in the git config file
2026-01-17 16:28:34.716 [info] > git config --get commit.template [12ms]
2026-01-17 16:28:34.717 [info] > git for-each-ref --format=%(refname)%00%(upstream:short)%00%(objectname)%00%(upstream:track)%00%(upstream:remotename)%00%(upstream:remoteref) refs/heads/master refs/remotes/master [2ms]
2026-01-17 16:28:34.717 [warning] [Git][getBranch] No such branch: master
2026-01-17 16:28:34.741 [info] > git for-each-ref --sort -committerdate --format %(refname)%00%(objectname)%00%(*objectname) [3ms]
2026-01-17 16:28:34.769 [info] > git status -z -uall [42ms]
2026-01-17 16:28:39.881 [info] [Git][getRemotes] No remotes found in the git config file
2026-01-17 16:28:39.882 [info] > git config --get commit.template [8ms]
2026-01-17 16:28:39.882 [info] > git for-each-ref --format=%(refname)%00%(upstream:short)%00%(objectname)%00%(upstream:track)%00%(upstream:remotename)%00%(upstream:remoteref) refs/heads/master refs/remotes/master [1ms]
2026-01-17 16:28:39.882 [warning] [Git][getBranch] No such branch: master
2026-01-17 16:28:39.896 [info] > git for-each-ref --sort -committerdate --format %(refname)%00%(objectname)%00%(*objectname) [1ms]
2026-01-17 16:28:39.913 [info] > git status -z -uall [25ms]
2026-01-17 16:28:44.989 [info] [Git][getRemotes] No remotes found in the git config file
2026-01-17 16:28:44.990 [info] > git config --get commit.template [10ms]
2026-01-17 16:28:44.991 [info] > git for-each-ref --format=%(refname)%00%(upstream:short)%00%(objectname)%00%(upstream:track)%00%(upstream:remotename)%00%(upstream:remoteref) refs/heads/master refs/remotes/master [2ms]
2026-01-17 16:28:44.991 [warning] [Git][getBranch] No such branch: master
2026-01-17 16:28:45.010 [info] > git for-each-ref --sort -committerdate --format %(refname)%00%(objectname)%00%(*objectname) [2ms]
2026-01-17 16:28:45.044 [info] > git status -z -uall [45ms]
2026-01-17 16:28:50.158 [info] [Git][getRemotes] No remotes found in the git config file
2026-01-17 16:28:50.158 [info] > git config --get commit.template [9ms]
2026-01-17 16:28:50.160 [info] > git for-each-ref --format=%(refname)%00%(upstream:short)%00%(objectname)%00%(upstream:track)%00%(upstream:remotename)%00%(upstream:remoteref) refs/heads/master refs/remotes/master [3ms]
2026-01-17 16:28:50.160 [warning] [Git][getBranch] No such branch: master
2026-01-17 16:28:50.180 [info] > git for-each-ref --sort -committerdate --format %(refname)%00%(objectname)%00%(*objectname) [2ms]
2026-01-17 16:28:50.212 [info] > git status -z -uall [44ms]
2026-01-17 16:28:55.326 [info] > git config --get commit.template [3ms]
2026-01-17 16:28:55.337 [info] [Git][getRemotes] No remotes found in the git config file
2026-01-17 16:28:55.340 [info] > git for-each-ref --format=%(refname)%00%(upstream:short)%00%(objectname)%00%(upstream:track)%00%(upstream:remotename)%00%(upstream:remoteref) refs/heads/master refs/remotes/master [3ms]
2026-01-17 16:28:55.340 [warning] [Git][getBranch] No such branch: master
2026-01-17 16:28:55.371 [info] > git for-each-ref --sort -committerdate --format %(refname)%00%(objectname)%00%(*objectname) [3ms]
2026-01-17 16:28:55.403 [info] > git status -z -uall [52ms]
2026-01-17 16:29:00.513 [info] [Git][getRemotes] No remotes found in the git config file
2026-01-17 16:29:00.514 [info] > git config --get commit.template [11ms]
2026-01-17 16:29:00.515 [info] > git for-each-ref --format=%(refname)%00%(upstream:short)%00%(objectname)%00%(upstream:track)%00%(upstream:remotename)%00%(upstream:remoteref) refs/heads/master refs/remotes/master [2ms]
2026-01-17 16:29:00.515 [warning] [Git][getBranch] No such branch: master
2026-01-17 16:29:00.536 [info] > git for-each-ref --sort -committerdate --format %(refname)%00%(objectname)%00%(*objectname) [3ms]
2026-01-17 16:29:00.567 [info] > git status -z -uall [44ms]
2026-01-17 16:29:05.679 [info] [Git][getRemotes] No remotes found in the git config file
2026-01-17 16:29:05.680 [info] > git config --get commit.template [7ms]
2026-01-17 16:29:05.681 [info] > git for-each-ref --format=%(refname)%00%(upstream:short)%00%(objectname)%00%(upstream:track)%00%(upstream:remotename)%00%(upstream:remoteref) refs/heads/master refs/remotes/master [2ms]
2026-01-17 16:29:05.681 [warning] [Git][getBranch] No such branch: master
2026-01-17 16:29:05.696 [info] > git for-each-ref --sort -committerdate --format %(refname)%00%(objectname)%00%(*objectname) [2ms]
2026-01-17 16:29:05.713 [info] > git status -z -uall [26ms]
2026-01-17 16:29:10.795 [info] [Git][getRemotes] No remotes found in the git config file
2026-01-17 16:29:10.796 [info] > git config --get commit.template [12ms]
2026-01-17 16:29:10.797 [info] > git for-each-ref --format=%(refname)%00%(upstream:short)%00%(objectname)%00%(upstream:track)%00%(upstream:remotename)%00%(upstream:remoteref) refs/heads/master refs/remotes/master [3ms]
2026-01-17 16:29:10.797 [warning] [Git][getBranch] No such branch: master
2026-01-17 16:29:10.819 [info] > git for-each-ref --sort -committerdate --format %(refname)%00%(objectname)%00%(*objectname) [2ms]
2026-01-17 16:29:10.854 [info] > git status -z -uall [46ms]
2026-01-17 16:29:15.964 [info] [Git][getRemotes] No remotes found in the git config file
2026-01-17 16:29:15.965 [info] > git config --get commit.template [10ms]
2026-01-17 16:29:15.966 [info] > git for-each-ref --format=%(refname)%00%(upstream:short)%00%(objectname)%00%(upstream:track)%00%(upstream:remotename)%00%(upstream:remoteref) refs/heads/master refs/remotes/master [2ms]
2026-01-17 16:29:15.966 [warning] [Git][getBranch] No such branch: master
2026-01-17 16:29:15.986 [info] > git for-each-ref --sort -committerdate --format %(refname)%00%(objectname)%00%(*objectname) [3ms]
2026-01-17 16:29:16.019 [info] > git status -z -uall [44ms]
2026-01-17 16:29:21.125 [info] [Git][getRemotes] No remotes found in the git config file
2026-01-17 16:29:21.133 [info] > git config --get commit.template [8ms]
2026-01-17 16:29:21.133 [info] > git for-each-ref --format=%(refname)%00%(upstream:short)%00%(objectname)%00%(upstream:track)%00%(upstream:remotename)%00%(upstream:remoteref) refs/heads/master refs/remotes/master [1ms]
2026-01-17 16:29:21.133 [warning] [Git][getBranch] No such branch: master
2026-01-17 16:29:21.148 [info] > git for-each-ref --sort -committerdate --format %(refname)%00%(objectname)%00%(*objectname) [1ms]
2026-01-17 16:29:21.167 [info] > git status -z -uall [27ms]
2026-01-17 16:34:04.701 [info] > git config --get commit.template [2ms]
2026-01-17 16:34:04.701 [info] [Git][getRemotes] No remotes found in the git config file
2026-01-17 16:34:04.711 [info] > git for-each-ref --format=%(refname)%00%(upstream:short)%00%(objectname)%00%(upstream:track)%00%(upstream:remotename)%00%(upstream:remoteref) refs/heads/master refs/remotes/master [2ms]
2026-01-17 16:34:04.711 [warning] [Git][getBranch] No such branch: master
2026-01-17 16:34:04.731 [info] > git for-each-ref --sort -committerdate --format %(refname)%00%(objectname)%00%(*objectname) [2ms]
2026-01-17 16:34:04.756 [info] > git status -z -uall [37ms]
2026-01-17 16:39:29.010 [info] > git config --get commit.template [3ms]
2026-01-17 16:39:29.021 [info] [Git][getRemotes] No remotes found in the git config file
2026-01-17 16:39:29.023 [info] > git for-each-ref --format=%(refname)%00%(upstream:short)%00%(objectname)%00%(upstream:track)%00%(upstream:remotename)%00%(upstream:remoteref) refs/heads/master refs/remotes/master [2ms]
2026-01-17 16:39:29.024 [warning] [Git][getBranch] No such branch: master
2026-01-17 16:39:29.045 [info] > git for-each-ref --sort -committerdate --format %(refname)%00%(objectname)%00%(*objectname) [3ms]
2026-01-17 16:39:29.067 [info] > git status -z -uall [34ms]
2026-01-17 16:41:11.303 [info] [Git][getRemotes] No remotes found in the git config file
2026-01-17 16:41:11.305 [info] > git config --get commit.template [10ms]
2026-01-17 16:41:11.308 [info] > git for-each-ref --format=%(refname)%00%(upstream:short)%00%(objectname)%00%(upstream:track)%00%(upstream:remotename)%00%(upstream:remoteref) refs/heads/master refs/remotes/master [5ms]
2026-01-17 16:41:11.309 [warning] [Git][getBranch] No such branch: master
2026-01-17 16:41:11.329 [info] > git for-each-ref --sort -committerdate --format %(refname)%00%(objectname)%00%(*objectname) [2ms]
2026-01-17 16:41:11.364 [info] > git status -z -uall [47ms]
2026-01-17 16:42:23.047 [info] [Git][getRemotes] No remotes found in the git config file
2026-01-17 16:42:23.048 [info] > git config --get commit.template [17ms]
2026-01-17 16:42:23.051 [info] > git for-each-ref --format=%(refname)%00%(upstream:short)%00%(objectname)%00%(upstream:track)%00%(upstream:remotename)%00%(upstream:remoteref) refs/heads/master refs/remotes/master [5ms]
2026-01-17 16:42:23.051 [warning] [Git][getBranch] No such branch: master
2026-01-17 16:42:23.083 [info] > git for-each-ref --sort -committerdate --format %(refname)%00%(objectname)%00%(*objectname) [5ms]
2026-01-17 16:42:23.117 [info] > git status -z -uall [55ms]
2026-01-17 16:42:46.817 [info] [Git][getRemotes] No remotes found in the git config file
2026-01-17 16:42:46.819 [info] > git config --get commit.template [23ms]
2026-01-17 16:42:46.821 [info] > git for-each-ref --format=%(refname)%00%(upstream:short)%00%(objectname)%00%(upstream:track)%00%(upstream:remotename)%00%(upstream:remoteref) refs/heads/master refs/remotes/master [5ms]
2026-01-17 16:42:46.821 [warning] [Git][getBranch] No such branch: master
2026-01-17 16:42:46.857 [info] > git for-each-ref --sort -committerdate --format %(refname)%00%(objectname)%00%(*objectname) [5ms]
2026-01-17 16:42:46.878 [info] > git status -z -uall [44ms]
2026-01-17 16:42:52.334 [info] > git config --get commit.template [4ms]
2026-01-17 16:42:52.348 [info] [Git][getRemotes] No remotes found in the git config file
2026-01-17 16:42:52.352 [info] > git for-each-ref --format=%(refname)%00%(upstream:short)%00%(objectname)%00%(upstream:track)%00%(upstream:remotename)%00%(upstream:remoteref) refs/heads/master refs/remotes/master [3ms]
2026-01-17 16:42:52.352 [warning] [Git][getBranch] No such branch: master
2026-01-17 16:42:52.380 [info] > git for-each-ref --sort -committerdate --format %(refname)%00%(objectname)%00%(*objectname) [4ms]
2026-01-17 16:42:52.401 [info] > git status -z -uall [37ms]
2026-01-17 16:43:38.048 [info] > git config --get commit.template [2ms]
2026-01-17 16:43:38.063 [info] [Git][getRemotes] No remotes found in the git config file
2026-01-17 16:43:38.065 [info] > git for-each-ref --format=%(refname)%00%(upstream:short)%00%(objectname)%00%(upstream:track)%00%(upstream:remotename)%00%(upstream:remoteref) refs/heads/master refs/remotes/master [2ms]
2026-01-17 16:43:38.065 [warning] [Git][getBranch] No such branch: master
2026-01-17 16:43:38.102 [info] > git for-each-ref --sort -committerdate --format %(refname)%00%(objectname)%00%(*objectname) [7ms]
2026-01-17 16:43:38.131 [info] > git status -z -uall [52ms]
2026-01-17 16:43:44.129 [info] [Git][getRemotes] No remotes found in the git config file
2026-01-17 16:43:44.140 [info] > git config --get commit.template [12ms]
2026-01-17 16:43:44.140 [info] > git for-each-ref --format=%(refname)%00%(upstream:short)%00%(objectname)%00%(upstream:track)%00%(upstream:remotename)%00%(upstream:remoteref) refs/heads/master refs/remotes/master [2ms]
2026-01-17 16:43:44.141 [warning] [Git][getBranch] No such branch: master
2026-01-17 16:43:44.159 [info] > git for-each-ref --sort -committerdate --format %(refname)%00%(objectname)%00%(*objectname) [2ms]
2026-01-17 16:43:44.178 [info] > git status -z -uall [30ms]
2026-01-17 16:45:04.880 [info] [Git][getRemotes] No remotes found in the git config file
2026-01-17 16:45:04.900 [info] > git config --get commit.template [23ms]
2026-01-17 16:45:04.902 [info] > git for-each-ref --format=%(refname)%00%(upstream:short)%00%(objectname)%00%(upstream:track)%00%(upstream:remotename)%00%(upstream:remoteref) refs/heads/master refs/remotes/master [5ms]
2026-01-17 16:45:04.902 [warning] [Git][getBranch] No such branch: master
2026-01-17 16:45:04.947 [info] > git for-each-ref --sort -committerdate --format %(refname)%00%(objectname)%00%(*objectname) [4ms]
2026-01-17 16:45:04.994 [info] > git status -z -uall [74ms]
2026-01-17 16:46:22.780 [info] [Git][getRemotes] No remotes found in the git config file
2026-01-17 16:46:22.781 [info] > git config --get commit.template [8ms]
2026-01-17 16:46:22.781 [info] > git for-each-ref --format=%(refname)%00%(upstream:short)%00%(objectname)%00%(upstream:track)%00%(upstream:remotename)%00%(upstream:remoteref) refs/heads/master refs/remotes/master [1ms]
2026-01-17 16:46:22.782 [warning] [Git][getBranch] No such branch: master
2026-01-17 16:46:22.803 [info] > git for-each-ref --sort -committerdate --format %(refname)%00%(objectname)%00%(*objectname) [2ms]
2026-01-17 16:46:22.826 [info] > git status -z -uall [35ms]
2026-01-17 16:46:27.934 [info] [Git][getRemotes] No remotes found in the git config file
2026-01-17 16:46:27.935 [info] > git config --get commit.template [11ms]
2026-01-17 16:46:27.938 [info] > git for-each-ref --format=%(refname)%00%(upstream:short)%00%(objectname)%00%(upstream:track)%00%(upstream:remotename)%00%(upstream:remoteref) refs/heads/master refs/remotes/master [4ms]
2026-01-17 16:46:27.938 [warning] [Git][getBranch] No such branch: master
2026-01-17 16:46:27.972 [info] > git for-each-ref --sort -committerdate --format %(refname)%00%(objectname)%00%(*objectname) [2ms]
2026-01-17 16:46:28.006 [info] > git status -z -uall [55ms]
2026-01-17 16:46:33.088 [info] [Git][getRemotes] No remotes found in the git config file
2026-01-17 16:46:33.095 [info] > git config --get commit.template [7ms]
2026-01-17 16:46:33.096 [info] > git for-each-ref --format=%(refname)%00%(upstream:short)%00%(objectname)%00%(upstream:track)%00%(upstream:remotename)%00%(upstream:remoteref) refs/heads/master refs/remotes/master [2ms]
2026-01-17 16:46:33.096 [warning] [Git][getBranch] No such branch: master
2026-01-17 16:46:33.110 [info] > git for-each-ref --sort -committerdate --format %(refname)%00%(objectname)%00%(*objectname) [1ms]
2026-01-17 16:46:33.130 [info] > git status -z -uall [28ms]
2026-01-17 16:46:38.198 [info] [Git][getRemotes] No remotes found in the git config file
2026-01-17 16:46:38.207 [info] > git config --get commit.template [10ms]
2026-01-17 16:46:38.208 [info] > git for-each-ref --format=%(refname)%00%(upstream:short)%00%(objectname)%00%(upstream:track)%00%(upstream:remotename)%00%(upstream:remoteref) refs/heads/master refs/remotes/master [2ms]
2026-01-17 16:46:38.208 [warning] [Git][getBranch] No such branch: master
2026-01-17 16:46:38.229 [info] > git for-each-ref --sort -committerdate --format %(refname)%00%(objectname)%00%(*objectname) [3ms]
2026-01-17 16:46:38.246 [info] > git status -z -uall [30ms]
2026-01-17 16:46:43.347 [info] [Git][getRemotes] No remotes found in the git config file
2026-01-17 16:46:43.356 [info] > git config --get commit.template [10ms]
2026-01-17 16:46:43.358 [info] > git for-each-ref --format=%(refname)%00%(upstream:short)%00%(objectname)%00%(upstream:track)%00%(upstream:remotename)%00%(upstream:remoteref) refs/heads/master refs/remotes/master [2ms]
2026-01-17 16:46:43.358 [warning] [Git][getBranch] No such branch: master
2026-01-17 16:46:43.380 [info] > git for-each-ref --sort -committerdate --format %(refname)%00%(objectname)%00%(*objectname) [2ms]
2026-01-17 16:46:43.410 [info] > git status -z -uall [42ms]
2026-01-17 16:46:48.529 [info] [Git][getRemotes] No remotes found in the git config file
2026-01-17 16:46:48.529 [info] > git config --get commit.template [12ms]
2026-01-17 16:46:48.531 [info] > git for-each-ref --format=%(refname)%00%(upstream:short)%00%(objectname)%00%(upstream:track)%00%(upstream:remotename)%00%(upstream:remoteref) refs/heads/master refs/remotes/master [3ms]
2026-01-17 16:46:48.531 [warning] [Git][getBranch] No such branch: master
2026-01-17 16:46:48.553 [info] > git for-each-ref --sort -committerdate --format %(refname)%00%(objectname)%00%(*objectname) [2ms]
2026-01-17 16:46:48.585 [info] > git status -z -uall [44ms]
2026-01-17 16:46:53.698 [info] [Git][getRemotes] No remotes found in the git config file
2026-01-17 16:46:53.698 [info] > git config --get commit.template [7ms]
2026-01-17 16:46:53.699 [info] > git for-each-ref --format=%(refname)%00%(upstream:short)%00%(objectname)%00%(upstream:track)%00%(upstream:remotename)%00%(upstream:remoteref) refs/heads/master refs/remotes/master [2ms]
2026-01-17 16:46:53.699 [warning] [Git][getBranch] No such branch: master
2026-01-17 16:46:53.716 [info] > git for-each-ref --sort -committerdate --format %(refname)%00%(objectname)%00%(*objectname) [1ms]
2026-01-17 16:46:53.735 [info] > git status -z -uall [29ms]
2026-01-17 16:46:58.806 [info] [Git][getRemotes] No remotes found in the git config file
2026-01-17 16:46:58.813 [info] > git config --get commit.template [8ms]
2026-01-17 16:46:58.813 [info] > git for-each-ref --format=%(refname)%00%(upstream:short)%00%(objectname)%00%(upstream:track)%00%(upstream:remotename)%00%(upstream:remoteref) refs/heads/master refs/remotes/master [1ms]
2026-01-17 16:46:58.813 [warning] [Git][getBranch] No such branch: master
2026-01-17 16:46:58.829 [info] > git for-each-ref --sort -committerdate --format %(refname)%00%(objectname)%00%(*objectname) [2ms]
2026-01-17 16:46:58.847 [info] > git status -z -uall [26ms]
2026-01-17 16:47:03.914 [info] [Git][getRemotes] No remotes found in the git config file
2026-01-17 16:47:03.922 [info] > git config --get commit.template [9ms]
2026-01-17 16:47:03.923 [info] > git for-each-ref --format=%(refname)%00%(upstream:short)%00%(objectname)%00%(upstream:track)%00%(upstream:remotename)%00%(upstream:remoteref) refs/heads/master refs/remotes/master [2ms]
2026-01-17 16:47:03.923 [warning] [Git][getBranch] No such branch: master
2026-01-17 16:47:03.937 [info] > git for-each-ref --sort -committerdate --format %(refname)%00%(objectname)%00%(*objectname) [1ms]
2026-01-17 16:47:03.955 [info] > git status -z -uall [26ms]
2026-01-17 16:47:09.046 [info] [Git][getRemotes] No remotes found in the git config file
2026-01-17 16:47:09.047 [info] > git config --get commit.template [11ms]
2026-01-17 16:47:09.048 [info] > git for-each-ref --format=%(refname)%00%(upstream:short)%00%(objectname)%00%(upstream:track)%00%(upstream:remotename)%00%(upstream:remoteref) refs/heads/master refs/remotes/master [2ms]
2026-01-17 16:47:09.048 [warning] [Git][getBranch] No such branch: master
2026-01-17 16:47:09.071 [info] > git for-each-ref --sort -committerdate --format %(refname)%00%(objectname)%00%(*objectname) [2ms]
2026-01-17 16:47:09.101 [info] > git status -z -uall [43ms]
2026-01-17 16:47:14.217 [info] [Git][getRemotes] No remotes found in the git config file
2026-01-17 16:47:14.218 [info] > git config --get commit.template [11ms]
2026-01-17 16:47:14.219 [info] > git for-each-ref --format=%(refname)%00%(upstream:short)%00%(objectname)%00%(upstream:track)%00%(upstream:remotename)%00%(upstream:remoteref) refs/heads/master refs/remotes/master [2ms]
2026-01-17 16:47:14.219 [warning] [Git][getBranch] No such branch: master
2026-01-17 16:47:14.245 [info] > git for-each-ref --sort -committerdate --format %(refname)%00%(objectname)%00%(*objectname) [2ms]
2026-01-17 16:47:14.279 [info] > git status -z -uall [49ms]
2026-01-17 16:47:19.387 [info] [Git][getRemotes] No remotes found in the git config file
2026-01-17 16:47:19.387 [info] > git config --get commit.template [7ms]
2026-01-17 16:47:19.388 [info] > git for-each-ref --format=%(refname)%00%(upstream:short)%00%(objectname)%00%(upstream:track)%00%(upstream:remotename)%00%(upstream:remoteref) refs/heads/master refs/remotes/master [2ms]
2026-01-17 16:47:19.388 [warning] [Git][getBranch] No such branch: master
2026-01-17 16:47:19.403 [info] > git for-each-ref --sort -committerdate --format %(refname)%00%(objectname)%00%(*objectname) [1ms]
2026-01-17 16:47:19.423 [info] > git status -z -uall [29ms]
2026-01-17 16:47:28.124 [info] [Git][getRemotes] No remotes found in the git config file
2026-01-17 16:47:28.125 [info] > git config --get commit.template [10ms]
2026-01-17 16:47:28.126 [info] > git for-each-ref --format=%(refname)%00%(upstream:short)%00%(objectname)%00%(upstream:track)%00%(upstream:remotename)%00%(upstream:remoteref) refs/heads/master refs/remotes/master [2ms]
2026-01-17 16:47:28.126 [warning] [Git][getBranch] No such branch: master
2026-01-17 16:47:28.143 [info] > git for-each-ref --sort -committerdate --format %(refname)%00%(objectname)%00%(*objectname) [2ms]
2026-01-17 16:47:28.163 [info] > git status -z -uall [30ms]
2026-01-17 16:48:40.831 [info] > git config --get commit.template [1ms]
2026-01-17 16:48:40.839 [info] [Git][getRemotes] No remotes found in the git config file
2026-01-17 16:48:40.842 [info] > git for-each-ref --format=%(refname)%00%(upstream:short)%00%(objectname)%00%(upstream:track)%00%(upstream:remotename)%00%(upstream:remoteref) refs/heads/master refs/remotes/master [3ms]
2026-01-17 16:48:40.842 [warning] [Git][getBranch] No such branch: master
2026-01-17 16:48:40.861 [info] > git for-each-ref --sort -committerdate --format %(refname)%00%(objectname)%00%(*objectname) [2ms]
2026-01-17 16:48:40.882 [info] > git status -z -uall [33ms]
2026-01-17 16:54:16.316 [info] > git config --get commit.template [3ms]
2026-01-17 16:54:16.328 [info] [Git][getRemotes] No remotes found in the git config file
2026-01-17 16:54:16.330 [info] > git for-each-ref --format=%(refname)%00%(upstream:short)%00%(objectname)%00%(upstream:track)%00%(upstream:remotename)%00%(upstream:remoteref) refs/heads/master refs/remotes/master [2ms]
2026-01-17 16:54:16.331 [warning] [Git][getBranch] No such branch: master
2026-01-17 16:54:16.352 [info] > git for-each-ref --sort -committerdate --format %(refname)%00%(objectname)%00%(*objectname) [2ms]
2026-01-17 16:54:16.378 [info] > git status -z -uall [38ms]
2026-01-17 16:57:38.486 [info] [Git][getRemotes] No remotes found in the git config file
2026-01-17 16:57:38.487 [info] > git config --get commit.template [9ms]
2026-01-17 16:57:38.488 [info] > git for-each-ref --format=%(refname)%00%(upstream:short)%00%(objectname)%00%(upstream:track)%00%(upstream:remotename)%00%(upstream:remoteref) refs/heads/master refs/remotes/master [2ms]
2026-01-17 16:57:38.488 [warning] [Git][getBranch] No such branch: master
2026-01-17 16:57:38.508 [info] > git for-each-ref --sort -committerdate --format %(refname)%00%(objectname)%00%(*objectname) [3ms]
2026-01-17 16:57:38.533 [info] > git status -z -uall [36ms]
2026-01-17 16:57:43.621 [info] [Git][getRemotes] No remotes found in the git config file
2026-01-17 16:57:43.622 [info] > git config --get commit.template [7ms]
2026-01-17 16:57:43.623 [info] > git for-each-ref --format=%(refname)%00%(upstream:short)%00%(objectname)%00%(upstream:track)%00%(upstream:remotename)%00%(upstream:remoteref) refs/heads/master refs/remotes/master [2ms]
2026-01-17 16:57:43.623 [warning] [Git][getBranch] No such branch: master
2026-01-17 16:57:43.636 [info] > git for-each-ref --sort -committerdate --format %(refname)%00%(objectname)%00%(*objectname) [1ms]
2026-01-17 16:57:43.656 [info] > git status -z -uall [28ms]
2026-01-17 16:57:51.760 [info] > git config --get commit.template [13ms]
2026-01-17 16:57:51.760 [info] [Git][getRemotes] No remotes found in the git config file
2026-01-17 16:57:51.761 [info] > git for-each-ref --format=%(refname)%00%(upstream:short)%00%(objectname)%00%(upstream:track)%00%(upstream:remotename)%00%(upstream:remoteref) refs/heads/master refs/remotes/master [3ms]
2026-01-17 16:57:51.761 [warning] [Git][getBranch] No such branch: master
2026-01-17 16:57:51.789 [info] > git for-each-ref --sort -committerdate --format %(refname)%00%(objectname)%00%(*objectname) [2ms]
2026-01-17 16:57:51.827 [info] > git status -z -uall [54ms]
2026-01-17 17:07:09.254 [info] > git config --get commit.template [2ms]
2026-01-17 17:07:09.263 [info] [Git][getRemotes] No remotes found in the git config file
2026-01-17 17:07:09.266 [info] > git for-each-ref --format=%(refname)%00%(upstream:short)%00%(objectname)%00%(upstream:track)%00%(upstream:remotename)%00%(upstream:remoteref) refs/heads/master refs/remotes/master [4ms]
2026-01-17 17:07:09.266 [warning] [Git][getBranch] No such branch: master
2026-01-17 17:07:09.287 [info] > git for-each-ref --sort -committerdate --format %(refname)%00%(objectname)%00%(*objectname) [3ms]
2026-01-17 17:07:09.307 [info] > git status -z -uall [32ms]
2026-01-17 17:08:38.490 [info] [Git][getRemotes] No remotes found in the git config file
2026-01-17 17:08:38.500 [info] > git config --get commit.template [11ms]
2026-01-17 17:08:38.503 [info] > git for-each-ref --format=%(refname)%00%(upstream:short)%00%(objectname)%00%(upstream:track)%00%(upstream:remotename)%00%(upstream:remoteref) refs/heads/master refs/remotes/master [4ms]
2026-01-17 17:08:38.503 [warning] [Git][getBranch] No such branch: master
2026-01-17 17:08:38.525 [info] > git for-each-ref --sort -committerdate --format %(refname)%00%(objectname)%00%(*objectname) [2ms]
2026-01-17 17:08:38.549 [info] > git status -z -uall [34ms]
2026-01-17 17:08:43.640 [info] [Git][getRemotes] No remotes found in the git config file
2026-01-17 17:08:43.640 [info] > git config --get commit.template [7ms]
2026-01-17 17:08:43.641 [info] > git for-each-ref --format=%(refname)%00%(upstream:short)%00%(objectname)%00%(upstream:track)%00%(upstream:remotename)%00%(upstream:remoteref) refs/heads/master refs/remotes/master [1ms]
2026-01-17 17:08:43.642 [warning] [Git][getBranch] No such branch: master
2026-01-17 17:08:43.657 [info] > git for-each-ref --sort -committerdate --format %(refname)%00%(objectname)%00%(*objectname) [2ms]
2026-01-17 17:08:43.675 [info] > git status -z -uall [27ms]
2026-01-17 17:08:52.065 [info] [Git][getRemotes] No remotes found in the git config file
2026-01-17 17:08:52.067 [info] > git config --get commit.template [10ms]
2026-01-17 17:08:52.068 [info] > git for-each-ref --format=%(refname)%00%(upstream:short)%00%(objectname)%00%(upstream:track)%00%(upstream:remotename)%00%(upstream:remoteref) refs/heads/master refs/remotes/master [3ms]
2026-01-17 17:08:52.068 [warning] [Git][getBranch] No such branch: master
2026-01-17 17:08:52.087 [info] > git for-each-ref --sort -committerdate --format %(refname)%00%(objectname)%00%(*objectname) [2ms]
2026-01-17 17:08:52.107 [info] > git status -z -uall [31ms]
2026-01-17 17:08:57.190 [info] [Git][getRemotes] No remotes found in the git config file
2026-01-17 17:08:57.191 [info] > git config --get commit.template [7ms]
2026-01-17 17:08:57.191 [info] > git for-each-ref --format=%(refname)%00%(upstream:short)%00%(objectname)%00%(upstream:track)%00%(upstream:remotename)%00%(upstream:remoteref) refs/heads/master refs/remotes/master [1ms]
2026-01-17 17:08:57.191 [warning] [Git][getBranch] No such branch: master
2026-01-17 17:08:57.207 [info] > git for-each-ref --sort -committerdate --format %(refname)%00%(objectname)%00%(*objectname) [2ms]
2026-01-17 17:08:57.226 [info] > git status -z -uall [28ms]
2026-01-17 17:09:57.342 [info] [Git][getRemotes] No remotes found in the git config file
2026-01-17 17:09:57.343 [info] > git config --get commit.template [11ms]
2026-01-17 17:09:57.344 [info] > git for-each-ref --format=%(refname)%00%(upstream:short)%00%(objectname)%00%(upstream:track)%00%(upstream:remotename)%00%(upstream:remoteref) refs/heads/master refs/remotes/master [2ms]
2026-01-17 17:09:57.344 [warning] [Git][getBranch] No such branch: master
2026-01-17 17:09:57.367 [info] > git for-each-ref --sort -committerdate --format %(refname)%00%(objectname)%00%(*objectname) [2ms]
2026-01-17 17:09:57.387 [info] > git status -z -uall [34ms]
2026-01-17 17:11:38.215 [info] > git config --get commit.template [2ms]
2026-01-17 17:11:38.229 [info] [Git][getRemotes] No remotes found in the git config file
2026-01-17 17:11:38.231 [info] > git for-each-ref --format=%(refname)%00%(upstream:short)%00%(objectname)%00%(upstream:track)%00%(upstream:remotename)%00%(upstream:remoteref) refs/heads/master refs/remotes/master [3ms]
2026-01-17 17:11:38.231 [warning] [Git][getBranch] No such branch: master
2026-01-17 17:11:38.255 [info] > git for-each-ref --sort -committerdate --format %(refname)%00%(objectname)%00%(*objectname) [1ms]
2026-01-17 17:11:38.278 [info] > git status -z -uall [38ms]
2026-01-17 17:11:53.420 [info] [Git][getRemotes] No remotes found in the git config file
2026-01-17 17:11:53.421 [info] > git config --get commit.template [12ms]
2026-01-17 17:11:53.422 [info] > git for-each-ref --format=%(refname)%00%(upstream:short)%00%(objectname)%00%(upstream:track)%00%(upstream:remotename)%00%(upstream:remoteref) refs/heads/master refs/remotes/master [3ms]
2026-01-17 17:11:53.422 [warning] [Git][getBranch] No such branch: master
2026-01-17 17:11:53.442 [info] > git for-each-ref --sort -committerdate --format %(refname)%00%(objectname)%00%(*objectname) [2ms]
2026-01-17 17:11:53.467 [info] > git status -z -uall [37ms]
2026-01-17 17:12:16.211 [info] > git check-ignore -v -z --stdin [2ms]
2026-01-17 17:14:16.515 [info] [Git][getRemotes] No remotes found in the git config file
2026-01-17 17:14:16.516 [info] > git config --get commit.template [12ms]
2026-01-17 17:14:16.517 [info] > git for-each-ref --format=%(refname)%00%(upstream:short)%00%(objectname)%00%(upstream:track)%00%(upstream:remotename)%00%(upstream:remoteref) refs/heads/master refs/remotes/master [2ms]
2026-01-17 17:14:16.518 [warning] [Git][getBranch] No such branch: master
2026-01-17 17:14:16.539 [info] > git for-each-ref --sort -committerdate --format %(refname)%00%(objectname)%00%(*objectname) [2ms]
2026-01-17 17:14:16.560 [info] > git status -z -uall [33ms]
2026-01-17 17:14:21.647 [info] [Git][getRemotes] No remotes found in the git config file
2026-01-17 17:14:21.657 [info] > git config --get commit.template [11ms]
2026-01-17 17:14:21.658 [info] > git for-each-ref --format=%(refname)%00%(upstream:short)%00%(objectname)%00%(upstream:track)%00%(upstream:remotename)%00%(upstream:remoteref) refs/heads/master refs/remotes/master [2ms]
2026-01-17 17:14:21.658 [warning] [Git][getBranch] No such branch: master
2026-01-17 17:14:21.681 [info] > git for-each-ref --sort -committerdate --format %(refname)%00%(objectname)%00%(*objectname) [3ms]
2026-01-17 17:14:21.711 [info] > git status -z -uall [43ms]
2026-01-17 17:14:26.830 [info] [Git][getRemotes] No remotes found in the git config file
2026-01-17 17:14:26.831 [info] > git config --get commit.template [11ms]
2026-01-17 17:14:26.832 [info] > git for-each-ref --format=%(refname)%00%(upstream:short)%00%(objectname)%00%(upstream:track)%00%(upstream:remotename)%00%(upstream:remoteref) refs/heads/master refs/remotes/master [2ms]
2026-01-17 17:14:26.832 [warning] [Git][getBranch] No such branch: master
2026-01-17 17:14:26.855 [info] > git for-each-ref --sort -committerdate --format %(refname)%00%(objectname)%00%(*objectname) [2ms]
2026-01-17 17:14:26.889 [info] > git status -z -uall [46ms]
2026-01-17 17:15:09.387 [info] [main] Log level: Info
2026-01-17 17:15:09.387 [info] [main] Validating found git in: "git"
2026-01-17 17:15:09.388 [info] [main] Using git "2.52.0" from "git"
2026-01-17 17:15:09.388 [info] [Model][doInitialScan] Initial repository scan started
2026-01-17 17:15:09.388 [info] > git rev-parse --show-toplevel [19ms]
2026-01-17 17:15:09.388 [info] fatal: not a git repository (or any parent up to mount point /run/media/pavan)
Stopping at filesystem boundary (GIT_DISCOVERY_ACROSS_FILESYSTEM not set).
2026-01-17 17:15:09.388 [info] [Model][doInitialScan] Initial repository scan completed - repositories (0), closed repositories (0), parent repositories (0), unsafe repositories (0)
2026-01-17 17:15:43.056 [info] > git rev-parse --show-toplevel [2ms]
2026-01-17 17:15:43.056 [info] fatal: not a git repository (or any parent up to mount point /run/media/pavan)
Stopping at filesystem boundary (GIT_DISCOVERY_ACROSS_FILESYSTEM not set).
2026-01-17 17:15:43.932 [info] > git rev-parse --show-toplevel [7ms]
2026-01-17 17:15:43.932 [info] fatal: not a git repository (or any parent up to mount point /run/media/pavan)
Stopping at filesystem boundary (GIT_DISCOVERY_ACROSS_FILESYSTEM not set).
2026-01-17 17:49:18.079 [info] > git rev-parse --show-toplevel [4ms]
2026-01-17 17:49:18.079 [info] fatal: not a git repository (or any parent up to mount point /run/media/pavan)
Stopping at filesystem boundary (GIT_DISCOVERY_ACROSS_FILESYSTEM not set).
2026-01-17 17:50:50.139 [info] [main] Log level: Info
2026-01-17 17:50:50.139 [info] [main] Validating found git in: "git"
2026-01-17 17:50:50.139 [info] [main] Using git "2.52.0" from "git"
2026-01-17 17:50:50.139 [info] [Model][doInitialScan] Initial repository scan started
2026-01-17 17:50:50.139 [info] > git rev-parse --show-toplevel [13ms]
2026-01-17 17:50:50.140 [info] [Model][doInitialScan] Initial repository scan completed - repositories (0), closed repositories (0), parent repositories (1), unsafe repositories (0)
2026-01-17 17:50:51.395 [info] > git rev-parse --show-toplevel [2ms]
2026-01-17 17:51:09.708 [info] > git rev-parse --show-toplevel [164ms]
2026-01-17 17:51:18.724 [info] > git rev-parse --show-toplevel [3ms]
2026-01-17 17:51:46.756 [info] > git rev-parse --show-toplevel [4ms]
2026-01-17 17:52:00.770 [info] > git rev-parse --show-toplevel [2ms]
2026-01-17 17:53:26.452 [info] > git rev-parse --show-toplevel [6ms]
2026-01-17 17:53:26.751 [info] > git rev-parse --show-toplevel [3ms]
2026-01-17 17:53:35.183 [info] > git rev-parse --show-toplevel [3ms]
2026-01-17 17:53:36.137 [info] > git rev-parse --show-toplevel [3ms]
2026-01-17 17:53:38.564 [info] > git rev-parse --show-toplevel [3ms]
2026-01-17 17:54:43.733 [info] > git rev-parse --show-toplevel [2ms]
2026-01-17 17:55:01.914 [info] > git rev-parse --show-toplevel [2ms]
2026-01-17 17:55:36.063 [info] > git rev-parse --show-toplevel [1ms]
2026-01-17 17:55:50.066 [info] > git rev-parse --show-toplevel [3ms]
2026-01-17 18:00:51.505 [info] > git rev-parse --show-toplevel [2ms]
2026-01-17 18:00:53.524 [info] > git rev-parse --show-toplevel [2ms]
2026-01-17 18:00:56.332 [info] > git rev-parse --show-toplevel [2ms]
2026-01-17 18:00:59.762 [info] > git rev-parse --show-toplevel [2ms]
2026-01-17 18:01:03.666 [info] > git rev-parse --show-toplevel [2ms]
2026-01-17 18:11:20.659 [info] > git rev-parse --show-toplevel [3ms]
2026-01-17 18:11:24.982 [info] > git rev-parse --show-toplevel [1ms]
2026-01-17 18:11:30.883 [info] > git rev-parse --show-toplevel [3ms]
2026-01-17 18:12:32.164 [info] > git rev-parse --show-toplevel [3ms]
2026-01-17 18:13:17.474 [info] > git rev-parse --show-toplevel [2ms]
2026-01-17 18:13:27.327 [info] > git rev-parse --show-toplevel [3ms]
