2026-01-15 20:20:23.554 [info] [main] Log level: Info
2026-01-15 20:20:23.554 [info] [main] Validating found git in: "git"
2026-01-15 20:20:23.554 [info] [main] Using git "2.52.0" from "git"
2026-01-15 20:20:23.554 [info] [Model][doInitialScan] Initial repository scan started
2026-01-15 20:20:23.554 [info] > git rev-parse --show-toplevel [27ms]
2026-01-15 20:20:23.554 [info] > git rev-parse --show-toplevel [2ms]
2026-01-15 20:20:23.554 [info] > git rev-parse --show-toplevel [3ms]
2026-01-15 20:20:23.554 [info] > git rev-parse --show-toplevel [2ms]
2026-01-15 20:20:23.554 [info] > git rev-parse --show-toplevel [3ms]
2026-01-15 20:20:23.555 [info] > git rev-parse --show-toplevel [2ms]
2026-01-15 20:20:23.555 [info] > git rev-parse --show-toplevel [2ms]
2026-01-15 20:20:23.555 [info] > git rev-parse --show-toplevel [2ms]
2026-01-15 20:20:23.555 [info] > git rev-parse --show-toplevel [3ms]
2026-01-15 20:20:23.573 [info] > git rev-parse --show-toplevel [2ms]
2026-01-15 20:20:23.616 [info] > git rev-parse --show-toplevel [35ms]
2026-01-15 20:20:23.631 [info] > git rev-parse --show-toplevel [2ms]
2026-01-15 20:20:23.639 [info] > git rev-parse --show-toplevel [2ms]
2026-01-15 20:20:23.646 [info] > git rev-parse --show-toplevel [1ms]
2026-01-15 20:20:23.655 [info] > git rev-parse --show-toplevel [1ms]
2026-01-15 20:20:23.662 [info] > git rev-parse --show-toplevel [1ms]
2026-01-15 20:20:23.671 [info] > git rev-parse --show-toplevel [3ms]
2026-01-15 20:20:23.680 [info] > git rev-parse --show-toplevel [2ms]
2026-01-15 20:20:23.689 [info] > git rev-parse --show-toplevel [2ms]
2026-01-15 20:20:23.696 [info] > git rev-parse --show-toplevel [1ms]
2026-01-15 20:20:23.706 [info] > git rev-parse --show-toplevel [3ms]
2026-01-15 20:20:23.714 [info] > git rev-parse --show-toplevel [2ms]
2026-01-15 20:20:23.722 [info] > git rev-parse --show-toplevel [1ms]
2026-01-15 20:20:23.730 [info] > git rev-parse --show-toplevel [2ms]
2026-01-15 20:20:23.738 [info] > git rev-parse --show-toplevel [2ms]
2026-01-15 20:20:23.746 [info] > git rev-parse --show-toplevel [2ms]
2026-01-15 20:20:23.754 [info] > git rev-parse --show-toplevel [2ms]
2026-01-15 20:20:23.761 [info] > git rev-parse --show-toplevel [2ms]
2026-01-15 20:20:23.770 [info] > git rev-parse --show-toplevel [2ms]
2026-01-15 20:20:23.780 [info] [Model][doInitialScan] Initial repository scan completed - repositories (0), closed repositories (0), parent repositories (1), unsafe repositories (0)
2026-01-15 20:20:23.793 [info] > git rev-parse --show-toplevel [2ms]
2026-01-15 20:20:24.213 [info] > git rev-parse --show-toplevel [3ms]
2026-01-15 20:21:25.221 [info] > git rev-parse --show-toplevel [2ms]
2026-01-15 20:25:13.239 [info] > git rev-parse --show-toplevel [3ms]
2026-01-15 20:28:43.950 [info] > git rev-parse --show-toplevel [2ms]
2026-01-15 20:29:00.759 [info] > git rev-parse --show-toplevel [2ms]
2026-01-15 20:29:54.076 [info] > git rev-parse --show-toplevel [2ms]
2026-01-15 20:30:08.839 [info] > git rev-parse --show-toplevel [3ms]
2026-01-15 20:30:54.384 [info] > git rev-parse --show-toplevel [2ms]
2026-01-15 20:31:07.637 [info] > git rev-parse --show-toplevel [4ms]
2026-01-15 20:32:52.253 [info] > git rev-parse --show-toplevel [4ms]
2026-01-15 20:32:55.403 [info] > git rev-parse --show-toplevel [2ms]
2026-01-15 20:37:45.137 [info] > git rev-parse --show-toplevel [4ms]
2026-01-15 20:37:46.243 [info] > git rev-parse --show-toplevel [3ms]
2026-01-15 20:37:47.025 [info] > git rev-parse --show-toplevel [1ms]
2026-01-15 20:37:47.599 [info] > git rev-parse --show-toplevel [2ms]
2026-01-15 20:37:48.009 [info] > git rev-parse --show-toplevel [2ms]
2026-01-15 20:37:48.392 [info] > git rev-parse --show-toplevel [2ms]
2026-01-15 20:37:49.163 [info] > git rev-parse --show-toplevel [1ms]
2026-01-15 20:37:53.001 [info] > git rev-parse --show-toplevel [4ms]
2026-01-15 20:43:58.037 [info] > git rev-parse --show-toplevel [2ms]
2026-01-15 20:44:08.333 [info] > git rev-parse --show-toplevel [2ms]
2026-01-15 20:44:43.611 [info] > git rev-parse --show-toplevel [2ms]
2026-01-15 20:44:45.677 [info] > git rev-parse --show-toplevel [3ms]
2026-01-15 20:44:46.868 [info] > git rev-parse --show-toplevel [3ms]
2026-01-15 20:44:48.796 [info] > git rev-parse --show-toplevel [4ms]
2026-01-15 20:45:57.568 [info] > git rev-parse --show-toplevel [2ms]
2026-01-15 20:45:58.151 [info] > git rev-parse --show-toplevel [3ms]
2026-01-15 20:45:59.175 [info] > git rev-parse --show-toplevel [3ms]
2026-01-15 20:46:01.210 [info] > git rev-parse --show-toplevel [3ms]
2026-01-15 20:46:03.584 [info] > git rev-parse --show-toplevel [2ms]
2026-01-15 20:46:04.195 [info] > git rev-parse --show-toplevel [2ms]
