2026-01-17 09:57:25.974 [info] [main] Log level: Info
2026-01-17 09:57:25.974 [info] [main] Validating found git in: "git"
2026-01-17 09:57:25.974 [info] [main] Using git "2.52.0" from "git"
2026-01-17 09:57:25.974 [info] [Model][doInitialScan] Initial repository scan started
2026-01-17 09:57:25.974 [info] > git rev-parse --show-toplevel [24ms]
2026-01-17 09:57:25.974 [info] > git rev-parse --show-toplevel [3ms]
2026-01-17 09:57:25.974 [info] > git rev-parse --show-toplevel [2ms]
2026-01-17 09:57:25.974 [info] > git rev-parse --show-toplevel [3ms]
2026-01-17 09:57:25.974 [info] > git rev-parse --show-toplevel [2ms]
2026-01-17 09:57:25.974 [info] > git rev-parse --show-toplevel [3ms]
2026-01-17 09:57:25.974 [info] > git rev-parse --show-toplevel [2ms]
2026-01-17 09:57:25.974 [info] > git rev-parse --show-toplevel [1ms]
2026-01-17 09:57:25.975 [info] > git rev-parse --show-toplevel [2ms]
2026-01-17 09:57:26.039 [info] > git rev-parse --show-toplevel [44ms]
2026-01-17 09:57:26.056 [info] > git rev-parse --show-toplevel [2ms]
2026-01-17 09:57:26.064 [info] > git rev-parse --show-toplevel [2ms]
2026-01-17 09:57:26.073 [info] > git rev-parse --show-toplevel [2ms]
2026-01-17 09:57:26.082 [info] > git rev-parse --show-toplevel [1ms]
2026-01-17 09:57:26.089 [info] > git rev-parse --show-toplevel [1ms]
2026-01-17 09:57:26.100 [info] > git rev-parse --show-toplevel [4ms]
2026-01-17 09:57:26.110 [info] > git rev-parse --show-toplevel [2ms]
2026-01-17 09:57:26.118 [info] > git rev-parse --show-toplevel [1ms]
2026-01-17 09:57:26.127 [info] > git rev-parse --show-toplevel [2ms]
2026-01-17 09:57:26.136 [info] > git rev-parse --show-toplevel [1ms]
2026-01-17 09:57:26.144 [info] > git rev-parse --show-toplevel [2ms]
2026-01-17 09:57:26.154 [info] > git rev-parse --show-toplevel [3ms]
2026-01-17 09:57:26.163 [info] > git rev-parse --show-toplevel [2ms]
2026-01-17 09:57:26.172 [info] > git rev-parse --show-toplevel [2ms]
2026-01-17 09:57:26.181 [info] > git rev-parse --show-toplevel [2ms]
2026-01-17 09:57:26.190 [info] > git rev-parse --show-toplevel [2ms]
2026-01-17 09:57:26.200 [info] > git rev-parse --show-toplevel [2ms]
2026-01-17 09:57:26.209 [info] > git rev-parse --show-toplevel [2ms]
2026-01-17 09:57:26.219 [info] > git rev-parse --show-toplevel [2ms]
2026-01-17 09:57:26.234 [info] > git rev-parse --show-toplevel [9ms]
2026-01-17 09:57:26.243 [info] > git rev-parse --show-toplevel [2ms]
2026-01-17 09:57:26.251 [info] > git rev-parse --show-toplevel [2ms]
2026-01-17 09:57:26.252 [info] [Model][doInitialScan] Initial repository scan completed - repositories (0), closed repositories (0), parent repositories (1), unsafe repositories (0)
2026-01-17 09:57:26.261 [info] > git rev-parse --show-toplevel [2ms]
2026-01-17 09:57:26.596 [info] > git rev-parse --show-toplevel [1ms]
