2026-01-17 13:11:43.575 [info] Started local extension host with pid 4384.
2026-01-17 13:11:48.651 [info] [perf] Render performance baseline is 408ms
2026-01-17 13:11:52.759 [error] [File Watcher ('parcel')] Unexpected error: inotify_add_watch on '/home/pavan/.config/google-chrome/Default/blob_storage/76bcefef-6750-4649-87fa-a96050321b7f' failed: No such file or directory (EUNKNOWN) (path: /home/pavan)
2026-01-17 13:11:52.762 [error] [File Watcher (universal)] inotify_add_watch on '/home/pavan/.config/google-chrome/Default/blob_storage/76bcefef-6750-4649-87fa-a96050321b7f' failed: No such file or directory
2026-01-17 16:13:42.392 [info] Started local extension host with pid 564477.
2026-01-17 16:13:45.455 [info] [perf] Render performance baseline is 189ms
2026-01-17 17:15:04.014 [info] Started local extension host with pid 760204.
2026-01-17 17:15:04.365 [info] ChatSessionStore: Migrating 0 chat sessions from storage service to file system
2026-01-17 17:15:07.242 [info] [perf] Render performance baseline is 199ms
2026-01-17 17:15:50.792 [error] [Extension Host] Sending request failed.
2026-01-17 17:15:50.827 [error] [Extension Host] Error: Unexpected SIGPIPE
	at process.<anonymous> (file:///usr/lib/code/out/bootstrap-fork.js:3:11805)
	at process.emit (node:events:519:28)
2026-01-17 17:15:50.829 [error] [Extension Host] Sending request failed.
2026-01-17 17:15:50.848 [error] [Extension Host] Sending request failed.
2026-01-17 17:15:50.857 [error] [Extension Host] Sending request failed.
2026-01-17 17:15:50.872 [error] [Extension Host] Sending request failed.
2026-01-17 17:15:51.796 [error] An unknown error occurred. Please consult the log for more details.
2026-01-17 17:49:38.851 [warning] [File Watcher ('parcel')] Watcher shutdown because watched path got deleted (path: /run/media/pavan/Drive/Qt learning)
2026-01-17 17:50:48.924 [info] Started local extension host with pid 867396.
2026-01-17 17:50:49.323 [info] ChatSessionStore: Migrating 0 chat sessions from storage service to file system
2026-01-17 17:50:52.016 [info] [perf] Render performance baseline is 196ms
2026-01-17 17:53:25.186 [error] Unknown: Unknown error while installing extension theqtcompany.qt-ui
    at Bh.installFromGallery (file:///usr/lib/code/out/vs/code/electron-utility/sharedProcess/sharedProcessMain.js:74:1669)
2026-01-17 17:53:25.206 [error] Unknown error while installing extension theqtcompany.qt-ui: Unknown: Unknown error while installing extension theqtcompany.qt-ui
    at Bh.installFromGallery (file:///usr/lib/code/out/vs/code/electron-utility/sharedProcess/sharedProcessMain.js:74:1669)
