2026-01-17 10:50:39.691 [info] [main] Log level: Info
2026-01-17 10:50:39.691 [info] [main] Validating found git in: "git"
2026-01-17 10:50:39.691 [info] [main] Using git "2.52.0" from "git"
2026-01-17 10:50:39.691 [info] [Model][doInitialScan] Initial repository scan started
2026-01-17 10:50:39.691 [info] [Model][doInitialScan] Initial repository scan completed - repositories (0), closed repositories (0), parent repositories (0), unsafe repositories (0)
2026-01-17 10:50:50.633 [info] [main] Log level: Info
2026-01-17 10:50:50.633 [info] [main] Validating found git in: "git"
2026-01-17 10:50:50.633 [info] [main] Using git "2.52.0" from "git"
2026-01-17 10:50:50.633 [info] [Model][doInitialScan] Initial repository scan started
2026-01-17 10:50:50.633 [info] > git rev-parse --show-toplevel [18ms]
2026-01-17 10:50:50.643 [info] > git rev-parse --git-dir --git-common-dir --show-superproject-working-tree [4ms]
2026-01-17 10:50:50.663 [info] [Model][openRepository] Opened repository (path): /home/pavan
2026-01-17 10:50:50.663 [info] [Model][openRepository] Opened repository (real path): /home/pavan
2026-01-17 10:50:50.663 [info] [Model][openRepository] Opened repository (kind): repository
2026-01-17 10:50:50.684 [info] > git rev-parse --show-toplevel [4ms]
2026-01-17 10:50:50.685 [info] > git config --get commit.template [11ms]
2026-01-17 10:50:50.702 [info] > git rev-parse --show-toplevel [10ms]
2026-01-17 10:50:50.742 [info] > git for-each-ref --format=%(refname)%00%(upstream:short)%00%(objectname)%00%(upstream:track)%00%(upstream:remotename)%00%(upstream:remoteref) refs/heads/main refs/remotes/main [42ms]
2026-01-17 10:50:50.770 [info] > git rev-parse --show-toplevel [35ms]
2026-01-17 10:50:50.783 [info] > git rev-parse --show-toplevel [3ms]
2026-01-17 10:50:50.848 [info] > git rev-parse --show-toplevel [10ms]
2026-01-17 10:50:50.848 [info] > git for-each-ref --sort -committerdate --format %(refname)%00%(objectname)%00%(*objectname) [17ms]
2026-01-17 10:50:50.858 [info] > git rev-parse --show-toplevel [2ms]
2026-01-17 10:50:50.868 [info] > git rev-parse --show-toplevel [1ms]
2026-01-17 10:50:50.876 [info] > git rev-parse --show-toplevel [2ms]
2026-01-17 10:50:50.884 [info] > git rev-parse --show-toplevel [1ms]
2026-01-17 10:50:50.896 [info] > git rev-parse --git-dir --git-common-dir --show-superproject-working-tree [5ms]
2026-01-17 10:50:50.906 [info] [Model][openRepository] Opened repository (path): /home/pavan/.oh-my-zsh
2026-01-17 10:50:50.906 [info] [Model][openRepository] Opened repository (real path): /home/pavan/.oh-my-zsh
2026-01-17 10:50:50.906 [info] [Model][openRepository] Opened repository (kind): repository
2026-01-17 10:50:50.923 [info] > git config --get commit.template [9ms]
2026-01-17 10:50:50.925 [info] > git rev-parse --show-toplevel [5ms]
2026-01-17 10:50:50.941 [info] > git for-each-ref --format=%(refname)%00%(upstream:short)%00%(objectname)%00%(upstream:track)%00%(upstream:remotename)%00%(upstream:remoteref) refs/heads/master refs/remotes/master [8ms]
2026-01-17 10:50:50.944 [info] > git rev-parse --show-toplevel [3ms]
2026-01-17 10:50:50.953 [info] > git rev-parse --show-toplevel [1ms]
2026-01-17 10:50:50.978 [info] > git for-each-ref --sort -committerdate --format %(refname)%00%(objectname)%00%(*objectname) [10ms]
2026-01-17 10:50:50.980 [info] > git rev-parse --show-toplevel [5ms]
2026-01-17 10:50:50.989 [info] > git rev-parse --show-toplevel [1ms]
2026-01-17 10:50:51.000 [info] > git rev-parse --show-toplevel [2ms]
2026-01-17 10:50:51.008 [info] > git rev-parse --show-toplevel [1ms]
2026-01-17 10:50:51.017 [info] > git rev-parse --show-toplevel [1ms]
2026-01-17 10:50:51.026 [info] > git rev-parse --show-toplevel [2ms]
2026-01-17 10:50:51.039 [info] > git rev-parse --git-dir --git-common-dir --show-superproject-working-tree [4ms]
2026-01-17 10:50:51.047 [info] [Model][openRepository] Opened repository (path): /home/pavan/Hyprshot
2026-01-17 10:50:51.047 [info] [Model][openRepository] Opened repository (real path): /home/pavan/Hyprshot
2026-01-17 10:50:51.047 [info] [Model][openRepository] Opened repository (kind): repository
2026-01-17 10:50:51.063 [info] > git config --get commit.template [8ms]
2026-01-17 10:50:51.066 [info] > git rev-parse --show-toplevel [5ms]
2026-01-17 10:50:51.085 [info] > git rev-parse --show-toplevel [4ms]
2026-01-17 10:50:51.085 [info] > git for-each-ref --format=%(refname)%00%(upstream:short)%00%(objectname)%00%(upstream:track)%00%(upstream:remotename)%00%(upstream:remoteref) refs/heads/main refs/remotes/main [11ms]
2026-01-17 10:50:51.100 [warning] [Git][revParse] Unable to read file: ENOENT: no such file or directory, open '/home/pavan/Hyprshot/.git/refs/remotes/origin/main'
2026-01-17 10:50:51.102 [info] > git rev-parse refs/remotes/origin/main [3ms]
2026-01-17 10:50:51.116 [info] > git rev-parse --show-toplevel [25ms]
2026-01-17 10:50:51.123 [info] > git status -z -uall [163ms]
2026-01-17 10:50:51.124 [info] > git status -z -uall [16ms]
2026-01-17 10:50:51.160 [info] > git for-each-ref --format=%(refname)%00%(upstream:short)%00%(objectname)%00%(upstream:track)%00%(upstream:remotename)%00%(upstream:remoteref) refs/heads/master refs/remotes/master [11ms]
2026-01-17 10:50:51.168 [info] > git rev-parse --show-toplevel [45ms]
2026-01-17 10:50:51.169 [info] > git for-each-ref --sort -committerdate --format %(refname)%00%(objectname)%00%(*objectname) [53ms]
2026-01-17 10:50:51.197 [info] > git for-each-ref --format=%(refname)%00%(upstream:short)%00%(objectname)%00%(upstream:track)%00%(upstream:remotename)%00%(upstream:remoteref) refs/heads/main refs/remotes/main [16ms]
2026-01-17 10:50:51.204 [info] > git config --get --local branch.master.vscode-merge-base [36ms]
2026-01-17 10:50:51.212 [info] > git config --get commit.template [53ms]
2026-01-17 10:50:51.215 [info] > git for-each-ref --format=%(refname)%00%(upstream:short)%00%(objectname)%00%(upstream:track)%00%(upstream:remotename)%00%(upstream:remoteref) refs/heads/origin/master refs/remotes/origin/master [3ms]
2026-01-17 10:50:51.224 [info] > git config --get --local branch.main.vscode-merge-base [20ms]
2026-01-17 10:50:51.224 [warning] [Git][config] git config failed: Failed to execute git
2026-01-17 10:50:51.231 [info] > git config --get commit.template [34ms]
2026-01-17 10:50:51.231 [info] > git rev-parse --show-toplevel [41ms]
2026-01-17 10:50:51.247 [info] > git merge-base refs/heads/master refs/remotes/origin/master [23ms]
2026-01-17 10:50:51.263 [info] > git diff --name-status -z --diff-filter=ADMR --find-renames=50% ec14da72fbf8b5016bb1533d4af3ff3bb2ac7a19...refs/remotes/origin/master -- [9ms]
2026-01-17 10:50:51.264 [info] > git rev-parse --show-toplevel [18ms]
2026-01-17 10:50:51.265 [info] > git for-each-ref --format=%(refname)%00%(upstream:short)%00%(objectname)%00%(upstream:track)%00%(upstream:remotename)%00%(upstream:remoteref) refs/heads/master refs/remotes/master [25ms]
2026-01-17 10:50:51.265 [info] > git reflog main --grep-reflog=branch: Created from *. [34ms]
2026-01-17 10:50:51.280 [info] > git for-each-ref --format=%(refname)%00%(upstream:short)%00%(objectname)%00%(upstream:track)%00%(upstream:remotename)%00%(upstream:remoteref) refs/heads/main refs/remotes/main [18ms]
2026-01-17 10:50:51.287 [warning] [Git][revParse] Unable to read file: ENOENT: no such file or directory, open '/home/pavan/Hyprshot/.git/refs/remotes/origin/main'
2026-01-17 10:50:51.287 [info] > git symbolic-ref --short refs/remotes/origin/HEAD [14ms]
2026-01-17 10:50:51.296 [info] > git rev-parse refs/remotes/origin/main [9ms]
2026-01-17 10:50:51.308 [info] > git rev-parse --show-toplevel [28ms]
2026-01-17 10:50:51.329 [info] > git status -z -uall [27ms]
2026-01-17 10:50:51.330 [info] > git for-each-ref --format=%(refname)%00%(upstream:short)%00%(objectname)%00%(upstream:track)%00%(upstream:remotename)%00%(upstream:remoteref) refs/heads/origin/main refs/remotes/origin/main [35ms]
2026-01-17 10:50:51.338 [info] > git rev-parse --git-dir --git-common-dir --show-superproject-working-tree [10ms]
2026-01-17 10:50:51.345 [info] [Model][openRepository] Opened repository (path): /home/pavan/auto-cpufreq
2026-01-17 10:50:51.345 [info] [Model][openRepository] Opened repository (real path): /home/pavan/auto-cpufreq
2026-01-17 10:50:51.345 [info] [Model][openRepository] Opened repository (kind): repository
2026-01-17 10:50:51.346 [info] > git for-each-ref --sort -committerdate --format %(refname)%00%(objectname)%00%(*objectname) [25ms]
2026-01-17 10:50:51.347 [info] > git for-each-ref --sort -committerdate --format %(refname)%00%(objectname)%00%(*objectname) [39ms]
2026-01-17 10:50:51.367 [info] > git status -z -uall [52ms]
2026-01-17 10:50:51.367 [info] > git config --add --local branch.main.vscode-merge-base origin/main [31ms]
2026-01-17 10:50:51.378 [info] > git rev-parse --show-toplevel [10ms]
2026-01-17 10:50:51.378 [info] > git config --get commit.template [19ms]
2026-01-17 10:50:51.392 [info] > git config --get commit.template [14ms]
2026-01-17 10:50:51.402 [info] > git rev-parse --show-toplevel [11ms]
2026-01-17 10:50:51.415 [info] > git for-each-ref --format=%(refname)%00%(upstream:short)%00%(objectname)%00%(upstream:track)%00%(upstream:remotename)%00%(upstream:remoteref) refs/heads/main refs/remotes/main [7ms]
2026-01-17 10:50:51.416 [info] > git for-each-ref --format=%(refname)%00%(upstream:short)%00%(objectname)%00%(upstream:track)%00%(upstream:remotename)%00%(upstream:remoteref) refs/heads/master refs/remotes/master [14ms]
2026-01-17 10:50:51.422 [warning] [Git][revParse] Unable to read file: ENOENT: no such file or directory, open '/home/pavan/Hyprshot/.git/refs/remotes/origin/main'
2026-01-17 10:50:51.429 [warning] [Git][revParse] Unable to read file: ENOENT: no such file or directory, open '/home/pavan/auto-cpufreq/.git/refs/remotes/origin/master'
2026-01-17 10:50:51.430 [info] > git rev-parse refs/remotes/origin/main [8ms]
2026-01-17 10:50:51.443 [info] > git rev-parse --git-dir --git-common-dir --show-superproject-working-tree [28ms]
2026-01-17 10:50:51.450 [info] [Model][openRepository] Opened repository (path): /home/pavan/fastfetch
2026-01-17 10:50:51.450 [info] [Model][openRepository] Opened repository (real path): /home/pavan/fastfetch
2026-01-17 10:50:51.450 [info] [Model][openRepository] Opened repository (kind): repository
2026-01-17 10:50:51.468 [info] > git status -z -uall [32ms]
2026-01-17 10:50:51.468 [info] > git for-each-ref --sort -committerdate --format %(refname)%00%(objectname)%00%(*objectname) [26ms]
2026-01-17 10:50:51.488 [info] > git rev-parse refs/remotes/origin/master [59ms]
2026-01-17 10:50:51.505 [info] > git status -z -uall [11ms]
2026-01-17 10:50:51.506 [info] > git merge-base refs/heads/main refs/remotes/origin/main [19ms]
2026-01-17 10:50:51.513 [info] > git merge-base refs/heads/main refs/remotes/origin/main [34ms]
2026-01-17 10:50:51.520 [info] > git rev-parse --show-toplevel [53ms]
2026-01-17 10:50:51.520 [info] > git config --get commit.template [61ms]
2026-01-17 10:50:51.535 [info] > git diff --name-status -z --diff-filter=ADMR --find-renames=50% f95068db7765b85a2bbae0f083e29074d7bee027...refs/remotes/origin/main -- [15ms]
2026-01-17 10:50:51.536 [info] > git diff --name-status -z --diff-filter=ADMR --find-renames=50% f95068db7765b85a2bbae0f083e29074d7bee027...refs/remotes/origin/main -- [23ms]
2026-01-17 10:50:51.537 [info] > git for-each-ref --sort -committerdate --format %(refname)%00%(objectname)%00%(*objectname) [34ms]
2026-01-17 10:50:51.565 [info] > git for-each-ref --format=%(refname)%00%(upstream:short)%00%(objectname)%00%(upstream:track)%00%(upstream:remotename)%00%(upstream:remoteref) refs/heads/master refs/remotes/master [17ms]
2026-01-17 10:50:51.572 [info] > git rev-parse --git-dir --git-common-dir --show-superproject-working-tree [38ms]
2026-01-17 10:50:51.579 [info] [Model][openRepository] Opened repository (path): /home/pavan/google-chrome
2026-01-17 10:50:51.579 [info] [Model][openRepository] Opened repository (real path): /home/pavan/google-chrome
2026-01-17 10:50:51.579 [info] [Model][openRepository] Opened repository (kind): repository
2026-01-17 10:50:51.598 [info] > git config --get --local branch.master.vscode-merge-base [26ms]
2026-01-17 10:50:51.598 [warning] [Git][config] git config failed: Failed to execute git
2026-01-17 10:50:51.606 [info] > git config --get commit.template [42ms]
2026-01-17 10:50:51.606 [info] > git for-each-ref --format=%(refname)%00%(upstream:short)%00%(objectname)%00%(upstream:track)%00%(upstream:remotename)%00%(upstream:remoteref) refs/heads/dev refs/remotes/dev [49ms]
2026-01-17 10:50:51.614 [warning] [Git][revParse] Unable to read file: ENOENT: no such file or directory, open '/home/pavan/fastfetch/.git/refs/remotes/origin/dev'
2026-01-17 10:50:51.616 [info] > git reflog master --grep-reflog=branch: Created from *. [10ms]
2026-01-17 10:50:51.622 [info] > git rev-parse --show-toplevel [25ms]
2026-01-17 10:50:51.622 [info] > git config --get commit.template [32ms]
2026-01-17 10:50:51.639 [info] > git symbolic-ref --short refs/remotes/origin/HEAD [17ms]
2026-01-17 10:50:51.646 [info] > git rev-parse refs/remotes/origin/dev [32ms]
2026-01-17 10:50:51.674 [info] > git for-each-ref --format=%(refname)%00%(upstream:short)%00%(objectname)%00%(upstream:track)%00%(upstream:remotename)%00%(upstream:remoteref) refs/heads/origin/master refs/remotes/origin/master [28ms]
2026-01-17 10:50:51.681 [info] > git rev-parse --git-dir --git-common-dir --show-superproject-working-tree [43ms]
2026-01-17 10:50:51.687 [info] [Model][openRepository] Opened repository (path): /home/pavan/yay-bin
2026-01-17 10:50:51.687 [info] [Model][openRepository] Opened repository (real path): /home/pavan/yay-bin
2026-01-17 10:50:51.687 [info] [Model][openRepository] Opened repository (kind): repository
2026-01-17 10:50:51.688 [info] > git for-each-ref --format=%(refname)%00%(upstream:short)%00%(objectname)%00%(upstream:track)%00%(upstream:remotename)%00%(upstream:remoteref) refs/heads/master refs/remotes/master [56ms]
2026-01-17 10:50:51.709 [warning] [Git][revParse] Unable to read file: ENOENT: no such file or directory, open '/home/pavan/auto-cpufreq/.git/refs/remotes/origin/master'
2026-01-17 10:50:51.711 [info] > git config --add --local branch.master.vscode-merge-base origin/master [30ms]
2026-01-17 10:50:51.711 [info] > git for-each-ref --format=%(refname)%00%(upstream:short)%00%(objectname)%00%(upstream:track)%00%(upstream:remotename)%00%(upstream:remoteref) refs/heads/master refs/remotes/master [44ms]
2026-01-17 10:50:51.712 [info] > git for-each-ref --sort -committerdate --format %(refname)%00%(objectname)%00%(*objectname) [53ms]
2026-01-17 10:50:51.729 [warning] [Git][revParse] Unable to read file: ENOENT: no such file or directory, open '/home/pavan/google-chrome/.git/refs/remotes/origin/master'
2026-01-17 10:50:51.731 [info] > git rev-parse refs/remotes/origin/master [22ms]
2026-01-17 10:50:51.733 [info] > git rev-parse --show-toplevel [30ms]
2026-01-17 10:50:51.734 [info] [Model][doInitialScan] Initial repository scan completed - repositories (7), closed repositories (0), parent repositories (0), unsafe repositories (0)
2026-01-17 10:50:51.734 [info] > git config --get commit.template [37ms]
2026-01-17 10:50:51.737 [info] > git rev-parse refs/remotes/origin/master [8ms]
2026-01-17 10:50:51.750 [info] > git config --get commit.template [28ms]
2026-01-17 10:50:51.928 [info] > git status -z -uall [1107ms] (cancelled)
2026-01-17 10:50:51.929 [info] > git status -z -uall [276ms]
2026-01-17 10:50:51.929 [info] > git status -z -uall [186ms]
2026-01-17 10:50:51.929 [info] > git for-each-ref --sort -committerdate --format %(refname)%00%(objectname)%00%(*objectname) [179ms]
2026-01-17 10:50:53.508 [info] > git for-each-ref --format=%(refname)%00%(upstream:short)%00%(objectname)%00%(upstream:track)%00%(upstream:remotename)%00%(upstream:remoteref) refs/heads/master refs/remotes/master [1562ms]
2026-01-17 10:50:53.517 [info] > git for-each-ref --format=%(refname)%00%(upstream:short)%00%(objectname)%00%(upstream:track)%00%(upstream:remotename)%00%(upstream:remoteref) refs/heads/main refs/remotes/main [1592ms]
2026-01-17 10:50:53.546 [info] > git for-each-ref --format=%(refname)%00%(upstream:short)%00%(objectname)%00%(upstream:track)%00%(upstream:remotename)%00%(upstream:remoteref) refs/heads/master refs/remotes/master [1788ms]
2026-01-17 10:50:53.747 [warning] [Git][revParse] Unable to read file: ENOENT: no such file or directory, open '/home/pavan/yay-bin/.git/refs/remotes/origin/master'
2026-01-17 10:50:53.755 [info] > git check-ignore -v -z --stdin [163ms]
2026-01-17 10:50:53.757 [info] > git check-ignore -v -z --stdin [156ms]
2026-01-17 10:50:53.757 [info] > git check-ignore -v -z --stdin [149ms]
2026-01-17 10:50:53.758 [info] > git check-ignore -v -z --stdin [142ms]
2026-01-17 10:50:53.758 [info] > git check-ignore -v -z --stdin [136ms]
2026-01-17 10:50:53.759 [info] > git check-ignore -v -z --stdin [107ms]
2026-01-17 10:50:53.759 [info] > git check-ignore -v -z --stdin [98ms]
2026-01-17 10:50:53.760 [info] > git for-each-ref --format=%(refname)%00%(upstream:short)%00%(objectname)%00%(upstream:track)%00%(upstream:remotename)%00%(upstream:remoteref) refs/heads/dev refs/remotes/dev [182ms]
2026-01-17 10:50:53.768 [info] > git config --get --local branch.main.vscode-merge-base [222ms]
2026-01-17 10:50:53.768 [warning] [Git][config] git config failed: Failed to execute git
2026-01-17 10:50:53.775 [info] > git config --get --local branch.master.vscode-merge-base [258ms]
2026-01-17 10:50:53.776 [warning] [Git][config] git config failed: Failed to execute git
2026-01-17 10:50:53.783 [info] > git config --get commit.template [280ms]
2026-01-17 10:50:53.783 [info] > git config --get commit.template [287ms]
2026-01-17 10:50:53.783 [info] > git for-each-ref --format=%(refname)%00%(upstream:short)%00%(objectname)%00%(upstream:track)%00%(upstream:remotename)%00%(upstream:remoteref) refs/heads/master refs/remotes/master [293ms]
2026-01-17 10:50:53.794 [warning] [Git][revParse] Unable to read file: ENOENT: no such file or directory, open '/home/pavan/auto-cpufreq/.git/refs/remotes/origin/master'
2026-01-17 10:50:53.796 [info] > git reflog master --grep-reflog=branch: Created from *. [13ms]
2026-01-17 10:50:53.801 [info] > git reflog main --grep-reflog=branch: Created from *. [26ms]
2026-01-17 10:50:53.807 [info] > git config --get --local branch.dev.vscode-merge-base [39ms]
2026-01-17 10:50:53.813 [info] > git config --get commit.template [59ms]
2026-01-17 10:50:53.814 [info] > git rev-parse refs/remotes/origin/master [67ms]
2026-01-17 10:50:53.844 [info] > git status -z -uall [24ms]
2026-01-17 10:50:53.844 [info] > git for-each-ref --sort -committerdate --format %(refname)%00%(objectname)%00%(*objectname) [17ms]
2026-01-17 10:50:53.858 [info] > git for-each-ref --format=%(refname)%00%(upstream:short)%00%(objectname)%00%(upstream:track)%00%(upstream:remotename)%00%(upstream:remoteref) refs/heads/origin/dev refs/remotes/origin/dev [45ms]
2026-01-17 10:50:53.867 [info] > git symbolic-ref --short refs/remotes/origin/HEAD [60ms]
2026-01-17 10:50:53.874 [info] > git symbolic-ref --short refs/remotes/origin/HEAD [73ms]
2026-01-17 10:50:53.880 [info] > git rev-parse refs/remotes/origin/master [86ms]
2026-01-17 10:50:53.908 [info] > git status -z -uall [21ms]
2026-01-17 10:50:53.909 [info] > git for-each-ref --format=%(refname)%00%(upstream:short)%00%(objectname)%00%(upstream:track)%00%(upstream:remotename)%00%(upstream:remoteref) refs/heads/origin/master refs/remotes/origin/master [29ms]
2026-01-17 10:50:53.916 [info] > git for-each-ref --format=%(refname)%00%(upstream:short)%00%(objectname)%00%(upstream:track)%00%(upstream:remotename)%00%(upstream:remoteref) refs/heads/origin/main refs/remotes/origin/main [42ms]
2026-01-17 10:50:53.923 [info] > git merge-base refs/heads/dev refs/remotes/origin/dev [57ms]
2026-01-17 10:50:53.931 [info] > git for-each-ref --format=%(refname)%00%(upstream:short)%00%(objectname)%00%(upstream:track)%00%(upstream:remotename)%00%(upstream:remoteref) refs/heads/master refs/remotes/master [76ms]
2026-01-17 10:50:53.937 [info] > git for-each-ref --format=%(refname)%00%(upstream:short)%00%(objectname)%00%(upstream:track)%00%(upstream:remotename)%00%(upstream:remoteref) refs/heads/master refs/remotes/master [95ms]
2026-01-17 10:50:53.937 [info] > git for-each-ref --format=%(refname)%00%(upstream:short)%00%(objectname)%00%(upstream:track)%00%(upstream:remotename)%00%(upstream:remoteref) refs/heads/main refs/remotes/main [101ms]
2026-01-17 10:50:53.946 [warning] [Git][revParse] Unable to read file: ENOENT: no such file or directory, open '/home/pavan/google-chrome/.git/refs/remotes/origin/master'
2026-01-17 10:50:53.947 [info] > git config --get --local branch.master.vscode-merge-base [10ms]
2026-01-17 10:50:53.954 [info] > git diff --name-status -z --diff-filter=ADMR --find-renames=50% de6d066fc99efb920b06b36e3e7cb585833c88dc...refs/remotes/origin/dev -- [24ms]
2026-01-17 10:50:53.955 [info] > git config --add --local branch.main.vscode-merge-base origin/main [32ms]
2026-01-17 10:50:53.956 [info] > git config --add --local branch.master.vscode-merge-base origin/master [40ms]
2026-01-17 10:50:53.956 [info] > git config --get commit.template [49ms]
2026-01-17 10:50:53.957 [info] > git for-each-ref --format=%(refname)%00%(upstream:short)%00%(objectname)%00%(upstream:track)%00%(upstream:remotename)%00%(upstream:remoteref) refs/heads/dev refs/remotes/dev [57ms]
2026-01-17 10:50:53.957 [info] > git for-each-ref --sort -committerdate --format %(refname)%00%(objectname)%00%(*objectname) [64ms]
2026-01-17 10:50:53.996 [warning] [Git][revParse] Unable to read file: ENOENT: no such file or directory, open '/home/pavan/fastfetch/.git/refs/remotes/origin/dev'
2026-01-17 10:50:53.997 [info] > git merge-base refs/heads/master refs/remotes/origin/master [23ms]
2026-01-17 10:50:54.006 [info] > git merge-base refs/heads/master refs/remotes/origin/master [39ms]
2026-01-17 10:50:54.013 [info] > git for-each-ref --format=%(refname)%00%(upstream:short)%00%(objectname)%00%(upstream:track)%00%(upstream:remotename)%00%(upstream:remoteref) refs/heads/origin/master refs/remotes/origin/master [59ms]
2026-01-17 10:50:54.021 [info] > git rev-parse refs/remotes/origin/master [75ms]
2026-01-17 10:50:54.032 [info] > git merge-base refs/heads/master refs/remotes/origin/master [12ms]
2026-01-17 10:50:54.042 [info] > git diff --name-status -z --diff-filter=ADMR --find-renames=50% 046af28ffb4d719e3c360b3986750f187866d4a8...refs/remotes/origin/master -- [29ms]
2026-01-17 10:50:54.042 [info] > git diff --name-status -z --diff-filter=ADMR --find-renames=50% 046af28ffb4d719e3c360b3986750f187866d4a8...refs/remotes/origin/master -- [36ms]
2026-01-17 10:50:54.043 [info] > git rev-parse refs/remotes/origin/dev [47ms]
2026-01-17 10:50:54.059 [info] > git config --get commit.template [70ms]
2026-01-17 10:50:54.059 [info] > git config --get commit.template [76ms]
2026-01-17 10:50:54.064 [info] > git diff --name-status -z --diff-filter=ADMR --find-renames=50% 1751e24c436c5909ae8d5b1f119e026101e28e3c...refs/remotes/origin/master -- [22ms]
2026-01-17 10:50:54.065 [info] > git for-each-ref --format=%(refname)%00%(upstream:short)%00%(objectname)%00%(upstream:track)%00%(upstream:remotename)%00%(upstream:remoteref) refs/heads/master refs/remotes/master [34ms]
2026-01-17 10:50:54.085 [warning] [Git][revParse] Unable to read file: ENOENT: no such file or directory, open '/home/pavan/yay-bin/.git/refs/remotes/origin/master'
2026-01-17 10:50:54.086 [info] > git for-each-ref --sort -committerdate --format %(refname)%00%(objectname)%00%(*objectname) [27ms]
2026-01-17 10:50:54.088 [info] > git rev-parse refs/remotes/origin/master [3ms]
2026-01-17 10:50:54.101 [info] > git for-each-ref --format=%(refname)%00%(upstream:short)%00%(objectname)%00%(upstream:track)%00%(upstream:remotename)%00%(upstream:remoteref) refs/heads/master refs/remotes/master [23ms]
2026-01-17 10:50:54.101 [info] > git for-each-ref --format=%(refname)%00%(upstream:short)%00%(objectname)%00%(upstream:track)%00%(upstream:remotename)%00%(upstream:remoteref) refs/heads/main refs/remotes/main [29ms]
2026-01-17 10:50:54.108 [warning] [Git][revParse] Unable to read file: ENOENT: no such file or directory, open '/home/pavan/google-chrome/.git/refs/remotes/origin/master'
2026-01-17 10:50:54.108 [info] > git status -z -uall [56ms]
2026-01-17 10:50:54.108 [info] > git status -z -uall [14ms]
2026-01-17 10:50:54.114 [info] > git rev-parse refs/remotes/origin/master [6ms]
2026-01-17 10:50:54.127 [info] > git for-each-ref --sort -committerdate --format %(refname)%00%(objectname)%00%(*objectname) [26ms]
2026-01-17 10:50:54.132 [info] > git status -z -uall [12ms]
2026-01-17 10:50:54.133 [info] > git for-each-ref --sort -committerdate --format %(refname)%00%(objectname)%00%(*objectname) [6ms]
2026-01-17 10:50:54.169 [info] > git merge-base refs/heads/master refs/remotes/origin/master [17ms]
2026-01-17 10:50:54.176 [info] > git merge-base refs/heads/master refs/remotes/origin/master [30ms]
2026-01-17 10:50:54.190 [info] > git diff --name-status -z --diff-filter=ADMR --find-renames=50% 323850b6c61a73bd0a41773f49ae2bf192e0d253...refs/remotes/origin/master -- [6ms]
2026-01-17 10:50:54.190 [info] > git diff --name-status -z --diff-filter=ADMR --find-renames=50% 323850b6c61a73bd0a41773f49ae2bf192e0d253...refs/remotes/origin/master -- [14ms]
2026-01-17 10:50:54.191 [info] > git for-each-ref --sort -committerdate --format %(refname)%00%(objectname)%00%(*objectname) [23ms]
2026-01-17 10:50:54.629 [info] > git status -z -uall [469ms] (cancelled)
2026-01-17 10:50:54.629 [info] > git merge-base refs/heads/main refs/remotes/origin/main [6ms]
2026-01-17 10:50:54.635 [info] > git merge-base refs/heads/main refs/remotes/origin/main [18ms]
2026-01-17 10:50:56.003 [info] > git diff --name-status -z --diff-filter=ADMR --find-renames=50% bcfc2525bf8c5b34beb858ec5536d21b155debc0...refs/remotes/origin/main -- [1361ms]
2026-01-17 10:50:56.004 [info] > git diff --name-status -z --diff-filter=ADMR --find-renames=50% bcfc2525bf8c5b34beb858ec5536d21b155debc0...refs/remotes/origin/main -- [1369ms]
2026-01-17 10:51:09.529 [info] > git check-ignore -v -z --stdin [12ms]
2026-01-17 10:51:11.840 [info] > git check-ignore -v -z --stdin [6ms]
2026-01-17 10:51:13.809 [info] > git show --textconv :.config/waybar/config.jsonc [12ms]
2026-01-17 10:51:13.812 [info] > git ls-files --stage -- .config/waybar/config.jsonc [4ms]
2026-01-17 10:51:13.822 [info] > git cat-file -s 80e0ded3ad00c99cce4195e2585cec7ab3010831 [3ms]
2026-01-17 10:51:19.674 [info] > git blame --root --incremental bcfc2525bf8c5b34beb858ec5536d21b155debc0 -- .config/waybar/config.jsonc [9ms]
