2026-01-15 20:02:16.412 [info] [main] Log level: Info
2026-01-15 20:02:16.412 [info] [main] Validating found git in: "git"
2026-01-15 20:02:16.412 [info] [main] Using git "2.52.0" from "git"
2026-01-15 20:02:16.412 [info] [Model][doInitialScan] Initial repository scan started
2026-01-15 20:02:16.412 [info] > git rev-parse --show-toplevel [5ms]
2026-01-15 20:02:16.412 [info] > git rev-parse --show-toplevel [3ms]
2026-01-15 20:02:16.412 [info] > git rev-parse --show-toplevel [2ms]
2026-01-15 20:02:16.412 [info] > git rev-parse --show-toplevel [4ms]
2026-01-15 20:02:16.412 [info] > git rev-parse --show-toplevel [11ms]
2026-01-15 20:02:16.412 [info] > git rev-parse --show-toplevel [1ms]
2026-01-15 20:02:16.412 [info] > git rev-parse --show-toplevel [3ms]
2026-01-15 20:02:16.412 [info] > git rev-parse --show-toplevel [3ms]
2026-01-15 20:02:16.412 [info] > git rev-parse --show-toplevel [13ms]
2026-01-15 20:02:16.457 [info] > git rev-parse --show-toplevel [39ms]
2026-01-15 20:02:16.471 [info] > git rev-parse --show-toplevel [2ms]
2026-01-15 20:02:16.480 [info] > git rev-parse --show-toplevel [2ms]
2026-01-15 20:02:16.487 [info] > git rev-parse --show-toplevel [2ms]
2026-01-15 20:02:16.495 [info] > git rev-parse --show-toplevel [1ms]
2026-01-15 20:02:16.502 [info] > git rev-parse --show-toplevel [1ms]
2026-01-15 20:02:16.511 [info] > git rev-parse --show-toplevel [2ms]
2026-01-15 20:02:16.519 [info] > git rev-parse --show-toplevel [2ms]
2026-01-15 20:02:16.527 [info] > git rev-parse --show-toplevel [1ms]
2026-01-15 20:02:16.536 [info] > git rev-parse --show-toplevel [2ms]
2026-01-15 20:02:16.544 [info] > git rev-parse --show-toplevel [2ms]
2026-01-15 20:02:16.553 [info] > git rev-parse --show-toplevel [2ms]
2026-01-15 20:02:16.561 [info] > git rev-parse --show-toplevel [2ms]
2026-01-15 20:02:16.568 [info] > git rev-parse --show-toplevel [2ms]
2026-01-15 20:02:16.580 [info] > git rev-parse --show-toplevel [2ms]
2026-01-15 20:02:16.604 [info] > git rev-parse --show-toplevel [16ms]
2026-01-15 20:02:16.617 [info] > git rev-parse --show-toplevel [3ms]
2026-01-15 20:02:16.627 [info] > git rev-parse --show-toplevel [2ms]
2026-01-15 20:02:16.634 [info] > git rev-parse --show-toplevel [2ms]
2026-01-15 20:02:16.634 [info] [Model][doInitialScan] Initial repository scan completed - repositories (0), closed repositories (0), parent repositories (1), unsafe repositories (0)
2026-01-15 20:02:16.642 [info] > git rev-parse --show-toplevel [1ms]
2026-01-15 20:02:17.065 [info] > git rev-parse --show-toplevel [1ms]
2026-01-15 20:02:19.702 [info] > git rev-parse --show-toplevel [2ms]
2026-01-15 20:08:28.102 [info] > git rev-parse --show-toplevel [4ms]
2026-01-15 20:08:59.131 [info] > git rev-parse --show-toplevel [4ms]
2026-01-15 20:09:00.928 [info] > git rev-parse --show-toplevel [2ms]
2026-01-15 20:09:56.418 [info] > git rev-parse --show-toplevel [3ms]
2026-01-15 20:10:05.802 [info] > git rev-parse --show-toplevel [2ms]
2026-01-15 20:10:46.604 [info] > git rev-parse --show-toplevel [2ms]
2026-01-15 20:11:43.507 [info] > git rev-parse --show-toplevel [2ms]
2026-01-15 20:12:14.580 [info] > git rev-parse --show-toplevel [2ms]
2026-01-15 20:12:17.787 [info] > git rev-parse --show-toplevel [4ms]
2026-01-15 20:12:32.612 [info] > git rev-parse --show-toplevel [2ms]
2026-01-15 20:13:14.368 [info] > git rev-parse --show-toplevel [2ms]
2026-01-15 20:13:18.432 [info] > git rev-parse --show-toplevel [2ms]
2026-01-15 20:16:26.773 [info] > git rev-parse --show-toplevel [2ms]
