2026-01-17 13:11:44.417 [info] Extension host with pid 4384 started
2026-01-17 13:11:44.418 [info] Skipping acquiring lock for /home/pavan/.config/Code - OSS/User/workspaceStorage/3953084429cb06b7f2b9a47049660409.
2026-01-17 13:11:44.559 [info] ExtensionService#_doActivateExtension vscode.github-authentication, startup: false, activationEvent: 'onAuthenticationRequest:github'
2026-01-17 13:11:44.620 [info] ExtensionService#_doActivateExtension vscode.emmet, startup: false, activationEvent: 'onLanguage'
2026-01-17 13:11:44.704 [info] ExtensionService#_doActivateExtension vscode.git-base, startup: true, activationEvent: '*', root cause: vscode.git
2026-01-17 13:11:44.713 [info] ExtensionService#_doActivateExtension vscode.git, startup: true, activationEvent: '*'
2026-01-17 13:11:44.817 [info] ExtensionService#_doActivateExtension vscode.github, startup: true, activationEvent: '*'
2026-01-17 13:11:45.034 [info] Eager extensions activated
2026-01-17 13:11:45.054 [info] ExtensionService#_doActivateExtension vscode.debug-auto-launch, startup: false, activationEvent: 'onStartupFinished'
2026-01-17 13:11:45.059 [info] ExtensionService#_doActivateExtension vscode.merge-conflict, startup: false, activationEvent: 'onStartupFinished'
2026-01-17 13:11:45.945 [warning] [Decorations] CAPPING events from decorations provider vscode.git 10057
2026-01-17 13:11:48.063 [warning] [Decorations] CAPPING events from decorations provider vscode.git 279
2026-01-17 13:11:48.662 [warning] [Decorations] CAPPING events from decorations provider vscode.git 10057
2026-01-17 13:11:48.688 [warning] [Decorations] CAPPING events from decorations provider vscode.git 279
2026-01-17 14:10:43.218 [info] ExtensionService#_doActivateExtension vscode.css-language-features, startup: false, activationEvent: 'onLanguage:css'
2026-01-17 15:09:34.248 [info] ExtensionService#_doActivateExtension vscode.configuration-editing, startup: false, activationEvent: 'onLanguage:jsonc'
2026-01-17 15:09:34.271 [info] ExtensionService#_doActivateExtension vscode.json-language-features, startup: false, activationEvent: 'onLanguage:jsonc'
2026-01-17 15:09:34.462 [info] ExtensionService#_doActivateExtension vscode.typescript-language-features, startup: false, activationEvent: 'onLanguage:jsonc'
2026-01-17 16:13:41.037 [info] Extension host terminating: renderer closed the MessagePort
2026-01-17 16:13:41.071 [info] Extension host with pid 4384 exiting with code 0
2026-01-17 16:13:43.360 [info] Extension host with pid 564477 started
2026-01-17 16:13:43.360 [info] Skipping acquiring lock for /home/pavan/.config/Code - OSS/User/workspaceStorage/94b5de05b472bbb2bf9c269de5f08715.
2026-01-17 16:13:43.573 [info] ExtensionService#_doActivateExtension vscode.github-authentication, startup: false, activationEvent: 'onAuthenticationRequest:github'
2026-01-17 16:13:43.623 [info] ExtensionService#_doActivateExtension vscode.emmet, startup: false, activationEvent: 'onLanguage'
2026-01-17 16:13:43.652 [info] ExtensionService#_doActivateExtension vscode.configuration-editing, startup: false, activationEvent: 'onLanguage:jsonc'
2026-01-17 16:13:43.667 [info] ExtensionService#_doActivateExtension vscode.json-language-features, startup: false, activationEvent: 'onLanguage:jsonc'
2026-01-17 16:13:43.779 [info] ExtensionService#_doActivateExtension vscode.typescript-language-features, startup: false, activationEvent: 'onLanguage:jsonc'
2026-01-17 16:13:44.318 [info] ExtensionService#_doActivateExtension vscode.git-base, startup: true, activationEvent: '*', root cause: vscode.git
2026-01-17 16:13:44.357 [info] ExtensionService#_doActivateExtension vscode.git, startup: true, activationEvent: '*'
2026-01-17 16:13:44.442 [info] ExtensionService#_doActivateExtension vscode.github, startup: true, activationEvent: '*'
2026-01-17 16:13:44.668 [info] Eager extensions activated
2026-01-17 16:13:44.697 [info] ExtensionService#_doActivateExtension vscode.debug-auto-launch, startup: false, activationEvent: 'onStartupFinished'
2026-01-17 16:13:44.700 [info] ExtensionService#_doActivateExtension vscode.merge-conflict, startup: false, activationEvent: 'onStartupFinished'
2026-01-17 16:13:44.870 [warning] [Decorations] CAPPING events from decorations provider vscode.git 5939
2026-01-17 16:13:45.968 [warning] [Decorations] CAPPING events from decorations provider vscode.git 5941
2026-01-17 16:13:50.230 [warning] [Decorations] CAPPING events from decorations provider vscode.git 5941
2026-01-17 16:13:55.401 [warning] [Decorations] CAPPING events from decorations provider vscode.git 5941
2026-01-17 16:14:00.525 [warning] [Decorations] CAPPING events from decorations provider vscode.git 5941
2026-01-17 16:14:05.636 [warning] [Decorations] CAPPING events from decorations provider vscode.git 5941
2026-01-17 16:14:10.775 [warning] [Decorations] CAPPING events from decorations provider vscode.git 5941
2026-01-17 16:14:15.886 [warning] [Decorations] CAPPING events from decorations provider vscode.git 5941
2026-01-17 16:14:20.994 [warning] [Decorations] CAPPING events from decorations provider vscode.git 5941
2026-01-17 16:15:12.323 [warning] [Decorations] CAPPING events from decorations provider vscode.git 5941
2026-01-17 16:15:17.829 [warning] [Decorations] CAPPING events from decorations provider vscode.git 5941
2026-01-17 16:27:56.866 [warning] [Decorations] CAPPING events from decorations provider vscode.git 5942
2026-01-17 16:28:19.393 [warning] [Decorations] CAPPING events from decorations provider vscode.git 5942
2026-01-17 16:28:24.569 [warning] [Decorations] CAPPING events from decorations provider vscode.git 5942
2026-01-17 16:28:29.684 [warning] [Decorations] CAPPING events from decorations provider vscode.git 5942
2026-01-17 16:28:34.854 [warning] [Decorations] CAPPING events from decorations provider vscode.git 5942
2026-01-17 16:28:39.963 [warning] [Decorations] CAPPING events from decorations provider vscode.git 5942
2026-01-17 16:28:45.128 [warning] [Decorations] CAPPING events from decorations provider vscode.git 5942
2026-01-17 16:28:50.301 [warning] [Decorations] CAPPING events from decorations provider vscode.git 5943
2026-01-17 16:28:55.480 [warning] [Decorations] CAPPING events from decorations provider vscode.git 5943
2026-01-17 16:29:00.654 [warning] [Decorations] CAPPING events from decorations provider vscode.git 5943
2026-01-17 16:29:05.765 [warning] [Decorations] CAPPING events from decorations provider vscode.git 5943
2026-01-17 16:29:10.937 [warning] [Decorations] CAPPING events from decorations provider vscode.git 5943
2026-01-17 16:29:16.104 [warning] [Decorations] CAPPING events from decorations provider vscode.git 5944
2026-01-17 16:29:21.220 [warning] [Decorations] CAPPING events from decorations provider vscode.git 5943
2026-01-17 16:34:04.822 [warning] [Decorations] CAPPING events from decorations provider vscode.git 5948
2026-01-17 16:39:29.134 [warning] [Decorations] CAPPING events from decorations provider vscode.git 5947
2026-01-17 16:41:11.432 [warning] [Decorations] CAPPING events from decorations provider vscode.git 5951
2026-01-17 16:42:23.230 [warning] [Decorations] CAPPING events from decorations provider vscode.git 5955
2026-01-17 16:42:46.962 [warning] [Decorations] CAPPING events from decorations provider vscode.git 5949
2026-01-17 16:42:52.470 [warning] [Decorations] CAPPING events from decorations provider vscode.git 5949
2026-01-17 16:43:38.231 [warning] [Decorations] CAPPING events from decorations provider vscode.git 5949
2026-01-17 16:43:44.231 [warning] [Decorations] CAPPING events from decorations provider vscode.git 5949
2026-01-17 16:45:05.132 [warning] [Decorations] CAPPING events from decorations provider vscode.git 5949
2026-01-17 16:46:22.894 [warning] [Decorations] CAPPING events from decorations provider vscode.git 5949
2026-01-17 16:46:28.072 [warning] [Decorations] CAPPING events from decorations provider vscode.git 5949
2026-01-17 16:46:33.180 [warning] [Decorations] CAPPING events from decorations provider vscode.git 5949
2026-01-17 16:46:38.325 [warning] [Decorations] CAPPING events from decorations provider vscode.git 5949
2026-01-17 16:46:43.497 [warning] [Decorations] CAPPING events from decorations provider vscode.git 5949
2026-01-17 16:46:48.675 [warning] [Decorations] CAPPING events from decorations provider vscode.git 5949
2026-01-17 16:46:53.790 [warning] [Decorations] CAPPING events from decorations provider vscode.git 5949
2026-01-17 16:46:58.897 [warning] [Decorations] CAPPING events from decorations provider vscode.git 5949
2026-01-17 16:47:04.014 [warning] [Decorations] CAPPING events from decorations provider vscode.git 5949
2026-01-17 16:47:09.187 [warning] [Decorations] CAPPING events from decorations provider vscode.git 5949
2026-01-17 16:47:14.362 [warning] [Decorations] CAPPING events from decorations provider vscode.git 5949
2026-01-17 16:47:19.473 [warning] [Decorations] CAPPING events from decorations provider vscode.git 5949
2026-01-17 16:47:28.216 [warning] [Decorations] CAPPING events from decorations provider vscode.git 5949
2026-01-17 16:48:40.952 [warning] [Decorations] CAPPING events from decorations provider vscode.git 5951
2026-01-17 16:54:16.446 [warning] [Decorations] CAPPING events from decorations provider vscode.git 5948
2026-01-17 16:57:38.599 [warning] [Decorations] CAPPING events from decorations provider vscode.git 5948
2026-01-17 16:57:43.711 [warning] [Decorations] CAPPING events from decorations provider vscode.git 5948
2026-01-17 16:57:51.925 [warning] [Decorations] CAPPING events from decorations provider vscode.git 5948
2026-01-17 17:07:09.373 [warning] [Decorations] CAPPING events from decorations provider vscode.git 5963
2026-01-17 17:08:38.612 [warning] [Decorations] CAPPING events from decorations provider vscode.git 5949
2026-01-17 17:08:43.732 [warning] [Decorations] CAPPING events from decorations provider vscode.git 5949
2026-01-17 17:08:52.169 [warning] [Decorations] CAPPING events from decorations provider vscode.git 5949
2026-01-17 17:08:57.285 [warning] [Decorations] CAPPING events from decorations provider vscode.git 5949
2026-01-17 17:09:57.492 [warning] [Decorations] CAPPING events from decorations provider vscode.git 5949
2026-01-17 17:11:38.346 [warning] [Decorations] CAPPING events from decorations provider vscode.git 5949
2026-01-17 17:11:53.532 [warning] [Decorations] CAPPING events from decorations provider vscode.git 5949
2026-01-17 17:14:16.628 [warning] [Decorations] CAPPING events from decorations provider vscode.git 5968
2026-01-17 17:14:21.798 [warning] [Decorations] CAPPING events from decorations provider vscode.git 5963
2026-01-17 17:14:26.976 [warning] [Decorations] CAPPING events from decorations provider vscode.git 5963
2026-01-17 17:15:02.515 [info] Extension host terminating: renderer closed the MessagePort
2026-01-17 17:15:02.548 [info] Extension host with pid 564477 exiting with code 0
2026-01-17 17:15:04.864 [info] Extension host with pid 760204 started
2026-01-17 17:15:04.864 [info] Skipping acquiring lock for /home/pavan/.config/Code - OSS/User/workspaceStorage/4aaef9c737a177892395b42bbb36729e.
2026-01-17 17:15:04.880 [info] ExtensionService#_doActivateExtension vscode.github-authentication, startup: false, activationEvent: 'onAuthenticationRequest:github'
2026-01-17 17:15:04.963 [info] ExtensionService#_doActivateExtension vscode.git-base, startup: true, activationEvent: '*'
2026-01-17 17:15:05.008 [info] ExtensionService#_doActivateExtension vscode.github, startup: true, activationEvent: '*'
2026-01-17 17:15:05.093 [info] Eager extensions activated
2026-01-17 17:15:05.096 [info] ExtensionService#_doActivateExtension vscode.debug-auto-launch, startup: false, activationEvent: 'onStartupFinished'
2026-01-17 17:15:05.099 [info] ExtensionService#_doActivateExtension vscode.merge-conflict, startup: false, activationEvent: 'onStartupFinished'
2026-01-17 17:15:09.174 [info] ExtensionService#_doActivateExtension vscode.git, startup: false, activationEvent: 'api', root cause: vscode.github
2026-01-17 17:15:43.161 [info] ExtensionService#_doActivateExtension theqtcompany.qt-core, startup: false, activationEvent: 'onLanguage:qml', root cause: theqtcompany.qt-qml
2026-01-17 17:15:43.426 [info] ExtensionService#_doActivateExtension vscode.emmet, startup: false, activationEvent: 'onLanguage'
2026-01-17 17:15:43.519 [info] ExtensionService#_doActivateExtension theqtcompany.qt-qml, startup: false, activationEvent: 'onLanguage:qml'
2026-01-17 17:15:43.685 [info] ExtensionService#_doActivateExtension vscode.configuration-editing, startup: false, activationEvent: 'onLanguage:jsonc'
2026-01-17 17:15:43.699 [info] ExtensionService#_doActivateExtension vscode.json-language-features, startup: false, activationEvent: 'onLanguage:jsonc'
2026-01-17 17:15:43.784 [info] ExtensionService#_doActivateExtension vscode.typescript-language-features, startup: false, activationEvent: 'onLanguage:jsonc'
2026-01-17 17:15:48.919 [warning] The task [Qt, Acquire Port] uses an undefined task type. The task will be ignored in the future.
2026-01-17 17:15:51.794 [error] Error: write EPIPE
	at afterWriteDispatched (node:internal/stream_base_commons:159:15)
	at writeGeneric (node:internal/stream_base_commons:150:3)
	at Socket._writeGeneric (node:net:966:11)
	at Socket._write (node:net:978:8)
	at writeOrBuffer (node:internal/streams/writable:572:12)
	at _write (node:internal/streams/writable:501:10)
	at Writable.write (node:internal/streams/writable:510:10)
	at /home/pavan/.vscode-oss/extensions/theqtcompany.qt-qml-1.10.0-universal/out/extension.js:78:14213
	at new Promise (<anonymous>)
	at oM.write (/home/pavan/.vscode-oss/extensions/theqtcompany.qt-qml-1.10.0-universal/out/extension.js:78:14134)
	at ST.doWrite (/home/pavan/.vscode-oss/extensions/theqtcompany.qt-qml-1.10.0-universal/out/extension.js:50:1627)
	at /home/pavan/.vscode-oss/extensions/theqtcompany.qt-qml-1.10.0-universal/out/extension.js:50:1526
2026-01-17 17:15:51.795 [error] Error: Client is not running and can't be stopped. It's current state is: starting
	at Rk.shutdown (/home/pavan/.vscode-oss/extensions/theqtcompany.qt-qml-1.10.0-universal/out/extension.js:88:8500)
	at Rk.stop (/home/pavan/.vscode-oss/extensions/theqtcompany.qt-qml-1.10.0-universal/out/extension.js:88:8079)
	at Rk.stop (/home/pavan/.vscode-oss/extensions/theqtcompany.qt-qml-1.10.0-universal/out/extension.js:91:31107)
	at Rk.doInitialize (/home/pavan/.vscode-oss/extensions/theqtcompany.qt-qml-1.10.0-universal/out/extension.js:88:7904)
	at process.processTicksAndRejections (node:internal/process/task_queues:105:5)
	at async Rk.start (/home/pavan/.vscode-oss/extensions/theqtcompany.qt-qml-1.10.0-universal/out/extension.js:88:4473)
2026-01-17 17:15:51.809 [error] Error: Cannot call write after a stream was destroyed
	at _write (node:internal/streams/writable:491:11)
	at Writable.write (node:internal/streams/writable:510:10)
	at /home/pavan/.vscode-oss/extensions/theqtcompany.qt-qml-1.10.0-universal/out/extension.js:78:14213
	at new Promise (<anonymous>)
	at oM.write (/home/pavan/.vscode-oss/extensions/theqtcompany.qt-qml-1.10.0-universal/out/extension.js:78:14134)
	at ST.doWrite (/home/pavan/.vscode-oss/extensions/theqtcompany.qt-qml-1.10.0-universal/out/extension.js:50:1627)
	at /home/pavan/.vscode-oss/extensions/theqtcompany.qt-qml-1.10.0-universal/out/extension.js:50:1526
2026-01-17 17:15:51.810 [error] Error: Client is not running and can't be stopped. It's current state is: starting
	at Rk.shutdown (/home/pavan/.vscode-oss/extensions/theqtcompany.qt-qml-1.10.0-universal/out/extension.js:88:8500)
	at Rk.stop (/home/pavan/.vscode-oss/extensions/theqtcompany.qt-qml-1.10.0-universal/out/extension.js:88:8079)
	at Rk.stop (/home/pavan/.vscode-oss/extensions/theqtcompany.qt-qml-1.10.0-universal/out/extension.js:91:31107)
	at Rk.doInitialize (/home/pavan/.vscode-oss/extensions/theqtcompany.qt-qml-1.10.0-universal/out/extension.js:88:7904)
	at process.processTicksAndRejections (node:internal/process/task_queues:105:5)
	at async Rk.start (/home/pavan/.vscode-oss/extensions/theqtcompany.qt-qml-1.10.0-universal/out/extension.js:88:4473)
2026-01-17 17:15:51.821 [error] Error: write EPIPE
	at afterWriteDispatched (node:internal/stream_base_commons:159:15)
	at writeGeneric (node:internal/stream_base_commons:150:3)
	at Socket._writeGeneric (node:net:966:11)
	at Socket._write (node:net:978:8)
	at writeOrBuffer (node:internal/streams/writable:572:12)
	at _write (node:internal/streams/writable:501:10)
	at Writable.write (node:internal/streams/writable:510:10)
	at /home/pavan/.vscode-oss/extensions/theqtcompany.qt-qml-1.10.0-universal/out/extension.js:78:14213
	at new Promise (<anonymous>)
	at oM.write (/home/pavan/.vscode-oss/extensions/theqtcompany.qt-qml-1.10.0-universal/out/extension.js:78:14134)
	at ST.doWrite (/home/pavan/.vscode-oss/extensions/theqtcompany.qt-qml-1.10.0-universal/out/extension.js:50:1627)
	at /home/pavan/.vscode-oss/extensions/theqtcompany.qt-qml-1.10.0-universal/out/extension.js:50:1526
2026-01-17 17:15:51.822 [error] Error: Client is not running and can't be stopped. It's current state is: starting
	at Rk.shutdown (/home/pavan/.vscode-oss/extensions/theqtcompany.qt-qml-1.10.0-universal/out/extension.js:88:8500)
	at Rk.stop (/home/pavan/.vscode-oss/extensions/theqtcompany.qt-qml-1.10.0-universal/out/extension.js:88:8079)
	at Rk.stop (/home/pavan/.vscode-oss/extensions/theqtcompany.qt-qml-1.10.0-universal/out/extension.js:91:31107)
	at Rk.doInitialize (/home/pavan/.vscode-oss/extensions/theqtcompany.qt-qml-1.10.0-universal/out/extension.js:88:7904)
	at process.processTicksAndRejections (node:internal/process/task_queues:105:5)
	at async Rk.start (/home/pavan/.vscode-oss/extensions/theqtcompany.qt-qml-1.10.0-universal/out/extension.js:88:4473)
2026-01-17 17:15:51.831 [error] Error: Cannot call write after a stream was destroyed
	at _write (node:internal/streams/writable:491:11)
	at Writable.write (node:internal/streams/writable:510:10)
	at /home/pavan/.vscode-oss/extensions/theqtcompany.qt-qml-1.10.0-universal/out/extension.js:78:14213
	at new Promise (<anonymous>)
	at oM.write (/home/pavan/.vscode-oss/extensions/theqtcompany.qt-qml-1.10.0-universal/out/extension.js:78:14134)
	at ST.doWrite (/home/pavan/.vscode-oss/extensions/theqtcompany.qt-qml-1.10.0-universal/out/extension.js:50:1627)
	at /home/pavan/.vscode-oss/extensions/theqtcompany.qt-qml-1.10.0-universal/out/extension.js:50:1526
2026-01-17 17:15:51.831 [error] Error: Client is not running and can't be stopped. It's current state is: starting
	at Rk.shutdown (/home/pavan/.vscode-oss/extensions/theqtcompany.qt-qml-1.10.0-universal/out/extension.js:88:8500)
	at Rk.stop (/home/pavan/.vscode-oss/extensions/theqtcompany.qt-qml-1.10.0-universal/out/extension.js:88:8079)
	at Rk.stop (/home/pavan/.vscode-oss/extensions/theqtcompany.qt-qml-1.10.0-universal/out/extension.js:91:31107)
	at Rk.doInitialize (/home/pavan/.vscode-oss/extensions/theqtcompany.qt-qml-1.10.0-universal/out/extension.js:88:7904)
	at process.processTicksAndRejections (node:internal/process/task_queues:105:5)
	at async Rk.start (/home/pavan/.vscode-oss/extensions/theqtcompany.qt-qml-1.10.0-universal/out/extension.js:88:4473)
2026-01-17 17:15:51.842 [error] Error: write EPIPE
	at afterWriteDispatched (node:internal/stream_base_commons:159:15)
	at writeGeneric (node:internal/stream_base_commons:150:3)
	at Socket._writeGeneric (node:net:966:11)
	at Socket._write (node:net:978:8)
	at writeOrBuffer (node:internal/streams/writable:572:12)
	at _write (node:internal/streams/writable:501:10)
	at Writable.write (node:internal/streams/writable:510:10)
	at /home/pavan/.vscode-oss/extensions/theqtcompany.qt-qml-1.10.0-universal/out/extension.js:78:14213
	at new Promise (<anonymous>)
	at oM.write (/home/pavan/.vscode-oss/extensions/theqtcompany.qt-qml-1.10.0-universal/out/extension.js:78:14134)
	at ST.doWrite (/home/pavan/.vscode-oss/extensions/theqtcompany.qt-qml-1.10.0-universal/out/extension.js:50:1627)
	at /home/pavan/.vscode-oss/extensions/theqtcompany.qt-qml-1.10.0-universal/out/extension.js:50:1526
2026-01-17 17:15:51.842 [error] Error: Client is not running and can't be stopped. It's current state is: starting
	at Rk.shutdown (/home/pavan/.vscode-oss/extensions/theqtcompany.qt-qml-1.10.0-universal/out/extension.js:88:8500)
	at Rk.stop (/home/pavan/.vscode-oss/extensions/theqtcompany.qt-qml-1.10.0-universal/out/extension.js:88:8079)
	at Rk.stop (/home/pavan/.vscode-oss/extensions/theqtcompany.qt-qml-1.10.0-universal/out/extension.js:91:31107)
	at Rk.doInitialize (/home/pavan/.vscode-oss/extensions/theqtcompany.qt-qml-1.10.0-universal/out/extension.js:88:7904)
	at process.processTicksAndRejections (node:internal/process/task_queues:105:5)
	at async Rk.start (/home/pavan/.vscode-oss/extensions/theqtcompany.qt-qml-1.10.0-universal/out/extension.js:88:4473)
2026-01-17 17:16:18.039 [info] ExtensionService#_doActivateExtension ms-vscode.js-debug, startup: false, activationEvent: 'onDebugInitialConfigurations'
2026-01-17 17:16:25.044 [info] ExtensionService#_doActivateExtension vscode.debug-server-ready, startup: false, activationEvent: 'onDebugResolve'
2026-01-17 17:50:47.867 [info] Extension host terminating: renderer closed the MessagePort
2026-01-17 17:50:47.887 [info] Extension host with pid 760204 exiting with code 0
2026-01-17 17:50:49.771 [info] Extension host with pid 867396 started
2026-01-17 17:50:49.771 [info] Skipping acquiring lock for /home/pavan/.config/Code - OSS/User/workspaceStorage/5158c5a1420208e034f0f704bad8a222.
2026-01-17 17:50:49.852 [info] ExtensionService#_doActivateExtension vscode.github-authentication, startup: false, activationEvent: 'onAuthenticationRequest:github'
2026-01-17 17:50:49.913 [info] ExtensionService#_doActivateExtension vscode.git-base, startup: true, activationEvent: '*', root cause: vscode.git
2026-01-17 17:50:49.948 [info] ExtensionService#_doActivateExtension vscode.git, startup: true, activationEvent: '*'
2026-01-17 17:50:50.028 [info] ExtensionService#_doActivateExtension vscode.github, startup: true, activationEvent: '*'
2026-01-17 17:50:50.183 [info] Eager extensions activated
2026-01-17 17:50:50.185 [info] ExtensionService#_doActivateExtension vscode.debug-auto-launch, startup: false, activationEvent: 'onStartupFinished'
2026-01-17 17:50:50.189 [info] ExtensionService#_doActivateExtension vscode.merge-conflict, startup: false, activationEvent: 'onStartupFinished'
2026-01-17 17:51:09.003 [info] ExtensionService#_doActivateExtension theqtcompany.qt-core, startup: false, activationEvent: 'onLanguage:qml', root cause: theqtcompany.qt-qml
2026-01-17 17:51:09.444 [info] ExtensionService#_doActivateExtension vscode.emmet, startup: false, activationEvent: 'onLanguage'
2026-01-17 17:51:09.563 [info] ExtensionService#_doActivateExtension theqtcompany.qt-qml, startup: false, activationEvent: 'onLanguage:qml'
2026-01-17 17:51:14.721 [warning] The task [Qt, Acquire Port] uses an undefined task type. The task will be ignored in the future.
2026-01-17 22:05:09.889 [info] Extension host terminating: renderer closed the MessagePort
2026-01-17 22:05:09.909 [info] Extension host with pid 867396 exiting with code 0
