2026-01-15 16:43:20.736 [info] [main] Log level: Info
2026-01-15 16:43:20.736 [info] [main] Validating found git in: "git"
2026-01-15 16:43:20.736 [info] [main] Using git "2.52.0" from "git"
2026-01-15 16:43:20.736 [info] [Model][doInitialScan] Initial repository scan started
2026-01-15 16:43:20.736 [info] > git rev-parse --show-toplevel [14ms]
2026-01-15 16:43:20.736 [info] fatal: not a git repository (or any parent up to mount point /)
Stopping at filesystem boundary (GIT_DISCOVERY_ACROSS_FILESYSTEM not set).
2026-01-15 16:43:20.736 [info] > git rev-parse --show-toplevel [8ms]
2026-01-15 16:43:20.736 [info] fatal: not a git repository (or any parent up to mount point /)
Stopping at filesystem boundary (GIT_DISCOVERY_ACROSS_FILESYSTEM not set).
2026-01-15 16:43:20.737 [info] > git rev-parse --show-toplevel [4ms]
2026-01-15 16:43:20.737 [info] fatal: not a git repository (or any parent up to mount point /)
Stopping at filesystem boundary (GIT_DISCOVERY_ACROSS_FILESYSTEM not set).
2026-01-15 16:43:20.737 [info] > git rev-parse --show-toplevel [2ms]
2026-01-15 16:43:20.737 [info] fatal: not a git repository (or any parent up to mount point /)
Stopping at filesystem boundary (GIT_DISCOVERY_ACROSS_FILESYSTEM not set).
2026-01-15 16:43:20.737 [info] > git rev-parse --show-toplevel [1ms]
2026-01-15 16:43:20.737 [info] fatal: not a git repository (or any parent up to mount point /)
Stopping at filesystem boundary (GIT_DISCOVERY_ACROSS_FILESYSTEM not set).
2026-01-15 16:43:20.737 [info] > git rev-parse --show-toplevel [5ms]
2026-01-15 16:43:20.737 [info] fatal: not a git repository (or any parent up to mount point /)
Stopping at filesystem boundary (GIT_DISCOVERY_ACROSS_FILESYSTEM not set).
2026-01-15 16:43:20.737 [info] > git rev-parse --show-toplevel [4ms]
2026-01-15 16:43:20.737 [info] fatal: not a git repository (or any parent up to mount point /)
Stopping at filesystem boundary (GIT_DISCOVERY_ACROSS_FILESYSTEM not set).
2026-01-15 16:43:20.737 [info] > git rev-parse --show-toplevel [5ms]
2026-01-15 16:43:20.737 [info] fatal: not a git repository (or any parent up to mount point /)
Stopping at filesystem boundary (GIT_DISCOVERY_ACROSS_FILESYSTEM not set).
2026-01-15 16:43:20.761 [info] > git rev-parse --show-toplevel [15ms]
2026-01-15 16:43:20.761 [info] fatal: not a git repository (or any parent up to mount point /)
Stopping at filesystem boundary (GIT_DISCOVERY_ACROSS_FILESYSTEM not set).
2026-01-15 16:43:20.774 [info] > git rev-parse --show-toplevel [3ms]
2026-01-15 16:43:20.774 [info] fatal: not a git repository (or any parent up to mount point /)
Stopping at filesystem boundary (GIT_DISCOVERY_ACROSS_FILESYSTEM not set).
2026-01-15 16:43:20.788 [info] > git rev-parse --show-toplevel [4ms]
2026-01-15 16:43:20.788 [info] fatal: not a git repository (or any parent up to mount point /)
Stopping at filesystem boundary (GIT_DISCOVERY_ACROSS_FILESYSTEM not set).
2026-01-15 16:43:20.798 [info] > git rev-parse --show-toplevel [2ms]
2026-01-15 16:43:20.798 [info] fatal: not a git repository (or any parent up to mount point /)
Stopping at filesystem boundary (GIT_DISCOVERY_ACROSS_FILESYSTEM not set).
2026-01-15 16:43:20.819 [info] > git rev-parse --show-toplevel [2ms]
2026-01-15 16:43:20.820 [info] fatal: not a git repository (or any parent up to mount point /)
Stopping at filesystem boundary (GIT_DISCOVERY_ACROSS_FILESYSTEM not set).
2026-01-15 16:43:20.831 [info] > git rev-parse --show-toplevel [2ms]
2026-01-15 16:43:20.831 [info] fatal: not a git repository (or any parent up to mount point /)
Stopping at filesystem boundary (GIT_DISCOVERY_ACROSS_FILESYSTEM not set).
2026-01-15 16:43:20.844 [info] > git rev-parse --show-toplevel [1ms]
2026-01-15 16:43:20.844 [info] fatal: not a git repository (or any parent up to mount point /)
Stopping at filesystem boundary (GIT_DISCOVERY_ACROSS_FILESYSTEM not set).
2026-01-15 16:43:20.859 [info] > git rev-parse --show-toplevel [4ms]
2026-01-15 16:43:20.859 [info] fatal: not a git repository (or any parent up to mount point /)
Stopping at filesystem boundary (GIT_DISCOVERY_ACROSS_FILESYSTEM not set).
2026-01-15 16:43:20.871 [info] > git rev-parse --show-toplevel [2ms]
2026-01-15 16:43:20.872 [info] fatal: not a git repository (or any parent up to mount point /)
Stopping at filesystem boundary (GIT_DISCOVERY_ACROSS_FILESYSTEM not set).
2026-01-15 16:43:20.888 [info] > git rev-parse --show-toplevel [4ms]
2026-01-15 16:43:20.888 [info] fatal: not a git repository (or any parent up to mount point /)
Stopping at filesystem boundary (GIT_DISCOVERY_ACROSS_FILESYSTEM not set).
2026-01-15 16:43:20.900 [info] > git rev-parse --show-toplevel [4ms]
2026-01-15 16:43:20.900 [info] fatal: not a git repository (or any parent up to mount point /)
Stopping at filesystem boundary (GIT_DISCOVERY_ACROSS_FILESYSTEM not set).
2026-01-15 16:43:20.919 [info] > git rev-parse --show-toplevel [2ms]
2026-01-15 16:43:20.919 [info] fatal: not a git repository (or any parent up to mount point /)
Stopping at filesystem boundary (GIT_DISCOVERY_ACROSS_FILESYSTEM not set).
2026-01-15 16:43:20.941 [info] > git rev-parse --show-toplevel [7ms]
2026-01-15 16:43:20.941 [info] fatal: not a git repository (or any parent up to mount point /)
Stopping at filesystem boundary (GIT_DISCOVERY_ACROSS_FILESYSTEM not set).
2026-01-15 16:43:20.959 [info] > git rev-parse --show-toplevel [6ms]
2026-01-15 16:43:20.959 [info] fatal: not a git repository (or any parent up to mount point /)
Stopping at filesystem boundary (GIT_DISCOVERY_ACROSS_FILESYSTEM not set).
2026-01-15 16:43:20.980 [info] > git rev-parse --show-toplevel [10ms]
2026-01-15 16:43:20.980 [info] fatal: not a git repository (or any parent up to mount point /)
Stopping at filesystem boundary (GIT_DISCOVERY_ACROSS_FILESYSTEM not set).
2026-01-15 16:43:21.001 [info] > git rev-parse --show-toplevel [5ms]
2026-01-15 16:43:21.001 [info] fatal: not a git repository (or any parent up to mount point /)
Stopping at filesystem boundary (GIT_DISCOVERY_ACROSS_FILESYSTEM not set).
2026-01-15 16:43:21.014 [info] > git rev-parse --show-toplevel [2ms]
2026-01-15 16:43:21.014 [info] fatal: not a git repository (or any parent up to mount point /)
Stopping at filesystem boundary (GIT_DISCOVERY_ACROSS_FILESYSTEM not set).
2026-01-15 16:43:21.091 [info] > git rev-parse --show-toplevel [65ms]
2026-01-15 16:43:21.091 [info] fatal: not a git repository (or any parent up to mount point /)
Stopping at filesystem boundary (GIT_DISCOVERY_ACROSS_FILESYSTEM not set).
2026-01-15 16:43:21.114 [info] > git rev-parse --show-toplevel [3ms]
2026-01-15 16:43:21.114 [info] fatal: not a git repository (or any parent up to mount point /)
Stopping at filesystem boundary (GIT_DISCOVERY_ACROSS_FILESYSTEM not set).
2026-01-15 16:43:21.125 [info] > git rev-parse --show-toplevel [3ms]
2026-01-15 16:43:21.125 [info] fatal: not a git repository (or any parent up to mount point /)
Stopping at filesystem boundary (GIT_DISCOVERY_ACROSS_FILESYSTEM not set).
2026-01-15 16:43:21.126 [info] [Model][doInitialScan] Initial repository scan completed - repositories (0), closed repositories (0), parent repositories (0), unsafe repositories (0)
2026-01-15 16:43:21.300 [info] > git rev-parse --show-toplevel [2ms]
2026-01-15 16:43:21.300 [info] fatal: not a git repository (or any parent up to mount point /)
Stopping at filesystem boundary (GIT_DISCOVERY_ACROSS_FILESYSTEM not set).
2026-01-15 16:43:21.392 [info] > git rev-parse --show-toplevel [6ms]
2026-01-15 16:43:21.392 [info] fatal: not a git repository (or any parent up to mount point /)
Stopping at filesystem boundary (GIT_DISCOVERY_ACROSS_FILESYSTEM not set).
2026-01-15 16:43:24.362 [info] > git rev-parse --show-toplevel [6ms]
2026-01-15 16:43:24.362 [info] fatal: not a git repository (or any parent up to mount point /)
Stopping at filesystem boundary (GIT_DISCOVERY_ACROSS_FILESYSTEM not set).
2026-01-15 16:43:24.557 [info] > git rev-parse --show-toplevel [3ms]
2026-01-15 16:43:24.557 [info] fatal: not a git repository (or any parent up to mount point /)
Stopping at filesystem boundary (GIT_DISCOVERY_ACROSS_FILESYSTEM not set).
2026-01-15 16:44:10.575 [info] > git rev-parse --show-toplevel [1ms]
2026-01-15 16:44:10.576 [info] fatal: not a git repository (or any parent up to mount point /)
Stopping at filesystem boundary (GIT_DISCOVERY_ACROSS_FILESYSTEM not set).
2026-01-15 16:44:24.160 [info] > git rev-parse --show-toplevel [2ms]
2026-01-15 16:44:24.160 [info] fatal: not a git repository (or any parent up to mount point /)
Stopping at filesystem boundary (GIT_DISCOVERY_ACROSS_FILESYSTEM not set).
2026-01-15 16:46:36.118 [info] > git rev-parse --show-toplevel [2ms]
2026-01-15 16:46:36.118 [info] fatal: not a git repository (or any parent up to mount point /)
Stopping at filesystem boundary (GIT_DISCOVERY_ACROSS_FILESYSTEM not set).
2026-01-15 16:49:27.009 [info] > git rev-parse --show-toplevel [3ms]
2026-01-15 16:49:27.009 [info] fatal: not a git repository (or any parent up to mount point /)
Stopping at filesystem boundary (GIT_DISCOVERY_ACROSS_FILESYSTEM not set).
2026-01-15 16:49:56.346 [info] > git rev-parse --show-toplevel [1ms]
2026-01-15 16:49:56.346 [info] fatal: not a git repository (or any parent up to mount point /)
Stopping at filesystem boundary (GIT_DISCOVERY_ACROSS_FILESYSTEM not set).
2026-01-15 16:50:26.960 [info] > git rev-parse --show-toplevel [2ms]
2026-01-15 16:50:26.960 [info] fatal: not a git repository (or any parent up to mount point /)
Stopping at filesystem boundary (GIT_DISCOVERY_ACROSS_FILESYSTEM not set).
2026-01-15 16:56:20.596 [info] > git rev-parse --show-toplevel [1ms]
2026-01-15 16:56:20.596 [info] fatal: not a git repository (or any parent up to mount point /)
Stopping at filesystem boundary (GIT_DISCOVERY_ACROSS_FILESYSTEM not set).
2026-01-15 16:59:43.777 [info] > git rev-parse --show-toplevel [3ms]
2026-01-15 16:59:43.777 [info] fatal: not a git repository (or any parent up to mount point /)
Stopping at filesystem boundary (GIT_DISCOVERY_ACROSS_FILESYSTEM not set).
2026-01-15 17:13:42.133 [info] > git rev-parse --show-toplevel [2ms]
2026-01-15 17:13:42.133 [info] fatal: not a git repository (or any parent up to mount point /)
Stopping at filesystem boundary (GIT_DISCOVERY_ACROSS_FILESYSTEM not set).
